,fpath,idx,len2000,region,selected_depth,t2m_ave,arid
0,IDX_-10.125_-36.875_dep10-10.dat,-10.125_-36.875,1039,SAmerica,dep10-10,299.061,2.589
1,IDX_-10.125_-37.875_dep10-10.dat,-10.125_-37.875,558,SAmerica,dep10-10,298.78,3.09
2,IDX_-10.125_-43.875_dep10-10.dat,-10.125_-43.875,1171,SAmerica,dep10-10,300.24,2.835
3,IDX_-10.125_-44.375_dep10-10.dat,-10.125_-44.375,1161,SAmerica,dep10-10,300.291,2.482
4,IDX_-10.375_-37.875_dep10-10.dat,-10.375_-37.875,1282,SAmerica,dep10-10,298.702,3.187
5,IDX_-10.375_-38.125_dep10-10.dat,-10.375_-38.125,468,SAmerica,dep10-10,298.413,2.963
6,IDX_-10.375_-38.375_dep10-10.dat,-10.375_-38.375,410,SAmerica,dep10-10,297.287,2.448
7,IDX_-10.625_-38.125_dep10-10.dat,-10.625_-38.125,1253,SAmerica,dep10-10,298.383,2.75
8,IDX_-10.625_-38.375_dep10-10.dat,-10.625_-38.375,470,SAmerica,dep10-10,298.087,2.639
9,IDX_-10.625_-38.625_dep10-10.dat,-10.625_-38.625,406,SAmerica,dep10-10,297.987,2.73
10,IDX_-10.625_-39.125_dep10-10.dat,-10.625_-39.125,356,SAmerica,dep10-10,298.567,3.294
11,IDX_-10.625_-39.875_dep10-10.dat,-10.625_-39.875,1179,SAmerica,dep10-10,298.303,2.593
12,IDX_-10.625_-40.125_dep10-10.dat,-10.625_-40.125,1099,SAmerica,dep10-10,296.995,2.317
13,IDX_-10.625_-41.375_dep10-10.dat,-10.625_-41.375,894,SAmerica,dep10-10,297.112,3.221
14,IDX_-10.875_-38.625_dep10-10.dat,-10.875_-38.625,121,SAmerica,dep10-10,298.812,2.877
15,IDX_-10.875_-38.875_dep10-10.dat,-10.875_-38.875,425,SAmerica,dep10-10,298.901,3.035
16,IDX_-10.875_-40.375_dep10-10.dat,-10.875_-40.375,1215,SAmerica,dep10-10,296.088,2.297
17,IDX_-10.875_-40.625_dep10-10.dat,-10.875_-40.625,241,SAmerica,dep10-10,296.915,3.482
18,IDX_-10.875_-41.875_dep10-10.dat,-10.875_-41.875,761,SAmerica,dep10-10,299.686,3.966
19,IDX_-10.875_-42.625_dep10-10.dat,-10.875_-42.625,698,SAmerica,dep10-10,300.391,3.632
20,IDX_-11.125_-38.125_dep10-10.dat,-11.125_-38.125,1061,SAmerica,dep10-10,298.598,2.679
21,IDX_-11.125_-38.375_dep10-10.dat,-11.125_-38.375,687,SAmerica,dep10-10,299.029,3.038
22,IDX_-11.125_-40.125_dep10-10.dat,-11.125_-40.125,943,SAmerica,dep10-10,297.79,2.34
23,IDX_-11.125_-40.875_dep10-10.dat,-11.125_-40.875,1244,SAmerica,dep10-10,296.475,3.863
24,IDX_-11.125_-41.875_dep10-10.dat,-11.125_-41.875,1330,SAmerica,dep10-10,298.551,3.566
25,IDX_-11.125_-42.125_dep10-10.dat,-11.125_-42.125,907,SAmerica,dep10-10,298.576,3.836
26,IDX_-11.125_-43.125_dep10-10.dat,-11.125_-43.125,128,SAmerica,dep10-10,300.349,3.353
27,IDX_-11.375_-38.375_dep10-10.dat,-11.375_-38.375,428,SAmerica,dep10-10,298.822,2.844
28,IDX_-11.375_-39.375_dep10-10.dat,-11.375_-39.375,983,SAmerica,dep10-10,298.921,2.959
29,IDX_-11.375_-39.625_dep10-10.dat,-11.375_-39.625,831,SAmerica,dep10-10,298.806,2.783
30,IDX_-11.375_-40.375_dep10-10.dat,-11.375_-40.375,1312,SAmerica,dep10-10,296.383,2.129
31,IDX_-11.375_-41.375_dep10-10.dat,-11.375_-41.375,770,SAmerica,dep10-10,296.314,3.713
32,IDX_-11.375_-41.875_dep10-10.dat,-11.375_-41.875,1271,SAmerica,dep10-10,297.422,3.367
33,IDX_-11.375_-42.125_dep10-10.dat,-11.375_-42.125,1279,SAmerica,dep10-10,297.12,3.696
34,IDX_-11.375_-42.625_dep10-10.dat,-11.375_-42.625,636,SAmerica,dep10-10,298.205,2.485
35,IDX_-11.625_-38.875_dep10-10.dat,-11.625_-38.875,1369,SAmerica,dep10-10,298.597,2.708
36,IDX_-11.625_-39.375_dep10-10.dat,-11.625_-39.375,619,SAmerica,dep10-10,298.917,2.883
37,IDX_-11.625_-39.625_dep10-10.dat,-11.625_-39.625,694,SAmerica,dep10-10,298.691,2.666
38,IDX_-11.625_-39.875_dep10-10.dat,-11.625_-39.875,856,SAmerica,dep10-10,298.119,2.401
39,IDX_-11.625_-40.125_dep10-10.dat,-11.625_-40.125,813,SAmerica,dep10-10,297.564,2.27
40,IDX_-11.625_-41.875_dep10-10.dat,-11.625_-41.875,852,SAmerica,dep10-10,296.586,3.687
41,IDX_-11.625_-43.375_dep10-10.dat,-11.625_-43.375,343,SAmerica,dep10-10,300.266,2.863
42,IDX_-11.875_-38.875_dep10-10.dat,-11.875_-38.875,1357,SAmerica,dep10-10,298.638,2.544
43,IDX_-11.875_-39.875_dep10-10.dat,-11.875_-39.875,679,SAmerica,dep10-10,298.279,2.429
44,IDX_-11.875_-40.375_dep10-10.dat,-11.875_-40.375,1311,SAmerica,dep10-10,296.584,2.025
45,IDX_-11.875_-40.625_dep10-10.dat,-11.875_-40.625,1282,SAmerica,dep10-10,295.879,2.159
46,IDX_-11.875_-40.875_dep10-10.dat,-11.875_-40.875,278,SAmerica,dep10-10,295.116,2.274
47,IDX_-11.875_-41.625_dep10-10.dat,-11.875_-41.625,476,SAmerica,dep10-10,295.954,3.63
48,IDX_-11.875_-41.875_dep10-10.dat,-11.875_-41.875,1225,SAmerica,dep10-10,295.532,3.463
49,IDX_-11.875_-42.125_dep10-10.dat,-11.875_-42.125,1134,SAmerica,dep10-10,295.107,3.044
50,IDX_-11.875_-42.625_dep10-10.dat,-11.875_-42.625,423,SAmerica,dep10-10,297.758,2.528
51,IDX_-12.125_-39.125_dep10-10.dat,-12.125_-39.125,661,SAmerica,dep10-10,298.601,2.542
52,IDX_-12.125_-39.875_dep10-10.dat,-12.125_-39.875,598,SAmerica,dep10-10,298.496,2.561
53,IDX_-12.125_-40.125_dep10-10.dat,-12.125_-40.125,826,SAmerica,dep10-10,298.203,2.328
54,IDX_-12.125_-41.125_dep10-10.dat,-12.125_-41.125,442,SAmerica,dep10-10,295.125,2.165
55,IDX_-12.125_-43.125_dep10-10.dat,-12.125_-43.125,418,SAmerica,dep10-10,300.035,3.082
56,IDX_-12.375_-39.125_dep10-10.dat,-12.375_-39.125,497,SAmerica,dep10-10,298.23,2.373
57,IDX_-12.375_-39.375_dep10-10.dat,-12.375_-39.375,907,SAmerica,dep10-10,298.343,2.673
58,IDX_-12.375_-40.875_dep10-10.dat,-12.375_-40.875,147,SAmerica,dep10-10,296.67,2.138
59,IDX_-12.375_-42.875_dep10-10.dat,-12.375_-42.875,1232,SAmerica,dep10-10,298.858,2.566
60,IDX_-12.625_-39.125_dep10-10.dat,-12.625_-39.125,1319,SAmerica,dep10-10,297.798,2.074
61,IDX_-12.625_-39.875_dep10-10.dat,-12.625_-39.875,730,SAmerica,dep10-10,298.565,3.147
62,IDX_-12.625_-40.625_dep10-10.dat,-12.625_-40.625,538,SAmerica,dep10-10,297.02,2.021
63,IDX_-12.625_-41.125_dep10-10.dat,-12.625_-41.125,1351,SAmerica,dep10-10,296.375,2.246
64,IDX_-12.625_-41.625_dep10-10.dat,-12.625_-41.625,1287,SAmerica,dep10-10,293.832,2.736
65,IDX_-12.625_-42.125_dep10-10.dat,-12.625_-42.125,393,SAmerica,dep10-10,296.599,3.223
66,IDX_-12.625_-43.125_dep10-10.dat,-12.625_-43.125,745,SAmerica,dep10-10,300.227,2.827
67,IDX_-12.625_-43.875_dep10-10.dat,-12.625_-43.875,421,SAmerica,dep10-10,298.602,2.337
68,IDX_-12.875_-39.375_dep10-10.dat,-12.875_-39.375,1197,SAmerica,dep10-10,297.108,2.091
69,IDX_-12.875_-41.125_dep10-10.dat,-12.875_-41.125,812,SAmerica,dep10-10,295.526,1.807
70,IDX_-12.875_-41.375_dep10-10.dat,-12.875_-41.375,354,SAmerica,dep10-10,293.903,2.128
71,IDX_-12.875_-42.625_dep10-10.dat,-12.875_-42.625,357,SAmerica,dep10-10,297.801,2.216
72,IDX_-12.875_-43.375_dep10-10.dat,-12.875_-43.375,692,SAmerica,dep10-10,300.412,2.507
73,IDX_-13.125_-39.625_dep10-10.dat,-13.125_-39.625,386,SAmerica,dep10-10,295.652,2.034
74,IDX_-13.125_-40.125_dep10-10.dat,-13.125_-40.125,1322,SAmerica,dep10-10,296.045,2.881
75,IDX_-13.125_-40.875_dep10-10.dat,-13.125_-40.875,789,SAmerica,dep10-10,297.188,2.327
76,IDX_-13.125_-41.875_dep10-10.dat,-13.125_-41.875,793,SAmerica,dep10-10,294.212,1.915
77,IDX_-13.375_-39.625_dep10-10.dat,-13.375_-39.625,880,SAmerica,dep10-10,295.368,1.802
78,IDX_-13.375_-39.875_dep10-10.dat,-13.375_-39.875,1327,SAmerica,dep10-10,295.02,2.189
79,IDX_-13.375_-40.125_dep10-10.dat,-13.375_-40.125,1315,SAmerica,dep10-10,295.284,2.596
80,IDX_-13.375_-40.875_dep10-10.dat,-13.375_-40.875,622,SAmerica,dep10-10,296.9,2.25
81,IDX_-13.375_-41.375_dep10-10.dat,-13.375_-41.375,1348,SAmerica,dep10-10,294.129,2.046
82,IDX_-13.375_-41.625_dep10-10.dat,-13.375_-41.625,1313,SAmerica,dep10-10,294.362,2.442
83,IDX_-13.375_-42.375_dep10-10.dat,-13.375_-42.375,652,SAmerica,dep10-10,297.475,2.833
84,IDX_-13.375_-43.625_dep10-10.dat,-13.375_-43.625,329,SAmerica,dep10-10,299.775,2.534
85,IDX_-13.625_-40.125_dep10-10.dat,-13.625_-40.125,1218,SAmerica,dep10-10,295.72,2.587
86,IDX_-13.625_-41.375_dep10-10.dat,-13.625_-41.375,579,SAmerica,dep10-10,295.272,2.1
87,IDX_-13.625_-41.875_dep10-10.dat,-13.625_-41.875,1186,SAmerica,dep10-10,296.073,2.408
88,IDX_-13.625_-42.375_dep10-10.dat,-13.625_-42.375,1332,SAmerica,dep10-10,296.274,2.283
89,IDX_-13.625_-42.875_dep10-10.dat,-13.625_-42.875,1183,SAmerica,dep10-10,299.109,2.776
90,IDX_-13.875_-42.625_dep10-10.dat,-13.875_-42.625,146,SAmerica,dep10-10,297.518,2.462
91,IDX_-14.125_-40.375_dep10-10.dat,-14.125_-40.375,1277,SAmerica,dep10-10,296.453,3.184
92,IDX_-14.125_-41.125_dep10-10.dat,-14.125_-41.125,142,SAmerica,dep10-10,297.799,2.86
93,IDX_-14.125_-42.375_dep10-10.dat,-14.125_-42.375,456,SAmerica,dep10-10,296.195,2.299
94,IDX_-14.125_-42.875_dep10-10.dat,-14.125_-42.875,1338,SAmerica,dep10-10,298.958,3.005
95,IDX_-14.375_-40.375_dep10-10.dat,-14.375_-40.375,746,SAmerica,dep10-10,295.268,2.889
96,IDX_-14.375_-40.875_dep10-10.dat,-14.375_-40.875,790,SAmerica,dep10-10,298.034,3.139
97,IDX_-14.375_-41.375_dep10-10.dat,-14.375_-41.375,761,SAmerica,dep10-10,297.392,2.72
98,IDX_-14.375_-42.125_dep10-10.dat,-14.375_-42.125,781,SAmerica,dep10-10,296.765,2.603
99,IDX_-14.375_-42.375_dep10-10.dat,-14.375_-42.375,838,SAmerica,dep10-10,296.435,2.544
100,IDX_-14.375_-42.875_dep10-10.dat,-14.375_-42.875,1037,SAmerica,dep10-10,298.335,2.57
101,IDX_-14.375_-44.375_dep10-10.dat,-14.375_-44.375,185,SAmerica,dep10-10,298.45,2.141
102,IDX_-14.375_-44.625_dep10-10.dat,-14.375_-44.625,573,SAmerica,dep10-10,297.994,2.283
103,IDX_-14.625_-40.375_dep10-10.dat,-14.625_-40.375,679,SAmerica,dep10-10,294.221,2.238
104,IDX_-14.625_-40.625_dep10-10.dat,-14.625_-40.625,1339,SAmerica,dep10-10,295.398,2.63
105,IDX_-14.625_-41.375_dep10-10.dat,-14.625_-41.375,778,SAmerica,dep10-10,297.151,2.715
106,IDX_-14.625_-41.875_dep10-10.dat,-14.625_-41.875,1024,SAmerica,dep10-10,296.779,2.708
107,IDX_-14.625_-42.625_dep10-10.dat,-14.625_-42.625,746,SAmerica,dep10-10,297.641,3.177
108,IDX_-14.875_-40.625_dep10-10.dat,-14.875_-40.625,1263,SAmerica,dep10-10,294.492,2.033
109,IDX_-14.875_-41.125_dep10-10.dat,-14.875_-41.125,579,SAmerica,dep10-10,296.794,3.125
110,IDX_-14.875_-41.875_dep10-10.dat,-14.875_-41.875,687,SAmerica,dep10-10,296.022,2.579
111,IDX_-14.875_-42.625_dep10-10.dat,-14.875_-42.625,726,SAmerica,dep10-10,297.084,2.834
112,IDX_-14.875_-43.875_dep10-10.dat,-14.875_-43.875,827,SAmerica,dep10-10,299.269,2.293
113,IDX_-14.875_-44.125_dep10-10.dat,-14.875_-44.125,914,SAmerica,dep10-10,298.311,1.956
114,IDX_-15.125_-40.125_dep10-10.dat,-15.125_-40.125,274,SAmerica,dep10-10,296.622,1.639
115,IDX_-15.125_-40.625_dep10-10.dat,-15.125_-40.625,367,SAmerica,dep10-10,294.818,1.852
116,IDX_-15.125_-41.625_dep10-10.dat,-15.125_-41.625,740,SAmerica,dep10-10,295.694,2.475
117,IDX_-15.125_-42.875_dep10-10.dat,-15.125_-42.875,1061,SAmerica,dep10-10,297.767,2.323
118,IDX_-15.375_-42.625_dep10-10.dat,-15.375_-42.625,703,SAmerica,dep10-10,295.698,2.161
119,IDX_-15.375_-44.375_dep10-10.dat,-15.375_-44.375,251,SAmerica,dep10-10,298.55,1.923
120,IDX_-15.375_-44.625_dep10-10.dat,-15.375_-44.625,1384,SAmerica,dep10-10,298.261,1.871
121,IDX_-15.625_-41.125_dep10-10.dat,-15.625_-41.125,983,SAmerica,dep10-10,295.359,2.471
122,IDX_-15.625_-41.375_dep10-10.dat,-15.625_-41.375,625,SAmerica,dep10-10,295.488,2.504
123,IDX_-15.625_-42.875_dep10-10.dat,-15.625_-42.875,792,SAmerica,dep10-10,297.964,2.642
124,IDX_-15.875_-40.125_dep10-10.dat,-15.875_-40.125,840,SAmerica,dep10-10,297.512,1.768
125,IDX_-15.875_-42.125_dep10-10.dat,-15.875_-42.125,1362,SAmerica,dep10-10,296.51,2.275
126,IDX_-15.875_-43.375_dep10-10.dat,-15.875_-43.375,550,SAmerica,dep10-10,298.843,2.238
127,IDX_-16.125_-40.375_dep10-10.dat,-16.125_-40.375,1201,SAmerica,dep10-10,297.36,1.941
128,IDX_-16.125_-42.375_dep10-10.dat,-16.125_-42.375,179,SAmerica,dep10-10,296.159,2.05
129,IDX_-16.125_-44.125_dep10-10.dat,-16.125_-44.125,999,SAmerica,dep10-10,297.036,1.711
130,IDX_-16.375_-40.625_dep10-10.dat,-16.375_-40.625,782,SAmerica,dep10-10,296.383,1.873
131,IDX_-16.375_-40.875_dep10-10.dat,-16.375_-40.875,438,SAmerica,dep10-10,296.232,1.938
132,IDX_-16.375_-41.875_dep10-10.dat,-16.375_-41.875,482,SAmerica,dep10-10,297.084,2.108
133,IDX_-16.375_-42.625_dep10-10.dat,-16.375_-42.625,1253,SAmerica,dep10-10,296.218,2.111
134,IDX_-16.375_-43.375_dep10-10.dat,-16.375_-43.375,886,SAmerica,dep10-10,297.403,2.052
135,IDX_-16.375_-43.625_dep10-10.dat,-16.375_-43.625,1200,SAmerica,dep10-10,297.741,1.89
136,IDX_-16.625_-40.875_dep10-10.dat,-16.625_-40.875,783,SAmerica,dep10-10,296.454,2.114
137,IDX_-16.625_-41.125_dep10-10.dat,-16.625_-41.125,530,SAmerica,dep10-10,296.308,2.121
138,IDX_-16.625_-41.625_dep10-10.dat,-16.625_-41.625,817,SAmerica,dep10-10,297.263,2.394
139,IDX_-16.625_-41.875_dep10-10.dat,-16.625_-41.875,1327,SAmerica,dep10-10,297.934,2.206
140,IDX_-16.625_-42.875_dep10-10.dat,-16.625_-42.875,1373,SAmerica,dep10-10,295.372,1.812
141,IDX_-16.875_-42.375_dep10-10.dat,-16.875_-42.375,786,SAmerica,dep10-10,297.128,2.001
142,IDX_-27.375_-70.375_dep10-10.dat,-27.375_-70.375,824,SAmerica,dep10-10,289.376,47.655
143,IDX_-27.375_-70.625_dep10-10.dat,-27.375_-70.625,728,SAmerica,dep10-10,288.505,65.005
144,IDX_-3.625_-39.625_dep10-10.dat,-3.625_-39.625,1129,SAmerica,dep10-10,300.138,1.74
145,IDX_-3.625_-40.625_dep10-10.dat,-3.625_-40.625,1143,SAmerica,dep10-10,300.433,2.267
146,IDX_-3.625_-40.875_dep10-10.dat,-3.625_-40.875,788,SAmerica,dep10-10,299.222,2.008
147,IDX_-3.875_-39.375_dep10-10.dat,-3.875_-39.375,1173,SAmerica,dep10-10,300.323,2.373
148,IDX_-3.875_-39.625_dep10-10.dat,-3.875_-39.625,410,SAmerica,dep10-10,300.173,2.156
149,IDX_-3.875_-40.125_dep10-10.dat,-3.875_-40.125,1210,SAmerica,dep10-10,300.995,2.027
150,IDX_-3.875_-40.625_dep10-10.dat,-3.875_-40.625,504,SAmerica,dep10-10,299.589,2.713
151,IDX_-3.875_-41.375_dep10-10.dat,-3.875_-41.375,380,SAmerica,dep10-10,302.046,1.586
152,IDX_-3.875_-41.625_dep10-10.dat,-3.875_-41.625,853,SAmerica,dep10-10,302.441,1.569
153,IDX_-31.875_150.125_dep0-5.dat,-31.875_150.125,512,Australia,dep0-5,288.766,2.007
154,IDX_-31.875_150.375_dep0-5.dat,-31.875_150.375,333,Australia,dep0-5,289.062,1.993
155,IDX_-32.125_150.125_dep0-5.dat,-32.125_150.125,730,Australia,dep0-5,289.237,2.093
156,IDX_-32.125_150.375_dep0-5.dat,-32.125_150.375,731,Australia,dep0-5,289.58,2.114
157,IDX_-32.375_149.875_dep0-5.dat,-32.375_149.875,414,Australia,dep0-5,288.369,2.178
158,IDX_-32.375_150.375_dep0-5.dat,-32.375_150.375,683,Australia,dep0-5,289.395,2.33
159,IDX_-32.625_150.375_dep0-5.dat,-32.625_150.375,542,Australia,dep0-5,288.018,2.02
160,IDX_-33.875_147.125_dep0-8.dat,-33.875_147.125,3377,Australia,dep0-8,290.205,2.818
161,IDX_-34.125_146.375_dep0-8.dat,-34.125_146.375,3266,Australia,dep0-8,290.51,3.159
162,IDX_-34.625_143.625_dep0-8.dat,-34.625_143.625,3423,Australia,dep0-8,290.185,4.036
163,IDX_-34.625_144.875_dep0-8.dat,-34.625_144.875,3412,Australia,dep0-8,290.548,3.476
164,IDX_-34.625_145.875_dep0-5.dat,-34.625_145.875,3213,Australia,dep0-5,290.463,3.129
165,IDX_-34.625_146.125_dep0-5.dat,-34.625_146.125,4017,Australia,dep0-5,290.453,3.225
166,IDX_-34.625_146.375_dep0-8.dat,-34.625_146.375,3451,Australia,dep0-8,290.364,3.059
167,IDX_-34.625_148.125_dep0-8.dat,-34.625_148.125,3042,Australia,dep0-8,288.485,2.056
168,IDX_-34.875_145.875_dep0-5.dat,-34.875_145.875,2685,Australia,dep0-5,290.277,3.038
169,IDX_-34.875_146.125_dep0-5.dat,-34.875_146.125,3834,Australia,dep0-5,290.257,3.077
170,IDX_-34.875_146.375_dep0-5.dat,-34.875_146.375,3040,Australia,dep0-5,290.197,2.926
171,IDX_-35.125_145.875_dep0-5.dat,-35.125_145.875,3112,Australia,dep0-5,290.1,2.96
172,IDX_-35.125_146.125_dep0-5.dat,-35.125_146.125,3178,Australia,dep0-5,290.114,2.905
173,IDX_-35.125_146.375_dep0-5.dat,-35.125_146.375,4034,Australia,dep0-5,290.023,2.736
174,IDX_-35.125_147.375_dep0-5.dat,-35.125_147.375,2854,Australia,dep0-5,289.129,2.154
175,IDX_-35.125_147.625_dep0-5.dat,-35.125_147.625,2296,Australia,dep0-5,288.717,2.025
176,IDX_-35.375_147.375_dep0-5.dat,-35.375_147.375,3341,Australia,dep0-5,288.682,1.988
177,IDX_-35.375_147.625_dep0-8.dat,-35.375_147.625,3666,Australia,dep0-8,288.081,1.836
178,IDX_-35.375_148.125_dep0-8.dat,-35.375_148.125,4136,Australia,dep0-8,286.513,1.441
179,IDX_-35.375_149.125_dep0-8.dat,-35.375_149.125,3396,Australia,dep0-8,284.583,1.912
180,IDX_-36.375_148.875_dep0-8.dat,-36.375_148.875,3548,Australia,dep0-8,283.846,1.717
181,IDX_-4.125_-38.625_dep10-10.dat,-4.125_-38.625,639,SAmerica,dep10-10,299.518,1.905
182,IDX_-4.125_-39.125_dep10-10.dat,-4.125_-39.125,965,SAmerica,dep10-10,300.308,2.318
183,IDX_-4.125_-39.375_dep10-10.dat,-4.125_-39.375,1139,SAmerica,dep10-10,300.247,2.733
184,IDX_-4.125_-40.625_dep10-10.dat,-4.125_-40.625,940,SAmerica,dep10-10,298.799,2.668
185,IDX_-4.125_-40.875_dep10-10.dat,-4.125_-40.875,290,SAmerica,dep10-10,298.408,1.814
186,IDX_-4.375_-38.625_dep10-10.dat,-4.375_-38.625,394,SAmerica,dep10-10,299.734,2.018
187,IDX_-4.375_-38.875_dep10-10.dat,-4.375_-38.875,369,SAmerica,dep10-10,299.696,2.105
188,IDX_-4.375_-41.375_dep10-10.dat,-4.375_-41.375,561,SAmerica,dep10-10,301.544,1.472
189,IDX_-4.625_-37.875_dep10-10.dat,-4.625_-37.875,355,SAmerica,dep10-10,300.829,2.433
190,IDX_-4.625_-38.625_dep10-10.dat,-4.625_-38.625,595,SAmerica,dep10-10,300.343,2.261
191,IDX_-4.625_-38.875_dep10-10.dat,-4.625_-38.875,700,SAmerica,dep10-10,300.138,2.381
192,IDX_-4.625_-39.625_dep10-10.dat,-4.625_-39.625,1066,SAmerica,dep10-10,299.254,2.528
193,IDX_-4.875_-38.125_dep10-10.dat,-4.875_-38.125,785,SAmerica,dep10-10,301.052,2.47
194,IDX_-4.875_-38.625_dep10-10.dat,-4.875_-38.625,566,SAmerica,dep10-10,300.774,2.436
195,IDX_-4.875_-39.125_dep10-10.dat,-4.875_-39.125,338,SAmerica,dep10-10,300.23,2.433
196,IDX_-4.875_-39.625_dep10-10.dat,-4.875_-39.625,214,SAmerica,dep10-10,299.429,2.712
197,IDX_-4.875_-40.375_dep10-10.dat,-4.875_-40.375,153,SAmerica,dep10-10,300.657,2.122
198,IDX_-40.875_-73.125_dep7-7.dat,-40.875_-73.125,1156,SAmerica,dep7-7,283.902,0.666
199,IDX_-5.125_-36.125_dep10-10.dat,-5.125_-36.125,268,SAmerica,dep10-10,300.362,3.433
200,IDX_-5.125_-38.375_dep10-10.dat,-5.125_-38.375,426,SAmerica,dep10-10,301.299,2.553
201,IDX_-5.125_-38.875_dep10-10.dat,-5.125_-38.875,467,SAmerica,dep10-10,300.865,2.49
202,IDX_-5.125_-39.875_dep10-10.dat,-5.125_-39.875,551,SAmerica,dep10-10,299.391,2.874
203,IDX_-5.375_-38.125_dep10-10.dat,-5.375_-38.125,316,SAmerica,dep10-10,301.92,2.806
204,IDX_-5.375_-38.375_dep10-10.dat,-5.375_-38.375,596,SAmerica,dep10-10,301.697,2.735
205,IDX_-5.375_-39.625_dep10-10.dat,-5.375_-39.625,1108,SAmerica,dep10-10,299.554,2.616
206,IDX_-5.375_-40.875_dep10-10.dat,-5.375_-40.875,455,SAmerica,dep10-10,299.86,2.24
207,IDX_-5.375_-41.375_dep10-10.dat,-5.375_-41.375,473,SAmerica,dep10-10,301.917,1.817
208,IDX_-5.375_-41.625_dep10-10.dat,-5.375_-41.625,423,SAmerica,dep10-10,302.436,1.704
209,IDX_-5.625_-35.625_dep10-10.dat,-5.625_-35.625,783,SAmerica,dep10-10,299.298,2.651
210,IDX_-5.625_-36.625_dep10-10.dat,-5.625_-36.625,501,SAmerica,dep10-10,301.612,3.743
211,IDX_-5.625_-38.375_dep10-10.dat,-5.625_-38.375,194,SAmerica,dep10-10,301.727,2.685
212,IDX_-5.625_-38.875_dep10-10.dat,-5.625_-38.875,379,SAmerica,dep10-10,301.43,2.51
213,IDX_-5.625_-39.125_dep10-10.dat,-5.625_-39.125,648,SAmerica,dep10-10,301.079,2.334
214,IDX_-5.625_-39.625_dep10-10.dat,-5.625_-39.625,434,SAmerica,dep10-10,299.711,2.652
215,IDX_-5.875_-35.625_dep10-10.dat,-5.875_-35.625,634,SAmerica,dep10-10,299.448,2.785
216,IDX_-5.875_-37.375_dep10-10.dat,-5.875_-37.375,1051,SAmerica,dep10-10,301.705,3.072
217,IDX_-5.875_-37.625_dep10-10.dat,-5.875_-37.625,708,SAmerica,dep10-10,301.411,3.24
218,IDX_-5.875_-38.375_dep10-10.dat,-5.875_-38.375,131,SAmerica,dep10-10,301.21,2.52
219,IDX_-5.875_-38.625_dep10-10.dat,-5.875_-38.625,1179,SAmerica,dep10-10,301.544,2.35
220,IDX_-6.125_-36.375_dep10-10.dat,-6.125_-36.375,814,SAmerica,dep10-10,298.876,3.372
221,IDX_-6.125_-37.875_dep10-10.dat,-6.125_-37.875,641,SAmerica,dep10-10,300.854,2.508
222,IDX_-6.125_-38.125_dep10-10.dat,-6.125_-38.125,746,SAmerica,dep10-10,300.977,3.295
223,IDX_-6.125_-38.625_dep10-10.dat,-6.125_-38.625,683,SAmerica,dep10-10,301.179,2.079
224,IDX_-6.125_-39.125_dep10-10.dat,-6.125_-39.125,174,SAmerica,dep10-10,301.072,2.172
225,IDX_-6.125_-39.625_dep10-10.dat,-6.125_-39.625,982,SAmerica,dep10-10,300.065,2.45
226,IDX_-6.125_-39.875_dep10-10.dat,-6.125_-39.875,984,SAmerica,dep10-10,299.676,2.274
227,IDX_-6.125_-41.375_dep10-10.dat,-6.125_-41.375,819,SAmerica,dep10-10,301.528,2.025
228,IDX_-6.375_-35.375_dep10-10.dat,-6.375_-35.375,949,SAmerica,dep10-10,298.922,2.635
229,IDX_-6.375_-37.125_dep10-10.dat,-6.375_-37.125,1157,SAmerica,dep10-10,301.717,3.493
230,IDX_-6.375_-37.625_dep10-10.dat,-6.375_-37.625,679,SAmerica,dep10-10,301.059,3.291
231,IDX_-6.375_-39.125_dep10-10.dat,-6.375_-39.125,103,SAmerica,dep10-10,301.223,2.374
232,IDX_-6.375_-39.375_dep10-10.dat,-6.375_-39.375,384,SAmerica,dep10-10,300.754,2.272
233,IDX_-6.625_-35.625_dep10-10.dat,-6.625_-35.625,639,SAmerica,dep10-10,297.653,2.656
234,IDX_-6.625_-36.375_dep10-10.dat,-6.625_-36.375,1063,SAmerica,dep10-10,298.602,4.322
235,IDX_-6.625_-36.625_dep10-10.dat,-6.625_-36.625,1229,SAmerica,dep10-10,300.026,4.342
236,IDX_-6.625_-36.875_dep10-10.dat,-6.625_-36.875,886,SAmerica,dep10-10,301.075,3.959
237,IDX_-6.625_-37.625_dep10-10.dat,-6.625_-37.625,683,SAmerica,dep10-10,301.29,3.339
238,IDX_-6.625_-38.375_dep10-10.dat,-6.625_-38.375,212,SAmerica,dep10-10,300.836,2.763
239,IDX_-6.625_-38.625_dep10-10.dat,-6.625_-38.625,1192,SAmerica,dep10-10,301.236,2.381
240,IDX_-6.625_-41.625_dep10-10.dat,-6.625_-41.625,297,SAmerica,dep10-10,300.86,1.758
241,IDX_-6.875_-35.875_dep10-10.dat,-6.875_-35.875,731,SAmerica,dep10-10,296.905,3.305
242,IDX_-6.875_-36.625_dep10-10.dat,-6.875_-36.625,958,SAmerica,dep10-10,299.173,4.244
243,IDX_-6.875_-37.125_dep10-10.dat,-6.875_-37.125,1095,SAmerica,dep10-10,300.999,3.942
244,IDX_-6.875_-37.375_dep10-10.dat,-6.875_-37.375,762,SAmerica,dep10-10,301.332,3.531
245,IDX_-6.875_-37.875_dep10-10.dat,-6.875_-37.875,875,SAmerica,dep10-10,301.439,3.053
246,IDX_-6.875_-38.375_dep10-10.dat,-6.875_-38.375,651,SAmerica,dep10-10,300.873,2.836
247,IDX_-6.875_-38.875_dep10-10.dat,-6.875_-38.875,439,SAmerica,dep10-10,300.969,2.407
248,IDX_-6.875_-39.375_dep10-10.dat,-6.875_-39.375,163,SAmerica,dep10-10,299.944,2.345
249,IDX_-6.875_-39.875_dep10-10.dat,-6.875_-39.875,483,SAmerica,dep10-10,299.589,2.484
250,IDX_-6.875_-41.625_dep10-10.dat,-6.875_-41.625,342,SAmerica,dep10-10,300.991,1.841
251,IDX_-6.875_-42.375_dep10-10.dat,-6.875_-42.375,385,SAmerica,dep10-10,302.019,1.957
252,IDX_-6.875_-42.625_dep10-10.dat,-6.875_-42.625,1103,SAmerica,dep10-10,301.92,1.915
253,IDX_-7.125_-36.375_dep10-10.dat,-7.125_-36.375,1208,SAmerica,dep10-10,297.968,4.679
254,IDX_-7.125_-36.625_dep10-10.dat,-7.125_-36.625,797,SAmerica,dep10-10,298.375,4.453
255,IDX_-7.125_-37.375_dep10-10.dat,-7.125_-37.375,920,SAmerica,dep10-10,300.355,3.513
256,IDX_-7.125_-38.375_dep10-10.dat,-7.125_-38.375,863,SAmerica,dep10-10,300.18,2.581
257,IDX_-7.125_-38.875_dep10-10.dat,-7.125_-38.875,416,SAmerica,dep10-10,300.46,2.447
258,IDX_-7.125_-39.375_dep10-10.dat,-7.125_-39.375,833,SAmerica,dep10-10,298.776,2.343
259,IDX_-7.125_-39.875_dep10-10.dat,-7.125_-39.875,417,SAmerica,dep10-10,298.336,2.211
260,IDX_-7.125_-40.625_dep10-10.dat,-7.125_-40.625,1072,SAmerica,dep10-10,300.072,2.55
261,IDX_-7.125_-40.875_dep10-10.dat,-7.125_-40.875,888,SAmerica,dep10-10,300.902,2.433
262,IDX_-7.125_-41.375_dep10-10.dat,-7.125_-41.375,1126,SAmerica,dep10-10,301.706,2.532
263,IDX_-7.125_-42.625_dep10-10.dat,-7.125_-42.625,258,SAmerica,dep10-10,301.888,1.921
264,IDX_-7.375_-35.375_dep10-10.dat,-7.375_-35.375,801,SAmerica,dep10-10,298.29,2.279
265,IDX_-7.375_-35.875_dep10-10.dat,-7.375_-35.875,526,SAmerica,dep10-10,297.478,3.144
266,IDX_-7.375_-36.875_dep10-10.dat,-7.375_-36.875,701,SAmerica,dep10-10,298.196,4.425
267,IDX_-7.375_-38.125_dep10-10.dat,-7.375_-38.125,730,SAmerica,dep10-10,300.376,3.529
268,IDX_-7.375_-38.875_dep10-10.dat,-7.375_-38.875,1201,SAmerica,dep10-10,299.669,2.586
269,IDX_-7.375_-39.125_dep10-10.dat,-7.375_-39.125,442,SAmerica,dep10-10,298.482,2.255
270,IDX_-7.375_-39.375_dep10-10.dat,-7.375_-39.375,623,SAmerica,dep10-10,297.632,1.999
271,IDX_-7.375_-41.125_dep10-10.dat,-7.375_-41.125,219,SAmerica,dep10-10,301.756,2.597
272,IDX_-7.375_-41.875_dep10-10.dat,-7.375_-41.875,327,SAmerica,dep10-10,302.081,2.314
273,IDX_-7.625_-35.875_dep10-10.dat,-7.625_-35.875,864,SAmerica,dep10-10,297.855,3.491
274,IDX_-7.625_-36.125_dep10-10.dat,-7.625_-36.125,1212,SAmerica,dep10-10,298.083,4.316
275,IDX_-7.625_-37.375_dep10-10.dat,-7.625_-37.375,1240,SAmerica,dep10-10,298.386,3.969
276,IDX_-7.625_-37.875_dep10-10.dat,-7.625_-37.875,671,SAmerica,dep10-10,299.37,2.951
277,IDX_-7.625_-38.375_dep10-10.dat,-7.625_-38.375,902,SAmerica,dep10-10,299.369,2.761
278,IDX_-7.625_-38.875_dep10-10.dat,-7.625_-38.875,690,SAmerica,dep10-10,299.361,2.802
279,IDX_-7.625_-39.625_dep10-10.dat,-7.625_-39.625,809,SAmerica,dep10-10,298.448,2.286
280,IDX_-7.625_-40.125_dep10-10.dat,-7.625_-40.125,323,SAmerica,dep10-10,298.245,2.437
281,IDX_-7.625_-40.875_dep10-10.dat,-7.625_-40.875,457,SAmerica,dep10-10,301.014,2.678
282,IDX_-7.625_-44.125_dep10-10.dat,-7.625_-44.125,240,SAmerica,dep10-10,299.967,1.619
283,IDX_-7.875_-35.625_dep10-10.dat,-7.875_-35.625,491,SAmerica,dep10-10,297.63,2.989
284,IDX_-7.875_-35.875_dep10-10.dat,-7.875_-35.875,1143,SAmerica,dep10-10,297.76,3.569
285,IDX_-7.875_-36.125_dep10-10.dat,-7.875_-36.125,838,SAmerica,dep10-10,297.726,4.201
286,IDX_-7.875_-36.875_dep10-10.dat,-7.875_-36.875,1090,SAmerica,dep10-10,298.257,5.045
287,IDX_-7.875_-37.125_dep10-10.dat,-7.875_-37.125,790,SAmerica,dep10-10,298.463,4.413
288,IDX_-7.875_-37.375_dep10-10.dat,-7.875_-37.375,242,SAmerica,dep10-10,298.638,4.03
289,IDX_-7.875_-39.375_dep10-10.dat,-7.875_-39.375,558,SAmerica,dep10-10,299.852,2.832
290,IDX_-7.875_-39.875_dep10-10.dat,-7.875_-39.875,1051,SAmerica,dep10-10,299.67,2.646
291,IDX_-7.875_-40.125_dep10-10.dat,-7.875_-40.125,772,SAmerica,dep10-10,299.383,2.848
292,IDX_-7.875_-41.125_dep10-10.dat,-7.875_-41.125,687,SAmerica,dep10-10,301.479,2.865
293,IDX_-7.875_-41.875_dep10-10.dat,-7.875_-41.875,364,SAmerica,dep10-10,301.747,2.46
294,IDX_-8.125_-35.625_dep10-10.dat,-8.125_-35.625,493,SAmerica,dep10-10,296.712,2.41
295,IDX_-8.125_-35.875_dep10-10.dat,-8.125_-35.875,979,SAmerica,dep10-10,297.005,3.102
296,IDX_-8.125_-36.125_dep10-10.dat,-8.125_-36.125,596,SAmerica,dep10-10,297.01,3.953
297,IDX_-8.125_-36.375_dep10-10.dat,-8.125_-36.375,1333,SAmerica,dep10-10,296.69,4.139
298,IDX_-8.125_-37.125_dep10-10.dat,-8.125_-37.125,1166,SAmerica,dep10-10,298.324,4.264
299,IDX_-8.125_-38.625_dep10-10.dat,-8.125_-38.625,1207,SAmerica,dep10-10,299.384,3.258
300,IDX_-8.125_-39.625_dep10-10.dat,-8.125_-39.625,1299,SAmerica,dep10-10,300.234,2.861
301,IDX_-8.125_-40.625_dep10-10.dat,-8.125_-40.625,444,SAmerica,dep10-10,299.73,2.746
302,IDX_-8.125_-40.875_dep10-10.dat,-8.125_-40.875,567,SAmerica,dep10-10,300.694,2.889
303,IDX_-8.125_-42.125_dep10-10.dat,-8.125_-42.125,859,SAmerica,dep10-10,301.63,2.434
304,IDX_-8.125_-42.875_dep10-10.dat,-8.125_-42.875,816,SAmerica,dep10-10,300.931,2.278
305,IDX_-8.375_-36.375_dep10-10.dat,-8.375_-36.375,412,SAmerica,dep10-10,296.071,3.984
306,IDX_-8.375_-36.625_dep10-10.dat,-8.375_-36.625,1329,SAmerica,dep10-10,296.511,4.066
307,IDX_-8.375_-36.875_dep10-10.dat,-8.375_-36.875,329,SAmerica,dep10-10,297.109,4.371
308,IDX_-8.375_-40.625_dep10-10.dat,-8.375_-40.625,755,SAmerica,dep10-10,299.734,2.938
309,IDX_-8.375_-41.625_dep10-10.dat,-8.375_-41.625,374,SAmerica,dep10-10,300.903,2.854
310,IDX_-8.375_-43.875_dep10-10.dat,-8.375_-43.875,399,SAmerica,dep10-10,300.503,2.322
311,IDX_-8.625_-36.625_dep10-10.dat,-8.625_-36.625,638,SAmerica,dep10-10,296.772,3.803
312,IDX_-8.625_-36.875_dep10-10.dat,-8.625_-36.875,417,SAmerica,dep10-10,297.441,4.271
313,IDX_-8.625_-37.625_dep10-10.dat,-8.625_-37.625,1266,SAmerica,dep10-10,299.014,4.655
314,IDX_-8.625_-38.625_dep10-10.dat,-8.625_-38.625,788,SAmerica,dep10-10,299.947,4.018
315,IDX_-8.625_-39.125_dep10-10.dat,-8.625_-39.125,158,SAmerica,dep10-10,300.391,3.817
316,IDX_-8.625_-39.625_dep10-10.dat,-8.625_-39.625,777,SAmerica,dep10-10,300.412,3.514
317,IDX_-8.625_-42.125_dep10-10.dat,-8.625_-42.125,533,SAmerica,dep10-10,301.326,2.911
318,IDX_-8.875_-36.125_dep10-10.dat,-8.875_-36.125,241,SAmerica,dep10-10,295.55,2.14
319,IDX_-8.875_-36.625_dep10-10.dat,-8.875_-36.625,646,SAmerica,dep10-10,296.974,3.42
320,IDX_-8.875_-36.875_dep10-10.dat,-8.875_-36.875,854,SAmerica,dep10-10,297.978,3.99
321,IDX_-8.875_-37.625_dep10-10.dat,-8.875_-37.625,689,SAmerica,dep10-10,298.774,4.115
322,IDX_-8.875_-37.875_dep10-10.dat,-8.875_-37.875,598,SAmerica,dep10-10,298.9,3.825
323,IDX_-8.875_-39.125_dep10-10.dat,-8.875_-39.125,539,SAmerica,dep10-10,300.303,4.167
324,IDX_-8.875_-39.875_dep10-10.dat,-8.875_-39.875,464,SAmerica,dep10-10,300.531,3.669
325,IDX_-8.875_-40.375_dep10-10.dat,-8.875_-40.375,687,SAmerica,dep10-10,300.199,3.503
326,IDX_-9.125_-36.625_dep10-10.dat,-9.125_-36.625,1369,SAmerica,dep10-10,297.345,3.003
327,IDX_-9.125_-37.375_dep10-10.dat,-9.125_-37.375,1304,SAmerica,dep10-10,298.628,3.359
328,IDX_-9.125_-37.875_dep10-10.dat,-9.125_-37.875,289,SAmerica,dep10-10,299.109,3.498
329,IDX_-9.125_-38.125_dep10-10.dat,-9.125_-38.125,891,SAmerica,dep10-10,299.325,4.322
330,IDX_-9.125_-40.375_dep10-10.dat,-9.125_-40.375,1255,SAmerica,dep10-10,300.272,3.633
331,IDX_-9.125_-44.375_dep10-10.dat,-9.125_-44.375,953,SAmerica,dep10-10,300.13,2.306
332,IDX_-9.375_-36.625_dep10-10.dat,-9.375_-36.625,1022,SAmerica,dep10-10,297.984,2.675
333,IDX_-9.375_-37.375_dep10-10.dat,-9.375_-37.375,417,SAmerica,dep10-10,299.186,3.245
334,IDX_-9.375_-37.625_dep10-10.dat,-9.375_-37.625,815,SAmerica,dep10-10,299.424,3.481
335,IDX_-9.375_-38.125_dep10-10.dat,-9.375_-38.125,1028,SAmerica,dep10-10,299.274,4.239
336,IDX_-9.375_-38.375_dep10-10.dat,-9.375_-38.375,422,SAmerica,dep10-10,298.367,4.507
337,IDX_-9.625_-37.125_dep10-10.dat,-9.625_-37.125,1175,SAmerica,dep10-10,299.489,3.196
338,IDX_-9.625_-37.375_dep10-10.dat,-9.625_-37.375,409,SAmerica,dep10-10,299.714,3.404
339,IDX_-9.875_-36.875_dep10-10.dat,-9.875_-36.875,249,SAmerica,dep10-10,299.201,2.844
340,IDX_-9.875_-37.375_dep10-10.dat,-9.875_-37.375,416,SAmerica,dep10-10,299.563,3.269
341,IDX_-9.875_-38.375_dep10-10.dat,-9.875_-38.375,1043,SAmerica,dep10-10,297.449,3.306
342,IDX_-9.875_-39.375_dep10-10.dat,-9.875_-39.375,1202,SAmerica,dep10-10,298.866,3.885
343,IDX_-9.875_-39.875_dep10-10.dat,-9.875_-39.875,388,SAmerica,dep10-10,299.208,3.982
344,IDX_-9.875_-41.875_dep10-10.dat,-9.875_-41.875,1153,SAmerica,dep10-10,299.945,3.415
345,IDX_-9.875_-42.625_dep10-10.dat,-9.875_-42.625,121,SAmerica,dep10-10,299.933,3.045
346,IDX_0.375_36.875_dep0-10.dat,0.375_36.875,2697,Africa,dep0-10,292.185,2.255
347,IDX_1.875_103.375_dep0-5.dat,1.875_103.375,580,Asia,dep0-5,299.88,0.674
348,IDX_13.375_30.375_dep5-5.dat,13.375_30.375,1745,Africa,dep5-5,300.984,5.411
349,IDX_13.625_2.625_dep5-5.dat,13.625_2.625,4556,Africa,dep5-5,302.583,4.059
350,IDX_15.375_-15.375_dep5-5.dat,15.375_-15.375,2995,Africa,dep5-5,301.516,4.555
351,IDX_18.125_-66.625_dep5-5.dat,18.125_-66.625,3389,NAmerica,dep5-5,298.386,1.807
352,IDX_18.125_-66.875_dep5-5.dat,18.125_-66.875,5346,NAmerica,dep5-5,298.944,2.186
353,IDX_18.375_-66.125_dep5-5.dat,18.375_-66.125,1140,NAmerica,dep5-5,298.752,1.85
354,IDX_19.625_-155.875_dep5-5.dat,19.625_-155.875,4554,NAmerica,dep5-5,292.4,0.577
355,IDX_19.875_-155.375_dep5-5.dat,19.875_-155.375,4870,NAmerica,dep5-5,289.382,1.872
356,IDX_19.875_-155.625_dep5-5.dat,19.875_-155.625,5420,NAmerica,dep5-5,292.281,0.536
357,IDX_20.125_-155.625_dep5-5.dat,20.125_-155.625,5414,NAmerica,dep5-5,295.737,1.45
358,IDX_25.625_-80.625_dep5-5.dat,25.625_-80.625,5735,NAmerica,dep5-5,297.516,1.233
359,IDX_25.875_-81.375_dep5-5.dat,25.875_-81.375,3338,NAmerica,dep5-5,297.334,1.742
360,IDX_26.125_-97.875_dep5-5.dat,26.125_-97.875,1626,NAmerica,dep5-5,297.228,2.208
361,IDX_26.625_-98.125_dep5-5.dat,26.625_-98.125,3435,NAmerica,dep5-5,297.051,2.183
362,IDX_26.625_80.125_dep10-10.dat,26.625_80.125,476,Asia,dep10-10,298.558,1.457
363,IDX_27.125_-81.375_dep5-5.dat,27.125_-81.375,2175,NAmerica,dep5-5,296.456,1.286
364,IDX_27.625_-97.875_dep5-5.dat,27.625_-97.875,1144,NAmerica,dep5-5,296.128,1.878
365,IDX_28.375_-96.875_dep5-5.dat,28.375_-96.875,1919,NAmerica,dep5-5,295.204,1.617
366,IDX_29.125_-81.625_dep5-5.dat,29.125_-81.625,5080,NAmerica,dep5-5,294.734,1.462
367,IDX_29.375_-100.375_dep5-5.dat,29.375_-100.375,1921,NAmerica,dep5-5,294.599,2.175
368,IDX_29.375_-103.125_dep5-5.dat,29.375_-103.125,3520,NAmerica,dep5-5,294.412,4.589
369,IDX_30.125_-91.875_dep5-5.dat,30.125_-91.875,3548,NAmerica,dep5-5,293.651,1.037
370,IDX_30.125_-94.375_dep5-5.dat,30.125_-94.375,1148,NAmerica,dep5-5,293.589,0.994
371,IDX_30.125_-95.875_dep5-5.dat,30.125_-95.875,6865,NAmerica,dep5-5,293.874,1.222
372,IDX_30.375_-84.375_dep5-5.dat,30.375_-84.375,5186,NAmerica,dep5-5,293.032,1.214
373,IDX_30.375_-88.625_dep5-5.dat,30.375_-88.625,5700,NAmerica,dep5-5,293.433,1.032
374,IDX_30.375_114.625_dep10-10.dat,30.375_114.625,64,Asia,dep10-10,291.103,0.883
375,IDX_30.625_-87.625_dep5-5.dat,30.625_-87.625,2400,NAmerica,dep5-5,292.978,1.04
376,IDX_30.625_-87.875_dep5-5.dat,30.625_-87.875,3452,NAmerica,dep5-5,293.262,1.079
377,IDX_30.625_-98.125_dep5-5.dat,30.625_-98.125,3431,NAmerica,dep5-5,293.012,1.773
378,IDX_30.875_110.875_dep10-10.dat,30.875_110.875,84,Asia,dep10-10,287.847,0.785
379,IDX_31.125_-84.375_dep5-5.dat,31.125_-84.375,2602,NAmerica,dep5-5,292.821,1.271
380,IDX_31.125_-85.125_dep5-5.dat,31.125_-85.125,2573,NAmerica,dep5-5,292.662,1.178
381,IDX_31.125_-87.625_dep5-5.dat,31.125_-87.625,3001,NAmerica,dep5-5,292.663,1.132
382,IDX_31.125_91.625_dep0-5.dat,31.125_91.625,1321,Asia,dep0-5,270.831,1.126
383,IDX_31.125_91.875_dep0-5.dat,31.125_91.875,1042,Asia,dep0-5,270.631,1.039
384,IDX_31.125_92.125_dep0-5.dat,31.125_92.125,1303,Asia,dep0-5,270.144,0.959
385,IDX_31.125_92.375_dep0-5.dat,31.125_92.375,1143,Asia,dep0-5,269.133,0.864
386,IDX_31.375_-84.375_dep5-5.dat,31.375_-84.375,3546,NAmerica,dep5-5,292.551,1.261
387,IDX_31.375_-96.875_dep5-5.dat,31.375_-96.875,1423,NAmerica,dep5-5,293.362,1.319
388,IDX_31.375_91.875_dep0-5.dat,31.375_91.875,1467,Asia,dep0-5,271.728,1.232
389,IDX_31.375_92.125_dep0-5.dat,31.375_92.125,1444,Asia,dep0-5,271.192,1.234
390,IDX_31.625_-100.625_dep5-5.dat,31.625_-100.625,1894,NAmerica,dep5-5,291.897,2.279
391,IDX_31.625_-102.875_dep5-5.dat,31.625_-102.875,3495,NAmerica,dep5-5,292.404,3.245
392,IDX_31.625_-109.875_dep5-5.dat,31.625_-109.875,581,NAmerica,dep5-5,290.934,5.092
393,IDX_31.625_-110.125_dep5-5.dat,31.625_-110.125,5306,NAmerica,dep5-5,290.338,4.035
394,IDX_31.625_-110.625_dep5-5.dat,31.625_-110.625,3103,NAmerica,dep5-5,290.896,3.714
395,IDX_31.625_-83.625_dep5-5.dat,31.625_-83.625,7242,NAmerica,dep5-5,292.527,1.277
396,IDX_31.625_91.625_dep0-5.dat,31.625_91.625,1389,Asia,dep0-5,271.921,1.277
397,IDX_31.625_91.875_dep0-5.dat,31.625_91.875,1386,Asia,dep0-5,271.087,1.098
398,IDX_31.625_92.125_dep0-5.dat,31.625_92.125,1397,Asia,dep0-5,270.443,1.137
399,IDX_31.625_92.375_dep0-5.dat,31.625_92.375,1337,Asia,dep0-5,269.663,1.003
400,IDX_31.875_-95.625_dep5-5.dat,31.875_-95.625,2266,NAmerica,dep5-5,292.837,1.208
401,IDX_31.875_91.625_dep0-5.dat,31.875_91.625,1375,Asia,dep0-5,271.375,1.249
402,IDX_31.875_91.875_dep0-5.dat,31.875_91.875,1196,Asia,dep0-5,270.185,0.988
403,IDX_32.125_-100.125_dep5-5.dat,32.125_-100.125,3340,NAmerica,dep5-5,291.407,2.097
404,IDX_32.125_-111.125_dep5-5.dat,32.125_-111.125,3547,NAmerica,dep5-5,294.92,4.489
405,IDX_32.375_-107.375_dep10-10.dat,32.375_-107.375,645,NAmerica,dep10-10,290.934,4.046
406,IDX_32.375_-85.875_dep5-5.dat,32.375_-85.875,4865,NAmerica,dep5-5,291.808,1.168
407,IDX_32.375_-86.125_dep5-5.dat,32.375_-86.125,1390,NAmerica,dep5-5,291.889,1.157
408,IDX_32.375_-86.875_dep5-5.dat,32.375_-86.875,2033,NAmerica,dep5-5,291.838,1.156
409,IDX_32.375_-87.125_dep5-5.dat,32.375_-87.125,2091,NAmerica,dep5-5,291.911,1.131
410,IDX_32.375_-89.125_dep5-5.dat,32.375_-89.125,4775,NAmerica,dep5-5,291.465,1.098
411,IDX_32.375_-98.125_dep5-5.dat,32.375_-98.125,1893,NAmerica,dep5-5,292.375,1.635
412,IDX_32.625_-106.625_dep5-5.dat,32.625_-106.625,3701,NAmerica,dep5-5,291.022,3.878
413,IDX_32.625_-81.125_dep5-5.dat,32.625_-81.125,6757,NAmerica,dep5-5,291.862,1.241
414,IDX_32.625_-88.125_dep5-5.dat,32.625_-88.125,3650,NAmerica,dep5-5,291.672,1.141
415,IDX_32.875_-114.125_dep5-5.dat,32.875_-114.125,2352,NAmerica,dep5-5,297.724,10.121
416,IDX_32.875_-90.625_dep5-5.dat,32.875_-90.625,3552,NAmerica,dep5-5,291.873,1.029
417,IDX_32.875_-90.875_dep5-5.dat,32.875_-90.875,5422,NAmerica,dep5-5,291.913,1.029
418,IDX_32.875_-92.125_dep5-5.dat,32.875_-92.125,3482,NAmerica,dep5-5,291.912,1.07
419,IDX_33.125_-79.375_dep5-5.dat,33.125_-79.375,3685,NAmerica,dep5-5,292.118,1.139
420,IDX_33.125_-88.375_dep5-5.dat,33.125_-88.375,2657,NAmerica,dep5-5,291.322,1.081
421,IDX_33.125_-90.625_dep5-5.dat,33.125_-90.625,5355,NAmerica,dep5-5,291.69,1.023
422,IDX_33.125_-91.125_dep5-5.dat,33.125_-91.125,4914,NAmerica,dep5-5,291.727,1.045
423,IDX_33.375_-105.875_dep5-5.dat,33.375_-105.875,4570,NAmerica,dep5-5,287.616,4.149
424,IDX_33.375_-117.125_dep5-5.dat,33.375_-117.125,3548,NAmerica,dep5-5,290.367,4.101
425,IDX_33.375_-81.375_dep5-5.dat,33.375_-81.375,2651,NAmerica,dep5-5,291.428,1.218
426,IDX_33.375_-85.625_dep5-5.dat,33.375_-85.625,2840,NAmerica,dep5-5,290.07,1.062
427,IDX_33.375_-90.625_dep5-5.dat,33.375_-90.625,2032,NAmerica,dep5-5,291.484,1.009
428,IDX_33.375_-99.875_dep5-5.dat,33.375_-99.875,1879,NAmerica,dep5-5,291.627,2.055
429,IDX_33.625_-102.125_dep5-5.dat,33.625_-102.125,1990,NAmerica,dep5-5,289.25,2.539
430,IDX_33.625_-102.375_dep5-5.dat,33.625_-102.375,4314,NAmerica,dep5-5,289.229,2.603
431,IDX_33.625_-102.875_dep5-5.dat,33.625_-102.875,2026,NAmerica,dep5-5,289.062,2.803
432,IDX_33.625_-103.375_dep5-5.dat,33.625_-103.375,3100,NAmerica,dep5-5,288.825,2.958
433,IDX_33.625_-103.625_dep5-5.dat,33.625_-103.625,2996,NAmerica,dep5-5,288.875,3.137
434,IDX_33.625_-115.125_dep5-5.dat,33.625_-115.125,2244,NAmerica,dep5-5,296.314,8.994
435,IDX_33.625_-88.875_dep5-5.dat,33.625_-88.875,5308,NAmerica,dep5-5,290.8,1.0
436,IDX_33.625_-90.625_dep5-5.dat,33.625_-90.625,4482,NAmerica,dep5-5,291.264,0.974
437,IDX_33.625_-91.125_dep5-5.dat,33.625_-91.125,5674,NAmerica,dep5-5,291.345,1.016
438,IDX_33.625_101.875_dep5-5.dat,33.625_101.875,479,Asia,dep5-5,272.698,0.886
439,IDX_33.625_102.125_dep5-5.dat,33.625_102.125,581,Asia,dep5-5,273.908,1.006
440,IDX_33.625_102.375_dep5-5.dat,33.625_102.375,572,Asia,dep5-5,274.566,1.092
441,IDX_33.875_-102.875_dep5-5.dat,33.875_-102.875,3185,NAmerica,dep5-5,288.884,2.793
442,IDX_33.875_-109.625_dep5-5.dat,33.875_-109.625,4984,NAmerica,dep5-5,282.629,2.409
443,IDX_33.875_-109.875_dep5-5.dat,33.875_-109.875,1258,NAmerica,dep5-5,285.025,2.924
444,IDX_33.875_-115.375_dep5-5.dat,33.875_-115.375,2364,NAmerica,dep5-5,295.449,7.656
445,IDX_33.875_-83.375_dep5-5.dat,33.875_-83.375,7012,NAmerica,dep5-5,290.12,1.09
446,IDX_33.875_-90.875_dep5-5.dat,33.875_-90.875,6290,NAmerica,dep5-5,291.095,0.991
447,IDX_33.875_101.625_dep5-5.dat,33.875_101.625,370,Asia,dep5-5,271.594,0.862
448,IDX_33.875_101.875_dep5-5.dat,33.875_101.875,500,Asia,dep5-5,272.87,0.948
449,IDX_33.875_102.125_dep5-5.dat,33.875_102.125,554,Asia,dep5-5,273.807,0.99
450,IDX_33.875_102.375_dep5-5.dat,33.875_102.375,519,Asia,dep5-5,274.283,1.085
451,IDX_33.875_102.625_dep5-5.dat,33.875_102.625,566,Asia,dep5-5,274.341,1.09
452,IDX_34.125_-86.875_dep5-5.dat,34.125_-86.875,4568,NAmerica,dep5-5,290.068,0.961
453,IDX_34.125_-87.375_dep5-5.dat,34.125_-87.375,3032,NAmerica,dep5-5,289.981,0.96
454,IDX_34.125_-89.875_dep5-5.dat,34.125_-89.875,5914,NAmerica,dep5-5,290.64,0.982
455,IDX_34.125_-90.375_dep5-5.dat,34.125_-90.375,5090,NAmerica,dep5-5,290.845,0.936
456,IDX_34.125_-99.375_dep5-5.dat,34.125_-99.375,1692,NAmerica,dep5-5,291.1,1.856
457,IDX_34.125_101.875_dep5-5.dat,34.125_101.875,491,Asia,dep5-5,273.104,1.035
458,IDX_34.125_102.375_dep5-5.dat,34.125_102.375,539,Asia,dep5-5,273.76,1.001
459,IDX_34.375_-105.375_dep5-5.dat,34.375_-105.375,6751,NAmerica,dep5-5,285.823,3.163
460,IDX_34.375_-106.625_dep5-5.dat,34.375_-106.625,2674,NAmerica,dep5-5,288.124,4.515
461,IDX_34.375_-106.875_dep5-5.dat,34.375_-106.875,3401,NAmerica,dep5-5,288.009,3.886
462,IDX_34.375_-111.375_dep5-5.dat,34.375_-111.375,2672,NAmerica,dep5-5,287.285,2.903
463,IDX_34.375_-79.625_dep5-5.dat,34.375_-79.625,5877,NAmerica,dep5-5,290.824,1.119
464,IDX_34.375_-85.875_dep5-5.dat,34.375_-85.875,3719,NAmerica,dep5-5,289.467,0.962
465,IDX_34.375_-86.125_dep5-5.dat,34.375_-86.125,4251,NAmerica,dep5-5,289.604,0.973
466,IDX_34.375_-86.625_dep5-5.dat,34.375_-86.625,5030,NAmerica,dep5-5,289.807,0.959
467,IDX_34.375_-87.125_dep5-5.dat,34.375_-87.125,3228,NAmerica,dep5-5,289.885,0.968
468,IDX_34.375_-89.875_dep5-5.dat,34.375_-89.875,5439,NAmerica,dep5-5,290.398,0.973
469,IDX_34.375_-91.375_dep5-5.dat,34.375_-91.375,4862,NAmerica,dep5-5,290.742,0.978
470,IDX_34.375_-92.125_dep5-5.dat,34.375_-92.125,4238,NAmerica,dep5-5,290.642,1.041
471,IDX_34.625_-115.125_dep5-5.dat,34.625_-115.125,2506,NAmerica,dep5-5,294.454,6.576
472,IDX_34.625_-90.375_dep5-5.dat,34.625_-90.375,6233,NAmerica,dep5-5,290.52,0.966
473,IDX_34.875_-106.875_dep5-5.dat,34.875_-106.875,3645,NAmerica,dep5-5,287.734,3.597
474,IDX_34.875_-111.375_dep5-5.dat,34.875_-111.375,5103,NAmerica,dep5-5,284.516,3.056
475,IDX_34.875_-111.625_dep5-5.dat,34.875_-111.625,3488,NAmerica,dep5-5,285.216,3.021
476,IDX_34.875_-119.375_dep5-5.dat,34.875_-119.375,1661,NAmerica,dep5-5,289.214,3.96
477,IDX_34.875_-86.125_dep5-5.dat,34.875_-86.125,4079,NAmerica,dep5-5,288.954,0.887
478,IDX_34.875_-86.625_dep5-5.dat,34.875_-86.625,6382,NAmerica,dep5-5,289.347,0.913
479,IDX_34.875_-86.875_dep5-5.dat,34.875_-86.875,3023,NAmerica,dep5-5,289.616,0.917
480,IDX_34.875_-87.875_dep5-5.dat,34.875_-87.875,3089,NAmerica,dep5-5,289.77,0.966
481,IDX_34.875_-89.375_dep5-5.dat,34.875_-89.375,3088,NAmerica,dep5-5,289.907,0.971
482,IDX_34.875_-90.875_dep5-5.dat,34.875_-90.875,3664,NAmerica,dep5-5,290.305,0.964
483,IDX_34.875_-91.875_dep5-5.dat,34.875_-91.875,5243,NAmerica,dep5-5,290.29,0.96
484,IDX_34.875_-97.875_dep5-5.dat,34.875_-97.875,4281,NAmerica,dep5-5,289.984,1.591
485,IDX_34.875_-98.125_dep5-5.dat,34.875_-98.125,2207,NAmerica,dep5-5,289.895,1.618
486,IDX_35.125_-102.125_dep5-5.dat,35.125_-102.125,5635,NAmerica,dep5-5,287.991,2.424
487,IDX_35.125_-112.125_dep5-5.dat,35.125_-112.125,3336,NAmerica,dep5-5,285.701,3.114
488,IDX_35.125_-119.625_dep5-5.dat,35.125_-119.625,2408,NAmerica,dep5-5,290.653,4.403
489,IDX_35.125_-86.125_dep5-5.dat,35.125_-86.125,5496,NAmerica,dep5-5,288.851,0.897
490,IDX_35.125_-86.625_dep5-5.dat,35.125_-86.625,4700,NAmerica,dep5-5,289.185,0.911
491,IDX_35.125_-86.875_dep5-5.dat,35.125_-86.875,4808,NAmerica,dep5-5,289.209,0.905
492,IDX_35.125_-92.875_dep5-5.dat,35.125_-92.875,4929,NAmerica,dep5-5,289.813,1.064
493,IDX_35.125_-96.625_dep5-5.dat,35.125_-96.625,707,NAmerica,dep5-5,289.949,1.361
494,IDX_35.375_-111.625_dep5-5.dat,35.375_-111.625,3302,NAmerica,dep5-5,283.995,2.772
495,IDX_35.375_-112.125_dep5-5.dat,35.375_-112.125,2063,NAmerica,dep5-5,285.262,3.163
496,IDX_35.375_-115.625_dep5-5.dat,35.375_-115.625,2009,NAmerica,dep5-5,291.605,6.123
497,IDX_35.375_-82.625_dep5-5.dat,35.375_-82.625,3446,NAmerica,dep5-5,285.356,1.044
498,IDX_35.375_-90.375_dep5-5.dat,35.375_-90.375,5231,NAmerica,dep5-5,289.94,0.972
499,IDX_35.375_-96.625_dep5-5.dat,35.375_-96.625,1480,NAmerica,dep5-5,289.823,1.376
500,IDX_35.375_-98.875_dep5-5.dat,35.375_-98.875,3435,NAmerica,dep5-5,289.108,1.808
501,IDX_35.625_-105.875_dep5-5.dat,35.625_-105.875,1992,NAmerica,dep5-5,283.927,3.592
502,IDX_35.625_-95.875_dep5-5.dat,35.625_-95.875,621,NAmerica,dep5-5,289.831,1.219
503,IDX_35.625_-96.125_dep2-2.dat,35.625_-96.125,858,NAmerica,dep2-2,289.781,1.291
504,IDX_35.625_-96.875_dep5-5.dat,35.625_-96.875,3903,NAmerica,dep5-5,289.652,1.44
505,IDX_35.625_-98.125_dep5-5.dat,35.625_-98.125,6748,NAmerica,dep5-5,289.193,1.62
506,IDX_35.875_-105.625_dep5-5.dat,35.875_-105.625,1641,NAmerica,dep5-5,279.665,1.965
507,IDX_35.875_-105.875_dep5-5.dat,35.875_-105.875,1248,NAmerica,dep5-5,283.504,3.609
508,IDX_35.875_-106.375_dep5-5.dat,35.875_-106.375,1400,NAmerica,dep5-5,280.933,2.174
509,IDX_35.875_-106.625_dep5-5.dat,35.875_-106.625,2377,NAmerica,dep5-5,280.663,2.318
510,IDX_35.875_-107.625_dep10-10.dat,35.875_-107.625,471,NAmerica,dep10-10,284.498,3.611
511,IDX_35.875_-112.375_dep5-5.dat,35.875_-112.375,3173,NAmerica,dep5-5,286.353,3.326
512,IDX_35.875_-76.625_dep5-5.dat,35.875_-76.625,4958,NAmerica,dep5-5,289.628,1.003
513,IDX_35.875_-79.125_dep5-5.dat,35.875_-79.125,3412,NAmerica,dep5-5,289.02,1.113
514,IDX_35.875_-90.875_dep0-7.dat,35.875_-90.875,376,NAmerica,dep0-7,289.398,1.01
515,IDX_35.875_-91.875_dep5-5.dat,35.875_-91.875,3575,NAmerica,dep5-5,288.737,1.138
516,IDX_35.875_-98.125_dep2-2.dat,35.875_-98.125,925,NAmerica,dep2-2,289.204,1.639
517,IDX_36.125_-105.625_dep5-5.dat,36.125_-105.625,1887,NAmerica,dep5-5,280.404,2.722
518,IDX_36.125_-106.125_dep5-5.dat,36.125_-106.125,2719,NAmerica,dep5-5,281.352,2.422
519,IDX_36.125_-106.875_dep5-5.dat,36.125_-106.875,2000,NAmerica,dep5-5,281.786,2.959
520,IDX_36.125_-108.875_dep5-5.dat,36.125_-108.875,2872,NAmerica,dep5-5,282.018,2.252
521,IDX_36.125_-115.625_dep5-5.dat,36.125_-115.625,4100,NAmerica,dep5-5,288.83,3.871
522,IDX_36.125_-85.125_dep5-5.dat,36.125_-85.125,2568,NAmerica,dep5-5,287.77,0.867
523,IDX_36.125_-97.125_dep5-5.dat,36.125_-97.125,3587,NAmerica,dep5-5,289.26,1.463
524,IDX_36.125_-98.625_dep4-4.dat,36.125_-98.625,1166,NAmerica,dep4-4,288.687,1.778
525,IDX_36.125_-99.125_dep5-5.dat,36.125_-99.125,4045,NAmerica,dep5-5,288.213,1.857
526,IDX_36.375_-105.375_dep5-5.dat,36.375_-105.375,2425,NAmerica,dep5-5,278.789,2.568
527,IDX_36.375_-115.625_dep5-5.dat,36.375_-115.625,4138,NAmerica,dep5-5,288.336,3.394
528,IDX_36.375_-115.875_dep5-5.dat,36.375_-115.875,4124,NAmerica,dep5-5,290.091,5.918
529,IDX_36.375_-116.375_dep5-5.dat,36.375_-116.375,726,NAmerica,dep5-5,292.798,6.891
530,IDX_36.375_-97.875_dep2-2.dat,36.375_-97.875,908,NAmerica,dep2-2,288.864,1.552
531,IDX_36.375_-98.375_dep5-5.dat,36.375_-98.375,3526,NAmerica,dep5-5,288.835,1.704
532,IDX_36.625_-101.625_dep5-5.dat,36.625_-101.625,3532,NAmerica,dep5-5,287.37,2.492
533,IDX_36.625_-105.375_dep5-5.dat,36.625_-105.375,4073,NAmerica,dep5-5,278.378,2.552
534,IDX_36.625_-106.375_dep5-5.dat,36.625_-106.375,1592,NAmerica,dep5-5,278.613,2.298
535,IDX_36.625_-108.375_dep10-10.dat,36.625_-108.375,689,NAmerica,dep10-10,285.962,3.683
536,IDX_36.625_-115.125_dep5-5.dat,36.625_-115.125,3983,NAmerica,dep5-5,289.865,4.782
537,IDX_36.625_-116.125_dep5-5.dat,36.625_-116.125,3536,NAmerica,dep5-5,290.929,5.928
538,IDX_36.625_-117.125_dep5-5.dat,36.625_-117.125,2774,NAmerica,dep5-5,293.037,6.664
539,IDX_36.625_-120.625_dep5-5.dat,36.625_-120.625,1888,NAmerica,dep5-5,290.337,3.955
540,IDX_36.625_-76.875_dep5-5.dat,36.625_-76.875,5814,NAmerica,dep5-5,289.091,0.992
541,IDX_36.625_-80.125_dep5-5.dat,36.625_-80.125,4536,NAmerica,dep5-5,286.66,1.038
542,IDX_36.625_-97.375_dep5-5.dat,36.625_-97.375,4545,NAmerica,dep5-5,288.769,1.43
543,IDX_36.875_-105.125_dep5-5.dat,36.875_-105.125,1484,NAmerica,dep5-5,276.985,2.153
544,IDX_36.875_-89.875_dep5-5.dat,36.875_-89.875,4569,NAmerica,dep5-5,288.267,0.962
545,IDX_36.875_-91.375_dep5-5.dat,36.875_-91.375,568,NAmerica,dep5-5,287.394,1.089
546,IDX_36.875_-96.375_dep5-5.dat,36.875_-96.375,4269,NAmerica,dep5-5,288.125,1.239
547,IDX_36.875_-97.125_dep2-2.dat,36.875_-97.125,881,NAmerica,dep2-2,288.389,1.369
548,IDX_36.875_-98.375_dep5-5.dat,36.875_-98.375,4327,NAmerica,dep5-5,288.283,1.634
549,IDX_37.125_-105.125_dep5-5.dat,37.125_-105.125,2512,NAmerica,dep5-5,277.236,2.244
550,IDX_37.125_-112.125_dep5-5.dat,37.125_-112.125,2864,NAmerica,dep5-5,284.475,3.528
551,IDX_37.125_-113.375_dep5-5.dat,37.125_-113.375,3593,NAmerica,dep5-5,288.71,3.551
552,IDX_37.125_-120.875_dep5-5.dat,37.125_-120.875,2993,NAmerica,dep5-5,291.036,3.664
553,IDX_37.125_-86.125_dep5-5.dat,37.125_-86.125,5651,NAmerica,dep5-5,288.111,0.898
554,IDX_37.125_-87.875_dep5-5.dat,37.125_-87.875,5332,NAmerica,dep5-5,288.216,0.988
555,IDX_37.125_-92.375_dep5-5.dat,37.125_-92.375,2289,NAmerica,dep5-5,286.793,1.079
556,IDX_37.125_-93.875_dep5-5.dat,37.125_-93.875,5105,NAmerica,dep5-5,287.478,1.055
557,IDX_37.125_-95.875_dep5-5.dat,37.125_-95.875,3883,NAmerica,dep5-5,288.183,1.234
558,IDX_37.125_-97.125_dep5-5.dat,37.125_-97.125,5062,NAmerica,dep5-5,288.031,1.359
559,IDX_37.125_-97.375_dep5-5.dat,37.125_-97.375,4328,NAmerica,dep5-5,288.008,1.397
560,IDX_37.125_-98.125_dep2-2.dat,37.125_-98.125,843,NAmerica,dep2-2,287.853,1.555
561,IDX_37.375_-106.625_dep5-5.dat,37.375_-106.625,2662,NAmerica,dep5-5,274.587,1.777
562,IDX_37.375_-106.875_dep5-5.dat,37.375_-106.875,3021,NAmerica,dep5-5,275.446,1.711
563,IDX_37.375_-108.625_dep5-5.dat,37.375_-108.625,2718,NAmerica,dep5-5,282.993,2.993
564,IDX_37.375_-109.375_dep5-5.dat,37.375_-109.375,3771,NAmerica,dep5-5,286.495,3.92
565,IDX_37.375_-112.625_dep5-5.dat,37.375_-112.625,4612,NAmerica,dep5-5,280.44,2.157
566,IDX_37.375_-113.125_dep5-5.dat,37.375_-113.125,2896,NAmerica,dep5-5,283.962,2.655
567,IDX_37.375_-113.375_dep5-5.dat,37.375_-113.375,3921,NAmerica,dep5-5,285.339,2.725
568,IDX_37.375_-113.875_dep5-5.dat,37.375_-113.875,4557,NAmerica,dep5-5,286.346,3.156
569,IDX_37.375_-117.875_dep5-5.dat,37.375_-117.875,2205,NAmerica,dep5-5,284.351,3.924
570,IDX_37.375_-86.125_dep5-5.dat,37.375_-86.125,3378,NAmerica,dep5-5,287.781,0.89
571,IDX_37.375_-94.625_dep5-5.dat,37.375_-94.625,2991,NAmerica,dep5-5,287.963,1.05
572,IDX_37.375_-96.125_dep5-5.dat,37.375_-96.125,3738,NAmerica,dep5-5,287.503,1.208
573,IDX_37.375_-99.375_dep5-5.dat,37.375_-99.375,3096,NAmerica,dep5-5,286.858,1.834
574,IDX_37.375_126.875_dep5-5.dat,37.375_126.875,195,Asia,dep5-5,285.357,0.964
575,IDX_37.625_-107.375_dep5-5.dat,37.625_-107.375,2763,NAmerica,dep5-5,273.441,1.353
576,IDX_37.625_-107.875_dep5-5.dat,37.625_-107.875,2808,NAmerica,dep5-5,274.833,1.376
577,IDX_37.625_-108.125_dep5-5.dat,37.625_-108.125,3217,NAmerica,dep5-5,277.288,1.661
578,IDX_37.625_-109.375_dep5-5.dat,37.625_-109.375,3713,NAmerica,dep5-5,283.686,2.854
579,IDX_37.625_-111.375_dep5-5.dat,37.625_-111.375,3103,NAmerica,dep5-5,283.731,3.547
580,IDX_37.625_-112.375_dep5-5.dat,37.625_-112.375,4042,NAmerica,dep5-5,279.29,2.372
581,IDX_37.625_-112.625_dep5-5.dat,37.625_-112.625,4920,NAmerica,dep5-5,279.493,2.261
582,IDX_37.625_-112.875_dep5-5.dat,37.625_-112.875,5027,NAmerica,dep5-5,281.171,2.324
583,IDX_37.625_-113.125_dep5-5.dat,37.625_-113.125,4835,NAmerica,dep5-5,283.508,2.665
584,IDX_37.625_-113.375_dep5-5.dat,37.625_-113.375,4092,NAmerica,dep5-5,284.58,2.826
585,IDX_37.625_-113.625_dep5-5.dat,37.625_-113.625,3871,NAmerica,dep5-5,284.766,2.902
586,IDX_37.625_-113.875_dep5-5.dat,37.625_-113.875,4255,NAmerica,dep5-5,284.511,3.139
587,IDX_37.625_-115.125_dep5-5.dat,37.625_-115.125,538,NAmerica,dep5-5,286.577,4.422
588,IDX_37.625_-118.875_dep5-5.dat,37.625_-118.875,2153,NAmerica,dep5-5,277.274,1.714
589,IDX_37.625_-91.625_dep5-5.dat,37.625_-91.625,3340,NAmerica,dep5-5,286.727,1.108
590,IDX_37.875_-103.875_dep5-5.dat,37.875_-103.875,2783,NAmerica,dep5-5,286.327,2.595
591,IDX_37.875_-105.375_dep5-5.dat,37.875_-105.375,2194,NAmerica,dep5-5,277.56,2.576
592,IDX_37.875_-107.125_dep5-5.dat,37.875_-107.125,2359,NAmerica,dep5-5,273.018,1.626
593,IDX_37.875_-107.875_dep5-5.dat,37.875_-107.875,1878,NAmerica,dep5-5,275.609,1.515
594,IDX_37.875_-108.125_dep5-5.dat,37.875_-108.125,4203,NAmerica,dep5-5,278.024,1.801
595,IDX_37.875_-109.125_dep5-5.dat,37.875_-109.125,3756,NAmerica,dep5-5,283.148,2.848
596,IDX_37.875_-109.375_dep5-5.dat,37.875_-109.375,5175,NAmerica,dep5-5,283.43,2.903
597,IDX_37.875_-110.875_dep5-5.dat,37.875_-110.875,1173,NAmerica,dep5-5,285.095,3.832
598,IDX_37.875_-111.875_dep5-5.dat,37.875_-111.875,4100,NAmerica,dep5-5,279.638,3.046
599,IDX_37.875_-112.375_dep5-5.dat,37.875_-112.375,2545,NAmerica,dep5-5,279.76,2.608
600,IDX_37.875_-112.875_dep5-5.dat,37.875_-112.875,1787,NAmerica,dep5-5,282.794,3.007
601,IDX_37.875_-118.375_dep5-5.dat,37.875_-118.375,3441,NAmerica,dep5-5,281.754,3.249
602,IDX_37.875_-119.875_dep5-5.dat,37.875_-119.875,2624,NAmerica,dep5-5,284.54,1.2
603,IDX_37.875_-78.375_dep5-5.dat,37.875_-78.375,2334,NAmerica,dep5-5,287.313,1.101
604,IDX_37.875_-79.125_dep5-5.dat,37.875_-79.125,5057,NAmerica,dep5-5,285.324,1.105
605,IDX_37.875_-94.125_dep5-5.dat,37.875_-94.125,1500,NAmerica,dep5-5,287.397,1.102
606,IDX_37.875_-97.125_dep5-5.dat,37.875_-97.125,3703,NAmerica,dep5-5,287.002,1.339
607,IDX_37.875_-98.375_dep5-5.dat,37.875_-98.375,3653,NAmerica,dep5-5,286.746,1.572
608,IDX_37.875_126.875_dep0-10.dat,37.875_126.875,299,Asia,dep0-10,284.893,0.85
609,IDX_38.125_-106.625_dep5-5.dat,38.125_-106.625,1984,NAmerica,dep5-5,274.801,2.505
610,IDX_38.125_-109.125_dep5-5.dat,38.125_-109.125,3470,NAmerica,dep5-5,283.198,3.029
611,IDX_38.125_-110.875_dep5-5.dat,38.125_-110.875,1177,NAmerica,dep5-5,285.105,3.634
612,IDX_38.125_-111.375_dep5-5.dat,38.125_-111.375,3964,NAmerica,dep5-5,279.045,2.196
613,IDX_38.125_-112.125_dep5-5.dat,38.125_-112.125,2285,NAmerica,dep5-5,279.695,2.718
614,IDX_38.125_-112.375_dep5-5.dat,38.125_-112.375,3558,NAmerica,dep5-5,279.6,2.344
615,IDX_38.125_-119.125_dep5-5.dat,38.125_-119.125,4078,NAmerica,dep5-5,277.679,1.622
616,IDX_38.125_-120.875_dep5-5.dat,38.125_-120.875,1413,NAmerica,dep5-5,289.5,1.879
617,IDX_38.125_-78.125_dep5-5.dat,38.125_-78.125,6764,NAmerica,dep5-5,287.107,1.068
618,IDX_38.125_-84.625_dep5-5.dat,38.125_-84.625,3332,NAmerica,dep5-5,286.779,0.902
619,IDX_38.125_-95.625_dep5-5.dat,38.125_-95.625,2982,NAmerica,dep5-5,286.921,1.2
620,IDX_38.125_-97.625_dep5-5.dat,38.125_-97.625,3130,NAmerica,dep5-5,286.803,1.443
621,IDX_38.125_-99.375_dep5-5.dat,38.125_-99.375,3062,NAmerica,dep5-5,286.445,1.832
622,IDX_38.375_-106.375_dep5-5.dat,38.375_-106.375,1252,NAmerica,dep5-5,274.562,2.533
623,IDX_38.375_-109.125_dep5-5.dat,38.375_-109.125,2786,NAmerica,dep5-5,283.442,3.053
624,IDX_38.375_-109.375_dep5-5.dat,38.375_-109.375,4729,NAmerica,dep5-5,285.028,3.527
625,IDX_38.375_-112.375_dep5-5.dat,38.375_-112.375,4735,NAmerica,dep5-5,279.968,2.173
626,IDX_38.375_-112.625_dep5-5.dat,38.375_-112.625,2593,NAmerica,dep5-5,282.482,2.616
627,IDX_38.375_-113.125_dep5-5.dat,38.375_-113.125,3590,NAmerica,dep5-5,284.922,3.272
628,IDX_38.375_-119.125_dep5-5.dat,38.375_-119.125,1295,NAmerica,dep5-5,279.776,2.077
629,IDX_38.375_-119.375_dep5-5.dat,38.375_-119.375,3371,NAmerica,dep5-5,278.218,1.704
630,IDX_38.375_-119.625_dep5-5.dat,38.375_-119.625,4729,NAmerica,dep5-5,278.228,1.306
631,IDX_38.375_-120.875_dep5-5.dat,38.375_-120.875,1681,NAmerica,dep5-5,289.497,1.648
632,IDX_38.375_-90.875_dep5-5.dat,38.375_-90.875,516,NAmerica,dep5-5,286.734,1.11
633,IDX_38.375_-97.375_dep5-5.dat,38.375_-97.375,3124,NAmerica,dep5-5,286.715,1.392
634,IDX_38.625_-107.625_dep5-5.dat,38.625_-107.625,2186,NAmerica,dep5-5,280.208,2.591
635,IDX_38.625_-111.625_dep5-5.dat,38.625_-111.625,3963,NAmerica,dep5-5,279.166,2.85
636,IDX_38.625_-111.875_dep5-5.dat,38.625_-111.875,2014,NAmerica,dep5-5,279.797,2.327
637,IDX_38.625_-112.125_dep5-5.dat,38.625_-112.125,4370,NAmerica,dep5-5,280.784,2.27
638,IDX_38.625_-113.875_dep5-5.dat,38.625_-113.875,3053,NAmerica,dep5-5,282.985,3.076
639,IDX_38.625_-119.625_dep5-5.dat,38.625_-119.625,4937,NAmerica,dep5-5,279.483,1.545
640,IDX_38.625_-119.875_dep5-5.dat,38.625_-119.875,5256,NAmerica,dep5-5,279.436,1.243
641,IDX_38.625_-92.125_dep5-5.dat,38.625_-92.125,560,NAmerica,dep5-5,286.638,1.116
642,IDX_38.875_-100.875_dep5-5.dat,38.875_-100.875,3111,NAmerica,dep5-5,285.355,2.076
643,IDX_38.875_-106.625_dep5-5.dat,38.875_-106.625,1705,NAmerica,dep5-5,273.206,1.872
644,IDX_38.875_-106.875_dep5-5.dat,38.875_-106.875,4080,NAmerica,dep5-5,274.224,1.784
645,IDX_38.875_-111.625_dep5-5.dat,38.875_-111.625,4954,NAmerica,dep5-5,280.113,2.535
646,IDX_38.875_-112.375_dep5-5.dat,38.875_-112.375,3644,NAmerica,dep5-5,284.258,2.798
647,IDX_38.875_-119.875_dep5-5.dat,38.875_-119.875,5173,NAmerica,dep5-5,280.207,1.406
648,IDX_38.875_-120.125_dep5-5.dat,38.875_-120.125,5415,NAmerica,dep5-5,280.374,1.101
649,IDX_38.875_-86.625_dep5-5.dat,38.875_-86.625,3136,NAmerica,dep5-5,286.243,0.935
650,IDX_38.875_-94.125_dep5-5.dat,38.875_-94.125,3864,NAmerica,dep5-5,286.397,1.12
651,IDX_38.875_100.375_dep4-4.dat,38.875_100.375,139,Asia,dep4-4,280.055,2.806
652,IDX_39.125_-106.125_dep5-5.dat,39.125_-106.125,2581,NAmerica,dep5-5,272.424,1.717
653,IDX_39.125_-106.625_dep5-5.dat,39.125_-106.625,3354,NAmerica,dep5-5,273.264,1.659
654,IDX_39.125_-106.875_dep5-5.dat,39.125_-106.875,1494,NAmerica,dep5-5,274.655,1.627
655,IDX_39.125_-107.125_dep5-5.dat,39.125_-107.125,1176,NAmerica,dep5-5,275.94,1.576
656,IDX_39.125_-107.875_dep5-5.dat,39.125_-107.875,1117,NAmerica,dep5-5,279.451,1.731
657,IDX_39.125_-110.125_dep5-5.dat,39.125_-110.125,3754,NAmerica,dep5-5,285.174,3.904
658,IDX_39.125_-111.375_dep5-5.dat,39.125_-111.375,4637,NAmerica,dep5-5,279.169,2.46
659,IDX_39.125_-111.625_dep5-5.dat,39.125_-111.625,4870,NAmerica,dep5-5,281.246,2.365
660,IDX_39.125_-112.375_dep5-5.dat,39.125_-112.375,3912,NAmerica,dep5-5,285.681,3.244
661,IDX_39.125_-113.375_dep5-5.dat,39.125_-113.375,2976,NAmerica,dep5-5,285.242,3.634
662,IDX_39.125_-114.125_dep5-5.dat,39.125_-114.125,2361,NAmerica,dep5-5,280.472,2.129
663,IDX_39.125_-114.375_dep5-5.dat,39.125_-114.375,1630,NAmerica,dep5-5,280.432,2.347
664,IDX_39.125_-114.625_dep5-5.dat,39.125_-114.625,1521,NAmerica,dep5-5,280.799,2.579
665,IDX_39.125_-114.875_dep5-5.dat,39.125_-114.875,2683,NAmerica,dep5-5,281.309,2.593
666,IDX_39.125_-119.875_dep5-5.dat,39.125_-119.875,4424,NAmerica,dep5-5,281.155,1.69
667,IDX_39.125_-120.125_dep5-5.dat,39.125_-120.125,5273,NAmerica,dep5-5,280.288,1.247
668,IDX_39.125_-120.375_dep5-5.dat,39.125_-120.375,4067,NAmerica,dep5-5,282.178,1.039
669,IDX_39.125_-76.875_dep5-5.dat,39.125_-76.875,5090,NAmerica,dep5-5,286.735,0.972
670,IDX_39.125_-79.375_dep5-5.dat,39.125_-79.375,2403,NAmerica,dep5-5,282.426,0.808
671,IDX_39.125_-90.875_dep5-5.dat,39.125_-90.875,1436,NAmerica,dep5-5,286.299,1.06
672,IDX_39.125_-92.125_dep5-5.dat,39.125_-92.125,1454,NAmerica,dep5-5,286.233,1.067
673,IDX_39.125_-95.125_dep5-5.dat,39.125_-95.125,3126,NAmerica,dep5-5,286.158,1.162
674,IDX_39.125_-96.625_dep5-5.dat,39.125_-96.625,3024,NAmerica,dep5-5,286.386,1.346
675,IDX_39.375_-105.875_dep5-5.dat,39.375_-105.875,2978,NAmerica,dep5-5,272.17,1.702
676,IDX_39.375_-106.125_dep5-5.dat,39.375_-106.125,2938,NAmerica,dep5-5,271.975,1.579
677,IDX_39.375_-107.125_dep5-5.dat,39.375_-107.125,1173,NAmerica,dep5-5,277.426,1.812
678,IDX_39.375_-109.625_dep5-5.dat,39.375_-109.625,3468,NAmerica,dep5-5,281.473,2.116
679,IDX_39.375_-111.375_dep5-5.dat,39.375_-111.375,4024,NAmerica,dep5-5,278.772,2.068
680,IDX_39.375_-111.625_dep5-5.dat,39.375_-111.625,3649,NAmerica,dep5-5,281.166,2.253
681,IDX_39.375_-112.125_dep5-5.dat,39.375_-112.125,2285,NAmerica,dep5-5,284.096,2.487
682,IDX_39.375_-114.625_dep5-5.dat,39.375_-114.625,3544,NAmerica,dep5-5,280.897,2.518
683,IDX_39.375_-115.875_dep5-5.dat,39.375_-115.875,2124,NAmerica,dep5-5,281.818,2.819
684,IDX_39.375_-117.125_dep5-5.dat,39.375_-117.125,3587,NAmerica,dep5-5,281.863,2.636
685,IDX_39.375_-117.625_dep5-5.dat,39.375_-117.625,2539,NAmerica,dep5-5,283.088,2.796
686,IDX_39.375_-119.875_dep5-5.dat,39.375_-119.875,4154,NAmerica,dep5-5,281.494,1.919
687,IDX_39.375_-120.125_dep5-5.dat,39.375_-120.125,4465,NAmerica,dep5-5,280.377,1.508
688,IDX_39.375_-120.375_dep5-5.dat,39.375_-120.375,5062,NAmerica,dep5-5,280.921,1.137
689,IDX_39.375_-86.375_dep0-9.dat,39.375_-86.375,323,NAmerica,dep0-9,285.422,0.969
690,IDX_39.625_-1.375_dep0-5.dat,39.625_-1.375,667,Europe,dep0-5,287.324,2.51
691,IDX_39.625_-105.875_dep5-5.dat,39.625_-105.875,2008,NAmerica,dep5-5,272.522,1.679
692,IDX_39.625_-106.125_dep5-5.dat,39.625_-106.125,3094,NAmerica,dep5-5,273.167,1.686
693,IDX_39.625_-107.375_dep5-5.dat,39.625_-107.375,1103,NAmerica,dep5-5,276.946,1.889
694,IDX_39.625_-110.375_dep5-5.dat,39.625_-110.375,2737,NAmerica,dep5-5,280.759,2.784
695,IDX_39.625_-110.875_dep5-5.dat,39.625_-110.875,3746,NAmerica,dep5-5,278.904,2.328
696,IDX_39.625_-111.375_dep5-5.dat,39.625_-111.375,4063,NAmerica,dep5-5,279.061,2.09
697,IDX_39.625_-111.625_dep5-5.dat,39.625_-111.625,1809,NAmerica,dep5-5,280.93,2.058
698,IDX_39.625_-111.875_dep5-5.dat,39.625_-111.875,3668,NAmerica,dep5-5,282.394,2.082
699,IDX_39.625_-113.875_dep5-5.dat,39.625_-113.875,1362,NAmerica,dep5-5,282.782,2.74
700,IDX_39.625_-114.625_dep5-5.dat,39.625_-114.625,1971,NAmerica,dep5-5,281.253,2.658
701,IDX_39.625_-115.875_dep5-5.dat,39.625_-115.875,3960,NAmerica,dep5-5,281.709,2.678
702,IDX_39.625_-91.625_dep5-5.dat,39.625_-91.625,428,NAmerica,dep5-5,285.889,1.1
703,IDX_39.625_-96.125_dep5-5.dat,39.625_-96.125,4610,NAmerica,dep5-5,285.646,1.233
704,IDX_39.875_-105.875_dep5-5.dat,39.875_-105.875,3666,NAmerica,dep5-5,274.065,1.978
705,IDX_39.875_-106.125_dep5-5.dat,39.875_-106.125,2299,NAmerica,dep5-5,275.083,1.982
706,IDX_39.875_-107.625_dep5-5.dat,39.875_-107.625,4372,NAmerica,dep5-5,277.882,1.894
707,IDX_39.875_-110.875_dep5-5.dat,39.875_-110.875,4070,NAmerica,dep5-5,278.155,2.12
708,IDX_39.875_-111.375_dep5-5.dat,39.875_-111.375,4372,NAmerica,dep5-5,280.105,2.205
709,IDX_39.875_-111.625_dep5-5.dat,39.875_-111.625,4763,NAmerica,dep5-5,281.947,2.128
710,IDX_39.875_-112.375_dep5-5.dat,39.875_-112.375,4079,NAmerica,dep5-5,284.269,2.751
711,IDX_39.875_-114.125_dep5-5.dat,39.875_-114.125,2802,NAmerica,dep5-5,282.39,2.827
712,IDX_39.875_-75.875_dep5-5.dat,39.875_-75.875,2689,NAmerica,dep5-5,285.803,0.884
713,IDX_39.875_-83.375_dep5-5.dat,39.875_-83.375,3743,NAmerica,dep5-5,284.61,0.892
714,IDX_39.875_-90.875_dep0-10.dat,39.875_-90.875,2970,NAmerica,dep0-10,285.414,1.074
715,IDX_39.875_-93.125_dep5-5.dat,39.875_-93.125,2761,NAmerica,dep5-5,285.353,1.084
716,IDX_39.875_-99.375_dep5-5.dat,39.875_-99.375,4374,NAmerica,dep5-5,284.834,1.619
717,IDX_40.125_-105.625_dep5-5.dat,40.125_-105.625,3282,NAmerica,dep5-5,274.329,1.808
718,IDX_40.125_-106.625_dep5-5.dat,40.125_-106.625,200,NAmerica,dep5-5,276.231,1.732
719,IDX_40.125_-108.875_dep5-5.dat,40.125_-108.875,2310,NAmerica,dep5-5,282.471,2.792
720,IDX_40.125_-110.375_dep5-5.dat,40.125_-110.375,2896,NAmerica,dep5-5,280.797,2.449
721,IDX_40.125_-111.125_dep5-5.dat,40.125_-111.125,4171,NAmerica,dep5-5,277.702,2.04
722,IDX_40.125_-111.375_dep5-5.dat,40.125_-111.375,1750,NAmerica,dep5-5,279.845,2.134
723,IDX_40.125_-113.125_dep5-5.dat,40.125_-113.125,500,NAmerica,dep5-5,286.285,3.078
724,IDX_40.125_-118.125_dep5-5.dat,40.125_-118.125,4310,NAmerica,dep5-5,285.951,3.34
725,IDX_40.125_-88.375_dep5-5.dat,40.125_-88.375,2982,NAmerica,dep5-5,284.935,1.0
726,IDX_40.375_-101.625_dep5-5.dat,40.375_-101.625,2159,NAmerica,dep5-5,284.122,1.954
727,IDX_40.375_-105.875_dep5-5.dat,40.375_-105.875,1602,NAmerica,dep5-5,274.064,1.789
728,IDX_40.375_-106.375_dep5-5.dat,40.375_-106.375,3022,NAmerica,dep5-5,275.19,1.649
729,IDX_40.375_-106.875_dep2-2.dat,40.375_-106.875,65,NAmerica,dep2-2,277.397,1.613
730,IDX_40.375_-109.375_dep5-5.dat,40.375_-109.375,2784,NAmerica,dep5-5,282.074,2.975
731,IDX_40.375_-110.375_dep5-5.dat,40.375_-110.375,3332,NAmerica,dep5-5,277.988,2.046
732,IDX_40.375_-111.125_dep5-5.dat,40.375_-111.125,4672,NAmerica,dep5-5,276.864,1.68
733,IDX_40.375_-111.375_dep5-5.dat,40.375_-111.375,4194,NAmerica,dep5-5,278.577,1.692
734,IDX_40.375_-111.625_dep5-5.dat,40.375_-111.625,4932,NAmerica,dep5-5,281.169,1.732
735,IDX_40.375_-112.125_dep5-5.dat,40.375_-112.125,2594,NAmerica,dep5-5,283.649,2.01
736,IDX_40.375_-112.375_dep5-5.dat,40.375_-112.375,2285,NAmerica,dep5-5,284.077,2.162
737,IDX_40.375_-112.625_dep5-5.dat,40.375_-112.625,4499,NAmerica,dep5-5,284.883,2.443
738,IDX_40.375_-115.625_dep5-5.dat,40.375_-115.625,4282,NAmerica,dep5-5,281.04,2.157
739,IDX_40.375_-116.875_dep5-5.dat,40.375_-116.875,2914,NAmerica,dep5-5,283.663,2.811
740,IDX_40.375_-81.875_dep5-5.dat,40.375_-81.875,1910,NAmerica,dep5-5,284.409,0.926
741,IDX_40.375_-89.875_dep5-5.dat,40.375_-89.875,3372,NAmerica,dep5-5,285.0,1.071
742,IDX_40.375_-93.625_dep5-5.dat,40.375_-93.625,4826,NAmerica,dep5-5,284.616,1.074
743,IDX_40.625_-105.875_dep5-5.dat,40.625_-105.875,1894,NAmerica,dep5-5,274.526,1.94
744,IDX_40.625_-106.875_dep5-5.dat,40.625_-106.875,4042,NAmerica,dep5-5,276.856,1.667
745,IDX_40.625_-109.625_dep5-5.dat,40.625_-109.625,4570,NAmerica,dep5-5,278.217,1.79
746,IDX_40.625_-109.875_dep5-5.dat,40.625_-109.875,3582,NAmerica,dep5-5,276.98,1.839
747,IDX_40.625_-110.375_dep5-5.dat,40.625_-110.375,3689,NAmerica,dep5-5,274.728,1.514
748,IDX_40.625_-110.625_dep5-5.dat,40.625_-110.625,3374,NAmerica,dep5-5,275.198,1.682
749,IDX_40.625_-110.875_dep5-5.dat,40.625_-110.875,3788,NAmerica,dep5-5,275.951,1.875
750,IDX_40.625_-111.125_dep5-5.dat,40.625_-111.125,4078,NAmerica,dep5-5,276.885,1.567
751,IDX_40.625_-111.625_dep5-5.dat,40.625_-111.625,4148,NAmerica,dep5-5,280.844,1.652
752,IDX_40.625_-112.125_dep5-5.dat,40.625_-112.125,4125,NAmerica,dep5-5,284.576,2.191
753,IDX_40.625_-112.375_dep5-5.dat,40.625_-112.375,3181,NAmerica,dep5-5,284.574,2.465
754,IDX_40.625_-115.375_dep5-5.dat,40.625_-115.375,3540,NAmerica,dep5-5,280.62,2.052
755,IDX_40.625_-120.625_dep5-5.dat,40.625_-120.625,2284,NAmerica,dep5-5,281.563,2.007
756,IDX_40.625_-122.625_dep5-5.dat,40.625_-122.625,2646,NAmerica,dep5-5,286.017,1.271
757,IDX_40.625_-76.625_dep5-5.dat,40.625_-76.625,5558,NAmerica,dep5-5,284.556,0.939
758,IDX_40.625_-77.875_dep5-5.dat,40.625_-77.875,5215,NAmerica,dep5-5,283.342,0.928
759,IDX_40.625_-96.875_dep5-5.dat,40.625_-96.875,2837,NAmerica,dep5-5,284.66,1.329
760,IDX_40.875_-104.625_dep5-5.dat,40.875_-104.625,5455,NAmerica,dep5-5,282.374,2.095
761,IDX_40.875_-104.875_dep5-5.dat,40.875_-104.875,2357,NAmerica,dep5-5,281.384,1.79
762,IDX_40.875_-105.875_dep5-5.dat,40.875_-105.875,215,NAmerica,dep5-5,275.619,2.065
763,IDX_40.875_-106.625_dep5-5.dat,40.875_-106.625,3579,NAmerica,dep5-5,275.489,1.599
764,IDX_40.875_-106.875_dep5-5.dat,40.875_-106.875,2327,NAmerica,dep5-5,276.185,1.569
765,IDX_40.875_-109.875_dep5-5.dat,40.875_-109.875,2920,NAmerica,dep5-5,276.524,1.468
766,IDX_40.875_-110.125_dep5-5.dat,40.875_-110.125,3815,NAmerica,dep5-5,275.625,1.412
767,IDX_40.875_-110.375_dep5-5.dat,40.875_-110.375,3757,NAmerica,dep5-5,275.067,1.347
768,IDX_40.875_-110.625_dep5-5.dat,40.875_-110.625,4036,NAmerica,dep5-5,275.915,1.503
769,IDX_40.875_-110.875_dep5-5.dat,40.875_-110.875,4716,NAmerica,dep5-5,276.976,1.787
770,IDX_40.875_-111.125_dep5-5.dat,40.875_-111.125,4834,NAmerica,dep5-5,277.884,1.772
771,IDX_40.875_-111.625_dep5-5.dat,40.875_-111.625,4674,NAmerica,dep5-5,280.908,1.793
772,IDX_40.875_-111.875_dep5-5.dat,40.875_-111.875,5871,NAmerica,dep5-5,283.706,2.225
773,IDX_40.875_-115.125_dep5-5.dat,40.875_-115.125,4369,NAmerica,dep5-5,280.685,2.279
774,IDX_40.875_-117.625_dep5-5.dat,40.875_-117.625,2041,NAmerica,dep5-5,284.134,2.848
775,IDX_40.875_-119.875_dep5-5.dat,40.875_-119.875,592,NAmerica,dep5-5,281.895,2.324
776,IDX_40.875_-122.625_dep5-5.dat,40.875_-122.625,1437,NAmerica,dep5-5,283.802,1.206
777,IDX_40.875_-96.375_dep5-5.dat,40.875_-96.375,5174,NAmerica,dep5-5,284.629,1.266
778,IDX_40.875_-96.625_dep5-5.dat,40.875_-96.625,2754,NAmerica,dep5-5,284.534,1.294
779,IDX_40.875_25.875_dep0-10.dat,40.875_25.875,662,Europe,dep0-10,288.425,1.46
780,IDX_41.125_-105.375_dep5-5.dat,41.125_-105.375,3817,NAmerica,dep5-5,278.145,1.965
781,IDX_41.125_-106.125_dep5-5.dat,41.125_-106.125,2846,NAmerica,dep5-5,275.458,1.83
782,IDX_41.125_-106.625_dep5-5.dat,41.125_-106.625,1694,NAmerica,dep5-5,276.118,1.726
783,IDX_41.125_-106.875_dep5-5.dat,41.125_-106.875,2539,NAmerica,dep5-5,276.768,1.642
784,IDX_41.125_-111.375_dep5-5.dat,41.125_-111.375,2356,NAmerica,dep5-5,278.652,1.689
785,IDX_41.125_-111.625_dep5-5.dat,41.125_-111.625,3566,NAmerica,dep5-5,280.258,1.82
786,IDX_41.125_-116.125_dep5-5.dat,41.125_-116.125,2907,NAmerica,dep5-5,280.732,2.072
787,IDX_41.125_-120.625_dep5-5.dat,41.125_-120.625,1031,NAmerica,dep5-5,282.242,2.03
788,IDX_41.125_-5.375_dep0-5.dat,41.125_-5.375,5354,Europe,dep0-5,286.017,2.081
789,IDX_41.125_-5.625_dep0-5.dat,41.125_-5.625,4816,Europe,dep0-5,285.77,2.01
790,IDX_41.125_14.875_dep10-10.dat,41.125_14.875,175,Europe,dep10-10,287.285,1.132
791,IDX_41.375_-106.125_dep0-10.dat,41.375_-106.125,1933,NAmerica,dep0-10,276.167,1.494
792,IDX_41.375_-106.375_dep5-5.dat,41.375_-106.375,1087,NAmerica,dep5-5,276.64,1.836
793,IDX_41.375_-107.375_dep5-5.dat,41.375_-107.375,4177,NAmerica,dep5-5,279.045,1.981
794,IDX_41.375_-111.125_dep5-5.dat,41.375_-111.125,2579,NAmerica,dep5-5,278.412,1.808
795,IDX_41.375_-111.375_dep5-5.dat,41.375_-111.375,4473,NAmerica,dep5-5,278.238,1.639
796,IDX_41.375_-111.625_dep5-5.dat,41.375_-111.625,4128,NAmerica,dep5-5,279.635,1.744
797,IDX_41.375_-111.875_dep5-5.dat,41.375_-111.875,5166,NAmerica,dep5-5,282.017,2.008
798,IDX_41.375_-116.375_dep5-5.dat,41.375_-116.375,2408,NAmerica,dep5-5,281.07,2.117
799,IDX_41.375_-119.125_dep5-5.dat,41.375_-119.125,1786,NAmerica,dep5-5,281.793,2.712
800,IDX_41.375_-5.125_dep0-5.dat,41.375_-5.125,5374,Europe,dep0-5,286.576,2.111
801,IDX_41.375_-5.375_dep0-5.dat,41.375_-5.375,5370,Europe,dep0-5,286.504,2.118
802,IDX_41.375_-5.625_dep0-5.dat,41.375_-5.625,5315,Europe,dep0-5,286.108,2.034
803,IDX_41.375_-71.625_dep5-5.dat,41.375_-71.625,2955,NAmerica,dep5-5,284.299,0.957
804,IDX_41.625_-111.375_dep5-5.dat,41.625_-111.375,3938,NAmerica,dep5-5,278.267,1.618
805,IDX_41.625_-112.625_dep5-5.dat,41.625_-112.625,2238,NAmerica,dep5-5,284.096,2.856
806,IDX_41.625_-115.375_dep5-5.dat,41.625_-115.375,4592,NAmerica,dep5-5,278.789,1.921
807,IDX_41.625_-115.875_dep5-5.dat,41.625_-115.875,1438,NAmerica,dep5-5,279.296,1.809
808,IDX_41.625_-116.125_dep5-5.dat,41.625_-116.125,3752,NAmerica,dep5-5,280.617,1.944
809,IDX_41.625_-117.625_dep5-5.dat,41.625_-117.625,4606,NAmerica,dep5-5,282.532,2.762
810,IDX_41.625_-93.375_dep5-5.dat,41.625_-93.375,2822,NAmerica,dep5-5,283.411,1.024
811,IDX_41.875_-0.625_dep10-10.dat,41.875_-0.625,941,Europe,dep10-10,288.441,2.069
812,IDX_41.875_-111.375_dep5-5.dat,41.875_-111.375,2237,NAmerica,dep5-5,278.771,1.649
813,IDX_41.875_-111.625_dep5-5.dat,41.875_-111.625,4781,NAmerica,dep5-5,279.719,1.696
814,IDX_41.875_-111.875_dep5-5.dat,41.875_-111.875,3428,NAmerica,dep5-5,281.533,1.877
815,IDX_41.875_-112.375_dep5-5.dat,41.875_-112.375,1925,NAmerica,dep5-5,282.661,1.999
816,IDX_41.875_-113.375_dep5-5.dat,41.875_-113.375,2903,NAmerica,dep5-5,280.837,2.148
817,IDX_41.875_-113.875_dep5-5.dat,41.875_-113.875,2723,NAmerica,dep5-5,280.228,2.168
818,IDX_41.875_-115.375_dep5-5.dat,41.875_-115.375,2667,NAmerica,dep5-5,279.592,1.838
819,IDX_41.875_-115.625_dep5-5.dat,41.875_-115.625,3623,NAmerica,dep5-5,279.612,1.815
820,IDX_41.875_-116.125_dep5-5.dat,41.875_-116.125,4496,NAmerica,dep5-5,281.016,1.964
821,IDX_41.875_-117.625_dep5-5.dat,41.875_-117.625,3395,NAmerica,dep5-5,282.307,2.799
822,IDX_41.875_-118.125_dep5-5.dat,41.875_-118.125,4494,NAmerica,dep5-5,282.086,2.38
823,IDX_41.875_-119.375_dep5-5.dat,41.875_-119.375,4948,NAmerica,dep5-5,281.001,2.679
824,IDX_41.875_-119.625_dep5-5.dat,41.875_-119.625,1864,NAmerica,dep5-5,280.931,2.344
825,IDX_41.875_-73.625_dep5-5.dat,41.875_-73.625,2337,NAmerica,dep5-5,283.754,0.956
826,IDX_41.875_-88.875_dep5-5.dat,41.875_-88.875,2569,NAmerica,dep5-5,283.041,0.971
827,IDX_42.125_-101.375_dep5-5.dat,42.125_-101.375,2433,NAmerica,dep5-5,282.032,1.627
828,IDX_42.125_-106.125_dep5-5.dat,42.125_-106.125,3936,NAmerica,dep5-5,278.16,1.767
829,IDX_42.125_-111.625_dep5-5.dat,42.125_-111.625,3781,NAmerica,dep5-5,279.505,1.694
830,IDX_42.125_-114.375_dep5-5.dat,42.125_-114.375,3155,NAmerica,dep5-5,281.71,2.119
831,IDX_42.125_-115.125_dep5-5.dat,42.125_-115.125,2786,NAmerica,dep5-5,281.954,2.129
832,IDX_42.125_-121.375_dep5-5.dat,42.125_-121.375,4440,NAmerica,dep5-5,282.873,2.243
833,IDX_42.125_-93.625_dep5-5.dat,42.125_-93.625,4146,NAmerica,dep5-5,282.717,1.008
834,IDX_42.375_-0.875_dep0-6.dat,42.375_-0.875,2665,Europe,dep0-6,285.895,1.446
835,IDX_42.375_-103.625_dep5-5.dat,42.375_-103.625,2435,NAmerica,dep5-5,282.138,1.842
836,IDX_42.375_-105.625_dep5-5.dat,42.375_-105.625,2563,NAmerica,dep5-5,278.223,1.512
837,IDX_42.375_-105.875_dep5-5.dat,42.375_-105.875,3754,NAmerica,dep5-5,277.633,1.634
838,IDX_42.375_-110.875_dep5-5.dat,42.375_-110.875,1311,NAmerica,dep5-5,276.691,1.685
839,IDX_42.375_-111.125_dep5-5.dat,42.375_-111.125,2581,NAmerica,dep5-5,277.517,1.644
840,IDX_42.375_-120.875_dep5-5.dat,42.375_-120.875,212,NAmerica,dep5-5,280.191,1.722
841,IDX_42.375_-76.125_dep5-5.dat,42.375_-76.125,2259,NAmerica,dep5-5,281.56,0.801
842,IDX_42.375_-83.625_dep10-10.dat,42.375_-83.625,706,NAmerica,dep10-10,282.73,1.07
843,IDX_42.375_-95.875_dep5-5.dat,42.375_-95.875,4624,NAmerica,dep5-5,282.736,1.137
844,IDX_42.625_-108.625_dep5-5.dat,42.625_-108.625,1973,NAmerica,dep5-5,277.984,1.701
845,IDX_42.625_-108.875_dep10-10.dat,42.625_-108.875,264,NAmerica,dep10-10,275.711,1.712
846,IDX_42.625_-109.125_dep5-5.dat,42.625_-109.125,1436,NAmerica,dep5-5,274.848,1.799
847,IDX_42.625_-109.375_dep5-5.dat,42.625_-109.375,3870,NAmerica,dep5-5,275.263,1.856
848,IDX_42.625_-110.875_dep5-5.dat,42.625_-110.875,1878,NAmerica,dep5-5,276.582,1.53
849,IDX_42.625_-116.625_dep5-5.dat,42.625_-116.625,3037,NAmerica,dep5-5,281.23,2.222
850,IDX_42.625_-90.375_dep5-5.dat,42.625_-90.375,1648,NAmerica,dep5-5,282.361,1.016
851,IDX_42.875_-111.375_dep5-5.dat,42.875_-111.375,2793,NAmerica,dep5-5,277.986,1.528
852,IDX_42.875_-112.375_dep5-5.dat,42.875_-112.375,1482,NAmerica,dep5-5,282.28,2.237
853,IDX_42.875_-116.875_dep5-5.dat,42.875_-116.875,2466,NAmerica,dep5-5,281.699,2.059
854,IDX_42.875_-117.125_dep5-5.dat,42.875_-117.125,2752,NAmerica,dep5-5,283.122,2.403
855,IDX_42.875_-121.125_dep5-5.dat,42.875_-121.125,209,NAmerica,dep5-5,280.651,2.138
856,IDX_42.875_-77.125_dep5-5.dat,42.875_-77.125,5459,NAmerica,dep5-5,282.483,0.864
857,IDX_42.875_2.625_dep5-5.dat,42.875_2.625,4244,Europe,dep5-5,286.471,1.303
858,IDX_43.125_-110.125_dep5-5.dat,43.125_-110.125,2007,NAmerica,dep5-5,274.727,1.454
859,IDX_43.125_-111.625_dep5-5.dat,43.125_-111.625,2584,NAmerica,dep5-5,279.261,1.651
860,IDX_43.125_-116.875_dep5-5.dat,43.125_-116.875,5406,NAmerica,dep5-5,282.74,2.146
861,IDX_43.125_-70.875_dep5-5.dat,43.125_-70.875,2707,NAmerica,dep5-5,282.258,0.864
862,IDX_43.125_-73.125_dep5-5.dat,43.125_-73.125,4428,NAmerica,dep5-5,280.871,0.817
863,IDX_43.125_1.625_dep5-5.dat,43.125_1.625,4180,Europe,dep5-5,286.008,0.923
864,IDX_43.125_12.375_dep5-5.dat,43.125_12.375,1210,Europe,dep5-5,286.935,1.044
865,IDX_43.125_2.625_dep5-5.dat,43.125_2.625,3869,Europe,dep5-5,286.618,1.347
866,IDX_43.125_2.875_dep5-5.dat,43.125_2.875,4253,Europe,dep5-5,287.1,1.444
867,IDX_43.375_-109.875_dep5-5.dat,43.375_-109.875,161,NAmerica,dep5-5,272.945,1.424
868,IDX_43.375_-110.375_dep5-5.dat,43.375_-110.375,990,NAmerica,dep5-5,274.652,1.379
869,IDX_43.375_-113.625_dep5-5.dat,43.375_-113.625,1924,NAmerica,dep5-5,279.278,2.231
870,IDX_43.375_-116.125_dep5-5.dat,43.375_-116.125,4665,NAmerica,dep5-5,285.713,2.83
871,IDX_43.375_-119.625_dep5-5.dat,43.375_-119.625,2767,NAmerica,dep5-5,282.198,2.447
872,IDX_43.375_1.875_dep5-5.dat,43.375_1.875,4043,Europe,dep5-5,286.845,1.097
873,IDX_43.375_3.375_dep5-5.dat,43.375_3.375,3648,Europe,dep5-5,287.764,1.202
874,IDX_43.625_-0.375_dep5-5.dat,43.625_-0.375,3098,Europe,dep5-5,287.194,0.92
875,IDX_43.625_-109.375_dep10-10.dat,43.625_-109.375,300,NAmerica,dep10-10,273.524,1.866
876,IDX_43.625_-110.625_dep5-5.dat,43.625_-110.625,1590,NAmerica,dep5-5,275.607,1.29
877,IDX_43.625_-113.875_dep5-5.dat,43.625_-113.875,3078,NAmerica,dep5-5,275.661,1.891
878,IDX_43.625_-114.125_dep5-5.dat,43.625_-114.125,2350,NAmerica,dep5-5,275.841,1.889
879,IDX_43.625_-114.625_dep5-5.dat,43.625_-114.625,522,NAmerica,dep5-5,275.752,1.551
880,IDX_43.625_-96.625_dep5-5.dat,43.625_-96.625,4094,NAmerica,dep5-5,281.204,1.166
881,IDX_43.625_0.125_dep5-5.dat,43.625_0.125,4253,Europe,dep5-5,286.915,0.963
882,IDX_43.625_0.875_dep5-5.dat,43.625_0.875,4254,Europe,dep5-5,287.044,1.122
883,IDX_43.875_-0.125_dep5-5.dat,43.875_-0.125,4137,Europe,dep5-5,287.368,1.211
884,IDX_43.875_-110.125_dep5-5.dat,43.875_-110.125,1971,NAmerica,dep5-5,273.894,1.285
885,IDX_43.875_-110.875_dep5-5.dat,43.875_-110.875,1455,NAmerica,dep5-5,276.09,1.121
886,IDX_43.875_-114.375_dep5-5.dat,43.875_-114.375,2819,NAmerica,dep5-5,274.461,1.534
887,IDX_43.875_-114.625_dep5-5.dat,43.875_-114.625,1529,NAmerica,dep5-5,274.423,1.407
888,IDX_43.875_-115.125_dep5-5.dat,43.875_-115.125,3529,NAmerica,dep5-5,276.011,1.183
889,IDX_43.875_-116.125_dep5-5.dat,43.875_-116.125,4098,NAmerica,dep5-5,282.6,1.861
890,IDX_43.875_-71.625_dep5-5.dat,43.875_-71.625,4101,NAmerica,dep5-5,279.05,0.807
891,IDX_43.875_-72.125_dep5-5.dat,43.875_-72.125,193,NAmerica,dep5-5,279.542,0.848
892,IDX_43.875_0.375_dep5-5.dat,43.875_0.375,4221,Europe,dep5-5,287.216,1.216
893,IDX_43.875_1.125_dep5-5.dat,43.875_1.125,4174,Europe,dep5-5,287.241,1.25
894,IDX_43.875_25.375_dep0-5.dat,43.875_25.375,1491,Europe,dep0-5,286.067,1.468
895,IDX_43.875_4.125_dep5-5.dat,43.875_4.125,3521,Europe,dep5-5,287.332,0.968
896,IDX_43.875_5.125_dep5-5.dat,43.875_5.125,3575,Europe,dep5-5,288.09,1.382
897,IDX_44.125_-0.875_dep5-5.dat,44.125_-0.875,3611,Europe,dep5-5,287.688,1.223
898,IDX_44.125_-100.375_dep5-5.dat,44.125_-100.375,2353,NAmerica,dep5-5,282.077,1.631
899,IDX_44.125_-110.625_dep5-5.dat,44.125_-110.625,3567,NAmerica,dep5-5,275.41,1.124
900,IDX_44.125_-113.375_dep5-5.dat,44.125_-113.375,2048,NAmerica,dep5-5,275.459,1.809
901,IDX_44.125_-115.375_dep5-5.dat,44.125_-115.375,2103,NAmerica,dep5-5,277.017,1.244
902,IDX_44.125_-90.125_dep5-5.dat,44.125_-90.125,2571,NAmerica,dep5-5,281.316,1.125
903,IDX_44.125_24.875_dep0-5.dat,44.125_24.875,1757,Europe,dep0-5,285.885,1.429
904,IDX_44.125_27.375_dep0-5.dat,44.125_27.375,1771,Europe,dep0-5,285.847,1.538
905,IDX_44.125_27.875_dep0-5.dat,44.125_27.875,364,Europe,dep0-5,285.824,1.617
906,IDX_44.125_4.125_dep5-5.dat,44.125_4.125,3553,Europe,dep5-5,286.168,0.8
907,IDX_44.125_4.375_dep5-5.dat,44.125_4.375,3288,Europe,dep5-5,287.413,0.889
908,IDX_44.375_-0.625_dep5-5.dat,44.375_-0.625,2134,Europe,dep5-5,287.322,1.192
909,IDX_44.375_-0.875_dep5-5.dat,44.375_-0.875,2284,Europe,dep5-5,287.608,1.295
910,IDX_44.375_-110.625_dep5-5.dat,44.375_-110.625,961,NAmerica,dep5-5,274.728,1.21
911,IDX_44.375_-111.875_dep5-5.dat,44.375_-111.875,2610,NAmerica,dep5-5,276.878,1.888
912,IDX_44.375_-115.125_dep5-5.dat,44.375_-115.125,2529,NAmerica,dep5-5,275.659,1.316
913,IDX_44.375_-116.375_dep5-5.dat,44.375_-116.375,4667,NAmerica,dep5-5,281.92,1.582
914,IDX_44.375_-123.375_dep5-5.dat,44.375_-123.375,3304,NAmerica,dep5-5,284.112,0.805
915,IDX_44.375_23.125_dep0-5.dat,44.375_23.125,1836,Europe,dep0-5,285.545,1.292
916,IDX_44.375_24.375_dep0-5.dat,44.375_24.375,1571,Europe,dep0-5,285.58,1.37
917,IDX_44.625_-104.375_dep5-5.dat,44.625_-104.375,1844,NAmerica,dep5-5,280.702,1.637
918,IDX_44.625_-107.125_dep10-10.dat,44.625_-107.125,612,NAmerica,dep10-10,276.006,0.94
919,IDX_44.625_-107.375_dep5-5.dat,44.625_-107.375,244,NAmerica,dep5-5,275.875,1.232
920,IDX_44.625_-107.625_dep10-10.dat,44.625_-107.625,314,NAmerica,dep10-10,277.383,1.561
921,IDX_44.625_-111.125_dep10-10.dat,44.625_-111.125,73,NAmerica,dep10-10,275.15,1.497
922,IDX_44.625_-111.875_dep10-10.dat,44.625_-111.875,263,NAmerica,dep10-10,275.23,1.657
923,IDX_44.625_-119.625_dep5-5.dat,44.625_-119.625,2569,NAmerica,dep5-5,281.949,1.906
924,IDX_44.625_-72.875_dep5-5.dat,44.625_-72.875,3621,NAmerica,dep5-5,280.319,0.82
925,IDX_44.625_11.625_dep10-10.dat,44.625_11.625,446,Europe,dep10-10,288.304,1.1
926,IDX_44.625_27.375_dep0-5.dat,44.625_27.375,1011,Europe,dep0-5,285.652,1.519
927,IDX_44.625_28.375_dep0-5.dat,44.625_28.375,1169,Europe,dep0-5,285.379,1.732
928,IDX_44.625_4.125_dep5-5.dat,44.625_4.125,3216,Europe,dep5-5,282.239,0.882
929,IDX_44.625_4.625_dep5-5.dat,44.625_4.625,3249,Europe,dep5-5,285.56,0.837
930,IDX_44.625_8.625_dep10-10.dat,44.625_8.625,1424,Europe,dep10-10,286.549,0.919
931,IDX_44.875_-116.125_dep5-5.dat,44.875_-116.125,4849,NAmerica,dep5-5,277.953,1.121
932,IDX_44.875_-68.625_dep5-5.dat,44.875_-68.625,1294,NAmerica,dep5-5,280.244,0.805
933,IDX_44.875_-84.625_dep5-5.dat,44.875_-84.625,2049,NAmerica,dep5-5,279.826,1.016
934,IDX_45.125_-109.875_dep10-10.dat,45.125_-109.875,60,NAmerica,dep10-10,272.919,1.029
935,IDX_45.125_-113.125_dep5-5.dat,45.125_-113.125,1828,NAmerica,dep5-5,274.7,1.686
936,IDX_45.125_-119.625_dep5-5.dat,45.125_-119.625,122,NAmerica,dep5-5,282.67,1.938
937,IDX_45.125_-68.625_dep0-8.dat,45.125_-68.625,1121,NAmerica,dep0-8,279.998,0.78
938,IDX_45.375_-74.875_dep5-5.dat,45.375_-74.875,1536,NAmerica,dep5-5,279.804,0.803
939,IDX_45.375_-75.125_dep5-5.dat,45.375_-75.125,1628,NAmerica,dep5-5,279.729,0.827
940,IDX_45.375_-88.625_dep5-5.dat,45.375_-88.625,2329,NAmerica,dep5-5,278.962,1.135
941,IDX_45.375_-93.875_dep5-5.dat,45.375_-93.875,4465,NAmerica,dep5-5,280.257,1.127
942,IDX_45.375_21.125_dep0-5.dat,45.375_21.125,1720,Europe,dep0-5,285.931,1.278
943,IDX_45.625_-103.375_dep5-5.dat,45.625_-103.375,2213,NAmerica,dep5-5,280.493,1.75
944,IDX_45.625_-110.875_dep7-7.dat,45.625_-110.875,332,NAmerica,dep7-7,277.042,1.24
945,IDX_45.625_-99.125_dep5-5.dat,45.625_-99.125,2270,NAmerica,dep5-5,279.491,1.448
946,IDX_45.875_-111.625_dep5-5.dat,45.875_-111.625,3536,NAmerica,dep5-5,279.393,1.917
947,IDX_45.875_27.375_dep0-5.dat,45.875_27.375,1789,Europe,dep0-5,284.295,1.367
948,IDX_46.125_-117.375_dep5-5.dat,46.125_-117.375,5014,NAmerica,dep5-5,281.603,1.437
949,IDX_46.125_-117.875_dep5-5.dat,46.125_-117.875,4256,NAmerica,dep5-5,283.04,1.513
950,IDX_46.125_-92.875_dep5-5.dat,46.125_-92.875,1889,NAmerica,dep5-5,279.296,1.126
951,IDX_46.125_20.625_dep0-5.dat,46.125_20.625,1512,Europe,dep0-5,285.393,1.372
952,IDX_46.125_24.625_dep0-5.dat,46.125_24.625,1589,Europe,dep0-5,283.341,1.098
953,IDX_46.125_27.625_dep0-5.dat,46.125_27.625,1759,Europe,dep0-5,284.251,1.429
954,IDX_46.375_-110.625_dep10-10.dat,46.375_-110.625,76,NAmerica,dep10-10,276.368,1.63
955,IDX_46.375_-113.375_dep10-10.dat,46.375_-113.375,480,NAmerica,dep10-10,277.138,1.464
956,IDX_46.375_-114.625_dep5-5.dat,46.375_-114.625,1977,NAmerica,dep5-5,277.018,1.009
957,IDX_46.375_-115.875_dep5-5.dat,46.375_-115.875,2617,NAmerica,dep5-5,282.226,1.091
958,IDX_46.375_-121.125_dep5-5.dat,46.375_-121.125,201,NAmerica,dep5-5,278.425,0.967
959,IDX_46.375_-86.875_dep5-5.dat,46.375_-86.875,2133,NAmerica,dep5-5,278.671,1.064
960,IDX_46.625_-115.375_dep5-5.dat,46.625_-115.375,1524,NAmerica,dep5-5,279.8,0.841
961,IDX_46.625_-115.625_dep5-5.dat,46.625_-115.625,2625,NAmerica,dep5-5,280.897,0.928
962,IDX_46.625_21.625_dep0-5.dat,46.625_21.625,1513,Europe,dep0-5,285.273,1.216
963,IDX_46.875_-100.875_dep5-5.dat,46.875_-100.875,4382,NAmerica,dep5-5,278.92,1.473
964,IDX_46.875_-103.375_dep5-5.dat,46.875_-103.375,2207,NAmerica,dep5-5,279.749,1.712
965,IDX_46.875_-110.375_dep5-5.dat,46.875_-110.375,1821,NAmerica,dep5-5,276.67,1.206
966,IDX_46.875_-110.625_dep10-10.dat,46.875_-110.625,175,NAmerica,dep10-10,276.422,1.449
967,IDX_46.875_-110.875_dep5-5.dat,46.875_-110.875,241,NAmerica,dep5-5,276.782,1.44
968,IDX_46.875_-112.625_dep10-10.dat,46.875_-112.625,223,NAmerica,dep10-10,276.309,1.681
969,IDX_46.875_-116.375_dep5-5.dat,46.875_-116.375,1078,NAmerica,dep5-5,281.511,1.09
970,IDX_46.875_-116.875_dep5-5.dat,46.875_-116.875,4869,NAmerica,dep5-5,282.625,1.341
971,IDX_46.875_-117.125_dep5-5.dat,46.875_-117.125,1470,NAmerica,dep5-5,283.339,1.404
972,IDX_46.875_-67.875_dep5-5.dat,46.875_-67.875,1888,NAmerica,dep5-5,277.757,0.648
973,IDX_46.875_-99.375_dep5-5.dat,46.875_-99.375,2017,NAmerica,dep5-5,278.319,1.382
974,IDX_47.125_-105.125_dep5-5.dat,47.125_-105.125,2783,NAmerica,dep5-5,280.026,1.781
975,IDX_47.125_-109.875_dep5-5.dat,47.125_-109.875,3455,NAmerica,dep5-5,280.342,1.401
976,IDX_47.125_-114.375_dep10-10.dat,47.125_-114.375,260,NAmerica,dep10-10,280.123,1.593
977,IDX_47.125_-116.375_dep5-5.dat,47.125_-116.375,2996,NAmerica,dep5-5,281.246,1.053
978,IDX_47.125_-118.625_dep5-5.dat,47.125_-118.625,5974,NAmerica,dep5-5,285.168,2.582
979,IDX_47.125_-120.375_dep5-5.dat,47.125_-120.375,214,NAmerica,dep5-5,280.667,1.768
980,IDX_47.125_-121.875_dep5-5.dat,47.125_-121.875,212,NAmerica,dep5-5,282.199,0.568
981,IDX_47.125_21.875_dep0-5.dat,47.125_21.875,1721,Europe,dep0-5,285.016,1.131
982,IDX_47.125_23.875_dep0-5.dat,47.125_23.875,922,Europe,dep0-5,282.737,0.989
983,IDX_47.125_27.625_dep0-5.dat,47.125_27.625,1466,Europe,dep0-5,284.013,1.414
984,IDX_47.375_-115.625_dep5-5.dat,47.375_-115.625,2772,NAmerica,dep5-5,279.408,0.985
985,IDX_47.375_-117.625_dep5-5.dat,47.375_-117.625,2269,NAmerica,dep5-5,283.488,1.816
986,IDX_47.375_-121.125_dep5-5.dat,47.375_-121.125,116,NAmerica,dep5-5,277.773,0.612
987,IDX_47.375_26.875_dep0-5.dat,47.375_26.875,1561,Europe,dep0-5,283.277,1.212
988,IDX_47.375_8.875_dep0-10.dat,47.375_8.875,2815,Europe,dep0-10,282.774,0.663
989,IDX_47.625_-107.125_dep5-5.dat,47.625_-107.125,3158,NAmerica,dep5-5,280.735,1.863
990,IDX_47.625_-123.875_dep5-5.dat,47.625_-123.875,2821,NAmerica,dep5-5,281.593,0.428
991,IDX_47.625_-96.375_dep5-5.dat,47.625_-96.375,3879,NAmerica,dep5-5,278.311,1.227
992,IDX_47.625_22.875_dep0-5.dat,47.625_22.875,1681,Europe,dep0-5,284.921,1.029
993,IDX_47.875_-104.375_dep5-5.dat,47.875_-104.375,2191,NAmerica,dep5-5,279.329,1.713
994,IDX_47.875_-112.875_dep10-10.dat,47.875_-112.875,240,NAmerica,dep10-10,275.154,1.284
995,IDX_47.875_-114.375_dep10-10.dat,47.875_-114.375,234,NAmerica,dep10-10,279.816,1.644
996,IDX_47.875_-117.125_dep5-5.dat,47.875_-117.125,4415,NAmerica,dep5-5,282.237,1.559
997,IDX_47.875_11.125_dep5-5.dat,47.875_11.125,610,Europe,dep5-5,282.033,0.647
998,IDX_47.875_11.625_dep5-5.dat,47.875_11.625,205,Europe,dep5-5,282.075,0.643
999,IDX_47.875_12.125_dep5-5.dat,47.875_12.125,629,Europe,dep5-5,282.354,0.622
1000,IDX_47.875_20.625_dep0-10.dat,47.875_20.625,595,Europe,dep0-10,283.925,1.124
1001,IDX_48.125_-116.125_dep5-5.dat,48.125_-116.125,1995,NAmerica,dep5-5,280.789,0.948
1002,IDX_48.125_15.125_dep0-10.dat,48.125_15.125,803,Europe,dep0-10,282.569,0.788
1003,IDX_48.125_15.875_dep0-10.dat,48.125_15.875,783,Europe,dep0-10,283.008,0.935
1004,IDX_48.125_20.875_dep0-10.dat,48.125_20.875,618,Europe,dep0-10,283.978,1.077
1005,IDX_48.125_26.625_dep0-5.dat,48.125_26.625,1389,Europe,dep0-5,283.356,1.188
1006,IDX_48.375_-105.125_dep5-5.dat,48.375_-105.125,2181,NAmerica,dep5-5,278.457,1.74
1007,IDX_48.375_-109.875_dep5-5.dat,48.375_-109.875,5251,NAmerica,dep5-5,280.471,1.867
1008,IDX_48.375_-111.125_dep5-5.dat,48.375_-111.125,3334,NAmerica,dep5-5,279.951,2.055
1009,IDX_48.375_-111.875_dep5-5.dat,48.375_-111.875,3171,NAmerica,dep5-5,279.713,1.958
1010,IDX_48.375_-95.875_dep5-5.dat,48.375_-95.875,1470,NAmerica,dep5-5,277.396,1.188
1011,IDX_48.375_12.375_dep5-5.dat,48.375_12.375,887,Europe,dep5-5,283.013,0.771
1012,IDX_48.375_12.625_dep5-5.dat,48.375_12.625,827,Europe,dep5-5,283.077,0.76
1013,IDX_48.375_12.875_dep5-5.dat,48.375_12.875,989,Europe,dep5-5,283.266,0.762
1014,IDX_48.375_15.125_dep0-10.dat,48.375_15.125,605,Europe,dep0-10,281.46,0.812
1015,IDX_48.375_20.875_dep0-10.dat,48.375_20.875,227,Europe,dep0-10,283.335,1.092
1016,IDX_48.375_21.125_dep0-10.dat,48.375_21.125,445,Europe,dep0-10,283.602,1.107
1017,IDX_48.625_-113.375_dep5-5.dat,48.625_-113.375,1677,NAmerica,dep5-5,275.192,1.142
1018,IDX_48.625_-116.375_dep5-5.dat,48.625_-116.375,3642,NAmerica,dep5-5,279.927,0.902
1019,IDX_48.625_-120.625_dep5-5.dat,48.625_-120.625,165,NAmerica,dep5-5,275.811,0.82
1020,IDX_48.625_-121.375_dep5-5.dat,48.625_-121.375,2335,NAmerica,dep5-5,277.938,0.393
1021,IDX_48.625_12.625_dep5-5.dat,48.625_12.625,937,Europe,dep5-5,283.219,0.9
1022,IDX_48.625_12.875_dep5-5.dat,48.625_12.875,1169,Europe,dep5-5,283.271,0.898
1023,IDX_48.875_-102.125_dep5-5.dat,48.875_-102.125,2018,NAmerica,dep5-5,277.293,1.406
1024,IDX_48.875_-113.625_dep5-5.dat,48.875_-113.625,482,NAmerica,dep5-5,275.566,1.19
1025,IDX_48.875_-113.875_dep5-5.dat,48.875_-113.875,516,NAmerica,dep5-5,275.01,1.152
1026,IDX_49.375_-97.875_dep5-5.dat,49.375_-97.875,1410,NAmerica,dep5-5,276.943,1.233
1027,IDX_49.625_-97.875_dep5-5.dat,49.625_-97.875,1459,NAmerica,dep5-5,276.811,1.239
1028,IDX_49.625_-98.125_dep5-5.dat,49.625_-98.125,1445,NAmerica,dep5-5,276.694,1.213
1029,IDX_49.875_-97.375_dep5-5.dat,49.875_-97.375,1111,NAmerica,dep5-5,276.475,1.202
1030,IDX_49.875_-97.875_dep5-5.dat,49.875_-97.875,1443,NAmerica,dep5-5,276.662,1.267
1031,IDX_49.875_-99.375_dep0-5.dat,49.875_-99.375,804,NAmerica,dep0-5,276.106,1.28
1032,IDX_50.125_-97.625_dep5-5.dat,50.125_-97.625,1234,NAmerica,dep5-5,276.373,1.258
1033,IDX_50.625_6.375_dep5-5.dat,50.625_6.375,3170,Europe,dep5-5,282.724,0.744
1034,IDX_50.875_6.375_dep5-5.dat,50.875_6.375,2933,Europe,dep5-5,283.798,0.803
1035,IDX_51.125_6.125_dep5-5.dat,51.125_6.125,2397,Europe,dep5-5,284.149,0.798
1036,IDX_51.375_-106.375_dep5-5.dat,51.375_-106.375,1387,NAmerica,dep5-5,276.106,1.524
1037,IDX_51.375_-106.625_dep5-5.dat,51.375_-106.625,1477,NAmerica,dep5-5,276.37,1.575
1038,IDX_51.375_23.125_dep10-10.dat,51.375_23.125,1450,Europe,dep10-10,282.12,0.954
1039,IDX_51.375_23.375_dep5-5.dat,51.375_23.375,1342,Europe,dep5-5,282.069,0.963
1040,IDX_51.875_22.625_dep5-5.dat,51.875_22.625,916,Europe,dep5-5,281.914,0.955
1041,IDX_51.875_4.875_dep0-10.dat,51.875_4.875,598,Europe,dep0-10,283.888,0.816
1042,IDX_51.875_6.125_dep0-10.dat,51.875_6.125,531,Europe,dep0-10,283.811,0.788
1043,IDX_52.125_13.875_dep10-10.dat,52.125_13.875,3350,Europe,dep10-10,283.408,1.025
1044,IDX_52.125_14.125_dep8-8.dat,52.125_14.125,3336,Europe,dep8-8,283.358,1.018
1045,IDX_52.375_-3.875_dep10-10.dat,52.375_-3.875,288,Europe,dep10-10,282.864,0.497
1046,IDX_52.875_-8.125_dep0-10.dat,52.875_-8.125,296,Europe,dep0-10,282.876,0.557
1047,IDX_53.375_-1.875_dep0-10.dat,53.375_-1.875,413,Europe,dep0-10,282.233,0.589
1048,IDX_53.625_22.875_dep5-5.dat,53.625_22.875,868,Europe,dep5-5,281.161,0.926
1049,IDX_55.875_-3.125_dep0-10.dat,55.875_-3.125,534,Europe,dep0-10,282.16,0.571
1050,IDX_55.875_8.875_dep0-5.dat,55.875_8.875,2979,Europe,dep0-5,281.938,0.688
1051,IDX_55.875_9.125_dep0-5.dat,55.875_9.125,3086,Europe,dep0-5,281.751,0.695
1052,IDX_55.875_9.375_dep0-5.dat,55.875_9.375,2941,Europe,dep0-5,281.678,0.731
1053,IDX_56.125_9.125_dep0-5.dat,56.125_9.125,3155,Europe,dep0-5,281.78,0.702
1054,IDX_56.125_9.375_dep0-5.dat,56.125_9.375,2278,Europe,dep0-5,281.708,0.718
1055,IDX_56.375_-3.875_dep0-10.dat,56.375_-3.875,264,Europe,dep0-10,280.792,0.399
1056,IDX_58.625_-156.625_dep5-5.dat,58.625_-156.625,747,NAmerica,dep5-5,276.205,0.573
1057,IDX_59.125_-154.375_dep5-5.dat,59.125_-154.375,1777,NAmerica,dep5-5,275.158,0.258
1058,IDX_59.125_-159.125_dep5-5.dat,59.125_-159.125,852,NAmerica,dep5-5,274.173,0.331
1059,IDX_59.375_-161.125_dep5-5.dat,59.375_-161.125,532,NAmerica,dep5-5,273.131,0.366
1060,IDX_59.625_-135.125_dep5-5.dat,59.625_-135.125,1420,NAmerica,dep5-5,270.669,0.214
1061,IDX_59.625_-150.625_dep5-5.dat,59.625_-150.625,2080,NAmerica,dep5-5,274.275,0.15
1062,IDX_59.875_-151.375_dep5-5.dat,59.875_-151.375,2584,NAmerica,dep5-5,276.772,0.424
1063,IDX_59.875_-156.875_dep5-5.dat,59.875_-156.875,257,NAmerica,dep5-5,274.721,0.398
1064,IDX_60.125_-149.625_dep5-5.dat,60.125_-149.625,1184,NAmerica,dep5-5,272.91,0.137
1065,IDX_60.625_-149.625_dep5-5.dat,60.625_-149.625,1160,NAmerica,dep5-5,273.987,0.29
1066,IDX_60.625_-150.375_dep5-5.dat,60.625_-150.375,2977,NAmerica,dep5-5,276.796,0.59
1067,IDX_61.125_-145.625_dep5-5.dat,61.125_-145.625,1042,NAmerica,dep5-5,269.165,0.164
1068,IDX_61.375_-150.125_dep5-5.dat,61.375_-150.125,1416,NAmerica,dep5-5,276.149,0.712
1069,IDX_61.375_-165.125_dep5-5.dat,61.375_-165.125,528,NAmerica,dep5-5,272.46,0.593
1070,IDX_61.625_-149.125_dep5-5.dat,61.625_-149.125,294,NAmerica,dep5-5,273.176,0.382
1071,IDX_61.625_-159.625_dep5-5.dat,61.625_-159.625,1565,NAmerica,dep5-5,272.921,0.616
1072,IDX_61.625_21.875_dep10-10.dat,61.625_21.875,786,Europe,dep10-10,278.686,0.879
1073,IDX_62.125_-150.125_dep5-5.dat,62.125_-150.125,2322,NAmerica,dep5-5,275.06,0.509
1074,IDX_62.375_-145.375_dep5-5.dat,62.375_-145.375,162,NAmerica,dep5-5,271.928,1.034
1075,IDX_62.625_-150.875_dep5-5.dat,62.625_-150.875,1240,NAmerica,dep5-5,269.912,0.11
1076,IDX_62.875_30.875_dep10-10.dat,62.875_30.875,1527,Europe,dep10-10,276.329,0.675
1077,IDX_63.375_-142.875_dep5-5.dat,63.375_-142.875,1058,NAmerica,dep5-5,269.485,1.415
1078,IDX_63.375_-147.625_dep5-5.dat,63.375_-147.625,984,NAmerica,dep5-5,268.383,0.429
1079,IDX_63.625_-158.125_dep5-5.dat,63.625_-158.125,230,NAmerica,dep5-5,272.361,0.734
1080,IDX_63.875_-145.125_dep5-5.dat,63.875_-145.125,853,NAmerica,dep5-5,271.805,0.843
1081,IDX_63.875_-145.375_dep5-5.dat,63.875_-145.375,2130,NAmerica,dep5-5,271.881,0.824
1082,IDX_63.875_-160.625_dep5-5.dat,63.875_-160.625,267,NAmerica,dep5-5,271.378,0.767
1083,IDX_64.125_25.375_dep10-10.dat,64.125_25.375,991,Europe,dep10-10,276.655,0.695
1084,IDX_64.625_-148.125_dep5-5.dat,64.625_-148.125,1771,NAmerica,dep5-5,272.271,1.204
1085,IDX_64.625_-148.375_dep5-5.dat,64.625_-148.375,1811,NAmerica,dep5-5,272.2,1.204
1086,IDX_64.625_-148.875_dep5-5.dat,64.625_-148.875,1182,NAmerica,dep5-5,272.281,1.226
1087,IDX_64.625_-163.375_dep5-5.dat,64.625_-163.375,539,NAmerica,dep5-5,270.227,0.575
1088,IDX_64.875_-146.125_dep5-5.dat,64.875_-146.125,1053,NAmerica,dep5-5,270.039,0.873
1089,IDX_64.875_-148.375_dep5-5.dat,64.875_-148.375,978,NAmerica,dep5-5,271.645,1.18
1090,IDX_64.875_28.625_dep10-10.dat,64.875_28.625,1121,Europe,dep10-10,275.26,0.623
1091,IDX_65.125_-145.875_dep5-5.dat,65.125_-145.875,1263,NAmerica,dep5-5,268.647,0.879
1092,IDX_65.125_-146.625_dep5-5.dat,65.125_-146.625,1294,NAmerica,dep5-5,269.835,0.869
1093,IDX_65.125_-147.375_dep5-5.dat,65.125_-147.375,1575,NAmerica,dep5-5,270.682,0.883
1094,IDX_65.125_-147.625_dep10-10.dat,65.125_-147.625,1544,NAmerica,dep10-10,270.653,0.924
1095,IDX_65.125_-156.625_dep5-5.dat,65.125_-156.625,273,NAmerica,dep5-5,271.169,1.024
1096,IDX_65.375_-145.375_dep5-5.dat,65.375_-145.375,1624,NAmerica,dep5-5,267.876,1.09
1097,IDX_65.375_-146.125_dep5-5.dat,65.375_-146.125,1195,NAmerica,dep5-5,268.032,0.927
1098,IDX_65.375_-146.625_dep5-5.dat,65.375_-146.625,1775,NAmerica,dep5-5,268.469,0.836
1099,IDX_65.375_-164.625_dep5-5.dat,65.375_-164.625,379,NAmerica,dep5-5,268.462,0.787
1100,IDX_66.125_-151.625_dep5-5.dat,66.125_-151.625,349,NAmerica,dep5-5,269.297,1.054
1101,IDX_66.375_29.375_dep10-10.dat,66.375_29.375,1185,Europe,dep10-10,273.974,0.638
1102,IDX_66.875_-150.625_dep5-5.dat,66.875_-150.625,1982,NAmerica,dep5-5,268.776,0.728
1103,IDX_67.125_26.625_dep5-5.dat,67.125_26.625,1175,Europe,dep5-5,273.997,0.577
1104,IDX_67.375_-150.125_dep5-5.dat,67.375_-150.125,1888,NAmerica,dep5-5,265.367,0.731
1105,IDX_67.375_26.625_dep5-5.dat,67.375_26.625,2019,Europe,dep5-5,273.881,0.564
1106,IDX_67.875_-162.375_dep5-5.dat,67.875_-162.375,1074,NAmerica,dep5-5,266.378,0.452
1107,IDX_68.125_-149.375_dep5-5.dat,68.125_-149.375,643,NAmerica,dep5-5,263.058,0.606
1108,IDX_68.125_-163.125_dep5-5.dat,68.125_-163.125,518,NAmerica,dep5-5,265.876,0.44
1109,IDX_68.375_27.625_dep5-5.dat,68.375_27.625,1231,Europe,dep5-5,273.588,0.531
1110,IDX_68.625_-149.375_dep5-5.dat,68.625_-149.375,828,NAmerica,dep5-5,264.108,0.494
1111,IDX_69.625_28.875_dep10-10.dat,69.625_28.875,304,Europe,dep10-10,273.462,0.406
1112,IDX_9.625_1.625_dep5-5.dat,9.625_1.625,4244,Africa,dep5-5,299.644,1.299
1113,IDX_9.875_1.625_dep5-5.dat,9.875_1.625,4142,Africa,dep5-5,299.86,1.476
