,fpath,idx,len2000,region,selected_depth,t2m_ave,arid
0,IDX_-10.875_-38.625_dep40-40.dat,-10.875_-38.625,164,SAmerica,dep40-40,298.812,2.877
1,IDX_-10.875_-42.625_dep40-40.dat,-10.875_-42.625,698,SAmerica,dep40-40,300.391,3.632
2,IDX_-11.625_-41.875_dep40-40.dat,-11.625_-41.875,852,SAmerica,dep40-40,296.586,3.687
3,IDX_-12.625_-43.125_dep40-40.dat,-12.625_-43.125,1210,SAmerica,dep40-40,300.227,2.827
4,IDX_-13.375_-40.875_dep40-40.dat,-13.375_-40.875,630,SAmerica,dep40-40,296.9,2.25
5,IDX_-13.625_-41.375_dep40-40.dat,-13.625_-41.375,579,SAmerica,dep40-40,295.272,2.1
6,IDX_-14.625_-40.625_dep40-40.dat,-14.625_-40.625,585,SAmerica,dep40-40,295.398,2.63
7,IDX_-15.375_-44.375_dep40-40.dat,-15.375_-44.375,731,SAmerica,dep40-40,298.55,1.923
8,IDX_-16.375_-40.875_dep40-40.dat,-16.375_-40.875,489,SAmerica,dep40-40,296.232,1.938
9,IDX_-16.375_-43.375_dep40-40.dat,-16.375_-43.375,840,SAmerica,dep40-40,297.403,2.052
10,IDX_-31.375_115.625_dep0-69.dat,-31.375_115.625,1425,Australia,dep0-69,291.879,3.097
11,IDX_-33.875_147.125_dep30-60.dat,-33.875_147.125,3382,Australia,dep30-60,290.205,2.818
12,IDX_-34.125_146.375_dep30-60.dat,-34.125_146.375,2280,Australia,dep30-60,290.51,3.159
13,IDX_-34.625_143.625_dep30-60.dat,-34.625_143.625,3425,Australia,dep30-60,290.185,4.036
14,IDX_-34.625_144.875_dep30-60.dat,-34.625_144.875,3040,Australia,dep30-60,290.548,3.476
15,IDX_-34.625_145.875_dep30-60.dat,-34.625_145.875,3789,Australia,dep30-60,290.463,3.129
16,IDX_-34.625_146.125_dep30-60.dat,-34.625_146.125,4422,Australia,dep30-60,290.453,3.225
17,IDX_-34.625_146.375_dep30-60.dat,-34.625_146.375,5071,Australia,dep30-60,290.364,3.059
18,IDX_-34.625_148.125_dep30-60.dat,-34.625_148.125,1564,Australia,dep30-60,288.485,2.056
19,IDX_-34.875_145.875_dep30-60.dat,-34.875_145.875,2124,Australia,dep30-60,290.277,3.038
20,IDX_-34.875_146.125_dep30-60.dat,-34.875_146.125,3386,Australia,dep30-60,290.257,3.077
21,IDX_-34.875_146.375_dep30-60.dat,-34.875_146.375,3914,Australia,dep30-60,290.197,2.926
22,IDX_-35.125_145.875_dep30-60.dat,-35.125_145.875,2192,Australia,dep30-60,290.1,2.96
23,IDX_-35.125_146.125_dep30-60.dat,-35.125_146.125,2922,Australia,dep30-60,290.114,2.905
24,IDX_-35.125_146.375_dep30-60.dat,-35.125_146.375,4093,Australia,dep30-60,290.023,2.736
25,IDX_-35.125_147.375_dep30-60.dat,-35.125_147.375,3648,Australia,dep30-60,289.129,2.154
26,IDX_-35.125_147.625_dep30-60.dat,-35.125_147.625,3630,Australia,dep30-60,288.717,2.025
27,IDX_-35.375_147.375_dep30-60.dat,-35.375_147.375,4289,Australia,dep30-60,288.682,1.988
28,IDX_-35.375_147.625_dep30-60.dat,-35.375_147.625,5492,Australia,dep30-60,288.081,1.836
29,IDX_-35.375_148.125_dep30-60.dat,-35.375_148.125,4095,Australia,dep30-60,286.513,1.441
30,IDX_-35.375_149.125_dep30-60.dat,-35.375_149.125,3396,Australia,dep30-60,284.583,1.912
31,IDX_-36.375_148.875_dep30-60.dat,-36.375_148.875,3453,Australia,dep30-60,283.846,1.717
32,IDX_-4.125_-39.125_dep40-40.dat,-4.125_-39.125,935,SAmerica,dep40-40,300.308,2.318
33,IDX_-4.375_-41.375_dep40-40.dat,-4.375_-41.375,853,SAmerica,dep40-40,301.544,1.472
34,IDX_-4.875_-39.625_dep40-40.dat,-4.875_-39.625,214,SAmerica,dep40-40,299.429,2.712
35,IDX_-40.625_175.875_dep37-43.dat,-40.625_175.875,746,Australia,dep37-43,284.987,1.017
36,IDX_-40.875_175.875_dep37-43.dat,-40.875_175.875,743,Australia,dep37-43,285.148,1.077
37,IDX_-5.375_-40.875_dep40-40.dat,-5.375_-40.875,419,SAmerica,dep40-40,299.86,2.24
38,IDX_-5.875_-36.875_dep40-40.dat,-5.875_-36.875,236,SAmerica,dep40-40,301.413,3.276
39,IDX_-6.375_-39.125_dep40-40.dat,-6.375_-39.125,430,SAmerica,dep40-40,301.223,2.374
40,IDX_-6.875_-41.625_dep40-40.dat,-6.875_-41.625,430,SAmerica,dep40-40,300.991,1.841
41,IDX_-7.375_-35.875_dep40-40.dat,-7.375_-35.875,686,SAmerica,dep40-40,297.478,3.144
42,IDX_-7.375_-38.125_dep40-40.dat,-7.375_-38.125,101,SAmerica,dep40-40,300.376,3.529
43,IDX_-7.375_-40.375_dep40-40.dat,-7.375_-40.375,570,SAmerica,dep40-40,298.283,2.179
44,IDX_-7.875_-39.375_dep40-40.dat,-7.875_-39.375,829,SAmerica,dep40-40,299.852,2.832
45,IDX_-7.875_-41.875_dep40-40.dat,-7.875_-41.875,327,SAmerica,dep40-40,301.747,2.46
46,IDX_-9.125_-37.625_dep40-40.dat,-9.125_-37.625,249,SAmerica,dep40-40,298.938,3.563
47,IDX_-9.125_-44.375_dep40-40.dat,-9.125_-44.375,287,SAmerica,dep40-40,300.13,2.306
48,IDX_-9.875_-39.875_dep40-40.dat,-9.875_-39.875,484,SAmerica,dep40-40,299.208,3.982
49,IDX_-9.875_-42.625_dep40-40.dat,-9.875_-42.625,892,SAmerica,dep40-40,299.933,3.045
50,IDX_1.875_103.375_dep45-50.dat,1.875_103.375,580,Asia,dep45-50,299.88,0.674
51,IDX_15.375_-15.375_dep50-50.dat,15.375_-15.375,1664,Africa,dep50-50,301.516,4.555
52,IDX_18.125_-66.625_dep50-50.dat,18.125_-66.625,3677,NAmerica,dep50-50,298.386,1.807
53,IDX_18.125_-66.875_dep50-50.dat,18.125_-66.875,4554,NAmerica,dep50-50,298.944,2.186
54,IDX_18.125_-67.125_dep50-50.dat,18.125_-67.125,3636,NAmerica,dep50-50,299.561,3.494
55,IDX_18.375_-66.125_dep50-50.dat,18.375_-66.125,1357,NAmerica,dep50-50,298.752,1.85
56,IDX_18.375_-67.125_dep50-50.dat,18.375_-67.125,2157,NAmerica,dep50-50,299.378,2.928
57,IDX_19.625_-155.875_dep50-50.dat,19.625_-155.875,4559,NAmerica,dep50-50,292.4,0.577
58,IDX_19.875_-155.375_dep50-50.dat,19.875_-155.375,5074,NAmerica,dep50-50,289.382,1.872
59,IDX_19.875_-155.625_dep50-50.dat,19.875_-155.625,5419,NAmerica,dep50-50,292.281,0.536
60,IDX_20.125_-155.625_dep50-50.dat,20.125_-155.625,5309,NAmerica,dep50-50,295.737,1.45
61,IDX_26.125_-97.875_dep50-50.dat,26.125_-97.875,1645,NAmerica,dep50-50,297.228,2.208
62,IDX_26.625_-98.125_dep50-50.dat,26.625_-98.125,3410,NAmerica,dep50-50,297.051,2.183
63,IDX_26.625_80.125_dep50-50.dat,26.625_80.125,431,Asia,dep50-50,298.558,1.457
64,IDX_27.125_-81.375_dep50-50.dat,27.125_-81.375,2140,NAmerica,dep50-50,296.456,1.286
65,IDX_27.625_-97.875_dep50-50.dat,27.625_-97.875,928,NAmerica,dep50-50,296.128,1.878
66,IDX_28.375_-96.875_dep50-50.dat,28.375_-96.875,2028,NAmerica,dep50-50,295.204,1.617
67,IDX_29.125_-81.625_dep50-50.dat,29.125_-81.625,5577,NAmerica,dep50-50,294.734,1.462
68,IDX_29.375_-100.375_dep50-50.dat,29.375_-100.375,1922,NAmerica,dep50-50,294.599,2.175
69,IDX_30.125_-91.875_dep50-50.dat,30.125_-91.875,2265,NAmerica,dep50-50,293.651,1.037
70,IDX_30.125_-94.375_dep50-50.dat,30.125_-94.375,1563,NAmerica,dep50-50,293.589,0.994
71,IDX_30.125_-95.875_dep50-50.dat,30.125_-95.875,4702,NAmerica,dep50-50,293.874,1.222
72,IDX_30.375_-84.375_dep50-50.dat,30.375_-84.375,5669,NAmerica,dep50-50,293.032,1.214
73,IDX_30.375_-88.625_dep50-50.dat,30.375_-88.625,5664,NAmerica,dep50-50,293.433,1.032
74,IDX_30.625_-87.625_dep50-50.dat,30.625_-87.625,2552,NAmerica,dep50-50,292.978,1.04
75,IDX_30.625_-87.875_dep50-50.dat,30.625_-87.875,3456,NAmerica,dep50-50,293.262,1.079
76,IDX_31.125_-84.375_dep50-50.dat,31.125_-84.375,2886,NAmerica,dep50-50,292.821,1.271
77,IDX_31.125_-85.125_dep50-50.dat,31.125_-85.125,2567,NAmerica,dep50-50,292.662,1.178
78,IDX_31.125_-87.625_dep50-50.dat,31.125_-87.625,2705,NAmerica,dep50-50,292.663,1.132
79,IDX_31.125_91.625_dep40-40.dat,31.125_91.625,1709,Asia,dep40-40,270.831,1.126
80,IDX_31.125_91.875_dep40-40.dat,31.125_91.875,1667,Asia,dep40-40,270.631,1.039
81,IDX_31.125_92.125_dep40-40.dat,31.125_92.125,1724,Asia,dep40-40,270.144,0.959
82,IDX_31.125_92.375_dep40-40.dat,31.125_92.375,1746,Asia,dep40-40,269.133,0.864
83,IDX_31.375_-84.375_dep50-50.dat,31.375_-84.375,3462,NAmerica,dep50-50,292.551,1.261
84,IDX_31.375_-96.875_dep50-50.dat,31.375_-96.875,498,NAmerica,dep50-50,293.362,1.319
85,IDX_31.375_91.875_dep40-40.dat,31.375_91.875,1769,Asia,dep40-40,271.728,1.232
86,IDX_31.375_92.125_dep40-40.dat,31.375_92.125,1877,Asia,dep40-40,271.192,1.234
87,IDX_31.625_-100.625_dep50-50.dat,31.625_-100.625,1348,NAmerica,dep50-50,291.897,2.279
88,IDX_31.625_-102.875_dep50-50.dat,31.625_-102.875,3501,NAmerica,dep50-50,292.404,3.245
89,IDX_31.625_-110.125_dep50-50.dat,31.625_-110.125,5219,NAmerica,dep50-50,290.338,4.035
90,IDX_31.625_-110.625_dep50-50.dat,31.625_-110.625,2281,NAmerica,dep50-50,290.896,3.714
91,IDX_31.625_-83.625_dep50-50.dat,31.625_-83.625,7253,NAmerica,dep50-50,292.527,1.277
92,IDX_31.625_91.625_dep40-40.dat,31.625_91.625,1732,Asia,dep40-40,271.921,1.277
93,IDX_31.625_91.875_dep40-40.dat,31.625_91.875,2217,Asia,dep40-40,271.087,1.098
94,IDX_31.625_92.125_dep40-40.dat,31.625_92.125,1659,Asia,dep40-40,270.443,1.137
95,IDX_31.625_92.375_dep40-40.dat,31.625_92.375,1684,Asia,dep40-40,269.663,1.003
96,IDX_31.875_-95.625_dep50-50.dat,31.875_-95.625,2238,NAmerica,dep50-50,292.837,1.208
97,IDX_31.875_91.625_dep40-40.dat,31.875_91.625,1886,Asia,dep40-40,271.375,1.249
98,IDX_31.875_91.875_dep40-40.dat,31.875_91.875,1669,Asia,dep40-40,270.185,0.988
99,IDX_32.125_-100.125_dep50-50.dat,32.125_-100.125,3345,NAmerica,dep50-50,291.407,2.097
100,IDX_32.375_-107.375_dep50-50.dat,32.375_-107.375,622,NAmerica,dep50-50,290.934,4.046
101,IDX_32.375_-85.875_dep50-50.dat,32.375_-85.875,4342,NAmerica,dep50-50,291.808,1.168
102,IDX_32.375_-86.125_dep50-50.dat,32.375_-86.125,613,NAmerica,dep50-50,291.889,1.157
103,IDX_32.375_-86.875_dep50-50.dat,32.375_-86.875,2671,NAmerica,dep50-50,291.838,1.156
104,IDX_32.375_-87.125_dep50-50.dat,32.375_-87.125,347,NAmerica,dep50-50,291.911,1.131
105,IDX_32.375_-89.125_dep50-50.dat,32.375_-89.125,3750,NAmerica,dep50-50,291.465,1.098
106,IDX_32.375_-98.125_dep50-50.dat,32.375_-98.125,943,NAmerica,dep50-50,292.375,1.635
107,IDX_32.625_-106.625_dep50-50.dat,32.625_-106.625,3710,NAmerica,dep50-50,291.022,3.878
108,IDX_32.625_-81.125_dep50-50.dat,32.625_-81.125,6431,NAmerica,dep50-50,291.862,1.241
109,IDX_32.625_-88.125_dep50-50.dat,32.625_-88.125,3625,NAmerica,dep50-50,291.672,1.141
110,IDX_32.875_-90.625_dep50-50.dat,32.875_-90.625,550,NAmerica,dep50-50,291.873,1.029
111,IDX_32.875_-90.875_dep50-50.dat,32.875_-90.875,6275,NAmerica,dep50-50,291.913,1.029
112,IDX_32.875_-92.125_dep50-50.dat,32.875_-92.125,612,NAmerica,dep50-50,291.912,1.07
113,IDX_33.125_-79.375_dep50-50.dat,33.125_-79.375,3582,NAmerica,dep50-50,292.118,1.139
114,IDX_33.125_-88.375_dep50-50.dat,33.125_-88.375,504,NAmerica,dep50-50,291.322,1.081
115,IDX_33.125_-90.625_dep50-50.dat,33.125_-90.625,4585,NAmerica,dep50-50,291.69,1.023
116,IDX_33.125_-91.125_dep50-50.dat,33.125_-91.125,4369,NAmerica,dep50-50,291.727,1.045
117,IDX_33.375_-105.875_dep50-50.dat,33.375_-105.875,4534,NAmerica,dep50-50,287.616,4.149
118,IDX_33.375_-81.375_dep50-50.dat,33.375_-81.375,2782,NAmerica,dep50-50,291.428,1.218
119,IDX_33.375_-85.625_dep50-50.dat,33.375_-85.625,2928,NAmerica,dep50-50,290.07,1.062
120,IDX_33.375_-90.625_dep50-50.dat,33.375_-90.625,215,NAmerica,dep50-50,291.484,1.009
121,IDX_33.375_-99.875_dep50-50.dat,33.375_-99.875,1886,NAmerica,dep50-50,291.627,2.055
122,IDX_33.625_-102.125_dep50-50.dat,33.625_-102.125,1721,NAmerica,dep50-50,289.25,2.539
123,IDX_33.625_-102.375_dep50-50.dat,33.625_-102.375,4732,NAmerica,dep50-50,289.229,2.603
124,IDX_33.625_-102.875_dep50-50.dat,33.625_-102.875,1693,NAmerica,dep50-50,289.062,2.803
125,IDX_33.625_-103.375_dep50-50.dat,33.625_-103.375,3140,NAmerica,dep50-50,288.825,2.958
126,IDX_33.625_-103.625_dep50-50.dat,33.625_-103.625,3028,NAmerica,dep50-50,288.875,3.137
127,IDX_33.625_-115.125_dep50-50.dat,33.625_-115.125,1868,NAmerica,dep50-50,296.314,8.994
128,IDX_33.625_-88.875_dep50-50.dat,33.625_-88.875,5133,NAmerica,dep50-50,290.8,1.0
129,IDX_33.625_-90.625_dep50-50.dat,33.625_-90.625,4404,NAmerica,dep50-50,291.264,0.974
130,IDX_33.625_-91.125_dep50-50.dat,33.625_-91.125,4865,NAmerica,dep50-50,291.345,1.016
131,IDX_33.875_-102.875_dep50-50.dat,33.875_-102.875,2339,NAmerica,dep50-50,288.884,2.793
132,IDX_33.875_-109.625_dep50-50.dat,33.875_-109.625,5544,NAmerica,dep50-50,282.629,2.409
133,IDX_33.875_-109.875_dep50-50.dat,33.875_-109.875,1488,NAmerica,dep50-50,285.025,2.924
134,IDX_33.875_-115.375_dep50-50.dat,33.875_-115.375,1995,NAmerica,dep50-50,295.449,7.656
135,IDX_33.875_-83.375_dep50-50.dat,33.875_-83.375,7009,NAmerica,dep50-50,290.12,1.09
136,IDX_33.875_-90.875_dep50-50.dat,33.875_-90.875,5832,NAmerica,dep50-50,291.095,0.991
137,IDX_34.125_-86.875_dep50-50.dat,34.125_-86.875,4576,NAmerica,dep50-50,290.068,0.961
138,IDX_34.125_-87.375_dep50-50.dat,34.125_-87.375,2933,NAmerica,dep50-50,289.981,0.96
139,IDX_34.125_-89.875_dep50-50.dat,34.125_-89.875,5582,NAmerica,dep50-50,290.64,0.982
140,IDX_34.125_-90.375_dep50-50.dat,34.125_-90.375,4887,NAmerica,dep50-50,290.845,0.936
141,IDX_34.125_-99.375_dep50-50.dat,34.125_-99.375,1517,NAmerica,dep50-50,291.1,1.856
142,IDX_34.375_-105.375_dep50-50.dat,34.375_-105.375,5849,NAmerica,dep50-50,285.823,3.163
143,IDX_34.375_-106.625_dep50-50.dat,34.375_-106.625,2711,NAmerica,dep50-50,288.124,4.515
144,IDX_34.375_-106.875_dep50-50.dat,34.375_-106.875,3426,NAmerica,dep50-50,288.009,3.886
145,IDX_34.375_-111.375_dep50-50.dat,34.375_-111.375,2601,NAmerica,dep50-50,287.285,2.903
146,IDX_34.375_-79.625_dep50-50.dat,34.375_-79.625,5911,NAmerica,dep50-50,290.824,1.119
147,IDX_34.375_-85.875_dep50-50.dat,34.375_-85.875,3618,NAmerica,dep50-50,289.467,0.962
148,IDX_34.375_-86.125_dep50-50.dat,34.375_-86.125,3702,NAmerica,dep50-50,289.604,0.973
149,IDX_34.375_-86.625_dep50-50.dat,34.375_-86.625,3674,NAmerica,dep50-50,289.807,0.959
150,IDX_34.375_-87.125_dep50-50.dat,34.375_-87.125,2160,NAmerica,dep50-50,289.885,0.968
151,IDX_34.375_-89.875_dep50-50.dat,34.375_-89.875,1762,NAmerica,dep50-50,290.398,0.973
152,IDX_34.375_-91.375_dep50-50.dat,34.375_-91.375,2605,NAmerica,dep50-50,290.742,0.978
153,IDX_34.375_-92.125_dep50-50.dat,34.375_-92.125,4368,NAmerica,dep50-50,290.642,1.041
154,IDX_34.625_-115.125_dep50-50.dat,34.625_-115.125,2274,NAmerica,dep50-50,294.454,6.576
155,IDX_34.625_-90.375_dep50-50.dat,34.625_-90.375,6148,NAmerica,dep50-50,290.52,0.966
156,IDX_34.875_-106.875_dep50-50.dat,34.875_-106.875,3672,NAmerica,dep50-50,287.734,3.597
157,IDX_34.875_-111.375_dep50-50.dat,34.875_-111.375,4619,NAmerica,dep50-50,284.516,3.056
158,IDX_34.875_-111.625_dep50-50.dat,34.875_-111.625,2939,NAmerica,dep50-50,285.216,3.021
159,IDX_34.875_-119.375_dep50-50.dat,34.875_-119.375,1357,NAmerica,dep50-50,289.214,3.96
160,IDX_34.875_-86.125_dep50-50.dat,34.875_-86.125,4462,NAmerica,dep50-50,288.954,0.887
161,IDX_34.875_-86.625_dep50-50.dat,34.875_-86.625,6401,NAmerica,dep50-50,289.347,0.913
162,IDX_34.875_-86.875_dep50-50.dat,34.875_-86.875,2757,NAmerica,dep50-50,289.616,0.917
163,IDX_34.875_-87.875_dep50-50.dat,34.875_-87.875,862,NAmerica,dep50-50,289.77,0.966
164,IDX_34.875_-89.375_dep50-50.dat,34.875_-89.375,3249,NAmerica,dep50-50,289.907,0.971
165,IDX_34.875_-90.875_dep50-50.dat,34.875_-90.875,1917,NAmerica,dep50-50,290.305,0.964
166,IDX_34.875_-91.875_dep50-50.dat,34.875_-91.875,5259,NAmerica,dep50-50,290.29,0.96
167,IDX_34.875_-97.875_dep50-50.dat,34.875_-97.875,2764,NAmerica,dep50-50,289.984,1.591
168,IDX_34.875_-98.125_dep35-35.dat,34.875_-98.125,2286,NAmerica,dep35-35,289.895,1.618
169,IDX_35.125_-102.125_dep50-50.dat,35.125_-102.125,5206,NAmerica,dep50-50,287.991,2.424
170,IDX_35.125_-112.125_dep50-50.dat,35.125_-112.125,3432,NAmerica,dep50-50,285.701,3.114
171,IDX_35.125_-119.625_dep50-50.dat,35.125_-119.625,2407,NAmerica,dep50-50,290.653,4.403
172,IDX_35.125_-86.125_dep50-50.dat,35.125_-86.125,5530,NAmerica,dep50-50,288.851,0.897
173,IDX_35.125_-86.625_dep50-50.dat,35.125_-86.625,5297,NAmerica,dep50-50,289.185,0.911
174,IDX_35.125_-86.875_dep50-50.dat,35.125_-86.875,3875,NAmerica,dep50-50,289.209,0.905
175,IDX_35.125_-92.875_dep50-50.dat,35.125_-92.875,4721,NAmerica,dep50-50,289.813,1.064
176,IDX_35.125_-96.625_dep35-35.dat,35.125_-96.625,731,NAmerica,dep35-35,289.949,1.361
177,IDX_35.375_-111.625_dep50-50.dat,35.375_-111.625,2991,NAmerica,dep50-50,283.995,2.772
178,IDX_35.375_-112.125_dep50-50.dat,35.375_-112.125,1897,NAmerica,dep50-50,285.262,3.163
179,IDX_35.375_-115.625_dep50-50.dat,35.375_-115.625,1628,NAmerica,dep50-50,291.605,6.123
180,IDX_35.375_-82.625_dep50-50.dat,35.375_-82.625,3513,NAmerica,dep50-50,285.356,1.044
181,IDX_35.375_-90.375_dep50-50.dat,35.375_-90.375,3475,NAmerica,dep50-50,289.94,0.972
182,IDX_35.375_-96.625_dep35-35.dat,35.375_-96.625,1641,NAmerica,dep35-35,289.823,1.376
183,IDX_35.375_-98.875_dep35-35.dat,35.375_-98.875,3517,NAmerica,dep35-35,289.108,1.808
184,IDX_35.625_-105.875_dep50-50.dat,35.625_-105.875,2208,NAmerica,dep50-50,283.927,3.592
185,IDX_35.625_-95.875_dep35-35.dat,35.625_-95.875,777,NAmerica,dep35-35,289.831,1.219
186,IDX_35.625_-96.875_dep35-35.dat,35.625_-96.875,4010,NAmerica,dep35-35,289.652,1.44
187,IDX_35.625_-98.125_dep35-35.dat,35.625_-98.125,4115,NAmerica,dep35-35,289.193,1.62
188,IDX_35.875_-105.625_dep50-50.dat,35.875_-105.625,1732,NAmerica,dep50-50,279.665,1.965
189,IDX_35.875_-105.875_dep50-50.dat,35.875_-105.875,1299,NAmerica,dep50-50,283.504,3.609
190,IDX_35.875_-106.375_dep50-50.dat,35.875_-106.375,2171,NAmerica,dep50-50,280.933,2.174
191,IDX_35.875_-106.625_dep50-50.dat,35.875_-106.625,2801,NAmerica,dep50-50,280.663,2.318
192,IDX_35.875_-107.625_dep50-50.dat,35.875_-107.625,498,NAmerica,dep50-50,284.498,3.611
193,IDX_35.875_-76.625_dep50-50.dat,35.875_-76.625,5496,NAmerica,dep50-50,289.628,1.003
194,IDX_35.875_-79.125_dep50-50.dat,35.875_-79.125,3199,NAmerica,dep50-50,289.02,1.113
195,IDX_35.875_-91.875_dep50-50.dat,35.875_-91.875,3518,NAmerica,dep50-50,288.737,1.138
196,IDX_36.125_-105.625_dep50-50.dat,36.125_-105.625,2044,NAmerica,dep50-50,280.404,2.722
197,IDX_36.125_-106.125_dep50-50.dat,36.125_-106.125,3093,NAmerica,dep50-50,281.352,2.422
198,IDX_36.125_-106.875_dep50-50.dat,36.125_-106.875,2214,NAmerica,dep50-50,281.786,2.959
199,IDX_36.125_-108.875_dep50-50.dat,36.125_-108.875,2747,NAmerica,dep50-50,282.018,2.252
200,IDX_36.125_-115.625_dep50-50.dat,36.125_-115.625,879,NAmerica,dep50-50,288.83,3.871
201,IDX_36.125_-85.125_dep50-50.dat,36.125_-85.125,3130,NAmerica,dep50-50,287.77,0.867
202,IDX_36.125_-97.125_dep50-50.dat,36.125_-97.125,3578,NAmerica,dep50-50,289.26,1.463
203,IDX_36.125_-99.125_dep35-35.dat,36.125_-99.125,4226,NAmerica,dep35-35,288.213,1.857
204,IDX_36.375_-105.375_dep50-50.dat,36.375_-105.375,2544,NAmerica,dep50-50,278.789,2.568
205,IDX_36.375_-115.625_dep50-50.dat,36.375_-115.625,4229,NAmerica,dep50-50,288.336,3.394
206,IDX_36.375_-115.875_dep50-50.dat,36.375_-115.875,4184,NAmerica,dep50-50,290.091,5.918
207,IDX_36.375_-116.375_dep50-50.dat,36.375_-116.375,1853,NAmerica,dep50-50,292.798,6.891
208,IDX_36.375_-98.375_dep35-35.dat,36.375_-98.375,3120,NAmerica,dep35-35,288.835,1.704
209,IDX_36.625_-101.625_dep50-50.dat,36.625_-101.625,3537,NAmerica,dep50-50,287.37,2.492
210,IDX_36.625_-105.375_dep50-50.dat,36.625_-105.375,3809,NAmerica,dep50-50,278.378,2.552
211,IDX_36.625_-106.375_dep50-50.dat,36.625_-106.375,1770,NAmerica,dep50-50,278.613,2.298
212,IDX_36.625_-108.375_dep50-50.dat,36.625_-108.375,694,NAmerica,dep50-50,285.962,3.683
213,IDX_36.625_-115.125_dep50-50.dat,36.625_-115.125,4185,NAmerica,dep50-50,289.865,4.782
214,IDX_36.625_-116.125_dep50-50.dat,36.625_-116.125,3543,NAmerica,dep50-50,290.929,5.928
215,IDX_36.625_-120.625_dep50-50.dat,36.625_-120.625,1074,NAmerica,dep50-50,290.337,3.955
216,IDX_36.625_-76.875_dep50-50.dat,36.625_-76.875,5662,NAmerica,dep50-50,289.091,0.992
217,IDX_36.625_-80.125_dep50-50.dat,36.625_-80.125,2757,NAmerica,dep50-50,286.66,1.038
218,IDX_36.625_-97.375_dep35-35.dat,36.625_-97.375,4690,NAmerica,dep35-35,288.769,1.43
219,IDX_36.875_-105.125_dep50-50.dat,36.875_-105.125,1220,NAmerica,dep50-50,276.985,2.153
220,IDX_36.875_-89.875_dep50-50.dat,36.875_-89.875,5225,NAmerica,dep50-50,288.267,0.962
221,IDX_36.875_-91.375_dep50-50.dat,36.875_-91.375,569,NAmerica,dep50-50,287.394,1.089
222,IDX_36.875_-96.375_dep35-35.dat,36.875_-96.375,4544,NAmerica,dep35-35,288.125,1.239
223,IDX_36.875_-98.375_dep35-35.dat,36.875_-98.375,4518,NAmerica,dep35-35,288.283,1.634
224,IDX_37.125_-105.125_dep50-50.dat,37.125_-105.125,4155,NAmerica,dep50-50,277.236,2.244
225,IDX_37.125_-112.125_dep50-50.dat,37.125_-112.125,3028,NAmerica,dep50-50,284.475,3.528
226,IDX_37.125_-113.375_dep50-50.dat,37.125_-113.375,3606,NAmerica,dep50-50,288.71,3.551
227,IDX_37.125_-120.875_dep50-50.dat,37.125_-120.875,1992,NAmerica,dep50-50,291.036,3.664
228,IDX_37.125_-86.125_dep50-50.dat,37.125_-86.125,2386,NAmerica,dep50-50,288.111,0.898
229,IDX_37.125_-87.875_dep50-50.dat,37.125_-87.875,4802,NAmerica,dep50-50,288.216,0.988
230,IDX_37.125_-92.375_dep50-50.dat,37.125_-92.375,2518,NAmerica,dep50-50,286.793,1.079
231,IDX_37.125_-93.875_dep50-50.dat,37.125_-93.875,5160,NAmerica,dep50-50,287.478,1.055
232,IDX_37.125_-95.875_dep35-35.dat,37.125_-95.875,4228,NAmerica,dep35-35,288.183,1.234
233,IDX_37.125_-97.125_dep50-50.dat,37.125_-97.125,5132,NAmerica,dep50-50,288.031,1.359
234,IDX_37.125_-97.375_dep35-35.dat,37.125_-97.375,4589,NAmerica,dep35-35,288.008,1.397
235,IDX_37.375_-106.625_dep50-50.dat,37.375_-106.625,3079,NAmerica,dep50-50,274.587,1.777
236,IDX_37.375_-106.875_dep50-50.dat,37.375_-106.875,3034,NAmerica,dep50-50,275.446,1.711
237,IDX_37.375_-108.625_dep50-50.dat,37.375_-108.625,2969,NAmerica,dep50-50,282.993,2.993
238,IDX_37.375_-109.375_dep50-50.dat,37.375_-109.375,4099,NAmerica,dep50-50,286.495,3.92
239,IDX_37.375_-112.625_dep50-50.dat,37.375_-112.625,4782,NAmerica,dep50-50,280.44,2.157
240,IDX_37.375_-113.125_dep50-50.dat,37.375_-113.125,3173,NAmerica,dep50-50,283.962,2.655
241,IDX_37.375_-113.375_dep50-50.dat,37.375_-113.375,4577,NAmerica,dep50-50,285.339,2.725
242,IDX_37.375_-113.875_dep50-50.dat,37.375_-113.875,5443,NAmerica,dep50-50,286.346,3.156
243,IDX_37.375_-117.875_dep50-50.dat,37.375_-117.875,2713,NAmerica,dep50-50,284.351,3.924
244,IDX_37.375_-75.875_dep50-50.dat,37.375_-75.875,2128,NAmerica,dep50-50,288.218,1.264
245,IDX_37.375_-86.125_dep50-50.dat,37.375_-86.125,1609,NAmerica,dep50-50,287.781,0.89
246,IDX_37.375_-94.625_dep50-50.dat,37.375_-94.625,709,NAmerica,dep50-50,287.963,1.05
247,IDX_37.375_-96.125_dep35-35.dat,37.375_-96.125,2957,NAmerica,dep35-35,287.503,1.208
248,IDX_37.375_-99.375_dep35-35.dat,37.375_-99.375,3293,NAmerica,dep35-35,286.858,1.834
249,IDX_37.375_126.875_dep40-40.dat,37.375_126.875,195,Asia,dep40-40,285.357,0.964
250,IDX_37.625_-107.375_dep50-50.dat,37.625_-107.375,3249,NAmerica,dep50-50,273.441,1.353
251,IDX_37.625_-107.875_dep50-50.dat,37.625_-107.875,2850,NAmerica,dep50-50,274.833,1.376
252,IDX_37.625_-108.125_dep50-50.dat,37.625_-108.125,2835,NAmerica,dep50-50,277.288,1.661
253,IDX_37.625_-109.375_dep50-50.dat,37.625_-109.375,4048,NAmerica,dep50-50,283.686,2.854
254,IDX_37.625_-111.375_dep50-50.dat,37.625_-111.375,3285,NAmerica,dep50-50,283.731,3.547
255,IDX_37.625_-112.375_dep50-50.dat,37.625_-112.375,3840,NAmerica,dep50-50,279.29,2.372
256,IDX_37.625_-112.625_dep50-50.dat,37.625_-112.625,4578,NAmerica,dep50-50,279.493,2.261
257,IDX_37.625_-112.875_dep50-50.dat,37.625_-112.875,4911,NAmerica,dep50-50,281.171,2.324
258,IDX_37.625_-113.125_dep50-50.dat,37.625_-113.125,4906,NAmerica,dep50-50,283.508,2.665
259,IDX_37.625_-113.375_dep50-50.dat,37.625_-113.375,4236,NAmerica,dep50-50,284.58,2.826
260,IDX_37.625_-113.625_dep50-50.dat,37.625_-113.625,4208,NAmerica,dep50-50,284.766,2.902
261,IDX_37.625_-113.875_dep50-50.dat,37.625_-113.875,4738,NAmerica,dep50-50,284.511,3.139
262,IDX_37.625_-115.125_dep50-50.dat,37.625_-115.125,790,NAmerica,dep50-50,286.577,4.422
263,IDX_37.625_-118.875_dep50-50.dat,37.625_-118.875,2422,NAmerica,dep50-50,277.274,1.714
264,IDX_37.625_-91.625_dep50-50.dat,37.625_-91.625,3158,NAmerica,dep50-50,286.727,1.108
265,IDX_37.875_-103.875_dep50-50.dat,37.875_-103.875,3268,NAmerica,dep50-50,286.327,2.595
266,IDX_37.875_-105.375_dep50-50.dat,37.875_-105.375,2404,NAmerica,dep50-50,277.56,2.576
267,IDX_37.875_-107.125_dep50-50.dat,37.875_-107.125,2958,NAmerica,dep50-50,273.018,1.626
268,IDX_37.875_-107.875_dep50-50.dat,37.875_-107.875,1557,NAmerica,dep50-50,275.609,1.515
269,IDX_37.875_-108.125_dep50-50.dat,37.875_-108.125,3702,NAmerica,dep50-50,278.024,1.801
270,IDX_37.875_-109.125_dep50-50.dat,37.875_-109.125,3916,NAmerica,dep50-50,283.148,2.848
271,IDX_37.875_-109.375_dep50-50.dat,37.875_-109.375,5207,NAmerica,dep50-50,283.43,2.903
272,IDX_37.875_-110.875_dep50-50.dat,37.875_-110.875,1327,NAmerica,dep50-50,285.095,3.832
273,IDX_37.875_-111.875_dep50-50.dat,37.875_-111.875,4223,NAmerica,dep50-50,279.638,3.046
274,IDX_37.875_-112.375_dep50-50.dat,37.875_-112.375,3045,NAmerica,dep50-50,279.76,2.608
275,IDX_37.875_-112.875_dep50-50.dat,37.875_-112.875,2087,NAmerica,dep50-50,282.794,3.007
276,IDX_37.875_-118.375_dep50-50.dat,37.875_-118.375,3363,NAmerica,dep50-50,281.754,3.249
277,IDX_37.875_-119.875_dep50-50.dat,37.875_-119.875,2795,NAmerica,dep50-50,284.54,1.2
278,IDX_37.875_-79.125_dep50-50.dat,37.875_-79.125,4559,NAmerica,dep50-50,285.324,1.105
279,IDX_37.875_-94.125_dep50-50.dat,37.875_-94.125,438,NAmerica,dep50-50,287.397,1.102
280,IDX_37.875_-97.125_dep35-35.dat,37.875_-97.125,3831,NAmerica,dep35-35,287.002,1.339
281,IDX_37.875_-98.375_dep35-35.dat,37.875_-98.375,3936,NAmerica,dep35-35,286.746,1.572
282,IDX_38.125_-106.625_dep50-50.dat,38.125_-106.625,1948,NAmerica,dep50-50,274.801,2.505
283,IDX_38.125_-109.125_dep50-50.dat,38.125_-109.125,3467,NAmerica,dep50-50,283.198,3.029
284,IDX_38.125_-110.875_dep50-50.dat,38.125_-110.875,1591,NAmerica,dep50-50,285.105,3.634
285,IDX_38.125_-111.375_dep50-50.dat,38.125_-111.375,4627,NAmerica,dep50-50,279.045,2.196
286,IDX_38.125_-112.125_dep50-50.dat,38.125_-112.125,2776,NAmerica,dep50-50,279.695,2.718
287,IDX_38.125_-112.375_dep50-50.dat,38.125_-112.375,3867,NAmerica,dep50-50,279.6,2.344
288,IDX_38.125_-119.125_dep50-50.dat,38.125_-119.125,4287,NAmerica,dep50-50,277.679,1.622
289,IDX_38.125_-120.875_dep40-40.dat,38.125_-120.875,1251,NAmerica,dep40-40,289.5,1.879
290,IDX_38.125_-78.125_dep50-50.dat,38.125_-78.125,6083,NAmerica,dep50-50,287.107,1.068
291,IDX_38.125_-84.625_dep50-50.dat,38.125_-84.625,3501,NAmerica,dep50-50,286.779,0.902
292,IDX_38.125_-95.625_dep35-35.dat,38.125_-95.625,3076,NAmerica,dep35-35,286.921,1.2
293,IDX_38.125_-97.625_dep35-35.dat,38.125_-97.625,3328,NAmerica,dep35-35,286.803,1.443
294,IDX_38.125_-99.375_dep35-35.dat,38.125_-99.375,3279,NAmerica,dep35-35,286.445,1.832
295,IDX_38.375_-106.375_dep50-50.dat,38.375_-106.375,1761,NAmerica,dep50-50,274.562,2.533
296,IDX_38.375_-109.125_dep50-50.dat,38.375_-109.125,3120,NAmerica,dep50-50,283.442,3.053
297,IDX_38.375_-109.375_dep50-50.dat,38.375_-109.375,4914,NAmerica,dep50-50,285.028,3.527
298,IDX_38.375_-112.375_dep50-50.dat,38.375_-112.375,5180,NAmerica,dep50-50,279.968,2.173
299,IDX_38.375_-112.625_dep50-50.dat,38.375_-112.625,3134,NAmerica,dep50-50,282.482,2.616
300,IDX_38.375_-113.125_dep50-50.dat,38.375_-113.125,3185,NAmerica,dep50-50,284.922,3.272
301,IDX_38.375_-119.125_dep50-50.dat,38.375_-119.125,1655,NAmerica,dep50-50,279.776,2.077
302,IDX_38.375_-119.375_dep50-50.dat,38.375_-119.375,4085,NAmerica,dep50-50,278.218,1.704
303,IDX_38.375_-119.625_dep50-50.dat,38.375_-119.625,5043,NAmerica,dep50-50,278.228,1.306
304,IDX_38.375_-120.875_dep40-40.dat,38.375_-120.875,1552,NAmerica,dep40-40,289.497,1.648
305,IDX_38.375_-90.875_dep50-50.dat,38.375_-90.875,452,NAmerica,dep50-50,286.734,1.11
306,IDX_38.375_-97.375_dep35-35.dat,38.375_-97.375,3447,NAmerica,dep35-35,286.715,1.392
307,IDX_38.625_-107.625_dep50-50.dat,38.625_-107.625,2664,NAmerica,dep50-50,280.208,2.591
308,IDX_38.625_-111.625_dep50-50.dat,38.625_-111.625,4109,NAmerica,dep50-50,279.166,2.85
309,IDX_38.625_-111.875_dep50-50.dat,38.625_-111.875,2258,NAmerica,dep50-50,279.797,2.327
310,IDX_38.625_-112.125_dep50-50.dat,38.625_-112.125,2500,NAmerica,dep50-50,280.784,2.27
311,IDX_38.625_-113.875_dep50-50.dat,38.625_-113.875,3160,NAmerica,dep50-50,282.985,3.076
312,IDX_38.625_-119.625_dep50-50.dat,38.625_-119.625,5217,NAmerica,dep50-50,279.483,1.545
313,IDX_38.625_-119.875_dep50-50.dat,38.625_-119.875,5279,NAmerica,dep50-50,279.436,1.243
314,IDX_38.625_-92.125_dep50-50.dat,38.625_-92.125,559,NAmerica,dep50-50,286.638,1.116
315,IDX_38.875_-100.875_dep50-50.dat,38.875_-100.875,3465,NAmerica,dep50-50,285.355,2.076
316,IDX_38.875_-106.625_dep50-50.dat,38.875_-106.625,2627,NAmerica,dep50-50,273.206,1.872
317,IDX_38.875_-106.875_dep50-50.dat,38.875_-106.875,4262,NAmerica,dep50-50,274.224,1.784
318,IDX_38.875_-111.625_dep50-50.dat,38.875_-111.625,5126,NAmerica,dep50-50,280.113,2.535
319,IDX_38.875_-112.375_dep50-50.dat,38.875_-112.375,3767,NAmerica,dep50-50,284.258,2.798
320,IDX_38.875_-119.875_dep50-50.dat,38.875_-119.875,5294,NAmerica,dep50-50,280.207,1.406
321,IDX_38.875_-120.125_dep50-50.dat,38.875_-120.125,5659,NAmerica,dep50-50,280.374,1.101
322,IDX_38.875_-86.625_dep50-50.dat,38.875_-86.625,1843,NAmerica,dep50-50,286.243,0.935
323,IDX_38.875_-94.125_dep50-50.dat,38.875_-94.125,2337,NAmerica,dep50-50,286.397,1.12
324,IDX_38.875_100.375_dep40-40.dat,38.875_100.375,83,Asia,dep40-40,280.055,2.806
325,IDX_39.125_-106.125_dep50-50.dat,39.125_-106.125,2932,NAmerica,dep50-50,272.424,1.717
326,IDX_39.125_-106.625_dep50-50.dat,39.125_-106.625,2813,NAmerica,dep50-50,273.264,1.659
327,IDX_39.125_-107.125_dep50-50.dat,39.125_-107.125,1121,NAmerica,dep50-50,275.94,1.576
328,IDX_39.125_-107.875_dep50-50.dat,39.125_-107.875,1718,NAmerica,dep50-50,279.451,1.731
329,IDX_39.125_-110.125_dep50-50.dat,39.125_-110.125,4135,NAmerica,dep50-50,285.174,3.904
330,IDX_39.125_-111.375_dep50-50.dat,39.125_-111.375,5151,NAmerica,dep50-50,279.169,2.46
331,IDX_39.125_-111.625_dep50-50.dat,39.125_-111.625,4969,NAmerica,dep50-50,281.246,2.365
332,IDX_39.125_-112.375_dep50-50.dat,39.125_-112.375,4128,NAmerica,dep50-50,285.681,3.244
333,IDX_39.125_-113.375_dep50-50.dat,39.125_-113.375,3084,NAmerica,dep50-50,285.242,3.634
334,IDX_39.125_-114.375_dep50-50.dat,39.125_-114.375,2223,NAmerica,dep50-50,280.432,2.347
335,IDX_39.125_-114.625_dep50-50.dat,39.125_-114.625,1572,NAmerica,dep50-50,280.799,2.579
336,IDX_39.125_-114.875_dep50-50.dat,39.125_-114.875,3168,NAmerica,dep50-50,281.309,2.593
337,IDX_39.125_-119.875_dep50-50.dat,39.125_-119.875,4487,NAmerica,dep50-50,281.155,1.69
338,IDX_39.125_-120.125_dep50-50.dat,39.125_-120.125,5548,NAmerica,dep50-50,280.288,1.247
339,IDX_39.125_-120.375_dep50-50.dat,39.125_-120.375,4328,NAmerica,dep50-50,282.178,1.039
340,IDX_39.125_-76.875_dep50-50.dat,39.125_-76.875,4166,NAmerica,dep50-50,286.735,0.972
341,IDX_39.125_-79.375_dep50-50.dat,39.125_-79.375,2410,NAmerica,dep50-50,282.426,0.808
342,IDX_39.125_-90.875_dep50-50.dat,39.125_-90.875,1126,NAmerica,dep50-50,286.299,1.06
343,IDX_39.125_-92.125_dep50-50.dat,39.125_-92.125,497,NAmerica,dep50-50,286.233,1.067
344,IDX_39.125_-95.125_dep50-50.dat,39.125_-95.125,1848,NAmerica,dep50-50,286.158,1.162
345,IDX_39.125_-96.625_dep50-50.dat,39.125_-96.625,669,NAmerica,dep50-50,286.386,1.346
346,IDX_39.375_-105.875_dep50-50.dat,39.375_-105.875,3202,NAmerica,dep50-50,272.17,1.702
347,IDX_39.375_-106.125_dep50-50.dat,39.375_-106.125,3064,NAmerica,dep50-50,271.975,1.579
348,IDX_39.375_-109.625_dep50-50.dat,39.375_-109.625,4329,NAmerica,dep50-50,281.473,2.116
349,IDX_39.375_-111.375_dep50-50.dat,39.375_-111.375,4177,NAmerica,dep50-50,278.772,2.068
350,IDX_39.375_-111.625_dep50-50.dat,39.375_-111.625,3837,NAmerica,dep50-50,281.166,2.253
351,IDX_39.375_-112.125_dep50-50.dat,39.375_-112.125,2633,NAmerica,dep50-50,284.096,2.487
352,IDX_39.375_-114.625_dep50-50.dat,39.375_-114.625,4198,NAmerica,dep50-50,280.897,2.518
353,IDX_39.375_-115.875_dep50-50.dat,39.375_-115.875,2328,NAmerica,dep50-50,281.818,2.819
354,IDX_39.375_-117.125_dep50-50.dat,39.375_-117.125,4557,NAmerica,dep50-50,281.863,2.636
355,IDX_39.375_-117.625_dep50-50.dat,39.375_-117.625,3168,NAmerica,dep50-50,283.088,2.796
356,IDX_39.375_-119.875_dep50-50.dat,39.375_-119.875,4188,NAmerica,dep50-50,281.494,1.919
357,IDX_39.375_-120.125_dep50-50.dat,39.375_-120.125,4944,NAmerica,dep50-50,280.377,1.508
358,IDX_39.375_-120.375_dep50-50.dat,39.375_-120.375,5374,NAmerica,dep50-50,280.921,1.137
359,IDX_39.625_-105.875_dep50-50.dat,39.625_-105.875,2518,NAmerica,dep50-50,272.522,1.679
360,IDX_39.625_-106.125_dep50-50.dat,39.625_-106.125,3116,NAmerica,dep50-50,273.167,1.686
361,IDX_39.625_-110.375_dep50-50.dat,39.625_-110.375,3162,NAmerica,dep50-50,280.759,2.784
362,IDX_39.625_-110.875_dep50-50.dat,39.625_-110.875,3432,NAmerica,dep50-50,278.904,2.328
363,IDX_39.625_-111.375_dep50-50.dat,39.625_-111.375,4101,NAmerica,dep50-50,279.061,2.09
364,IDX_39.625_-111.625_dep50-50.dat,39.625_-111.625,1932,NAmerica,dep50-50,280.93,2.058
365,IDX_39.625_-111.875_dep50-50.dat,39.625_-111.875,3892,NAmerica,dep50-50,282.394,2.082
366,IDX_39.625_-113.875_dep50-50.dat,39.625_-113.875,1436,NAmerica,dep50-50,282.782,2.74
367,IDX_39.625_-114.625_dep50-50.dat,39.625_-114.625,2243,NAmerica,dep50-50,281.253,2.658
368,IDX_39.625_-115.875_dep50-50.dat,39.625_-115.875,3993,NAmerica,dep50-50,281.709,2.678
369,IDX_39.625_-96.125_dep50-50.dat,39.625_-96.125,2393,NAmerica,dep50-50,285.646,1.233
370,IDX_39.875_-105.875_dep50-50.dat,39.875_-105.875,4263,NAmerica,dep50-50,274.065,1.978
371,IDX_39.875_-106.125_dep50-50.dat,39.875_-106.125,2995,NAmerica,dep50-50,275.083,1.982
372,IDX_39.875_-107.625_dep50-50.dat,39.875_-107.625,4116,NAmerica,dep50-50,277.882,1.894
373,IDX_39.875_-110.875_dep50-50.dat,39.875_-110.875,4469,NAmerica,dep50-50,278.155,2.12
374,IDX_39.875_-111.375_dep50-50.dat,39.875_-111.375,4541,NAmerica,dep50-50,280.105,2.205
375,IDX_39.875_-111.625_dep50-50.dat,39.875_-111.625,4850,NAmerica,dep50-50,281.947,2.128
376,IDX_39.875_-112.375_dep50-50.dat,39.875_-112.375,3942,NAmerica,dep50-50,284.269,2.751
377,IDX_39.875_-114.125_dep50-50.dat,39.875_-114.125,1421,NAmerica,dep50-50,282.39,2.827
378,IDX_39.875_-75.875_dep50-50.dat,39.875_-75.875,2851,NAmerica,dep50-50,285.803,0.884
379,IDX_39.875_-83.375_dep50-50.dat,39.875_-83.375,1181,NAmerica,dep50-50,284.61,0.892
380,IDX_39.875_-90.875_dep30-50.dat,39.875_-90.875,3638,NAmerica,dep30-50,285.414,1.074
381,IDX_39.875_-93.125_dep50-50.dat,39.875_-93.125,543,NAmerica,dep50-50,285.353,1.084
382,IDX_39.875_-99.375_dep50-50.dat,39.875_-99.375,5083,NAmerica,dep50-50,284.834,1.619
383,IDX_40.125_-105.625_dep50-50.dat,40.125_-105.625,3403,NAmerica,dep50-50,274.329,1.808
384,IDX_40.125_-106.625_dep50-50.dat,40.125_-106.625,3516,NAmerica,dep50-50,276.231,1.732
385,IDX_40.125_-108.875_dep50-50.dat,40.125_-108.875,2423,NAmerica,dep50-50,282.471,2.792
386,IDX_40.125_-110.375_dep50-50.dat,40.125_-110.375,2873,NAmerica,dep50-50,280.797,2.449
387,IDX_40.125_-111.125_dep50-50.dat,40.125_-111.125,4301,NAmerica,dep50-50,277.702,2.04
388,IDX_40.125_-111.375_dep50-50.dat,40.125_-111.375,1678,NAmerica,dep50-50,279.845,2.134
389,IDX_40.125_-118.125_dep50-50.dat,40.125_-118.125,2193,NAmerica,dep50-50,285.951,3.34
390,IDX_40.125_-88.375_dep50-50.dat,40.125_-88.375,2418,NAmerica,dep50-50,284.935,1.0
391,IDX_40.375_-101.625_dep50-50.dat,40.375_-101.625,3551,NAmerica,dep50-50,284.122,1.954
392,IDX_40.375_-105.875_dep50-50.dat,40.375_-105.875,1640,NAmerica,dep50-50,274.064,1.789
393,IDX_40.375_-106.375_dep50-50.dat,40.375_-106.375,3086,NAmerica,dep50-50,275.19,1.649
394,IDX_40.375_-109.375_dep50-50.dat,40.375_-109.375,2887,NAmerica,dep50-50,282.074,2.975
395,IDX_40.375_-110.375_dep50-50.dat,40.375_-110.375,3514,NAmerica,dep50-50,277.988,2.046
396,IDX_40.375_-111.125_dep50-50.dat,40.375_-111.125,4886,NAmerica,dep50-50,276.864,1.68
397,IDX_40.375_-111.375_dep50-50.dat,40.375_-111.375,3914,NAmerica,dep50-50,278.577,1.692
398,IDX_40.375_-111.625_dep50-50.dat,40.375_-111.625,4864,NAmerica,dep50-50,281.169,1.732
399,IDX_40.375_-112.125_dep50-50.dat,40.375_-112.125,4169,NAmerica,dep50-50,283.649,2.01
400,IDX_40.375_-112.375_dep50-50.dat,40.375_-112.375,2173,NAmerica,dep50-50,284.077,2.162
401,IDX_40.375_-112.625_dep50-50.dat,40.375_-112.625,4694,NAmerica,dep50-50,284.883,2.443
402,IDX_40.375_-115.625_dep50-50.dat,40.375_-115.625,4729,NAmerica,dep50-50,281.04,2.157
403,IDX_40.375_-116.875_dep50-50.dat,40.375_-116.875,4187,NAmerica,dep50-50,283.663,2.811
404,IDX_40.375_-81.875_dep50-50.dat,40.375_-81.875,1533,NAmerica,dep50-50,284.409,0.926
405,IDX_40.375_-89.875_dep50-50.dat,40.375_-89.875,3580,NAmerica,dep50-50,285.0,1.071
406,IDX_40.375_-93.625_dep50-50.dat,40.375_-93.625,3722,NAmerica,dep50-50,284.616,1.074
407,IDX_40.625_-105.875_dep50-50.dat,40.625_-105.875,1501,NAmerica,dep50-50,274.526,1.94
408,IDX_40.625_-106.875_dep50-50.dat,40.625_-106.875,3933,NAmerica,dep50-50,276.856,1.667
409,IDX_40.625_-109.625_dep50-50.dat,40.625_-109.625,4684,NAmerica,dep50-50,278.217,1.79
410,IDX_40.625_-109.875_dep50-50.dat,40.625_-109.875,3297,NAmerica,dep50-50,276.98,1.839
411,IDX_40.625_-110.375_dep50-50.dat,40.625_-110.375,4199,NAmerica,dep50-50,274.728,1.514
412,IDX_40.625_-110.625_dep50-50.dat,40.625_-110.625,4260,NAmerica,dep50-50,275.198,1.682
413,IDX_40.625_-110.875_dep50-50.dat,40.625_-110.875,3365,NAmerica,dep50-50,275.951,1.875
414,IDX_40.625_-111.125_dep50-50.dat,40.625_-111.125,4110,NAmerica,dep50-50,276.885,1.567
415,IDX_40.625_-111.625_dep50-50.dat,40.625_-111.625,4127,NAmerica,dep50-50,280.844,1.652
416,IDX_40.625_-112.125_dep50-50.dat,40.625_-112.125,4302,NAmerica,dep50-50,284.576,2.191
417,IDX_40.625_-112.375_dep50-50.dat,40.625_-112.375,1842,NAmerica,dep50-50,284.574,2.465
418,IDX_40.625_-115.375_dep50-50.dat,40.625_-115.375,4348,NAmerica,dep50-50,280.62,2.052
419,IDX_40.625_-120.625_dep50-50.dat,40.625_-120.625,2383,NAmerica,dep50-50,281.563,2.007
420,IDX_40.625_-122.625_dep50-50.dat,40.625_-122.625,2603,NAmerica,dep50-50,286.017,1.271
421,IDX_40.625_-76.625_dep50-50.dat,40.625_-76.625,6329,NAmerica,dep50-50,284.556,0.939
422,IDX_40.625_-77.875_dep50-50.dat,40.625_-77.875,5231,NAmerica,dep50-50,283.342,0.928
423,IDX_40.625_-96.875_dep50-50.dat,40.625_-96.875,3156,NAmerica,dep50-50,284.66,1.329
424,IDX_40.875_-104.625_dep50-50.dat,40.875_-104.625,6193,NAmerica,dep50-50,282.374,2.095
425,IDX_40.875_-104.875_dep50-50.dat,40.875_-104.875,2599,NAmerica,dep50-50,281.384,1.79
426,IDX_40.875_-106.625_dep50-50.dat,40.875_-106.625,4025,NAmerica,dep50-50,275.489,1.599
427,IDX_40.875_-106.875_dep50-50.dat,40.875_-106.875,2522,NAmerica,dep50-50,276.185,1.569
428,IDX_40.875_-109.875_dep50-50.dat,40.875_-109.875,3338,NAmerica,dep50-50,276.524,1.468
429,IDX_40.875_-110.125_dep50-50.dat,40.875_-110.125,3745,NAmerica,dep50-50,275.625,1.412
430,IDX_40.875_-110.375_dep50-50.dat,40.875_-110.375,3653,NAmerica,dep50-50,275.067,1.347
431,IDX_40.875_-110.625_dep50-50.dat,40.875_-110.625,4313,NAmerica,dep50-50,275.915,1.503
432,IDX_40.875_-110.875_dep50-50.dat,40.875_-110.875,4864,NAmerica,dep50-50,276.976,1.787
433,IDX_40.875_-111.125_dep50-50.dat,40.875_-111.125,4859,NAmerica,dep50-50,277.884,1.772
434,IDX_40.875_-111.625_dep50-50.dat,40.875_-111.625,5964,NAmerica,dep50-50,280.908,1.793
435,IDX_40.875_-111.875_dep50-50.dat,40.875_-111.875,4734,NAmerica,dep50-50,283.706,2.225
436,IDX_40.875_-115.125_dep50-50.dat,40.875_-115.125,4436,NAmerica,dep50-50,280.685,2.279
437,IDX_40.875_-117.625_dep50-50.dat,40.875_-117.625,2269,NAmerica,dep50-50,284.134,2.848
438,IDX_40.875_-119.875_dep50-50.dat,40.875_-119.875,695,NAmerica,dep50-50,281.895,2.324
439,IDX_40.875_-122.625_dep50-50.dat,40.875_-122.625,1468,NAmerica,dep50-50,283.802,1.206
440,IDX_40.875_-96.375_dep50-50.dat,40.875_-96.375,3402,NAmerica,dep50-50,284.629,1.266
441,IDX_40.875_-96.625_dep50-50.dat,40.875_-96.625,2252,NAmerica,dep50-50,284.534,1.294
442,IDX_41.125_-105.375_dep50-50.dat,41.125_-105.375,3063,NAmerica,dep50-50,278.145,1.965
443,IDX_41.125_-106.125_dep50-50.dat,41.125_-106.125,2768,NAmerica,dep50-50,275.458,1.83
444,IDX_41.125_-106.625_dep50-50.dat,41.125_-106.625,1596,NAmerica,dep50-50,276.118,1.726
445,IDX_41.125_-106.875_dep50-50.dat,41.125_-106.875,2513,NAmerica,dep50-50,276.768,1.642
446,IDX_41.125_-111.375_dep50-50.dat,41.125_-111.375,2326,NAmerica,dep50-50,278.652,1.689
447,IDX_41.125_-111.625_dep50-50.dat,41.125_-111.625,3638,NAmerica,dep50-50,280.258,1.82
448,IDX_41.125_-116.125_dep50-50.dat,41.125_-116.125,4069,NAmerica,dep50-50,280.732,2.072
449,IDX_41.125_-120.625_dep50-50.dat,41.125_-120.625,937,NAmerica,dep50-50,282.242,2.03
450,IDX_41.375_-106.375_dep50-50.dat,41.375_-106.375,1147,NAmerica,dep50-50,276.64,1.836
451,IDX_41.375_-107.375_dep50-50.dat,41.375_-107.375,4556,NAmerica,dep50-50,279.045,1.981
452,IDX_41.375_-111.125_dep50-50.dat,41.375_-111.125,2820,NAmerica,dep50-50,278.412,1.808
453,IDX_41.375_-111.375_dep50-50.dat,41.375_-111.375,4792,NAmerica,dep50-50,278.238,1.639
454,IDX_41.375_-111.625_dep50-50.dat,41.375_-111.625,4221,NAmerica,dep50-50,279.635,1.744
455,IDX_41.375_-111.875_dep50-50.dat,41.375_-111.875,5284,NAmerica,dep50-50,282.017,2.008
456,IDX_41.375_-116.375_dep50-50.dat,41.375_-116.375,2517,NAmerica,dep50-50,281.07,2.117
457,IDX_41.375_-119.125_dep50-50.dat,41.375_-119.125,2074,NAmerica,dep50-50,281.793,2.712
458,IDX_41.375_-71.625_dep50-50.dat,41.375_-71.625,3082,NAmerica,dep50-50,284.299,0.957
459,IDX_41.625_-111.375_dep50-50.dat,41.625_-111.375,4104,NAmerica,dep50-50,278.267,1.618
460,IDX_41.625_-112.625_dep50-50.dat,41.625_-112.625,2362,NAmerica,dep50-50,284.096,2.856
461,IDX_41.625_-115.375_dep50-50.dat,41.625_-115.375,4719,NAmerica,dep50-50,278.789,1.921
462,IDX_41.625_-115.875_dep50-50.dat,41.625_-115.875,1543,NAmerica,dep50-50,279.296,1.809
463,IDX_41.625_-116.125_dep50-50.dat,41.625_-116.125,4634,NAmerica,dep50-50,280.617,1.944
464,IDX_41.625_-117.625_dep50-50.dat,41.625_-117.625,5394,NAmerica,dep50-50,282.532,2.762
465,IDX_41.625_-93.375_dep50-50.dat,41.625_-93.375,2846,NAmerica,dep50-50,283.411,1.024
466,IDX_41.875_-111.375_dep50-50.dat,41.875_-111.375,2413,NAmerica,dep50-50,278.771,1.649
467,IDX_41.875_-111.625_dep50-50.dat,41.875_-111.625,5033,NAmerica,dep50-50,279.719,1.696
468,IDX_41.875_-111.875_dep50-50.dat,41.875_-111.875,3537,NAmerica,dep50-50,281.533,1.877
469,IDX_41.875_-112.375_dep50-50.dat,41.875_-112.375,2049,NAmerica,dep50-50,282.661,1.999
470,IDX_41.875_-113.375_dep50-50.dat,41.875_-113.375,2613,NAmerica,dep50-50,280.837,2.148
471,IDX_41.875_-113.875_dep50-50.dat,41.875_-113.875,2854,NAmerica,dep50-50,280.228,2.168
472,IDX_41.875_-115.375_dep50-50.dat,41.875_-115.375,3912,NAmerica,dep50-50,279.592,1.838
473,IDX_41.875_-115.625_dep50-50.dat,41.875_-115.625,3542,NAmerica,dep50-50,279.612,1.815
474,IDX_41.875_-116.125_dep50-50.dat,41.875_-116.125,4782,NAmerica,dep50-50,281.016,1.964
475,IDX_41.875_-117.625_dep50-50.dat,41.875_-117.625,4712,NAmerica,dep50-50,282.307,2.799
476,IDX_41.875_-118.125_dep50-50.dat,41.875_-118.125,4967,NAmerica,dep50-50,282.086,2.38
477,IDX_41.875_-119.375_dep50-50.dat,41.875_-119.375,5980,NAmerica,dep50-50,281.001,2.679
478,IDX_41.875_-73.625_dep50-50.dat,41.875_-73.625,2673,NAmerica,dep50-50,283.754,0.956
479,IDX_41.875_-88.875_dep50-50.dat,41.875_-88.875,2657,NAmerica,dep50-50,283.041,0.971
480,IDX_42.125_-101.375_dep50-50.dat,42.125_-101.375,2786,NAmerica,dep50-50,282.032,1.627
481,IDX_42.125_-106.125_dep50-50.dat,42.125_-106.125,4242,NAmerica,dep50-50,278.16,1.767
482,IDX_42.125_-111.625_dep50-50.dat,42.125_-111.625,3804,NAmerica,dep50-50,279.505,1.694
483,IDX_42.125_-114.375_dep50-50.dat,42.125_-114.375,3630,NAmerica,dep50-50,281.71,2.119
484,IDX_42.125_-115.125_dep50-50.dat,42.125_-115.125,3915,NAmerica,dep50-50,281.954,2.129
485,IDX_42.125_-121.375_dep50-50.dat,42.125_-121.375,4955,NAmerica,dep50-50,282.873,2.243
486,IDX_42.125_-93.625_dep50-50.dat,42.125_-93.625,2548,NAmerica,dep50-50,282.717,1.008
487,IDX_42.375_-103.625_dep50-50.dat,42.375_-103.625,2750,NAmerica,dep50-50,282.138,1.842
488,IDX_42.375_-105.625_dep50-50.dat,42.375_-105.625,3556,NAmerica,dep50-50,278.223,1.512
489,IDX_42.375_-105.875_dep50-50.dat,42.375_-105.875,4009,NAmerica,dep50-50,277.633,1.634
490,IDX_42.375_-110.875_dep50-50.dat,42.375_-110.875,1244,NAmerica,dep50-50,276.691,1.685
491,IDX_42.375_-111.125_dep50-50.dat,42.375_-111.125,3979,NAmerica,dep50-50,277.517,1.644
492,IDX_42.375_-76.125_dep50-50.dat,42.375_-76.125,2425,NAmerica,dep50-50,281.56,0.801
493,IDX_42.375_-83.625_dep50-50.dat,42.375_-83.625,874,NAmerica,dep50-50,282.73,1.07
494,IDX_42.375_-95.875_dep50-50.dat,42.375_-95.875,4602,NAmerica,dep50-50,282.736,1.137
495,IDX_42.625_-108.875_dep50-50.dat,42.625_-108.875,311,NAmerica,dep50-50,275.711,1.712
496,IDX_42.625_-109.125_dep50-50.dat,42.625_-109.125,1828,NAmerica,dep50-50,274.848,1.799
497,IDX_42.625_-109.375_dep50-50.dat,42.625_-109.375,3640,NAmerica,dep50-50,275.263,1.856
498,IDX_42.625_-110.875_dep50-50.dat,42.625_-110.875,1892,NAmerica,dep50-50,276.582,1.53
499,IDX_42.625_-116.625_dep50-50.dat,42.625_-116.625,4003,NAmerica,dep50-50,281.23,2.222
500,IDX_42.625_-90.375_dep50-50.dat,42.625_-90.375,1567,NAmerica,dep50-50,282.361,1.016
501,IDX_42.875_-111.375_dep50-50.dat,42.875_-111.375,3638,NAmerica,dep50-50,277.986,1.528
502,IDX_42.875_-112.375_dep50-50.dat,42.875_-112.375,1879,NAmerica,dep50-50,282.28,2.237
503,IDX_42.875_-116.875_dep50-50.dat,42.875_-116.875,3800,NAmerica,dep50-50,281.699,2.059
504,IDX_42.875_-77.125_dep50-50.dat,42.875_-77.125,3684,NAmerica,dep50-50,282.483,0.864
505,IDX_42.875_12.125_dep35-45.dat,42.875_12.125,657,Europe,dep35-45,287.119,1.1
506,IDX_42.875_12.625_dep35-45.dat,42.875_12.625,130,Europe,dep35-45,286.996,1.127
507,IDX_43.125_-110.125_dep50-50.dat,43.125_-110.125,2070,NAmerica,dep50-50,274.727,1.454
508,IDX_43.125_-111.625_dep50-50.dat,43.125_-111.625,3328,NAmerica,dep50-50,279.261,1.651
509,IDX_43.125_-116.875_dep50-50.dat,43.125_-116.875,5545,NAmerica,dep50-50,282.74,2.146
510,IDX_43.125_-73.125_dep50-50.dat,43.125_-73.125,4599,NAmerica,dep50-50,280.871,0.817
511,IDX_43.125_12.125_dep35-45.dat,43.125_12.125,834,Europe,dep35-45,287.116,1.124
512,IDX_43.125_12.375_dep35-45.dat,43.125_12.375,313,Europe,dep35-45,286.935,1.044
513,IDX_43.375_-109.875_dep50-50.dat,43.375_-109.875,130,NAmerica,dep50-50,272.945,1.424
514,IDX_43.375_-110.375_dep50-50.dat,43.375_-110.375,1240,NAmerica,dep50-50,274.652,1.379
515,IDX_43.375_-116.125_dep50-50.dat,43.375_-116.125,5209,NAmerica,dep50-50,285.713,2.83
516,IDX_43.375_-119.625_dep50-50.dat,43.375_-119.625,3126,NAmerica,dep50-50,282.198,2.447
517,IDX_43.375_12.125_dep35-45.dat,43.375_12.125,2879,Europe,dep35-45,286.013,1.015
518,IDX_43.375_12.375_dep35-45.dat,43.375_12.375,526,Europe,dep35-45,285.903,1.044
519,IDX_43.375_12.625_dep35-45.dat,43.375_12.625,2131,Europe,dep35-45,285.832,1.067
520,IDX_43.625_-109.375_dep50-50.dat,43.625_-109.375,344,NAmerica,dep50-50,273.524,1.866
521,IDX_43.625_-113.875_dep50-50.dat,43.625_-113.875,3721,NAmerica,dep50-50,275.661,1.891
522,IDX_43.625_-114.125_dep50-50.dat,43.625_-114.125,2920,NAmerica,dep50-50,275.841,1.889
523,IDX_43.625_-114.625_dep50-50.dat,43.625_-114.625,1237,NAmerica,dep50-50,275.752,1.551
524,IDX_43.625_-96.625_dep50-50.dat,43.625_-96.625,3708,NAmerica,dep50-50,281.204,1.166
525,IDX_43.625_12.125_dep35-45.dat,43.625_12.125,138,Europe,dep35-45,284.727,0.904
526,IDX_43.625_12.375_dep35-45.dat,43.625_12.375,2956,Europe,dep35-45,285.345,0.983
527,IDX_43.875_-110.125_dep50-50.dat,43.875_-110.125,3036,NAmerica,dep50-50,273.894,1.285
528,IDX_43.875_-110.875_dep50-50.dat,43.875_-110.875,1741,NAmerica,dep50-50,276.09,1.121
529,IDX_43.875_-114.375_dep50-50.dat,43.875_-114.375,3280,NAmerica,dep50-50,274.461,1.534
530,IDX_43.875_-114.625_dep50-50.dat,43.875_-114.625,1682,NAmerica,dep50-50,274.423,1.407
531,IDX_43.875_-115.125_dep50-50.dat,43.875_-115.125,4566,NAmerica,dep50-50,276.011,1.183
532,IDX_43.875_-116.125_dep50-50.dat,43.875_-116.125,4874,NAmerica,dep50-50,282.6,1.861
533,IDX_43.875_-71.625_dep50-50.dat,43.875_-71.625,4314,NAmerica,dep50-50,279.05,0.807
534,IDX_43.875_-72.125_dep38-38.dat,43.875_-72.125,4789,NAmerica,dep38-38,279.542,0.848
535,IDX_44.125_-100.375_dep50-50.dat,44.125_-100.375,2439,NAmerica,dep50-50,282.077,1.631
536,IDX_44.125_-110.625_dep50-50.dat,44.125_-110.625,3614,NAmerica,dep50-50,275.41,1.124
537,IDX_44.125_-113.375_dep50-50.dat,44.125_-113.375,2493,NAmerica,dep50-50,275.459,1.809
538,IDX_44.125_-115.375_dep50-50.dat,44.125_-115.375,3779,NAmerica,dep50-50,277.017,1.244
539,IDX_44.125_-90.125_dep50-50.dat,44.125_-90.125,2638,NAmerica,dep50-50,281.316,1.125
540,IDX_44.375_-0.625_dep45-45.dat,44.375_-0.625,1793,Europe,dep45-45,287.322,1.192
541,IDX_44.375_-0.875_dep45-45.dat,44.375_-0.875,2116,Europe,dep45-45,287.608,1.295
542,IDX_44.375_-110.625_dep50-50.dat,44.375_-110.625,918,NAmerica,dep50-50,274.728,1.21
543,IDX_44.375_-111.875_dep50-50.dat,44.375_-111.875,2694,NAmerica,dep50-50,276.878,1.888
544,IDX_44.375_-115.125_dep50-50.dat,44.375_-115.125,3198,NAmerica,dep50-50,275.659,1.316
545,IDX_44.375_-116.375_dep50-50.dat,44.375_-116.375,5306,NAmerica,dep50-50,281.92,1.582
546,IDX_44.375_-123.375_dep50-50.dat,44.375_-123.375,646,NAmerica,dep50-50,284.112,0.805
547,IDX_44.625_-104.375_dep50-50.dat,44.625_-104.375,2085,NAmerica,dep50-50,280.702,1.637
548,IDX_44.625_-107.125_dep50-50.dat,44.625_-107.125,619,NAmerica,dep50-50,276.006,0.94
549,IDX_44.625_-107.375_dep50-50.dat,44.625_-107.375,370,NAmerica,dep50-50,275.875,1.232
550,IDX_44.625_-107.625_dep50-50.dat,44.625_-107.625,330,NAmerica,dep50-50,277.383,1.561
551,IDX_44.625_-111.125_dep50-50.dat,44.625_-111.125,161,NAmerica,dep50-50,275.15,1.497
552,IDX_44.625_-111.875_dep50-50.dat,44.625_-111.875,228,NAmerica,dep50-50,275.23,1.657
553,IDX_44.625_-119.625_dep50-50.dat,44.625_-119.625,2844,NAmerica,dep50-50,281.949,1.906
554,IDX_44.625_-72.875_dep50-50.dat,44.625_-72.875,2933,NAmerica,dep50-50,280.319,0.82
555,IDX_44.625_11.625_dep45-45.dat,44.625_11.625,455,Europe,dep45-45,288.304,1.1
556,IDX_44.875_-116.125_dep50-50.dat,44.875_-116.125,4524,NAmerica,dep50-50,277.953,1.121
557,IDX_44.875_-68.625_dep50-50.dat,44.875_-68.625,2160,NAmerica,dep50-50,280.244,0.805
558,IDX_44.875_-84.625_dep50-50.dat,44.875_-84.625,2242,NAmerica,dep50-50,279.826,1.016
559,IDX_45.375_-74.875_dep50-50.dat,45.375_-74.875,1746,NAmerica,dep50-50,279.804,0.803
560,IDX_45.375_-75.125_dep50-50.dat,45.375_-75.125,1692,NAmerica,dep50-50,279.729,0.827
561,IDX_45.375_-75.625_dep50-50.dat,45.375_-75.625,837,NAmerica,dep50-50,279.618,0.868
562,IDX_45.375_-88.625_dep50-50.dat,45.375_-88.625,2396,NAmerica,dep50-50,278.962,1.135
563,IDX_45.375_-93.875_dep50-50.dat,45.375_-93.875,4571,NAmerica,dep50-50,280.257,1.127
564,IDX_45.625_-103.375_dep50-50.dat,45.625_-103.375,2433,NAmerica,dep50-50,280.493,1.75
565,IDX_45.625_-110.875_dep50-50.dat,45.625_-110.875,331,NAmerica,dep50-50,277.042,1.24
566,IDX_45.625_-99.125_dep50-50.dat,45.625_-99.125,2411,NAmerica,dep50-50,279.491,1.448
567,IDX_45.875_-111.625_dep50-50.dat,45.875_-111.625,3108,NAmerica,dep50-50,279.393,1.917
568,IDX_46.125_-117.375_dep50-50.dat,46.125_-117.375,6217,NAmerica,dep50-50,281.603,1.437
569,IDX_46.125_-117.875_dep50-50.dat,46.125_-117.875,5286,NAmerica,dep50-50,283.04,1.513
570,IDX_46.125_-92.875_dep50-50.dat,46.125_-92.875,1922,NAmerica,dep50-50,279.296,1.126
571,IDX_46.375_-110.625_dep50-50.dat,46.375_-110.625,98,NAmerica,dep50-50,276.368,1.63
572,IDX_46.375_-113.375_dep50-50.dat,46.375_-113.375,495,NAmerica,dep50-50,277.138,1.464
573,IDX_46.375_-114.625_dep50-50.dat,46.375_-114.625,2195,NAmerica,dep50-50,277.018,1.009
574,IDX_46.375_-115.875_dep50-50.dat,46.375_-115.875,2936,NAmerica,dep50-50,282.226,1.091
575,IDX_46.375_-86.875_dep50-50.dat,46.375_-86.875,1959,NAmerica,dep50-50,278.671,1.064
576,IDX_46.625_-115.375_dep50-50.dat,46.625_-115.375,2168,NAmerica,dep50-50,279.8,0.841
577,IDX_46.625_-115.625_dep50-50.dat,46.625_-115.625,4280,NAmerica,dep50-50,280.897,0.928
578,IDX_46.875_-100.875_dep50-50.dat,46.875_-100.875,5025,NAmerica,dep50-50,278.92,1.473
579,IDX_46.875_-110.375_dep50-50.dat,46.875_-110.375,2259,NAmerica,dep50-50,276.67,1.206
580,IDX_46.875_-110.625_dep50-50.dat,46.875_-110.625,259,NAmerica,dep50-50,276.422,1.449
581,IDX_46.875_-110.875_dep50-50.dat,46.875_-110.875,253,NAmerica,dep50-50,276.782,1.44
582,IDX_46.875_-112.625_dep50-50.dat,46.875_-112.625,241,NAmerica,dep50-50,276.309,1.681
583,IDX_46.875_-116.375_dep50-50.dat,46.875_-116.375,1355,NAmerica,dep50-50,281.511,1.09
584,IDX_46.875_-116.875_dep50-50.dat,46.875_-116.875,4603,NAmerica,dep50-50,282.625,1.341
585,IDX_46.875_-117.125_dep50-50.dat,46.875_-117.125,1333,NAmerica,dep50-50,283.339,1.404
586,IDX_46.875_-67.875_dep50-50.dat,46.875_-67.875,1991,NAmerica,dep50-50,277.757,0.648
587,IDX_47.125_-105.125_dep50-50.dat,47.125_-105.125,3250,NAmerica,dep50-50,280.026,1.781
588,IDX_47.125_-109.875_dep50-50.dat,47.125_-109.875,3913,NAmerica,dep50-50,280.342,1.401
589,IDX_47.125_-114.375_dep50-50.dat,47.125_-114.375,261,NAmerica,dep50-50,280.123,1.593
590,IDX_47.125_-116.375_dep50-50.dat,47.125_-116.375,2627,NAmerica,dep50-50,281.246,1.053
591,IDX_47.125_-118.625_dep50-50.dat,47.125_-118.625,6161,NAmerica,dep50-50,285.168,2.582
592,IDX_47.375_-115.625_dep50-50.dat,47.375_-115.625,3249,NAmerica,dep50-50,279.408,0.985
593,IDX_47.375_-117.625_dep50-50.dat,47.375_-117.625,2570,NAmerica,dep50-50,283.488,1.816
594,IDX_47.625_-107.125_dep50-50.dat,47.625_-107.125,3276,NAmerica,dep50-50,280.735,1.863
595,IDX_47.625_-96.375_dep50-50.dat,47.625_-96.375,3870,NAmerica,dep50-50,278.311,1.227
596,IDX_47.875_-104.375_dep50-50.dat,47.875_-104.375,2345,NAmerica,dep50-50,279.329,1.713
597,IDX_47.875_-112.875_dep50-50.dat,47.875_-112.875,258,NAmerica,dep50-50,275.154,1.284
598,IDX_47.875_-114.375_dep50-50.dat,47.875_-114.375,239,NAmerica,dep50-50,279.816,1.644
599,IDX_47.875_-117.125_dep50-50.dat,47.875_-117.125,4682,NAmerica,dep50-50,282.237,1.559
600,IDX_48.125_-116.125_dep50-50.dat,48.125_-116.125,2017,NAmerica,dep50-50,280.789,0.948
601,IDX_48.375_-105.125_dep50-50.dat,48.375_-105.125,2029,NAmerica,dep50-50,278.457,1.74
602,IDX_48.375_-109.875_dep50-50.dat,48.375_-109.875,5667,NAmerica,dep50-50,280.471,1.867
603,IDX_48.375_-111.125_dep50-50.dat,48.375_-111.125,3497,NAmerica,dep50-50,279.951,2.055
604,IDX_48.375_-111.875_dep50-50.dat,48.375_-111.875,3390,NAmerica,dep50-50,279.713,1.958
605,IDX_48.375_-95.875_dep50-50.dat,48.375_-95.875,1112,NAmerica,dep50-50,277.396,1.188
606,IDX_48.375_12.375_dep40-40.dat,48.375_12.375,1215,Europe,dep40-40,283.013,0.771
607,IDX_48.375_12.625_dep40-40.dat,48.375_12.625,133,Europe,dep40-40,283.077,0.76
608,IDX_48.375_12.875_dep40-40.dat,48.375_12.875,1227,Europe,dep40-40,283.266,0.762
609,IDX_48.625_-116.375_dep50-50.dat,48.625_-116.375,3459,NAmerica,dep50-50,279.927,0.902
610,IDX_48.625_-121.375_dep50-50.dat,48.625_-121.375,2937,NAmerica,dep50-50,277.938,0.393
611,IDX_48.625_12.625_dep40-40.dat,48.625_12.625,1290,Europe,dep40-40,283.219,0.9
612,IDX_48.625_12.875_dep40-40.dat,48.625_12.875,1359,Europe,dep40-40,283.271,0.898
613,IDX_48.875_-102.125_dep50-50.dat,48.875_-102.125,2058,NAmerica,dep50-50,277.293,1.406
614,IDX_49.375_-97.875_dep50-50.dat,49.375_-97.875,1272,NAmerica,dep50-50,276.943,1.233
615,IDX_49.625_-97.875_dep50-50.dat,49.625_-97.875,1528,NAmerica,dep50-50,276.811,1.239
616,IDX_49.625_-98.125_dep50-50.dat,49.625_-98.125,1405,NAmerica,dep50-50,276.694,1.213
617,IDX_49.875_-99.375_dep50-50.dat,49.875_-99.375,767,NAmerica,dep50-50,276.106,1.28
618,IDX_50.125_-97.625_dep50-50.dat,50.125_-97.625,1201,NAmerica,dep50-50,276.373,1.258
619,IDX_50.625_6.375_dep50-50.dat,50.625_6.375,3256,Europe,dep50-50,282.724,0.744
620,IDX_50.875_6.375_dep50-50.dat,50.875_6.375,2969,Europe,dep50-50,283.798,0.803
621,IDX_51.125_6.125_dep50-50.dat,51.125_6.125,2548,Europe,dep50-50,284.149,0.798
622,IDX_51.375_-106.625_dep50-50.dat,51.375_-106.625,1358,NAmerica,dep50-50,276.37,1.575
623,IDX_51.375_23.125_dep50-50.dat,51.375_23.125,1538,Europe,dep50-50,282.12,0.954
624,IDX_51.375_23.375_dep40-40.dat,51.375_23.375,1424,Europe,dep40-40,282.069,0.963
625,IDX_51.875_22.625_dep40-40.dat,51.875_22.625,1605,Europe,dep40-40,281.914,0.955
626,IDX_52.125_14.125_dep45-45.dat,52.125_14.125,3584,Europe,dep45-45,283.358,1.018
627,IDX_53.625_22.875_dep50-50.dat,53.625_22.875,229,Europe,dep50-50,281.161,0.926
628,IDX_58.625_-156.625_dep50-50.dat,58.625_-156.625,877,NAmerica,dep50-50,276.205,0.573
629,IDX_59.125_-154.375_dep50-50.dat,59.125_-154.375,1931,NAmerica,dep50-50,275.158,0.258
630,IDX_59.125_-159.125_dep50-50.dat,59.125_-159.125,983,NAmerica,dep50-50,274.173,0.331
631,IDX_59.375_-151.875_dep50-50.dat,59.375_-151.875,2149,NAmerica,dep50-50,278.148,0.339
632,IDX_59.375_-161.125_dep50-50.dat,59.375_-161.125,561,NAmerica,dep50-50,273.131,0.366
633,IDX_59.625_-135.125_dep50-50.dat,59.625_-135.125,1893,NAmerica,dep50-50,270.669,0.214
634,IDX_59.625_-150.625_dep50-50.dat,59.625_-150.625,2153,NAmerica,dep50-50,274.275,0.15
635,IDX_59.875_-151.375_dep50-50.dat,59.875_-151.375,2983,NAmerica,dep50-50,276.772,0.424
636,IDX_59.875_-156.875_dep50-50.dat,59.875_-156.875,140,NAmerica,dep50-50,274.721,0.398
637,IDX_60.125_-149.625_dep50-50.dat,60.125_-149.625,1312,NAmerica,dep50-50,272.91,0.137
638,IDX_60.625_-149.625_dep50-50.dat,60.625_-149.625,919,NAmerica,dep50-50,273.987,0.29
639,IDX_60.625_-150.375_dep50-50.dat,60.625_-150.375,3327,NAmerica,dep50-50,276.796,0.59
640,IDX_61.125_-145.625_dep50-50.dat,61.125_-145.625,1049,NAmerica,dep50-50,269.165,0.164
641,IDX_61.375_-150.125_dep50-50.dat,61.375_-150.125,3039,NAmerica,dep50-50,276.149,0.712
642,IDX_61.375_-165.125_dep50-50.dat,61.375_-165.125,320,NAmerica,dep50-50,272.46,0.593
643,IDX_61.625_-149.125_dep50-50.dat,61.625_-149.125,350,NAmerica,dep50-50,273.176,0.382
644,IDX_61.625_-159.625_dep50-50.dat,61.625_-159.625,1395,NAmerica,dep50-50,272.921,0.616
645,IDX_61.625_21.875_dep50-50.dat,61.625_21.875,844,Europe,dep50-50,278.686,0.879
646,IDX_62.125_-150.125_dep50-50.dat,62.125_-150.125,2688,NAmerica,dep50-50,275.06,0.509
647,IDX_62.625_-150.875_dep50-50.dat,62.625_-150.875,1446,NAmerica,dep50-50,269.912,0.11
648,IDX_62.875_30.875_dep50-50.dat,62.875_30.875,2288,Europe,dep50-50,276.329,0.675
649,IDX_63.375_-142.875_dep50-50.dat,63.375_-142.875,1102,NAmerica,dep50-50,269.485,1.415
650,IDX_63.375_-147.625_dep50-50.dat,63.375_-147.625,1217,NAmerica,dep50-50,268.383,0.429
651,IDX_63.625_-158.125_dep50-50.dat,63.625_-158.125,74,NAmerica,dep50-50,272.361,0.734
652,IDX_63.875_-145.375_dep50-50.dat,63.875_-145.375,1626,NAmerica,dep50-50,271.881,0.824
653,IDX_63.875_-160.625_dep50-50.dat,63.875_-160.625,190,NAmerica,dep50-50,271.378,0.767
654,IDX_64.125_25.375_dep50-50.dat,64.125_25.375,1101,Europe,dep50-50,276.655,0.695
655,IDX_64.625_-148.125_dep50-50.dat,64.625_-148.125,3502,NAmerica,dep50-50,272.271,1.204
656,IDX_64.625_-148.375_dep50-50.dat,64.625_-148.375,3706,NAmerica,dep50-50,272.2,1.204
657,IDX_64.625_-148.875_dep40-40.dat,64.625_-148.875,297,NAmerica,dep40-40,272.281,1.226
658,IDX_64.625_-163.375_dep50-50.dat,64.625_-163.375,752,NAmerica,dep50-50,270.227,0.575
659,IDX_64.875_-146.125_dep50-50.dat,64.875_-146.125,926,NAmerica,dep50-50,270.039,0.873
660,IDX_64.875_-148.375_dep50-50.dat,64.875_-148.375,1899,NAmerica,dep50-50,271.645,1.18
661,IDX_64.875_28.625_dep50-50.dat,64.875_28.625,2238,Europe,dep50-50,275.26,0.623
662,IDX_65.125_-145.875_dep50-50.dat,65.125_-145.875,956,NAmerica,dep50-50,268.647,0.879
663,IDX_65.125_-146.625_dep50-50.dat,65.125_-146.625,1255,NAmerica,dep50-50,269.835,0.869
664,IDX_65.125_-156.625_dep50-50.dat,65.125_-156.625,87,NAmerica,dep50-50,271.169,1.024
665,IDX_65.375_-145.375_dep50-50.dat,65.375_-145.375,1436,NAmerica,dep50-50,267.876,1.09
666,IDX_65.375_-146.125_dep50-50.dat,65.375_-146.125,1371,NAmerica,dep50-50,268.032,0.927
667,IDX_65.375_-146.625_dep50-50.dat,65.375_-146.625,1619,NAmerica,dep50-50,268.469,0.836
668,IDX_65.375_-164.625_dep50-50.dat,65.375_-164.625,294,NAmerica,dep50-50,268.462,0.787
669,IDX_66.125_-151.625_dep50-50.dat,66.125_-151.625,247,NAmerica,dep50-50,269.297,1.054
670,IDX_66.375_29.375_dep50-50.dat,66.375_29.375,1360,Europe,dep50-50,273.974,0.638
671,IDX_66.875_-150.625_dep50-50.dat,66.875_-150.625,1828,NAmerica,dep50-50,268.776,0.728
672,IDX_67.125_26.625_dep40-40.dat,67.125_26.625,1430,Europe,dep40-40,273.997,0.577
673,IDX_67.375_-150.125_dep50-50.dat,67.375_-150.125,1969,NAmerica,dep50-50,265.367,0.731
674,IDX_67.375_26.625_dep40-40.dat,67.375_26.625,2171,Europe,dep40-40,273.881,0.564
675,IDX_67.875_-162.375_dep50-50.dat,67.875_-162.375,615,NAmerica,dep50-50,266.378,0.452
676,IDX_68.125_-149.375_dep50-50.dat,68.125_-149.375,639,NAmerica,dep50-50,263.058,0.606
677,IDX_68.125_-163.125_dep50-50.dat,68.125_-163.125,1095,NAmerica,dep50-50,265.876,0.44
678,IDX_68.375_27.625_dep40-40.dat,68.375_27.625,1230,Europe,dep40-40,273.588,0.531
679,IDX_68.625_-149.375_dep50-50.dat,68.625_-149.375,966,NAmerica,dep50-50,264.108,0.494
680,IDX_69.625_28.875_dep50-50.dat,69.625_28.875,311,Europe,dep50-50,273.462,0.406
681,IDX_9.625_1.625_dep40-40.dat,9.625_1.625,3690,Africa,dep40-40,299.644,1.299
682,IDX_9.875_1.625_dep40-40.dat,9.875_1.625,4135,Africa,dep40-40,299.86,1.476
