,fpath,idx,len2000,region,selected_depth,t2m_ave,arid
0,IDX_-10.125_-36.875_dep20-20.dat,-10.125_-36.875,692,SAmerica,dep20-20,299.061,2.589
1,IDX_-10.125_-37.125_dep20-20.dat,-10.125_-37.125,434,SAmerica,dep20-20,299.026,2.784
2,IDX_-10.125_-43.875_dep20-20.dat,-10.125_-43.875,365,SAmerica,dep20-20,300.24,2.835
3,IDX_-10.125_-44.375_dep20-20.dat,-10.125_-44.375,410,SAmerica,dep20-20,300.291,2.482
4,IDX_-10.375_-37.875_dep20-20.dat,-10.375_-37.875,642,SAmerica,dep20-20,298.702,3.187
5,IDX_-10.375_-38.125_dep20-20.dat,-10.375_-38.125,468,SAmerica,dep20-20,298.413,2.963
6,IDX_-10.375_-38.375_dep20-20.dat,-10.375_-38.375,410,SAmerica,dep20-20,297.287,2.448
7,IDX_-10.625_-38.125_dep20-20.dat,-10.625_-38.125,1299,SAmerica,dep20-20,298.383,2.75
8,IDX_-10.625_-38.375_dep20-20.dat,-10.625_-38.375,329,SAmerica,dep20-20,298.087,2.639
9,IDX_-10.625_-38.625_dep20-20.dat,-10.625_-38.625,406,SAmerica,dep20-20,297.987,2.73
10,IDX_-10.625_-38.875_dep20-20.dat,-10.625_-38.875,1061,SAmerica,dep20-20,298.282,3.066
11,IDX_-10.625_-39.125_dep20-20.dat,-10.625_-39.125,356,SAmerica,dep20-20,298.567,3.294
12,IDX_-10.625_-39.875_dep20-20.dat,-10.625_-39.875,257,SAmerica,dep20-20,298.303,2.593
13,IDX_-10.625_-40.125_dep20-20.dat,-10.625_-40.125,1239,SAmerica,dep20-20,296.995,2.317
14,IDX_-10.625_-41.375_dep20-20.dat,-10.625_-41.375,628,SAmerica,dep20-20,297.112,3.221
15,IDX_-10.875_-38.625_dep20-20.dat,-10.875_-38.625,270,SAmerica,dep20-20,298.812,2.877
16,IDX_-10.875_-40.375_dep20-20.dat,-10.875_-40.375,771,SAmerica,dep20-20,296.088,2.297
17,IDX_-10.875_-40.625_dep20-20.dat,-10.875_-40.625,238,SAmerica,dep20-20,296.915,3.482
18,IDX_-10.875_-41.875_dep20-20.dat,-10.875_-41.875,761,SAmerica,dep20-20,299.686,3.966
19,IDX_-10.875_-42.625_dep20-20.dat,-10.875_-42.625,698,SAmerica,dep20-20,300.391,3.632
20,IDX_-11.125_-38.125_dep20-20.dat,-11.125_-38.125,768,SAmerica,dep20-20,298.598,2.679
21,IDX_-11.125_-38.375_dep20-20.dat,-11.125_-38.375,687,SAmerica,dep20-20,299.029,3.038
22,IDX_-11.125_-40.125_dep20-20.dat,-11.125_-40.125,943,SAmerica,dep20-20,297.79,2.34
23,IDX_-11.125_-40.875_dep20-20.dat,-11.125_-40.875,1244,SAmerica,dep20-20,296.475,3.863
24,IDX_-11.125_-41.875_dep20-20.dat,-11.125_-41.875,1330,SAmerica,dep20-20,298.551,3.566
25,IDX_-11.125_-42.125_dep20-20.dat,-11.125_-42.125,768,SAmerica,dep20-20,298.576,3.836
26,IDX_-11.125_-43.125_dep20-20.dat,-11.125_-43.125,128,SAmerica,dep20-20,300.349,3.353
27,IDX_-11.375_-38.375_dep20-20.dat,-11.375_-38.375,428,SAmerica,dep20-20,298.822,2.844
28,IDX_-11.375_-39.375_dep20-20.dat,-11.375_-39.375,983,SAmerica,dep20-20,298.921,2.959
29,IDX_-11.375_-39.625_dep20-20.dat,-11.375_-39.625,591,SAmerica,dep20-20,298.806,2.783
30,IDX_-11.375_-40.125_dep20-20.dat,-11.375_-40.125,471,SAmerica,dep20-20,297.618,2.301
31,IDX_-11.375_-40.375_dep20-20.dat,-11.375_-40.375,1163,SAmerica,dep20-20,296.383,2.129
32,IDX_-11.375_-41.375_dep20-20.dat,-11.375_-41.375,432,SAmerica,dep20-20,296.314,3.713
33,IDX_-11.375_-41.875_dep20-20.dat,-11.375_-41.875,792,SAmerica,dep20-20,297.422,3.367
34,IDX_-11.375_-42.125_dep20-20.dat,-11.375_-42.125,803,SAmerica,dep20-20,297.12,3.696
35,IDX_-11.375_-42.625_dep20-20.dat,-11.375_-42.625,636,SAmerica,dep20-20,298.205,2.485
36,IDX_-11.625_-38.875_dep20-20.dat,-11.625_-38.875,398,SAmerica,dep20-20,298.597,2.708
37,IDX_-11.625_-39.375_dep20-20.dat,-11.625_-39.375,619,SAmerica,dep20-20,298.917,2.883
38,IDX_-11.625_-39.625_dep20-20.dat,-11.625_-39.625,694,SAmerica,dep20-20,298.691,2.666
39,IDX_-11.625_-39.875_dep20-20.dat,-11.625_-39.875,856,SAmerica,dep20-20,298.119,2.401
40,IDX_-11.625_-40.125_dep20-20.dat,-11.625_-40.125,813,SAmerica,dep20-20,297.564,2.27
41,IDX_-11.625_-41.875_dep20-20.dat,-11.625_-41.875,812,SAmerica,dep20-20,296.586,3.687
42,IDX_-11.625_-43.375_dep20-20.dat,-11.625_-43.375,1217,SAmerica,dep20-20,300.266,2.863
43,IDX_-11.875_-38.875_dep20-20.dat,-11.875_-38.875,924,SAmerica,dep20-20,298.638,2.544
44,IDX_-11.875_-39.875_dep20-20.dat,-11.875_-39.875,73,SAmerica,dep20-20,298.279,2.429
45,IDX_-11.875_-40.375_dep20-20.dat,-11.875_-40.375,1311,SAmerica,dep20-20,296.584,2.025
46,IDX_-11.875_-40.625_dep20-20.dat,-11.875_-40.625,775,SAmerica,dep20-20,295.879,2.159
47,IDX_-11.875_-40.875_dep20-20.dat,-11.875_-40.875,438,SAmerica,dep20-20,295.116,2.274
48,IDX_-11.875_-41.625_dep20-20.dat,-11.875_-41.625,476,SAmerica,dep20-20,295.954,3.63
49,IDX_-11.875_-41.875_dep20-20.dat,-11.875_-41.875,801,SAmerica,dep20-20,295.532,3.463
50,IDX_-11.875_-42.125_dep20-20.dat,-11.875_-42.125,939,SAmerica,dep20-20,295.107,3.044
51,IDX_-11.875_-42.625_dep20-20.dat,-11.875_-42.625,748,SAmerica,dep20-20,297.758,2.528
52,IDX_-12.125_-39.125_dep20-20.dat,-12.125_-39.125,722,SAmerica,dep20-20,298.601,2.542
53,IDX_-12.125_-39.875_dep20-20.dat,-12.125_-39.875,1002,SAmerica,dep20-20,298.496,2.561
54,IDX_-12.125_-40.125_dep20-20.dat,-12.125_-40.125,826,SAmerica,dep20-20,298.203,2.328
55,IDX_-12.125_-41.125_dep20-20.dat,-12.125_-41.125,360,SAmerica,dep20-20,295.125,2.165
56,IDX_-12.125_-43.125_dep20-20.dat,-12.125_-43.125,239,SAmerica,dep20-20,300.035,3.082
57,IDX_-12.375_-39.125_dep20-20.dat,-12.375_-39.125,497,SAmerica,dep20-20,298.23,2.373
58,IDX_-12.375_-39.375_dep20-20.dat,-12.375_-39.375,1044,SAmerica,dep20-20,298.343,2.673
59,IDX_-12.375_-40.875_dep20-20.dat,-12.375_-40.875,147,SAmerica,dep20-20,296.67,2.138
60,IDX_-12.625_-39.125_dep20-20.dat,-12.625_-39.125,1319,SAmerica,dep20-20,297.798,2.074
61,IDX_-12.625_-39.875_dep20-20.dat,-12.625_-39.875,730,SAmerica,dep20-20,298.565,3.147
62,IDX_-12.625_-40.625_dep20-20.dat,-12.625_-40.625,633,SAmerica,dep20-20,297.02,2.021
63,IDX_-12.625_-41.125_dep20-20.dat,-12.625_-41.125,1349,SAmerica,dep20-20,296.375,2.246
64,IDX_-12.625_-41.625_dep20-20.dat,-12.625_-41.625,829,SAmerica,dep20-20,293.832,2.736
65,IDX_-12.625_-42.125_dep20-20.dat,-12.625_-42.125,393,SAmerica,dep20-20,296.599,3.223
66,IDX_-12.625_-43.125_dep20-20.dat,-12.625_-43.125,1144,SAmerica,dep20-20,300.227,2.827
67,IDX_-12.625_-43.875_dep20-20.dat,-12.625_-43.875,567,SAmerica,dep20-20,298.602,2.337
68,IDX_-12.875_-39.375_dep20-20.dat,-12.875_-39.375,792,SAmerica,dep20-20,297.108,2.091
69,IDX_-12.875_-41.125_dep20-20.dat,-12.875_-41.125,812,SAmerica,dep20-20,295.526,1.807
70,IDX_-12.875_-41.375_dep20-20.dat,-12.875_-41.375,817,SAmerica,dep20-20,293.903,2.128
71,IDX_-12.875_-42.625_dep20-20.dat,-12.875_-42.625,1141,SAmerica,dep20-20,297.801,2.216
72,IDX_-12.875_-43.375_dep20-20.dat,-12.875_-43.375,403,SAmerica,dep20-20,300.412,2.507
73,IDX_-13.125_-39.625_dep20-20.dat,-13.125_-39.625,297,SAmerica,dep20-20,295.652,2.034
74,IDX_-13.125_-40.125_dep20-20.dat,-13.125_-40.125,836,SAmerica,dep20-20,296.045,2.881
75,IDX_-13.125_-40.875_dep20-20.dat,-13.125_-40.875,789,SAmerica,dep20-20,297.188,2.327
76,IDX_-13.125_-41.875_dep20-20.dat,-13.125_-41.875,793,SAmerica,dep20-20,294.212,1.915
77,IDX_-13.375_-39.625_dep20-20.dat,-13.375_-39.625,328,SAmerica,dep20-20,295.368,1.802
78,IDX_-13.375_-39.875_dep20-20.dat,-13.375_-39.875,182,SAmerica,dep20-20,295.02,2.189
79,IDX_-13.375_-40.125_dep20-20.dat,-13.375_-40.125,1315,SAmerica,dep20-20,295.284,2.596
80,IDX_-13.375_-40.875_dep20-20.dat,-13.375_-40.875,622,SAmerica,dep20-20,296.9,2.25
81,IDX_-13.375_-41.375_dep20-20.dat,-13.375_-41.375,1003,SAmerica,dep20-20,294.129,2.046
82,IDX_-13.375_-41.625_dep20-20.dat,-13.375_-41.625,853,SAmerica,dep20-20,294.362,2.442
83,IDX_-13.375_-42.375_dep20-20.dat,-13.375_-42.375,652,SAmerica,dep20-20,297.475,2.833
84,IDX_-13.375_-43.625_dep20-20.dat,-13.375_-43.625,1278,SAmerica,dep20-20,299.775,2.534
85,IDX_-13.625_-40.125_dep20-20.dat,-13.625_-40.125,1218,SAmerica,dep20-20,295.72,2.587
86,IDX_-13.625_-41.375_dep20-20.dat,-13.625_-41.375,579,SAmerica,dep20-20,295.272,2.1
87,IDX_-13.625_-41.875_dep20-20.dat,-13.625_-41.875,1186,SAmerica,dep20-20,296.073,2.408
88,IDX_-13.625_-42.375_dep20-20.dat,-13.625_-42.375,926,SAmerica,dep20-20,296.274,2.283
89,IDX_-13.625_-42.875_dep20-20.dat,-13.625_-42.875,413,SAmerica,dep20-20,299.109,2.776
90,IDX_-13.875_-42.625_dep20-20.dat,-13.875_-42.625,516,SAmerica,dep20-20,297.518,2.462
91,IDX_-14.125_-40.375_dep20-20.dat,-14.125_-40.375,1277,SAmerica,dep20-20,296.453,3.184
92,IDX_-14.125_-41.125_dep20-20.dat,-14.125_-41.125,171,SAmerica,dep20-20,297.799,2.86
93,IDX_-14.125_-42.375_dep20-20.dat,-14.125_-42.375,456,SAmerica,dep20-20,296.195,2.299
94,IDX_-14.125_-42.875_dep20-20.dat,-14.125_-42.875,179,SAmerica,dep20-20,298.958,3.005
95,IDX_-14.125_131.375_dep0-55.dat,-14.125_131.375,2201,Australia,dep0-55,300.299,1.546
96,IDX_-14.375_-40.375_dep20-20.dat,-14.375_-40.375,746,SAmerica,dep20-20,295.268,2.889
97,IDX_-14.375_-40.875_dep20-20.dat,-14.375_-40.875,790,SAmerica,dep20-20,298.034,3.139
98,IDX_-14.375_-41.375_dep20-20.dat,-14.375_-41.375,761,SAmerica,dep20-20,297.392,2.72
99,IDX_-14.375_-42.125_dep20-20.dat,-14.375_-42.125,456,SAmerica,dep20-20,296.765,2.603
100,IDX_-14.375_-42.375_dep20-20.dat,-14.375_-42.375,1284,SAmerica,dep20-20,296.435,2.544
101,IDX_-14.375_-42.875_dep20-20.dat,-14.375_-42.875,1185,SAmerica,dep20-20,298.335,2.57
102,IDX_-14.375_-44.375_dep20-20.dat,-14.375_-44.375,762,SAmerica,dep20-20,298.45,2.141
103,IDX_-14.375_-44.625_dep20-20.dat,-14.375_-44.625,412,SAmerica,dep20-20,297.994,2.283
104,IDX_-14.625_-40.375_dep20-20.dat,-14.625_-40.375,679,SAmerica,dep20-20,294.221,2.238
105,IDX_-14.625_-40.625_dep20-20.dat,-14.625_-40.625,1205,SAmerica,dep20-20,295.398,2.63
106,IDX_-14.625_-41.375_dep20-20.dat,-14.625_-41.375,482,SAmerica,dep20-20,297.151,2.715
107,IDX_-14.625_-41.875_dep20-20.dat,-14.625_-41.875,485,SAmerica,dep20-20,296.779,2.708
108,IDX_-14.625_-42.625_dep20-20.dat,-14.625_-42.625,517,SAmerica,dep20-20,297.641,3.177
109,IDX_-14.875_-40.625_dep20-20.dat,-14.875_-40.625,940,SAmerica,dep20-20,294.492,2.033
110,IDX_-14.875_-41.125_dep20-20.dat,-14.875_-41.125,579,SAmerica,dep20-20,296.794,3.125
111,IDX_-14.875_-41.875_dep20-20.dat,-14.875_-41.875,687,SAmerica,dep20-20,296.022,2.579
112,IDX_-14.875_-42.625_dep20-20.dat,-14.875_-42.625,451,SAmerica,dep20-20,297.084,2.834
113,IDX_-14.875_-43.875_dep20-20.dat,-14.875_-43.875,827,SAmerica,dep20-20,299.269,2.293
114,IDX_-14.875_-44.125_dep20-20.dat,-14.875_-44.125,671,SAmerica,dep20-20,298.311,1.956
115,IDX_-15.125_-40.125_dep20-20.dat,-15.125_-40.125,274,SAmerica,dep20-20,296.622,1.639
116,IDX_-15.125_-40.625_dep20-20.dat,-15.125_-40.625,895,SAmerica,dep20-20,294.818,1.852
117,IDX_-15.125_-41.625_dep20-20.dat,-15.125_-41.625,740,SAmerica,dep20-20,295.694,2.475
118,IDX_-15.125_-42.875_dep20-20.dat,-15.125_-42.875,868,SAmerica,dep20-20,297.767,2.323
119,IDX_-15.375_-42.625_dep20-20.dat,-15.375_-42.625,703,SAmerica,dep20-20,295.698,2.161
120,IDX_-15.375_-44.375_dep20-20.dat,-15.375_-44.375,408,SAmerica,dep20-20,298.55,1.923
121,IDX_-15.375_-44.625_dep20-20.dat,-15.375_-44.625,454,SAmerica,dep20-20,298.261,1.871
122,IDX_-15.625_-41.125_dep20-20.dat,-15.625_-41.125,1147,SAmerica,dep20-20,295.359,2.471
123,IDX_-15.625_-41.375_dep20-20.dat,-15.625_-41.375,753,SAmerica,dep20-20,295.488,2.504
124,IDX_-15.625_-42.875_dep20-20.dat,-15.625_-42.875,610,SAmerica,dep20-20,297.964,2.642
125,IDX_-15.875_-40.125_dep20-20.dat,-15.875_-40.125,455,SAmerica,dep20-20,297.512,1.768
126,IDX_-15.875_-42.125_dep20-20.dat,-15.875_-42.125,1362,SAmerica,dep20-20,296.51,2.275
127,IDX_-15.875_-43.375_dep20-20.dat,-15.875_-43.375,822,SAmerica,dep20-20,298.843,2.238
128,IDX_-16.125_-40.375_dep20-20.dat,-16.125_-40.375,960,SAmerica,dep20-20,297.36,1.941
129,IDX_-16.125_-42.375_dep20-20.dat,-16.125_-42.375,563,SAmerica,dep20-20,296.159,2.05
130,IDX_-16.125_-44.125_dep20-20.dat,-16.125_-44.125,883,SAmerica,dep20-20,297.036,1.711
131,IDX_-16.375_-40.625_dep20-20.dat,-16.375_-40.625,782,SAmerica,dep20-20,296.383,1.873
132,IDX_-16.375_-40.875_dep20-20.dat,-16.375_-40.875,438,SAmerica,dep20-20,296.232,1.938
133,IDX_-16.375_-41.875_dep20-20.dat,-16.375_-41.875,482,SAmerica,dep20-20,297.084,2.108
134,IDX_-16.375_-42.625_dep20-20.dat,-16.375_-42.625,1253,SAmerica,dep20-20,296.218,2.111
135,IDX_-16.375_-43.375_dep20-20.dat,-16.375_-43.375,881,SAmerica,dep20-20,297.403,2.052
136,IDX_-16.375_-43.625_dep20-20.dat,-16.375_-43.625,762,SAmerica,dep20-20,297.741,1.89
137,IDX_-16.625_-40.875_dep20-20.dat,-16.625_-40.875,783,SAmerica,dep20-20,296.454,2.114
138,IDX_-16.625_-41.125_dep20-20.dat,-16.625_-41.125,936,SAmerica,dep20-20,296.308,2.121
139,IDX_-16.625_-41.625_dep20-20.dat,-16.625_-41.625,1308,SAmerica,dep20-20,297.263,2.394
140,IDX_-16.625_-41.875_dep20-20.dat,-16.625_-41.875,1327,SAmerica,dep20-20,297.934,2.206
141,IDX_-16.625_-42.875_dep20-20.dat,-16.625_-42.875,1264,SAmerica,dep20-20,295.372,1.812
142,IDX_-16.875_-42.375_dep20-20.dat,-16.875_-42.375,786,SAmerica,dep20-20,297.128,2.001
143,IDX_-17.125_145.625_dep0-33.dat,-17.125_145.625,569,Australia,dep0-33,294.426,1.599
144,IDX_-19.875_146.625_dep0-28.dat,-19.875_146.625,3090,Australia,dep0-28,295.925,2.236
145,IDX_-21.625_-47.625_dep0-33.dat,-21.625_-47.625,2744,SAmerica,dep0-33,296.057,1.234
146,IDX_-22.125_29.375_dep0-28.dat,-22.125_29.375,242,Africa,dep0-28,296.661,3.705
147,IDX_-22.625_-44.875_dep0-27.dat,-22.625_-44.875,1959,SAmerica,dep0-27,293.38,1.064
148,IDX_-23.625_15.125_dep0-34.dat,-23.625_15.125,1079,Africa,dep0-34,294.368,26.977
149,IDX_-26.125_26.625_dep0-31.dat,-26.125_26.625,694,Africa,dep0-31,290.362,2.168
150,IDX_-29.875_30.375_dep0-24.dat,-29.875_30.375,1099,Africa,dep0-24,290.036,1.389
151,IDX_-3.625_-39.375_dep20-20.dat,-3.625_-39.375,725,SAmerica,dep20-20,300.031,1.934
152,IDX_-3.625_-39.625_dep20-20.dat,-3.625_-39.625,741,SAmerica,dep20-20,300.138,1.74
153,IDX_-3.625_-40.625_dep20-20.dat,-3.625_-40.625,1143,SAmerica,dep20-20,300.433,2.267
154,IDX_-3.625_-40.875_dep20-20.dat,-3.625_-40.875,367,SAmerica,dep20-20,299.222,2.008
155,IDX_-3.875_-39.375_dep20-20.dat,-3.875_-39.375,765,SAmerica,dep20-20,300.323,2.373
156,IDX_-3.875_-39.625_dep20-20.dat,-3.875_-39.625,410,SAmerica,dep20-20,300.173,2.156
157,IDX_-3.875_-40.125_dep20-20.dat,-3.875_-40.125,945,SAmerica,dep20-20,300.995,2.027
158,IDX_-3.875_-40.625_dep20-20.dat,-3.875_-40.625,331,SAmerica,dep20-20,299.589,2.713
159,IDX_-3.875_-41.375_dep20-20.dat,-3.875_-41.375,831,SAmerica,dep20-20,302.046,1.586
160,IDX_-3.875_-41.625_dep20-20.dat,-3.875_-41.625,853,SAmerica,dep20-20,302.441,1.569
161,IDX_-31.875_150.125_dep0-30.dat,-31.875_150.125,436,Australia,dep0-30,288.766,2.007
162,IDX_-31.875_150.375_dep0-30.dat,-31.875_150.375,333,Australia,dep0-30,289.062,1.993
163,IDX_-32.125_150.125_dep0-30.dat,-32.125_150.125,731,Australia,dep0-30,289.237,2.093
164,IDX_-32.125_150.375_dep0-30.dat,-32.125_150.375,731,Australia,dep0-30,289.58,2.114
165,IDX_-32.375_149.875_dep0-30.dat,-32.375_149.875,407,Australia,dep0-30,288.369,2.178
166,IDX_-32.375_150.375_dep0-30.dat,-32.375_150.375,443,Australia,dep0-30,289.395,2.33
167,IDX_-32.625_150.375_dep0-30.dat,-32.625_150.375,541,Australia,dep0-30,288.018,2.02
168,IDX_-32.875_148.625_dep0-33.dat,-32.875_148.625,1078,Australia,dep0-33,288.796,2.122
169,IDX_-33.875_147.125_dep0-30.dat,-33.875_147.125,3373,Australia,dep0-30,290.205,2.818
170,IDX_-34.125_146.375_dep0-30.dat,-34.125_146.375,3269,Australia,dep0-30,290.51,3.159
171,IDX_-34.375_146.125_dep0-21.dat,-34.375_146.125,513,Australia,dep0-21,290.625,3.337
172,IDX_-34.375_147.625_dep0-22.dat,-34.375_147.625,1227,Australia,dep0-22,289.472,2.425
173,IDX_-34.625_143.625_dep0-30.dat,-34.625_143.625,3421,Australia,dep0-30,290.185,4.036
174,IDX_-34.625_144.875_dep0-30.dat,-34.625_144.875,3209,Australia,dep0-30,290.548,3.476
175,IDX_-34.625_145.875_dep0-30.dat,-34.625_145.875,3962,Australia,dep0-30,290.463,3.129
176,IDX_-34.625_146.125_dep0-30.dat,-34.625_146.125,4511,Australia,dep0-30,290.453,3.225
177,IDX_-34.625_146.375_dep0-30.dat,-34.625_146.375,5139,Australia,dep0-30,290.364,3.059
178,IDX_-34.625_148.125_dep0-30.dat,-34.625_148.125,3010,Australia,dep0-30,288.485,2.056
179,IDX_-34.875_145.875_dep0-30.dat,-34.875_145.875,3109,Australia,dep0-30,290.277,3.038
180,IDX_-34.875_146.125_dep0-30.dat,-34.875_146.125,4755,Australia,dep0-30,290.257,3.077
181,IDX_-34.875_146.375_dep0-30.dat,-34.875_146.375,3973,Australia,dep0-30,290.197,2.926
182,IDX_-35.125_145.875_dep0-30.dat,-35.125_145.875,3602,Australia,dep0-30,290.1,2.96
183,IDX_-35.125_146.125_dep0-30.dat,-35.125_146.125,3986,Australia,dep0-30,290.114,2.905
184,IDX_-35.125_146.375_dep0-30.dat,-35.125_146.375,4554,Australia,dep0-30,290.023,2.736
185,IDX_-35.125_147.375_dep0-30.dat,-35.125_147.375,3791,Australia,dep0-30,289.129,2.154
186,IDX_-35.125_147.625_dep0-30.dat,-35.125_147.625,3820,Australia,dep0-30,288.717,2.025
187,IDX_-35.375_147.375_dep0-30.dat,-35.375_147.375,4260,Australia,dep0-30,288.682,1.988
188,IDX_-35.375_147.625_dep0-30.dat,-35.375_147.625,5516,Australia,dep0-30,288.081,1.836
189,IDX_-35.375_148.125_dep0-30.dat,-35.375_148.125,4131,Australia,dep0-30,286.513,1.441
190,IDX_-35.375_149.125_dep0-30.dat,-35.375_149.125,3396,Australia,dep0-30,284.583,1.912
191,IDX_-36.375_148.875_dep0-30.dat,-36.375_148.875,3130,Australia,dep0-30,283.846,1.717
192,IDX_-4.125_-38.625_dep20-20.dat,-4.125_-38.625,639,SAmerica,dep20-20,299.518,1.905
193,IDX_-4.125_-39.125_dep20-20.dat,-4.125_-39.125,961,SAmerica,dep20-20,300.308,2.318
194,IDX_-4.125_-39.375_dep20-20.dat,-4.125_-39.375,421,SAmerica,dep20-20,300.247,2.733
195,IDX_-4.125_-40.625_dep20-20.dat,-4.125_-40.625,624,SAmerica,dep20-20,298.799,2.668
196,IDX_-4.125_-40.875_dep20-20.dat,-4.125_-40.875,960,SAmerica,dep20-20,298.408,1.814
197,IDX_-4.375_-38.625_dep20-20.dat,-4.375_-38.625,394,SAmerica,dep20-20,299.734,2.018
198,IDX_-4.375_-38.875_dep20-20.dat,-4.375_-38.875,369,SAmerica,dep20-20,299.696,2.105
199,IDX_-4.375_-41.375_dep20-20.dat,-4.375_-41.375,561,SAmerica,dep20-20,301.544,1.472
200,IDX_-4.625_-37.875_dep20-20.dat,-4.625_-37.875,355,SAmerica,dep20-20,300.829,2.433
201,IDX_-4.625_-38.625_dep20-20.dat,-4.625_-38.625,595,SAmerica,dep20-20,300.343,2.261
202,IDX_-4.625_-38.875_dep20-20.dat,-4.625_-38.875,440,SAmerica,dep20-20,300.138,2.381
203,IDX_-4.625_-39.625_dep20-20.dat,-4.625_-39.625,1066,SAmerica,dep20-20,299.254,2.528
204,IDX_-4.875_-38.125_dep20-20.dat,-4.875_-38.125,785,SAmerica,dep20-20,301.052,2.47
205,IDX_-4.875_-39.125_dep20-20.dat,-4.875_-39.125,338,SAmerica,dep20-20,300.23,2.433
206,IDX_-4.875_-39.625_dep20-20.dat,-4.875_-39.625,214,SAmerica,dep20-20,299.429,2.712
207,IDX_-4.875_-40.375_dep20-20.dat,-4.875_-40.375,153,SAmerica,dep20-20,300.657,2.122
208,IDX_-40.625_175.875_dep17-23.dat,-40.625_175.875,746,Australia,dep17-23,284.987,1.017
209,IDX_-40.875_-73.125_dep20-20.dat,-40.875_-73.125,1059,SAmerica,dep20-20,283.902,0.666
210,IDX_-40.875_175.875_dep17-23.dat,-40.875_175.875,746,Australia,dep17-23,285.148,1.077
211,IDX_-41.375_147.875_dep0-22.dat,-41.375_147.875,1293,Australia,dep0-22,283.362,1.378
212,IDX_-41.625_147.875_dep0-28.dat,-41.625_147.875,2512,Australia,dep0-28,283.676,1.692
213,IDX_-5.125_-36.125_dep20-20.dat,-5.125_-36.125,268,SAmerica,dep20-20,300.362,3.433
214,IDX_-5.125_-38.375_dep20-20.dat,-5.125_-38.375,426,SAmerica,dep20-20,301.299,2.553
215,IDX_-5.125_-38.875_dep20-20.dat,-5.125_-38.875,467,SAmerica,dep20-20,300.865,2.49
216,IDX_-5.125_-39.875_dep20-20.dat,-5.125_-39.875,551,SAmerica,dep20-20,299.391,2.874
217,IDX_-5.375_-38.125_dep20-20.dat,-5.375_-38.125,316,SAmerica,dep20-20,301.92,2.806
218,IDX_-5.375_-38.375_dep20-20.dat,-5.375_-38.375,298,SAmerica,dep20-20,301.697,2.735
219,IDX_-5.375_-39.625_dep20-20.dat,-5.375_-39.625,474,SAmerica,dep20-20,299.554,2.616
220,IDX_-5.375_-40.875_dep20-20.dat,-5.375_-40.875,457,SAmerica,dep20-20,299.86,2.24
221,IDX_-5.375_-41.375_dep20-20.dat,-5.375_-41.375,858,SAmerica,dep20-20,301.917,1.817
222,IDX_-5.375_-41.625_dep20-20.dat,-5.375_-41.625,423,SAmerica,dep20-20,302.436,1.704
223,IDX_-5.625_-35.625_dep20-20.dat,-5.625_-35.625,783,SAmerica,dep20-20,299.298,2.651
224,IDX_-5.625_-35.875_dep20-20.dat,-5.625_-35.875,1030,SAmerica,dep20-20,299.279,3.218
225,IDX_-5.625_-36.625_dep20-20.dat,-5.625_-36.625,1186,SAmerica,dep20-20,301.612,3.743
226,IDX_-5.625_-38.375_dep20-20.dat,-5.625_-38.375,194,SAmerica,dep20-20,301.727,2.685
227,IDX_-5.625_-38.875_dep20-20.dat,-5.625_-38.875,379,SAmerica,dep20-20,301.43,2.51
228,IDX_-5.625_-39.125_dep20-20.dat,-5.625_-39.125,1059,SAmerica,dep20-20,301.079,2.334
229,IDX_-5.625_-39.625_dep20-20.dat,-5.625_-39.625,434,SAmerica,dep20-20,299.711,2.652
230,IDX_-5.875_-35.625_dep20-20.dat,-5.875_-35.625,456,SAmerica,dep20-20,299.448,2.785
231,IDX_-5.875_-36.875_dep30-30.dat,-5.875_-36.875,99,SAmerica,dep30-30,301.413,3.276
232,IDX_-5.875_-37.375_dep20-20.dat,-5.875_-37.375,436,SAmerica,dep20-20,301.705,3.072
233,IDX_-5.875_-37.625_dep20-20.dat,-5.875_-37.625,708,SAmerica,dep20-20,301.411,3.24
234,IDX_-5.875_-38.375_dep20-20.dat,-5.875_-38.375,131,SAmerica,dep20-20,301.21,2.52
235,IDX_-5.875_-38.625_dep20-20.dat,-5.875_-38.625,1179,SAmerica,dep20-20,301.544,2.35
236,IDX_-6.125_-36.375_dep20-20.dat,-6.125_-36.375,814,SAmerica,dep20-20,298.876,3.372
237,IDX_-6.125_-37.875_dep20-20.dat,-6.125_-37.875,418,SAmerica,dep20-20,300.854,2.508
238,IDX_-6.125_-38.625_dep20-20.dat,-6.125_-38.625,1178,SAmerica,dep20-20,301.179,2.079
239,IDX_-6.125_-39.125_dep20-20.dat,-6.125_-39.125,174,SAmerica,dep20-20,301.072,2.172
240,IDX_-6.125_-39.875_dep20-20.dat,-6.125_-39.875,984,SAmerica,dep20-20,299.676,2.274
241,IDX_-6.125_-41.375_dep20-20.dat,-6.125_-41.375,408,SAmerica,dep20-20,301.528,2.025
242,IDX_-6.375_-35.375_dep20-20.dat,-6.375_-35.375,1165,SAmerica,dep20-20,298.922,2.635
243,IDX_-6.375_-37.125_dep20-20.dat,-6.375_-37.125,828,SAmerica,dep20-20,301.717,3.493
244,IDX_-6.375_-37.625_dep20-20.dat,-6.375_-37.625,477,SAmerica,dep20-20,301.059,3.291
245,IDX_-6.375_-39.125_dep20-20.dat,-6.375_-39.125,233,SAmerica,dep20-20,301.223,2.374
246,IDX_-6.375_-39.375_dep20-20.dat,-6.375_-39.375,779,SAmerica,dep20-20,300.754,2.272
247,IDX_-6.625_-35.625_dep20-20.dat,-6.625_-35.625,639,SAmerica,dep20-20,297.653,2.656
248,IDX_-6.625_-36.375_dep20-20.dat,-6.625_-36.375,1063,SAmerica,dep20-20,298.602,4.322
249,IDX_-6.625_-36.625_dep20-20.dat,-6.625_-36.625,743,SAmerica,dep20-20,300.026,4.342
250,IDX_-6.625_-36.875_dep20-20.dat,-6.625_-36.875,886,SAmerica,dep20-20,301.075,3.959
251,IDX_-6.625_-37.625_dep20-20.dat,-6.625_-37.625,683,SAmerica,dep20-20,301.29,3.339
252,IDX_-6.625_-38.375_dep20-20.dat,-6.625_-38.375,821,SAmerica,dep20-20,300.836,2.763
253,IDX_-6.625_-38.625_dep20-20.dat,-6.625_-38.625,1192,SAmerica,dep20-20,301.236,2.381
254,IDX_-6.625_-41.625_dep20-20.dat,-6.625_-41.625,297,SAmerica,dep20-20,300.86,1.758
255,IDX_-6.875_-35.875_dep20-20.dat,-6.875_-35.875,1166,SAmerica,dep20-20,296.905,3.305
256,IDX_-6.875_-36.625_dep20-20.dat,-6.875_-36.625,958,SAmerica,dep20-20,299.173,4.244
257,IDX_-6.875_-37.125_dep20-20.dat,-6.875_-37.125,1095,SAmerica,dep20-20,300.999,3.942
258,IDX_-6.875_-37.375_dep20-20.dat,-6.875_-37.375,1079,SAmerica,dep20-20,301.332,3.531
259,IDX_-6.875_-37.875_dep20-20.dat,-6.875_-37.875,442,SAmerica,dep20-20,301.439,3.053
260,IDX_-6.875_-38.375_dep20-20.dat,-6.875_-38.375,651,SAmerica,dep20-20,300.873,2.836
261,IDX_-6.875_-38.875_dep20-20.dat,-6.875_-38.875,627,SAmerica,dep20-20,300.969,2.407
262,IDX_-6.875_-39.375_dep20-20.dat,-6.875_-39.375,163,SAmerica,dep20-20,299.944,2.345
263,IDX_-6.875_-39.875_dep20-20.dat,-6.875_-39.875,483,SAmerica,dep20-20,299.589,2.484
264,IDX_-6.875_-41.625_dep20-20.dat,-6.875_-41.625,203,SAmerica,dep20-20,300.991,1.841
265,IDX_-6.875_-42.375_dep20-20.dat,-6.875_-42.375,1003,SAmerica,dep20-20,302.019,1.957
266,IDX_-6.875_-42.625_dep20-20.dat,-6.875_-42.625,379,SAmerica,dep20-20,301.92,1.915
267,IDX_-7.125_-36.375_dep20-20.dat,-7.125_-36.375,1208,SAmerica,dep20-20,297.968,4.679
268,IDX_-7.125_-36.625_dep20-20.dat,-7.125_-36.625,1258,SAmerica,dep20-20,298.375,4.453
269,IDX_-7.125_-37.375_dep20-20.dat,-7.125_-37.375,920,SAmerica,dep20-20,300.355,3.513
270,IDX_-7.125_-38.375_dep20-20.dat,-7.125_-38.375,863,SAmerica,dep20-20,300.18,2.581
271,IDX_-7.125_-38.875_dep20-20.dat,-7.125_-38.875,416,SAmerica,dep20-20,300.46,2.447
272,IDX_-7.125_-39.375_dep20-20.dat,-7.125_-39.375,205,SAmerica,dep20-20,298.776,2.343
273,IDX_-7.125_-39.875_dep20-20.dat,-7.125_-39.875,417,SAmerica,dep20-20,298.336,2.211
274,IDX_-7.125_-40.625_dep20-20.dat,-7.125_-40.625,1072,SAmerica,dep20-20,300.072,2.55
275,IDX_-7.125_-41.375_dep20-20.dat,-7.125_-41.375,522,SAmerica,dep20-20,301.706,2.532
276,IDX_-7.125_-42.625_dep20-20.dat,-7.125_-42.625,258,SAmerica,dep20-20,301.888,1.921
277,IDX_-7.375_-35.375_dep20-20.dat,-7.375_-35.375,801,SAmerica,dep20-20,298.29,2.279
278,IDX_-7.375_-35.875_dep20-20.dat,-7.375_-35.875,526,SAmerica,dep20-20,297.478,3.144
279,IDX_-7.375_-36.875_dep20-20.dat,-7.375_-36.875,170,SAmerica,dep20-20,298.196,4.425
280,IDX_-7.375_-38.125_dep20-20.dat,-7.375_-38.125,1123,SAmerica,dep20-20,300.376,3.529
281,IDX_-7.375_-38.875_dep20-20.dat,-7.375_-38.875,803,SAmerica,dep20-20,299.669,2.586
282,IDX_-7.375_-39.125_dep20-20.dat,-7.375_-39.125,442,SAmerica,dep20-20,298.482,2.255
283,IDX_-7.375_-40.375_dep30-30.dat,-7.375_-40.375,570,SAmerica,dep30-30,298.283,2.179
284,IDX_-7.375_-41.125_dep20-20.dat,-7.375_-41.125,1065,SAmerica,dep20-20,301.756,2.597
285,IDX_-7.375_-41.875_dep20-20.dat,-7.375_-41.875,447,SAmerica,dep20-20,302.081,2.314
286,IDX_-7.625_-35.875_dep20-20.dat,-7.625_-35.875,864,SAmerica,dep20-20,297.855,3.491
287,IDX_-7.625_-36.125_dep20-20.dat,-7.625_-36.125,784,SAmerica,dep20-20,298.083,4.316
288,IDX_-7.625_-37.375_dep20-20.dat,-7.625_-37.375,1238,SAmerica,dep20-20,298.386,3.969
289,IDX_-7.625_-37.875_dep20-20.dat,-7.625_-37.875,671,SAmerica,dep20-20,299.37,2.951
290,IDX_-7.625_-38.375_dep20-20.dat,-7.625_-38.375,1270,SAmerica,dep20-20,299.369,2.761
291,IDX_-7.625_-38.875_dep20-20.dat,-7.625_-38.875,690,SAmerica,dep20-20,299.361,2.802
292,IDX_-7.625_-39.625_dep20-20.dat,-7.625_-39.625,807,SAmerica,dep20-20,298.448,2.286
293,IDX_-7.625_-40.125_dep20-20.dat,-7.625_-40.125,337,SAmerica,dep20-20,298.245,2.437
294,IDX_-7.625_-40.875_dep20-20.dat,-7.625_-40.875,816,SAmerica,dep20-20,301.014,2.678
295,IDX_-7.625_-44.125_dep20-20.dat,-7.625_-44.125,785,SAmerica,dep20-20,299.967,1.619
296,IDX_-7.875_-35.625_dep20-20.dat,-7.875_-35.625,808,SAmerica,dep20-20,297.63,2.989
297,IDX_-7.875_-35.875_dep20-20.dat,-7.875_-35.875,1156,SAmerica,dep20-20,297.76,3.569
298,IDX_-7.875_-36.125_dep20-20.dat,-7.875_-36.125,838,SAmerica,dep20-20,297.726,4.201
299,IDX_-7.875_-36.875_dep20-20.dat,-7.875_-36.875,664,SAmerica,dep20-20,298.257,5.045
300,IDX_-7.875_-37.125_dep20-20.dat,-7.875_-37.125,790,SAmerica,dep20-20,298.463,4.413
301,IDX_-7.875_-37.375_dep20-20.dat,-7.875_-37.375,242,SAmerica,dep20-20,298.638,4.03
302,IDX_-7.875_-39.375_dep20-20.dat,-7.875_-39.375,817,SAmerica,dep20-20,299.852,2.832
303,IDX_-7.875_-39.875_dep20-20.dat,-7.875_-39.875,633,SAmerica,dep20-20,299.67,2.646
304,IDX_-7.875_-40.125_dep20-20.dat,-7.875_-40.125,181,SAmerica,dep20-20,299.383,2.848
305,IDX_-7.875_-41.125_dep20-20.dat,-7.875_-41.125,1071,SAmerica,dep20-20,301.479,2.865
306,IDX_-7.875_-41.875_dep20-20.dat,-7.875_-41.875,730,SAmerica,dep20-20,301.747,2.46
307,IDX_-8.125_-35.625_dep20-20.dat,-8.125_-35.625,493,SAmerica,dep20-20,296.712,2.41
308,IDX_-8.125_-35.875_dep20-20.dat,-8.125_-35.875,979,SAmerica,dep20-20,297.005,3.102
309,IDX_-8.125_-36.125_dep20-20.dat,-8.125_-36.125,1202,SAmerica,dep20-20,297.01,3.953
310,IDX_-8.125_-36.375_dep20-20.dat,-8.125_-36.375,1333,SAmerica,dep20-20,296.69,4.139
311,IDX_-8.125_-37.125_dep20-20.dat,-8.125_-37.125,935,SAmerica,dep20-20,298.324,4.264
312,IDX_-8.125_-38.625_dep20-20.dat,-8.125_-38.625,587,SAmerica,dep20-20,299.384,3.258
313,IDX_-8.125_-39.625_dep20-20.dat,-8.125_-39.625,697,SAmerica,dep20-20,300.234,2.861
314,IDX_-8.125_-40.625_dep20-20.dat,-8.125_-40.625,444,SAmerica,dep20-20,299.73,2.746
315,IDX_-8.125_-40.875_dep20-20.dat,-8.125_-40.875,567,SAmerica,dep20-20,300.694,2.889
316,IDX_-8.125_-42.125_dep20-20.dat,-8.125_-42.125,390,SAmerica,dep20-20,301.63,2.434
317,IDX_-8.125_-42.875_dep20-20.dat,-8.125_-42.875,816,SAmerica,dep20-20,300.931,2.278
318,IDX_-8.375_-36.625_dep20-20.dat,-8.375_-36.625,365,SAmerica,dep20-20,296.511,4.066
319,IDX_-8.375_-36.875_dep20-20.dat,-8.375_-36.875,1262,SAmerica,dep20-20,297.109,4.371
320,IDX_-8.375_-40.625_dep20-20.dat,-8.375_-40.625,521,SAmerica,dep20-20,299.734,2.938
321,IDX_-8.375_-41.625_dep20-20.dat,-8.375_-41.625,872,SAmerica,dep20-20,300.903,2.854
322,IDX_-8.375_-43.875_dep20-20.dat,-8.375_-43.875,399,SAmerica,dep20-20,300.503,2.322
323,IDX_-8.625_-36.625_dep20-20.dat,-8.625_-36.625,1217,SAmerica,dep20-20,296.772,3.803
324,IDX_-8.625_-36.875_dep20-20.dat,-8.625_-36.875,1220,SAmerica,dep20-20,297.441,4.271
325,IDX_-8.625_-37.625_dep20-20.dat,-8.625_-37.625,792,SAmerica,dep20-20,299.014,4.655
326,IDX_-8.625_-38.625_dep20-20.dat,-8.625_-38.625,788,SAmerica,dep20-20,299.947,4.018
327,IDX_-8.625_-39.125_dep20-20.dat,-8.625_-39.125,486,SAmerica,dep20-20,300.391,3.817
328,IDX_-8.625_-39.625_dep20-20.dat,-8.625_-39.625,777,SAmerica,dep20-20,300.412,3.514
329,IDX_-8.625_-42.125_dep20-20.dat,-8.625_-42.125,533,SAmerica,dep20-20,301.326,2.911
330,IDX_-8.875_-36.125_dep20-20.dat,-8.875_-36.125,241,SAmerica,dep20-20,295.55,2.14
331,IDX_-8.875_-36.625_dep20-20.dat,-8.875_-36.625,1168,SAmerica,dep20-20,296.974,3.42
332,IDX_-8.875_-36.875_dep20-20.dat,-8.875_-36.875,854,SAmerica,dep20-20,297.978,3.99
333,IDX_-8.875_-37.625_dep20-20.dat,-8.875_-37.625,689,SAmerica,dep20-20,298.774,4.115
334,IDX_-8.875_-37.875_dep20-20.dat,-8.875_-37.875,598,SAmerica,dep20-20,298.9,3.825
335,IDX_-8.875_-39.125_dep20-20.dat,-8.875_-39.125,539,SAmerica,dep20-20,300.303,4.167
336,IDX_-8.875_-39.875_dep20-20.dat,-8.875_-39.875,464,SAmerica,dep20-20,300.531,3.669
337,IDX_-8.875_-40.375_dep20-20.dat,-8.875_-40.375,1110,SAmerica,dep20-20,300.199,3.503
338,IDX_-9.125_-36.625_dep20-20.dat,-9.125_-36.625,1369,SAmerica,dep20-20,297.345,3.003
339,IDX_-9.125_-37.375_dep20-20.dat,-9.125_-37.375,1304,SAmerica,dep20-20,298.628,3.359
340,IDX_-9.125_-37.875_dep20-20.dat,-9.125_-37.875,289,SAmerica,dep20-20,299.109,3.498
341,IDX_-9.125_-38.125_dep20-20.dat,-9.125_-38.125,888,SAmerica,dep20-20,299.325,4.322
342,IDX_-9.125_-40.375_dep20-20.dat,-9.125_-40.375,1255,SAmerica,dep20-20,300.272,3.633
343,IDX_-9.125_-44.375_dep20-20.dat,-9.125_-44.375,953,SAmerica,dep20-20,300.13,2.306
344,IDX_-9.375_-36.625_dep20-20.dat,-9.375_-36.625,934,SAmerica,dep20-20,297.984,2.675
345,IDX_-9.375_-37.375_dep20-20.dat,-9.375_-37.375,417,SAmerica,dep20-20,299.186,3.245
346,IDX_-9.375_-37.625_dep20-20.dat,-9.375_-37.625,471,SAmerica,dep20-20,299.424,3.481
347,IDX_-9.375_-38.125_dep20-20.dat,-9.375_-38.125,1305,SAmerica,dep20-20,299.274,4.239
348,IDX_-9.375_-38.375_dep20-20.dat,-9.375_-38.375,422,SAmerica,dep20-20,298.367,4.507
349,IDX_-9.625_-37.125_dep20-20.dat,-9.625_-37.125,850,SAmerica,dep20-20,299.489,3.196
350,IDX_-9.625_-37.375_dep20-20.dat,-9.625_-37.375,740,SAmerica,dep20-20,299.714,3.404
351,IDX_-9.875_-36.875_dep20-20.dat,-9.875_-36.875,339,SAmerica,dep20-20,299.201,2.844
352,IDX_-9.875_-37.375_dep20-20.dat,-9.875_-37.375,416,SAmerica,dep20-20,299.563,3.269
353,IDX_-9.875_-38.375_dep20-20.dat,-9.875_-38.375,1043,SAmerica,dep20-20,297.449,3.306
354,IDX_-9.875_-39.375_dep20-20.dat,-9.875_-39.375,1202,SAmerica,dep20-20,298.866,3.885
355,IDX_-9.875_-39.875_dep20-20.dat,-9.875_-39.875,320,SAmerica,dep20-20,299.208,3.982
356,IDX_-9.875_-41.875_dep20-20.dat,-9.875_-41.875,687,SAmerica,dep20-20,299.945,3.415
357,IDX_-9.875_-42.625_dep20-20.dat,-9.875_-42.625,79,SAmerica,dep20-20,299.933,3.045
358,IDX_0.375_36.875_dep0-32.dat,0.375_36.875,1662,Africa,dep0-32,292.185,2.255
359,IDX_13.375_30.375_dep15-15.dat,13.375_30.375,1745,Africa,dep15-15,300.984,5.411
360,IDX_13.625_2.625_dep10-40.dat,13.625_2.625,4724,Africa,dep10-40,302.583,4.059
361,IDX_15.375_-15.375_dep30-30.dat,15.375_-15.375,869,Africa,dep30-30,301.516,4.555
362,IDX_18.125_-66.625_dep20-20.dat,18.125_-66.625,3760,NAmerica,dep20-20,298.386,1.807
363,IDX_18.125_-66.875_dep20-20.dat,18.125_-66.875,3709,NAmerica,dep20-20,298.944,2.186
364,IDX_18.125_-67.125_dep20-20.dat,18.125_-67.125,3261,NAmerica,dep20-20,299.561,3.494
365,IDX_18.375_-66.125_dep20-20.dat,18.375_-66.125,1159,NAmerica,dep20-20,298.752,1.85
366,IDX_18.375_-67.125_dep20-20.dat,18.375_-67.125,3026,NAmerica,dep20-20,299.378,2.928
367,IDX_19.625_-155.875_dep30-30.dat,19.625_-155.875,4550,NAmerica,dep30-30,292.4,0.577
368,IDX_19.875_-155.375_dep30-30.dat,19.875_-155.375,5097,NAmerica,dep30-30,289.382,1.872
369,IDX_19.875_-155.625_dep30-30.dat,19.875_-155.625,5420,NAmerica,dep30-30,292.281,0.536
370,IDX_20.125_-155.625_dep20-20.dat,20.125_-155.625,82,NAmerica,dep20-20,295.737,1.45
371,IDX_26.125_-97.875_dep20-20.dat,26.125_-97.875,1649,NAmerica,dep20-20,297.228,2.208
372,IDX_26.625_-98.125_dep20-20.dat,26.625_-98.125,3426,NAmerica,dep20-20,297.051,2.183
373,IDX_26.625_80.125_dep25-25.dat,26.625_80.125,476,Asia,dep25-25,298.558,1.457
374,IDX_27.125_-81.375_dep20-20.dat,27.125_-81.375,1964,NAmerica,dep20-20,296.456,1.286
375,IDX_27.625_-97.875_dep20-20.dat,27.625_-97.875,1092,NAmerica,dep20-20,296.128,1.878
376,IDX_28.375_-96.875_dep20-20.dat,28.375_-96.875,2449,NAmerica,dep20-20,295.204,1.617
377,IDX_29.125_-81.625_dep20-20.dat,29.125_-81.625,5073,NAmerica,dep20-20,294.734,1.462
378,IDX_29.375_-100.375_dep20-20.dat,29.375_-100.375,1922,NAmerica,dep20-20,294.599,2.175
379,IDX_29.625_-110.625_dep0-34.dat,29.625_-110.625,384,NAmerica,dep0-34,295.376,4.158
380,IDX_29.625_-82.125_dep0-39.dat,29.625_-82.125,511,NAmerica,dep0-39,293.899,1.404
381,IDX_30.125_-91.875_dep20-20.dat,30.125_-91.875,3410,NAmerica,dep20-20,293.651,1.037
382,IDX_30.125_-94.375_dep20-20.dat,30.125_-94.375,1633,NAmerica,dep20-20,293.589,0.994
383,IDX_30.125_-95.875_dep20-20.dat,30.125_-95.875,6597,NAmerica,dep20-20,293.874,1.222
384,IDX_30.375_-84.375_dep20-20.dat,30.375_-84.375,5722,NAmerica,dep20-20,293.032,1.214
385,IDX_30.375_-88.625_dep20-20.dat,30.375_-88.625,5678,NAmerica,dep20-20,293.433,1.032
386,IDX_30.625_-87.625_dep20-20.dat,30.625_-87.625,1857,NAmerica,dep20-20,292.978,1.04
387,IDX_30.625_-87.875_dep20-20.dat,30.625_-87.875,3456,NAmerica,dep20-20,293.262,1.079
388,IDX_31.125_-84.375_dep20-20.dat,31.125_-84.375,3469,NAmerica,dep20-20,292.821,1.271
389,IDX_31.125_-85.125_dep20-20.dat,31.125_-85.125,2570,NAmerica,dep20-20,292.662,1.178
390,IDX_31.125_-87.625_dep20-20.dat,31.125_-87.625,2295,NAmerica,dep20-20,292.663,1.132
391,IDX_31.125_91.625_dep20-20.dat,31.125_91.625,1653,Asia,dep20-20,270.831,1.126
392,IDX_31.125_91.875_dep20-20.dat,31.125_91.875,1609,Asia,dep20-20,270.631,1.039
393,IDX_31.125_92.125_dep20-20.dat,31.125_92.125,1686,Asia,dep20-20,270.144,0.959
394,IDX_31.125_92.375_dep20-20.dat,31.125_92.375,1735,Asia,dep20-20,269.133,0.864
395,IDX_31.375_-84.375_dep20-20.dat,31.375_-84.375,3511,NAmerica,dep20-20,292.551,1.261
396,IDX_31.375_-96.875_dep20-20.dat,31.375_-96.875,1381,NAmerica,dep20-20,293.362,1.319
397,IDX_31.375_91.875_dep20-20.dat,31.375_91.875,1722,Asia,dep20-20,271.728,1.232
398,IDX_31.375_92.125_dep20-20.dat,31.375_92.125,1822,Asia,dep20-20,271.192,1.234
399,IDX_31.625_-100.625_dep20-20.dat,31.625_-100.625,1777,NAmerica,dep20-20,291.897,2.279
400,IDX_31.625_-102.875_dep20-20.dat,31.625_-102.875,3503,NAmerica,dep20-20,292.404,3.245
401,IDX_31.625_-109.875_dep15-15.dat,31.625_-109.875,581,NAmerica,dep15-15,290.934,5.092
402,IDX_31.625_-110.125_dep20-20.dat,31.625_-110.125,5252,NAmerica,dep20-20,290.338,4.035
403,IDX_31.625_-110.625_dep20-20.dat,31.625_-110.625,3118,NAmerica,dep20-20,290.896,3.714
404,IDX_31.625_-83.625_dep20-20.dat,31.625_-83.625,6667,NAmerica,dep20-20,292.527,1.277
405,IDX_31.625_91.625_dep20-20.dat,31.625_91.625,1686,Asia,dep20-20,271.921,1.277
406,IDX_31.625_91.875_dep20-20.dat,31.625_91.875,1907,Asia,dep20-20,271.087,1.098
407,IDX_31.625_92.125_dep20-20.dat,31.625_92.125,1671,Asia,dep20-20,270.443,1.137
408,IDX_31.625_92.375_dep20-20.dat,31.625_92.375,1738,Asia,dep20-20,269.663,1.003
409,IDX_31.875_-110.875_dep0-40.dat,31.875_-110.875,889,NAmerica,dep0-40,293.362,4.055
410,IDX_31.875_-95.625_dep20-20.dat,31.875_-95.625,2486,NAmerica,dep20-20,292.837,1.208
411,IDX_31.875_91.625_dep20-20.dat,31.875_91.625,1807,Asia,dep20-20,271.375,1.249
412,IDX_31.875_91.875_dep20-20.dat,31.875_91.875,1630,Asia,dep20-20,270.185,0.988
413,IDX_32.125_-100.125_dep20-20.dat,32.125_-100.125,3356,NAmerica,dep20-20,291.407,2.097
414,IDX_32.375_-110.875_dep0-28.dat,32.375_-110.875,376,NAmerica,dep0-28,293.662,3.456
415,IDX_32.375_-85.875_dep20-20.dat,32.375_-85.875,4855,NAmerica,dep20-20,291.808,1.168
416,IDX_32.375_-86.125_dep20-20.dat,32.375_-86.125,606,NAmerica,dep20-20,291.889,1.157
417,IDX_32.375_-86.875_dep20-20.dat,32.375_-86.875,2594,NAmerica,dep20-20,291.838,1.156
418,IDX_32.375_-87.125_dep20-20.dat,32.375_-87.125,1055,NAmerica,dep20-20,291.911,1.131
419,IDX_32.375_-89.125_dep20-20.dat,32.375_-89.125,4246,NAmerica,dep20-20,291.465,1.098
420,IDX_32.375_-98.125_dep20-20.dat,32.375_-98.125,1903,NAmerica,dep20-20,292.375,1.635
421,IDX_32.625_-106.625_dep20-20.dat,32.625_-106.625,3712,NAmerica,dep20-20,291.022,3.878
422,IDX_32.625_-110.875_dep0-28.dat,32.625_-110.875,1258,NAmerica,dep0-28,293.805,3.309
423,IDX_32.625_-81.125_dep20-20.dat,32.625_-81.125,6747,NAmerica,dep20-20,291.862,1.241
424,IDX_32.625_-88.125_dep20-20.dat,32.625_-88.125,3651,NAmerica,dep20-20,291.672,1.141
425,IDX_32.875_-90.625_dep20-20.dat,32.875_-90.625,880,NAmerica,dep20-20,291.873,1.029
426,IDX_32.875_-90.875_dep20-20.dat,32.875_-90.875,6162,NAmerica,dep20-20,291.913,1.029
427,IDX_32.875_-92.125_dep20-20.dat,32.875_-92.125,3560,NAmerica,dep20-20,291.912,1.07
428,IDX_33.125_-79.375_dep20-20.dat,33.125_-79.375,3761,NAmerica,dep20-20,292.118,1.139
429,IDX_33.125_-88.375_dep20-20.dat,33.125_-88.375,1149,NAmerica,dep20-20,291.322,1.081
430,IDX_33.125_-90.625_dep20-20.dat,33.125_-90.625,4583,NAmerica,dep20-20,291.69,1.023
431,IDX_33.125_-91.125_dep20-20.dat,33.125_-91.125,5551,NAmerica,dep20-20,291.727,1.045
432,IDX_33.375_-105.875_dep20-20.dat,33.375_-105.875,4722,NAmerica,dep20-20,287.616,4.149
433,IDX_33.375_-81.375_dep20-20.dat,33.375_-81.375,2654,NAmerica,dep20-20,291.428,1.218
434,IDX_33.375_-81.625_dep0-38.dat,33.375_-81.625,1283,NAmerica,dep0-38,291.438,1.251
435,IDX_33.375_-85.625_dep20-20.dat,33.375_-85.625,2627,NAmerica,dep20-20,290.07,1.062
436,IDX_33.375_-90.625_dep20-20.dat,33.375_-90.625,1174,NAmerica,dep20-20,291.484,1.009
437,IDX_33.375_-99.875_dep20-20.dat,33.375_-99.875,1886,NAmerica,dep20-20,291.627,2.055
438,IDX_33.625_-102.125_dep20-20.dat,33.625_-102.125,1997,NAmerica,dep20-20,289.25,2.539
439,IDX_33.625_-102.375_dep20-20.dat,33.625_-102.375,4805,NAmerica,dep20-20,289.229,2.603
440,IDX_33.625_-102.875_dep20-20.dat,33.625_-102.875,2170,NAmerica,dep20-20,289.062,2.803
441,IDX_33.625_-103.375_dep20-20.dat,33.625_-103.375,3042,NAmerica,dep20-20,288.825,2.958
442,IDX_33.625_-103.625_dep20-20.dat,33.625_-103.625,3005,NAmerica,dep20-20,288.875,3.137
443,IDX_33.625_-115.125_dep20-20.dat,33.625_-115.125,2310,NAmerica,dep20-20,296.314,8.994
444,IDX_33.625_-116.375_dep0-36.dat,33.625_-116.375,3142,NAmerica,dep0-36,291.377,5.231
445,IDX_33.625_-117.625_dep0-23.dat,33.625_-117.625,3124,NAmerica,dep0-23,290.146,4.722
446,IDX_33.625_-88.875_dep20-20.dat,33.625_-88.875,4349,NAmerica,dep20-20,290.8,1.0
447,IDX_33.625_-90.625_dep20-20.dat,33.625_-90.625,4372,NAmerica,dep20-20,291.264,0.974
448,IDX_33.625_-91.125_dep20-20.dat,33.625_-91.125,5269,NAmerica,dep20-20,291.345,1.016
449,IDX_33.875_-102.875_dep20-20.dat,33.875_-102.875,3194,NAmerica,dep20-20,288.884,2.793
450,IDX_33.875_-109.625_dep20-20.dat,33.875_-109.625,5193,NAmerica,dep20-20,282.629,2.409
451,IDX_33.875_-109.875_dep20-20.dat,33.875_-109.875,1456,NAmerica,dep20-20,285.025,2.924
452,IDX_33.875_-115.375_dep20-20.dat,33.875_-115.375,1871,NAmerica,dep20-20,295.449,7.656
453,IDX_33.875_-83.375_dep20-20.dat,33.875_-83.375,7065,NAmerica,dep20-20,290.12,1.09
454,IDX_33.875_-90.875_dep20-20.dat,33.875_-90.875,5961,NAmerica,dep20-20,291.095,0.991
455,IDX_34.125_-86.875_dep20-20.dat,34.125_-86.875,4488,NAmerica,dep20-20,290.068,0.961
456,IDX_34.125_-87.375_dep20-20.dat,34.125_-87.375,3042,NAmerica,dep20-20,289.981,0.96
457,IDX_34.125_-89.875_dep20-20.dat,34.125_-89.875,6601,NAmerica,dep20-20,290.64,0.982
458,IDX_34.125_-90.375_dep20-20.dat,34.125_-90.375,3112,NAmerica,dep20-20,290.845,0.936
459,IDX_34.125_-99.375_dep20-20.dat,34.125_-99.375,1630,NAmerica,dep20-20,291.1,1.856
460,IDX_34.375_-105.375_dep20-20.dat,34.375_-105.375,6976,NAmerica,dep20-20,285.823,3.163
461,IDX_34.375_-106.625_dep20-20.dat,34.375_-106.625,2681,NAmerica,dep20-20,288.124,4.515
462,IDX_34.375_-106.875_dep20-20.dat,34.375_-106.875,3422,NAmerica,dep20-20,288.009,3.886
463,IDX_34.375_-111.375_dep20-20.dat,34.375_-111.375,2880,NAmerica,dep20-20,287.285,2.903
464,IDX_34.375_-79.625_dep20-20.dat,34.375_-79.625,5921,NAmerica,dep20-20,290.824,1.119
465,IDX_34.375_-85.875_dep20-20.dat,34.375_-85.875,3703,NAmerica,dep20-20,289.467,0.962
466,IDX_34.375_-86.125_dep20-20.dat,34.375_-86.125,4248,NAmerica,dep20-20,289.604,0.973
467,IDX_34.375_-86.625_dep20-20.dat,34.375_-86.625,5224,NAmerica,dep20-20,289.807,0.959
468,IDX_34.375_-87.125_dep20-20.dat,34.375_-87.125,2914,NAmerica,dep20-20,289.885,0.968
469,IDX_34.375_-89.875_dep20-20.dat,34.375_-89.875,5324,NAmerica,dep20-20,290.398,0.973
470,IDX_34.375_-91.375_dep20-20.dat,34.375_-91.375,5141,NAmerica,dep20-20,290.742,0.978
471,IDX_34.375_-92.125_dep20-20.dat,34.375_-92.125,4114,NAmerica,dep20-20,290.642,1.041
472,IDX_34.625_-115.125_dep20-20.dat,34.625_-115.125,2141,NAmerica,dep20-20,294.454,6.576
473,IDX_34.625_-90.375_dep20-20.dat,34.625_-90.375,6391,NAmerica,dep20-20,290.52,0.966
474,IDX_34.875_-106.875_dep20-20.dat,34.875_-106.875,3651,NAmerica,dep20-20,287.734,3.597
475,IDX_34.875_-111.375_dep20-20.dat,34.875_-111.375,5415,NAmerica,dep20-20,284.516,3.056
476,IDX_34.875_-111.625_dep20-20.dat,34.875_-111.625,3297,NAmerica,dep20-20,285.216,3.021
477,IDX_34.875_-119.375_dep20-20.dat,34.875_-119.375,1660,NAmerica,dep20-20,289.214,3.96
478,IDX_34.875_-86.125_dep20-20.dat,34.875_-86.125,4604,NAmerica,dep20-20,288.954,0.887
479,IDX_34.875_-86.625_dep20-20.dat,34.875_-86.625,6407,NAmerica,dep20-20,289.347,0.913
480,IDX_34.875_-86.875_dep20-20.dat,34.875_-86.875,3041,NAmerica,dep20-20,289.616,0.917
481,IDX_34.875_-87.875_dep20-20.dat,34.875_-87.875,2883,NAmerica,dep20-20,289.77,0.966
482,IDX_34.875_-89.375_dep20-20.dat,34.875_-89.375,3203,NAmerica,dep20-20,289.907,0.971
483,IDX_34.875_-90.875_dep20-20.dat,34.875_-90.875,3923,NAmerica,dep20-20,290.305,0.964
484,IDX_34.875_-91.875_dep20-20.dat,34.875_-91.875,5328,NAmerica,dep20-20,290.29,0.96
485,IDX_34.875_-97.875_dep20-20.dat,34.875_-97.875,2946,NAmerica,dep20-20,289.984,1.591
486,IDX_34.875_-98.125_dep15-15.dat,34.875_-98.125,2233,NAmerica,dep15-15,289.895,1.618
487,IDX_35.125_-102.125_dep20-20.dat,35.125_-102.125,5845,NAmerica,dep20-20,287.991,2.424
488,IDX_35.125_-112.125_dep20-20.dat,35.125_-112.125,3238,NAmerica,dep20-20,285.701,3.114
489,IDX_35.125_-119.625_dep20-20.dat,35.125_-119.625,2219,NAmerica,dep20-20,290.653,4.403
490,IDX_35.125_-86.125_dep20-20.dat,35.125_-86.125,5530,NAmerica,dep20-20,288.851,0.897
491,IDX_35.125_-86.625_dep20-20.dat,35.125_-86.625,5416,NAmerica,dep20-20,289.185,0.911
492,IDX_35.125_-86.875_dep20-20.dat,35.125_-86.875,4487,NAmerica,dep20-20,289.209,0.905
493,IDX_35.125_-92.875_dep20-20.dat,35.125_-92.875,5052,NAmerica,dep20-20,289.813,1.064
494,IDX_35.125_-96.625_dep15-15.dat,35.125_-96.625,731,NAmerica,dep15-15,289.949,1.361
495,IDX_35.375_-111.625_dep20-20.dat,35.375_-111.625,3043,NAmerica,dep20-20,283.995,2.772
496,IDX_35.375_-111.875_dep0-21.dat,35.375_-111.875,2315,NAmerica,dep0-21,283.599,2.826
497,IDX_35.375_-112.125_dep20-20.dat,35.375_-112.125,1961,NAmerica,dep20-20,285.262,3.163
498,IDX_35.375_-115.625_dep20-20.dat,35.375_-115.625,2103,NAmerica,dep20-20,291.605,6.123
499,IDX_35.375_-82.625_dep20-20.dat,35.375_-82.625,3544,NAmerica,dep20-20,285.356,1.044
500,IDX_35.375_-90.375_dep20-20.dat,35.375_-90.375,2577,NAmerica,dep20-20,289.94,0.972
501,IDX_35.375_-96.625_dep15-15.dat,35.375_-96.625,1111,NAmerica,dep15-15,289.823,1.376
502,IDX_35.375_-98.875_dep15-15.dat,35.375_-98.875,3537,NAmerica,dep15-15,289.108,1.808
503,IDX_35.625_-105.875_dep20-20.dat,35.625_-105.875,2066,NAmerica,dep20-20,283.927,3.592
504,IDX_35.625_-95.875_dep15-15.dat,35.625_-95.875,241,NAmerica,dep15-15,289.831,1.219
505,IDX_35.625_-96.875_dep15-15.dat,35.625_-96.875,4007,NAmerica,dep15-15,289.652,1.44
506,IDX_35.625_-98.125_dep20-20.dat,35.625_-98.125,4952,NAmerica,dep20-20,289.193,1.62
507,IDX_35.875_-105.625_dep20-20.dat,35.875_-105.625,1667,NAmerica,dep20-20,279.665,1.965
508,IDX_35.875_-105.875_dep20-20.dat,35.875_-105.875,1281,NAmerica,dep20-20,283.504,3.609
509,IDX_35.875_-106.375_dep20-20.dat,35.875_-106.375,2040,NAmerica,dep20-20,280.933,2.174
510,IDX_35.875_-106.625_dep20-20.dat,35.875_-106.625,2753,NAmerica,dep20-20,280.663,2.318
511,IDX_35.875_-76.625_dep20-20.dat,35.875_-76.625,4747,NAmerica,dep20-20,289.628,1.003
512,IDX_35.875_-79.125_dep20-20.dat,35.875_-79.125,3458,NAmerica,dep20-20,289.02,1.113
513,IDX_35.875_-91.875_dep20-20.dat,35.875_-91.875,3581,NAmerica,dep20-20,288.737,1.138
514,IDX_36.125_-105.625_dep20-20.dat,36.125_-105.625,1997,NAmerica,dep20-20,280.404,2.722
515,IDX_36.125_-106.125_dep20-20.dat,36.125_-106.125,3261,NAmerica,dep20-20,281.352,2.422
516,IDX_36.125_-106.875_dep20-20.dat,36.125_-106.875,2184,NAmerica,dep20-20,281.786,2.959
517,IDX_36.125_-108.875_dep20-20.dat,36.125_-108.875,2860,NAmerica,dep20-20,282.018,2.252
518,IDX_36.125_-115.625_dep20-20.dat,36.125_-115.625,4231,NAmerica,dep20-20,288.83,3.871
519,IDX_36.125_-85.125_dep20-20.dat,36.125_-85.125,2858,NAmerica,dep20-20,287.77,0.867
520,IDX_36.125_-97.125_dep20-20.dat,36.125_-97.125,3666,NAmerica,dep20-20,289.26,1.463
521,IDX_36.125_-98.625_dep13-13.dat,36.125_-98.625,1166,NAmerica,dep13-13,288.687,1.778
522,IDX_36.125_-99.125_dep15-15.dat,36.125_-99.125,4226,NAmerica,dep15-15,288.213,1.857
523,IDX_36.375_-105.375_dep20-20.dat,36.375_-105.375,2413,NAmerica,dep20-20,278.789,2.568
524,IDX_36.375_-115.625_dep20-20.dat,36.375_-115.625,4219,NAmerica,dep20-20,288.336,3.394
525,IDX_36.375_-115.875_dep20-20.dat,36.375_-115.875,4196,NAmerica,dep20-20,290.091,5.918
526,IDX_36.375_-116.375_dep20-20.dat,36.375_-116.375,2118,NAmerica,dep20-20,292.798,6.891
527,IDX_36.375_-98.375_dep15-15.dat,36.375_-98.375,4241,NAmerica,dep15-15,288.835,1.704
528,IDX_36.625_-101.625_dep20-20.dat,36.625_-101.625,3610,NAmerica,dep20-20,287.37,2.492
529,IDX_36.625_-105.375_dep20-20.dat,36.625_-105.375,3776,NAmerica,dep20-20,278.378,2.552
530,IDX_36.625_-106.375_dep20-20.dat,36.625_-106.375,1674,NAmerica,dep20-20,278.613,2.298
531,IDX_36.625_-115.125_dep20-20.dat,36.625_-115.125,4157,NAmerica,dep20-20,289.865,4.782
532,IDX_36.625_-116.125_dep20-20.dat,36.625_-116.125,3544,NAmerica,dep20-20,290.929,5.928
533,IDX_36.625_-120.625_dep20-20.dat,36.625_-120.625,1878,NAmerica,dep20-20,290.337,3.955
534,IDX_36.625_-76.875_dep20-20.dat,36.625_-76.875,5975,NAmerica,dep20-20,289.091,0.992
535,IDX_36.625_-80.125_dep20-20.dat,36.625_-80.125,4354,NAmerica,dep20-20,286.66,1.038
536,IDX_36.625_-97.375_dep15-15.dat,36.625_-97.375,4737,NAmerica,dep15-15,288.769,1.43
537,IDX_36.875_-105.125_dep20-20.dat,36.875_-105.125,1628,NAmerica,dep20-20,276.985,2.153
538,IDX_36.875_-89.875_dep20-20.dat,36.875_-89.875,3990,NAmerica,dep20-20,288.267,0.962
539,IDX_36.875_-91.375_dep20-20.dat,36.875_-91.375,569,NAmerica,dep20-20,287.394,1.089
540,IDX_36.875_-96.375_dep15-15.dat,36.875_-96.375,4545,NAmerica,dep15-15,288.125,1.239
541,IDX_36.875_-98.375_dep15-15.dat,36.875_-98.375,4680,NAmerica,dep15-15,288.283,1.634
542,IDX_37.125_-105.125_dep20-20.dat,37.125_-105.125,3577,NAmerica,dep20-20,277.236,2.244
543,IDX_37.125_-112.125_dep20-20.dat,37.125_-112.125,3169,NAmerica,dep20-20,284.475,3.528
544,IDX_37.125_-113.375_dep20-20.dat,37.125_-113.375,3606,NAmerica,dep20-20,288.71,3.551
545,IDX_37.125_-119.125_dep0-27.dat,37.125_-119.125,2786,NAmerica,dep0-27,282.904,1.336
546,IDX_37.125_-120.875_dep20-20.dat,37.125_-120.875,2982,NAmerica,dep20-20,291.036,3.664
547,IDX_37.125_-86.125_dep20-20.dat,37.125_-86.125,5644,NAmerica,dep20-20,288.111,0.898
548,IDX_37.125_-87.875_dep20-20.dat,37.125_-87.875,5004,NAmerica,dep20-20,288.216,0.988
549,IDX_37.125_-92.375_dep20-20.dat,37.125_-92.375,2501,NAmerica,dep20-20,286.793,1.079
550,IDX_37.125_-93.875_dep20-20.dat,37.125_-93.875,4961,NAmerica,dep20-20,287.478,1.055
551,IDX_37.125_-95.875_dep15-15.dat,37.125_-95.875,3060,NAmerica,dep15-15,288.183,1.234
552,IDX_37.125_-97.125_dep20-20.dat,37.125_-97.125,5042,NAmerica,dep20-20,288.031,1.359
553,IDX_37.125_-97.375_dep15-15.dat,37.125_-97.375,4589,NAmerica,dep15-15,288.008,1.397
554,IDX_37.375_-106.625_dep20-20.dat,37.375_-106.625,3284,NAmerica,dep20-20,274.587,1.777
555,IDX_37.375_-106.875_dep20-20.dat,37.375_-106.875,2897,NAmerica,dep20-20,275.446,1.711
556,IDX_37.375_-108.625_dep20-20.dat,37.375_-108.625,2883,NAmerica,dep20-20,282.993,2.993
557,IDX_37.375_-109.375_dep20-20.dat,37.375_-109.375,4121,NAmerica,dep20-20,286.495,3.92
558,IDX_37.375_-112.625_dep20-20.dat,37.375_-112.625,4702,NAmerica,dep20-20,280.44,2.157
559,IDX_37.375_-113.125_dep20-20.dat,37.375_-113.125,3230,NAmerica,dep20-20,283.962,2.655
560,IDX_37.375_-113.375_dep20-20.dat,37.375_-113.375,4161,NAmerica,dep20-20,285.339,2.725
561,IDX_37.375_-113.875_dep20-20.dat,37.375_-113.875,5399,NAmerica,dep20-20,286.346,3.156
562,IDX_37.375_-117.875_dep20-20.dat,37.375_-117.875,2672,NAmerica,dep20-20,284.351,3.924
563,IDX_37.375_-75.875_dep20-20.dat,37.375_-75.875,1847,NAmerica,dep20-20,288.218,1.264
564,IDX_37.375_-86.125_dep20-20.dat,37.375_-86.125,2733,NAmerica,dep20-20,287.781,0.89
565,IDX_37.375_-94.625_dep20-20.dat,37.375_-94.625,3189,NAmerica,dep20-20,287.963,1.05
566,IDX_37.375_-96.125_dep15-15.dat,37.375_-96.125,3971,NAmerica,dep15-15,287.503,1.208
567,IDX_37.375_-99.375_dep15-15.dat,37.375_-99.375,3222,NAmerica,dep15-15,286.858,1.834
568,IDX_37.375_126.875_dep20-20.dat,37.375_126.875,195,Asia,dep20-20,285.357,0.964
569,IDX_37.625_-107.375_dep20-20.dat,37.625_-107.375,3355,NAmerica,dep20-20,273.441,1.353
570,IDX_37.625_-107.875_dep20-20.dat,37.625_-107.875,2878,NAmerica,dep20-20,274.833,1.376
571,IDX_37.625_-108.125_dep20-20.dat,37.625_-108.125,3691,NAmerica,dep20-20,277.288,1.661
572,IDX_37.625_-109.375_dep20-20.dat,37.625_-109.375,3745,NAmerica,dep20-20,283.686,2.854
573,IDX_37.625_-111.375_dep20-20.dat,37.625_-111.375,3163,NAmerica,dep20-20,283.731,3.547
574,IDX_37.625_-112.375_dep20-20.dat,37.625_-112.375,3542,NAmerica,dep20-20,279.29,2.372
575,IDX_37.625_-112.625_dep20-20.dat,37.625_-112.625,4943,NAmerica,dep20-20,279.493,2.261
576,IDX_37.625_-112.875_dep20-20.dat,37.625_-112.875,4896,NAmerica,dep20-20,281.171,2.324
577,IDX_37.625_-113.125_dep20-20.dat,37.625_-113.125,4927,NAmerica,dep20-20,283.508,2.665
578,IDX_37.625_-113.375_dep20-20.dat,37.625_-113.375,4259,NAmerica,dep20-20,284.58,2.826
579,IDX_37.625_-113.625_dep20-20.dat,37.625_-113.625,3990,NAmerica,dep20-20,284.766,2.902
580,IDX_37.625_-113.875_dep20-20.dat,37.625_-113.875,4671,NAmerica,dep20-20,284.511,3.139
581,IDX_37.625_-115.125_dep20-20.dat,37.625_-115.125,775,NAmerica,dep20-20,286.577,4.422
582,IDX_37.625_-118.875_dep20-20.dat,37.625_-118.875,2380,NAmerica,dep20-20,277.274,1.714
583,IDX_37.625_-91.625_dep20-20.dat,37.625_-91.625,3383,NAmerica,dep20-20,286.727,1.108
584,IDX_37.875_-103.875_dep20-20.dat,37.875_-103.875,3312,NAmerica,dep20-20,286.327,2.595
585,IDX_37.875_-105.375_dep20-20.dat,37.875_-105.375,2279,NAmerica,dep20-20,277.56,2.576
586,IDX_37.875_-107.125_dep20-20.dat,37.875_-107.125,2880,NAmerica,dep20-20,273.018,1.626
587,IDX_37.875_-107.875_dep20-20.dat,37.875_-107.875,1665,NAmerica,dep20-20,275.609,1.515
588,IDX_37.875_-108.125_dep20-20.dat,37.875_-108.125,3946,NAmerica,dep20-20,278.024,1.801
589,IDX_37.875_-109.125_dep20-20.dat,37.875_-109.125,3612,NAmerica,dep20-20,283.148,2.848
590,IDX_37.875_-109.375_dep20-20.dat,37.875_-109.375,5008,NAmerica,dep20-20,283.43,2.903
591,IDX_37.875_-110.875_dep20-20.dat,37.875_-110.875,1159,NAmerica,dep20-20,285.095,3.832
592,IDX_37.875_-111.875_dep20-20.dat,37.875_-111.875,4138,NAmerica,dep20-20,279.638,3.046
593,IDX_37.875_-112.375_dep20-20.dat,37.875_-112.375,2704,NAmerica,dep20-20,279.76,2.608
594,IDX_37.875_-112.875_dep20-20.dat,37.875_-112.875,1822,NAmerica,dep20-20,282.794,3.007
595,IDX_37.875_-118.375_dep20-20.dat,37.875_-118.375,3580,NAmerica,dep20-20,281.754,3.249
596,IDX_37.875_-119.875_dep20-20.dat,37.875_-119.875,2795,NAmerica,dep20-20,284.54,1.2
597,IDX_37.875_-78.375_dep0-21.dat,37.875_-78.375,631,NAmerica,dep0-21,287.313,1.101
598,IDX_37.875_-79.125_dep20-20.dat,37.875_-79.125,5245,NAmerica,dep20-20,285.324,1.105
599,IDX_37.875_-94.125_dep20-20.dat,37.875_-94.125,1443,NAmerica,dep20-20,287.397,1.102
600,IDX_37.875_-97.125_dep15-15.dat,37.875_-97.125,3966,NAmerica,dep15-15,287.002,1.339
601,IDX_37.875_-98.375_dep15-15.dat,37.875_-98.375,3807,NAmerica,dep15-15,286.746,1.572
602,IDX_38.125_-106.625_dep20-20.dat,38.125_-106.625,1841,NAmerica,dep20-20,274.801,2.505
603,IDX_38.125_-109.125_dep20-20.dat,38.125_-109.125,3656,NAmerica,dep20-20,283.198,3.029
604,IDX_38.125_-109.625_dep0-32.dat,38.125_-109.625,1847,NAmerica,dep0-32,285.881,3.952
605,IDX_38.125_-110.875_dep20-20.dat,38.125_-110.875,1312,NAmerica,dep20-20,285.105,3.634
606,IDX_38.125_-111.375_dep20-20.dat,38.125_-111.375,4427,NAmerica,dep20-20,279.045,2.196
607,IDX_38.125_-112.125_dep20-20.dat,38.125_-112.125,2703,NAmerica,dep20-20,279.695,2.718
608,IDX_38.125_-112.375_dep20-20.dat,38.125_-112.375,3534,NAmerica,dep20-20,279.6,2.344
609,IDX_38.125_-119.125_dep20-20.dat,38.125_-119.125,4390,NAmerica,dep20-20,277.679,1.622
610,IDX_38.125_-120.875_dep20-20.dat,38.125_-120.875,1410,NAmerica,dep20-20,289.5,1.879
611,IDX_38.125_-78.125_dep20-20.dat,38.125_-78.125,6680,NAmerica,dep20-20,287.107,1.068
612,IDX_38.125_-84.625_dep20-20.dat,38.125_-84.625,3482,NAmerica,dep20-20,286.779,0.902
613,IDX_38.125_-95.625_dep15-15.dat,38.125_-95.625,3023,NAmerica,dep15-15,286.921,1.2
614,IDX_38.125_-97.625_dep15-15.dat,38.125_-97.625,3328,NAmerica,dep15-15,286.803,1.443
615,IDX_38.125_-99.375_dep15-15.dat,38.125_-99.375,3244,NAmerica,dep15-15,286.445,1.832
616,IDX_38.375_-106.375_dep20-20.dat,38.375_-106.375,1712,NAmerica,dep20-20,274.562,2.533
617,IDX_38.375_-109.125_dep20-20.dat,38.375_-109.125,3050,NAmerica,dep20-20,283.442,3.053
618,IDX_38.375_-109.375_dep20-20.dat,38.375_-109.375,4859,NAmerica,dep20-20,285.028,3.527
619,IDX_38.375_-112.375_dep20-20.dat,38.375_-112.375,4473,NAmerica,dep20-20,279.968,2.173
620,IDX_38.375_-112.625_dep20-20.dat,38.375_-112.625,3007,NAmerica,dep20-20,282.482,2.616
621,IDX_38.375_-113.125_dep20-20.dat,38.375_-113.125,3858,NAmerica,dep20-20,284.922,3.272
622,IDX_38.375_-119.125_dep20-20.dat,38.375_-119.125,1475,NAmerica,dep20-20,279.776,2.077
623,IDX_38.375_-119.375_dep20-20.dat,38.375_-119.375,3860,NAmerica,dep20-20,278.218,1.704
624,IDX_38.375_-119.625_dep20-20.dat,38.375_-119.625,4956,NAmerica,dep20-20,278.228,1.306
625,IDX_38.375_-120.875_dep20-20.dat,38.375_-120.875,6965,NAmerica,dep20-20,289.497,1.648
626,IDX_38.375_-90.875_dep20-20.dat,38.375_-90.875,518,NAmerica,dep20-20,286.734,1.11
627,IDX_38.375_-97.375_dep15-15.dat,38.375_-97.375,3445,NAmerica,dep15-15,286.715,1.392
628,IDX_38.625_-107.625_dep20-20.dat,38.625_-107.625,2492,NAmerica,dep20-20,280.208,2.591
629,IDX_38.625_-111.625_dep20-20.dat,38.625_-111.625,3475,NAmerica,dep20-20,279.166,2.85
630,IDX_38.625_-111.875_dep20-20.dat,38.625_-111.875,2072,NAmerica,dep20-20,279.797,2.327
631,IDX_38.625_-112.125_dep20-20.dat,38.625_-112.125,4366,NAmerica,dep20-20,280.784,2.27
632,IDX_38.625_-113.875_dep20-20.dat,38.625_-113.875,3120,NAmerica,dep20-20,282.985,3.076
633,IDX_38.625_-119.625_dep20-20.dat,38.625_-119.625,5082,NAmerica,dep20-20,279.483,1.545
634,IDX_38.625_-119.875_dep20-20.dat,38.625_-119.875,5110,NAmerica,dep20-20,279.436,1.243
635,IDX_38.625_-120.875_dep15-15.dat,38.625_-120.875,683,NAmerica,dep15-15,289.432,1.376
636,IDX_38.625_-92.125_dep20-20.dat,38.625_-92.125,562,NAmerica,dep20-20,286.638,1.116
637,IDX_38.625_16.375_dep30-30.dat,38.625_16.375,3724,Europe,dep30-30,289.002,1.389
638,IDX_38.875_-100.875_dep20-20.dat,38.875_-100.875,3310,NAmerica,dep20-20,285.355,2.076
639,IDX_38.875_-106.625_dep20-20.dat,38.875_-106.625,2032,NAmerica,dep20-20,273.206,1.872
640,IDX_38.875_-106.875_dep20-20.dat,38.875_-106.875,4058,NAmerica,dep20-20,274.224,1.784
641,IDX_38.875_-111.625_dep20-20.dat,38.875_-111.625,5068,NAmerica,dep20-20,280.113,2.535
642,IDX_38.875_-112.375_dep20-20.dat,38.875_-112.375,3583,NAmerica,dep20-20,284.258,2.798
643,IDX_38.875_-119.875_dep20-20.dat,38.875_-119.875,5374,NAmerica,dep20-20,280.207,1.406
644,IDX_38.875_-120.125_dep20-20.dat,38.875_-120.125,5501,NAmerica,dep20-20,280.374,1.101
645,IDX_38.875_-86.625_dep20-20.dat,38.875_-86.625,3403,NAmerica,dep20-20,286.243,0.935
646,IDX_38.875_-94.125_dep20-20.dat,38.875_-94.125,3079,NAmerica,dep20-20,286.397,1.12
647,IDX_38.875_100.375_dep20-20.dat,38.875_100.375,83,Asia,dep20-20,280.055,2.806
648,IDX_39.125_-106.125_dep20-20.dat,39.125_-106.125,2939,NAmerica,dep20-20,272.424,1.717
649,IDX_39.125_-106.625_dep20-20.dat,39.125_-106.625,3457,NAmerica,dep20-20,273.264,1.659
650,IDX_39.125_-106.875_dep20-20.dat,39.125_-106.875,1838,NAmerica,dep20-20,274.655,1.627
651,IDX_39.125_-107.125_dep20-20.dat,39.125_-107.125,1155,NAmerica,dep20-20,275.94,1.576
652,IDX_39.125_-107.875_dep20-20.dat,39.125_-107.875,1988,NAmerica,dep20-20,279.451,1.731
653,IDX_39.125_-110.125_dep20-20.dat,39.125_-110.125,3872,NAmerica,dep20-20,285.174,3.904
654,IDX_39.125_-111.375_dep20-20.dat,39.125_-111.375,4939,NAmerica,dep20-20,279.169,2.46
655,IDX_39.125_-111.625_dep20-20.dat,39.125_-111.625,5001,NAmerica,dep20-20,281.246,2.365
656,IDX_39.125_-112.375_dep20-20.dat,39.125_-112.375,4063,NAmerica,dep20-20,285.681,3.244
657,IDX_39.125_-113.375_dep20-20.dat,39.125_-113.375,3118,NAmerica,dep20-20,285.242,3.634
658,IDX_39.125_-114.375_dep20-20.dat,39.125_-114.375,2042,NAmerica,dep20-20,280.432,2.347
659,IDX_39.125_-114.625_dep20-20.dat,39.125_-114.625,1478,NAmerica,dep20-20,280.799,2.579
660,IDX_39.125_-114.875_dep20-20.dat,39.125_-114.875,3564,NAmerica,dep20-20,281.309,2.593
661,IDX_39.125_-119.875_dep20-20.dat,39.125_-119.875,4705,NAmerica,dep20-20,281.155,1.69
662,IDX_39.125_-120.125_dep20-20.dat,39.125_-120.125,5298,NAmerica,dep20-20,280.288,1.247
663,IDX_39.125_-120.375_dep20-20.dat,39.125_-120.375,3634,NAmerica,dep20-20,282.178,1.039
664,IDX_39.125_-76.875_dep20-20.dat,39.125_-76.875,4705,NAmerica,dep20-20,286.735,0.972
665,IDX_39.125_-79.375_dep20-20.dat,39.125_-79.375,2569,NAmerica,dep20-20,282.426,0.808
666,IDX_39.125_-90.875_dep20-20.dat,39.125_-90.875,1461,NAmerica,dep20-20,286.299,1.06
667,IDX_39.125_-92.125_dep20-20.dat,39.125_-92.125,1664,NAmerica,dep20-20,286.233,1.067
668,IDX_39.125_-95.125_dep20-20.dat,39.125_-95.125,2815,NAmerica,dep20-20,286.158,1.162
669,IDX_39.125_-96.625_dep20-20.dat,39.125_-96.625,1691,NAmerica,dep20-20,286.386,1.346
670,IDX_39.375_-105.875_dep20-20.dat,39.375_-105.875,2283,NAmerica,dep20-20,272.17,1.702
671,IDX_39.375_-106.125_dep20-20.dat,39.375_-106.125,3059,NAmerica,dep20-20,271.975,1.579
672,IDX_39.375_-107.125_dep20-20.dat,39.375_-107.125,959,NAmerica,dep20-20,277.426,1.812
673,IDX_39.375_-109.625_dep20-20.dat,39.375_-109.625,3844,NAmerica,dep20-20,281.473,2.116
674,IDX_39.375_-111.375_dep20-20.dat,39.375_-111.375,4085,NAmerica,dep20-20,278.772,2.068
675,IDX_39.375_-111.625_dep20-20.dat,39.375_-111.625,3721,NAmerica,dep20-20,281.166,2.253
676,IDX_39.375_-112.125_dep20-20.dat,39.375_-112.125,2519,NAmerica,dep20-20,284.096,2.487
677,IDX_39.375_-114.625_dep20-20.dat,39.375_-114.625,4092,NAmerica,dep20-20,280.897,2.518
678,IDX_39.375_-115.875_dep20-20.dat,39.375_-115.875,2221,NAmerica,dep20-20,281.818,2.819
679,IDX_39.375_-117.125_dep20-20.dat,39.375_-117.125,4572,NAmerica,dep20-20,281.863,2.636
680,IDX_39.375_-117.625_dep20-20.dat,39.375_-117.625,2918,NAmerica,dep20-20,283.088,2.796
681,IDX_39.375_-119.875_dep20-20.dat,39.375_-119.875,3882,NAmerica,dep20-20,281.494,1.919
682,IDX_39.375_-120.125_dep20-20.dat,39.375_-120.125,5170,NAmerica,dep20-20,280.377,1.508
683,IDX_39.375_-120.375_dep20-20.dat,39.375_-120.375,5369,NAmerica,dep20-20,280.921,1.137
684,IDX_39.625_-105.875_dep20-20.dat,39.625_-105.875,2521,NAmerica,dep20-20,272.522,1.679
685,IDX_39.625_-106.125_dep20-20.dat,39.625_-106.125,3104,NAmerica,dep20-20,273.167,1.686
686,IDX_39.625_-107.375_dep20-20.dat,39.625_-107.375,1098,NAmerica,dep20-20,276.946,1.889
687,IDX_39.625_-110.375_dep20-20.dat,39.625_-110.375,2690,NAmerica,dep20-20,280.759,2.784
688,IDX_39.625_-110.875_dep20-20.dat,39.625_-110.875,3728,NAmerica,dep20-20,278.904,2.328
689,IDX_39.625_-111.375_dep20-20.dat,39.625_-111.375,4097,NAmerica,dep20-20,279.061,2.09
690,IDX_39.625_-111.625_dep20-20.dat,39.625_-111.625,1930,NAmerica,dep20-20,280.93,2.058
691,IDX_39.625_-111.875_dep20-20.dat,39.625_-111.875,3778,NAmerica,dep20-20,282.394,2.082
692,IDX_39.625_-113.875_dep20-20.dat,39.625_-113.875,1397,NAmerica,dep20-20,282.782,2.74
693,IDX_39.625_-114.625_dep20-20.dat,39.625_-114.625,2140,NAmerica,dep20-20,281.253,2.658
694,IDX_39.625_-115.875_dep20-20.dat,39.625_-115.875,4061,NAmerica,dep20-20,281.709,2.678
695,IDX_39.625_-91.625_dep20-20.dat,39.625_-91.625,465,NAmerica,dep20-20,285.889,1.1
696,IDX_39.625_-96.125_dep20-20.dat,39.625_-96.125,4860,NAmerica,dep20-20,285.646,1.233
697,IDX_39.625_16.125_dep30-30.dat,39.625_16.125,4336,Europe,dep30-30,287.627,1.096
698,IDX_39.875_-105.125_dep0-25.dat,39.875_-105.125,3077,NAmerica,dep0-25,280.031,1.454
699,IDX_39.875_-105.875_dep20-20.dat,39.875_-105.875,3866,NAmerica,dep20-20,274.065,1.978
700,IDX_39.875_-106.125_dep20-20.dat,39.875_-106.125,2564,NAmerica,dep20-20,275.083,1.982
701,IDX_39.875_-107.625_dep20-20.dat,39.875_-107.625,4407,NAmerica,dep20-20,277.882,1.894
702,IDX_39.875_-110.875_dep20-20.dat,39.875_-110.875,4306,NAmerica,dep20-20,278.155,2.12
703,IDX_39.875_-111.375_dep20-20.dat,39.875_-111.375,4508,NAmerica,dep20-20,280.105,2.205
704,IDX_39.875_-111.625_dep20-20.dat,39.875_-111.625,4913,NAmerica,dep20-20,281.947,2.128
705,IDX_39.875_-112.375_dep20-20.dat,39.875_-112.375,4224,NAmerica,dep20-20,284.269,2.751
706,IDX_39.875_-114.125_dep20-20.dat,39.875_-114.125,768,NAmerica,dep20-20,282.39,2.827
707,IDX_39.875_-75.875_dep20-20.dat,39.875_-75.875,2820,NAmerica,dep20-20,285.803,0.884
708,IDX_39.875_-83.375_dep20-20.dat,39.875_-83.375,4095,NAmerica,dep20-20,284.61,0.892
709,IDX_39.875_-90.875_dep10-30.dat,39.875_-90.875,3002,NAmerica,dep10-30,285.414,1.074
710,IDX_39.875_-93.125_dep20-20.dat,39.875_-93.125,2368,NAmerica,dep20-20,285.353,1.084
711,IDX_39.875_-99.375_dep20-20.dat,39.875_-99.375,5041,NAmerica,dep20-20,284.834,1.619
712,IDX_40.125_-105.625_dep20-20.dat,40.125_-105.625,3386,NAmerica,dep20-20,274.329,1.808
713,IDX_40.125_-106.625_dep20-20.dat,40.125_-106.625,3749,NAmerica,dep20-20,276.231,1.732
714,IDX_40.125_-108.875_dep20-20.dat,40.125_-108.875,2437,NAmerica,dep20-20,282.471,2.792
715,IDX_40.125_-110.375_dep20-20.dat,40.125_-110.375,2591,NAmerica,dep20-20,280.797,2.449
716,IDX_40.125_-111.125_dep20-20.dat,40.125_-111.125,4263,NAmerica,dep20-20,277.702,2.04
717,IDX_40.125_-111.375_dep20-20.dat,40.125_-111.375,1860,NAmerica,dep20-20,279.845,2.134
718,IDX_40.125_-113.125_dep20-20.dat,40.125_-113.125,556,NAmerica,dep20-20,286.285,3.078
719,IDX_40.125_-118.125_dep20-20.dat,40.125_-118.125,4531,NAmerica,dep20-20,285.951,3.34
720,IDX_40.125_-88.375_dep20-20.dat,40.125_-88.375,3103,NAmerica,dep20-20,284.935,1.0
721,IDX_40.375_-101.625_dep20-20.dat,40.375_-101.625,2699,NAmerica,dep20-20,284.122,1.954
722,IDX_40.375_-105.875_dep20-20.dat,40.375_-105.875,1879,NAmerica,dep20-20,274.064,1.789
723,IDX_40.375_-106.375_dep20-20.dat,40.375_-106.375,2972,NAmerica,dep20-20,275.19,1.649
724,IDX_40.375_-109.375_dep20-20.dat,40.375_-109.375,2809,NAmerica,dep20-20,282.074,2.975
725,IDX_40.375_-110.375_dep20-20.dat,40.375_-110.375,3411,NAmerica,dep20-20,277.988,2.046
726,IDX_40.375_-111.125_dep20-20.dat,40.375_-111.125,4795,NAmerica,dep20-20,276.864,1.68
727,IDX_40.375_-111.375_dep20-20.dat,40.375_-111.375,4184,NAmerica,dep20-20,278.577,1.692
728,IDX_40.375_-111.625_dep20-20.dat,40.375_-111.625,4864,NAmerica,dep20-20,281.169,1.732
729,IDX_40.375_-112.125_dep20-20.dat,40.375_-112.125,4159,NAmerica,dep20-20,283.649,2.01
730,IDX_40.375_-112.375_dep20-20.dat,40.375_-112.375,2074,NAmerica,dep20-20,284.077,2.162
731,IDX_40.375_-112.625_dep20-20.dat,40.375_-112.625,4636,NAmerica,dep20-20,284.883,2.443
732,IDX_40.375_-115.625_dep20-20.dat,40.375_-115.625,4626,NAmerica,dep20-20,281.04,2.157
733,IDX_40.375_-116.875_dep20-20.dat,40.375_-116.875,4017,NAmerica,dep20-20,283.663,2.811
734,IDX_40.375_-81.875_dep20-20.dat,40.375_-81.875,2084,NAmerica,dep20-20,284.409,0.926
735,IDX_40.375_-89.875_dep20-20.dat,40.375_-89.875,3929,NAmerica,dep20-20,285.0,1.071
736,IDX_40.375_-93.625_dep20-20.dat,40.375_-93.625,4783,NAmerica,dep20-20,284.616,1.074
737,IDX_40.625_-105.875_dep20-20.dat,40.625_-105.875,1979,NAmerica,dep20-20,274.526,1.94
738,IDX_40.625_-106.875_dep20-20.dat,40.625_-106.875,4084,NAmerica,dep20-20,276.856,1.667
739,IDX_40.625_-109.625_dep20-20.dat,40.625_-109.625,4485,NAmerica,dep20-20,278.217,1.79
740,IDX_40.625_-109.875_dep20-20.dat,40.625_-109.875,3647,NAmerica,dep20-20,276.98,1.839
741,IDX_40.625_-110.375_dep20-20.dat,40.625_-110.375,3897,NAmerica,dep20-20,274.728,1.514
742,IDX_40.625_-110.625_dep20-20.dat,40.625_-110.625,3958,NAmerica,dep20-20,275.198,1.682
743,IDX_40.625_-110.875_dep20-20.dat,40.625_-110.875,3722,NAmerica,dep20-20,275.951,1.875
744,IDX_40.625_-111.125_dep20-20.dat,40.625_-111.125,4022,NAmerica,dep20-20,276.885,1.567
745,IDX_40.625_-111.625_dep20-20.dat,40.625_-111.625,4119,NAmerica,dep20-20,280.844,1.652
746,IDX_40.625_-112.125_dep20-20.dat,40.625_-112.125,4278,NAmerica,dep20-20,284.576,2.191
747,IDX_40.625_-112.375_dep20-20.dat,40.625_-112.375,2073,NAmerica,dep20-20,284.574,2.465
748,IDX_40.625_-115.375_dep20-20.dat,40.625_-115.375,4008,NAmerica,dep20-20,280.62,2.052
749,IDX_40.625_-120.625_dep20-20.dat,40.625_-120.625,2343,NAmerica,dep20-20,281.563,2.007
750,IDX_40.625_-122.625_dep20-20.dat,40.625_-122.625,2688,NAmerica,dep20-20,286.017,1.271
751,IDX_40.625_-76.625_dep20-20.dat,40.625_-76.625,6235,NAmerica,dep20-20,284.556,0.939
752,IDX_40.625_-77.875_dep20-20.dat,40.625_-77.875,5430,NAmerica,dep20-20,283.342,0.928
753,IDX_40.625_-96.875_dep20-20.dat,40.625_-96.875,2947,NAmerica,dep20-20,284.66,1.329
754,IDX_40.875_-104.625_dep20-20.dat,40.875_-104.625,6120,NAmerica,dep20-20,282.374,2.095
755,IDX_40.875_-104.875_dep20-20.dat,40.875_-104.875,2446,NAmerica,dep20-20,281.384,1.79
756,IDX_40.875_-105.875_dep20-20.dat,40.875_-105.875,193,NAmerica,dep20-20,275.619,2.065
757,IDX_40.875_-106.625_dep20-20.dat,40.875_-106.625,3997,NAmerica,dep20-20,275.489,1.599
758,IDX_40.875_-106.875_dep20-20.dat,40.875_-106.875,2324,NAmerica,dep20-20,276.185,1.569
759,IDX_40.875_-109.875_dep20-20.dat,40.875_-109.875,2869,NAmerica,dep20-20,276.524,1.468
760,IDX_40.875_-110.125_dep20-20.dat,40.875_-110.125,3732,NAmerica,dep20-20,275.625,1.412
761,IDX_40.875_-110.375_dep20-20.dat,40.875_-110.375,4104,NAmerica,dep20-20,275.067,1.347
762,IDX_40.875_-110.625_dep20-20.dat,40.875_-110.625,4176,NAmerica,dep20-20,275.915,1.503
763,IDX_40.875_-110.875_dep20-20.dat,40.875_-110.875,4802,NAmerica,dep20-20,276.976,1.787
764,IDX_40.875_-111.125_dep20-20.dat,40.875_-111.125,4832,NAmerica,dep20-20,277.884,1.772
765,IDX_40.875_-111.625_dep20-20.dat,40.875_-111.625,5093,NAmerica,dep20-20,280.908,1.793
766,IDX_40.875_-111.875_dep20-20.dat,40.875_-111.875,5892,NAmerica,dep20-20,283.706,2.225
767,IDX_40.875_-115.125_dep20-20.dat,40.875_-115.125,4631,NAmerica,dep20-20,280.685,2.279
768,IDX_40.875_-117.625_dep20-20.dat,40.875_-117.625,2256,NAmerica,dep20-20,284.134,2.848
769,IDX_40.875_-119.875_dep20-20.dat,40.875_-119.875,673,NAmerica,dep20-20,281.895,2.324
770,IDX_40.875_-122.625_dep20-20.dat,40.875_-122.625,1468,NAmerica,dep20-20,283.802,1.206
771,IDX_40.875_-96.375_dep20-20.dat,40.875_-96.375,5256,NAmerica,dep20-20,284.629,1.266
772,IDX_40.875_-96.625_dep20-20.dat,40.875_-96.625,2014,NAmerica,dep20-20,284.534,1.294
773,IDX_40.875_15.125_dep30-30.dat,40.875_15.125,3313,Europe,dep30-30,286.91,0.935
774,IDX_41.125_-105.375_dep20-20.dat,41.125_-105.375,3560,NAmerica,dep20-20,278.145,1.965
775,IDX_41.125_-106.125_dep20-20.dat,41.125_-106.125,2660,NAmerica,dep20-20,275.458,1.83
776,IDX_41.125_-106.625_dep20-20.dat,41.125_-106.625,1642,NAmerica,dep20-20,276.118,1.726
777,IDX_41.125_-106.875_dep20-20.dat,41.125_-106.875,2617,NAmerica,dep20-20,276.768,1.642
778,IDX_41.125_-111.375_dep20-20.dat,41.125_-111.375,2363,NAmerica,dep20-20,278.652,1.689
779,IDX_41.125_-111.625_dep20-20.dat,41.125_-111.625,3405,NAmerica,dep20-20,280.258,1.82
780,IDX_41.125_-116.125_dep20-20.dat,41.125_-116.125,3552,NAmerica,dep20-20,280.732,2.072
781,IDX_41.125_-120.625_dep20-20.dat,41.125_-120.625,1035,NAmerica,dep20-20,282.242,2.03
782,IDX_41.125_14.375_dep30-30.dat,41.125_14.375,1316,Europe,dep30-30,288.179,0.888
783,IDX_41.125_14.875_dep20-20.dat,41.125_14.875,180,Europe,dep20-20,287.285,1.132
784,IDX_41.375_-106.375_dep20-20.dat,41.375_-106.375,1070,NAmerica,dep20-20,276.64,1.836
785,IDX_41.375_-107.375_dep20-20.dat,41.375_-107.375,3096,NAmerica,dep20-20,279.045,1.981
786,IDX_41.375_-111.125_dep20-20.dat,41.375_-111.125,2692,NAmerica,dep20-20,278.412,1.808
787,IDX_41.375_-111.375_dep20-20.dat,41.375_-111.375,4742,NAmerica,dep20-20,278.238,1.639
788,IDX_41.375_-111.625_dep20-20.dat,41.375_-111.625,4137,NAmerica,dep20-20,279.635,1.744
789,IDX_41.375_-111.875_dep20-20.dat,41.375_-111.875,5243,NAmerica,dep20-20,282.017,2.008
790,IDX_41.375_-116.375_dep20-20.dat,41.375_-116.375,2471,NAmerica,dep20-20,281.07,2.117
791,IDX_41.375_-119.125_dep20-20.dat,41.375_-119.125,2034,NAmerica,dep20-20,281.793,2.712
792,IDX_41.375_-71.625_dep20-20.dat,41.375_-71.625,3085,NAmerica,dep20-20,284.299,0.957
793,IDX_41.375_-97.875_dep0-32.dat,41.375_-97.875,989,NAmerica,dep0-32,283.459,1.352
794,IDX_41.625_-111.375_dep20-20.dat,41.625_-111.375,3834,NAmerica,dep20-20,278.267,1.618
795,IDX_41.625_-112.625_dep20-20.dat,41.625_-112.625,2313,NAmerica,dep20-20,284.096,2.856
796,IDX_41.625_-115.375_dep20-20.dat,41.625_-115.375,4642,NAmerica,dep20-20,278.789,1.921
797,IDX_41.625_-115.875_dep20-20.dat,41.625_-115.875,1445,NAmerica,dep20-20,279.296,1.809
798,IDX_41.625_-116.125_dep20-20.dat,41.625_-116.125,4483,NAmerica,dep20-20,280.617,1.944
799,IDX_41.625_-117.625_dep20-20.dat,41.625_-117.625,4875,NAmerica,dep20-20,282.532,2.762
800,IDX_41.625_-93.375_dep20-20.dat,41.625_-93.375,3042,NAmerica,dep20-20,283.411,1.024
801,IDX_41.875_-111.375_dep20-20.dat,41.875_-111.375,2248,NAmerica,dep20-20,278.771,1.649
802,IDX_41.875_-111.625_dep20-20.dat,41.875_-111.625,4955,NAmerica,dep20-20,279.719,1.696
803,IDX_41.875_-111.875_dep20-20.dat,41.875_-111.875,3536,NAmerica,dep20-20,281.533,1.877
804,IDX_41.875_-112.375_dep20-20.dat,41.875_-112.375,2007,NAmerica,dep20-20,282.661,1.999
805,IDX_41.875_-113.375_dep20-20.dat,41.875_-113.375,2985,NAmerica,dep20-20,280.837,2.148
806,IDX_41.875_-113.875_dep20-20.dat,41.875_-113.875,2803,NAmerica,dep20-20,280.228,2.168
807,IDX_41.875_-115.375_dep20-20.dat,41.875_-115.375,3367,NAmerica,dep20-20,279.592,1.838
808,IDX_41.875_-115.625_dep20-20.dat,41.875_-115.625,3931,NAmerica,dep20-20,279.612,1.815
809,IDX_41.875_-116.125_dep20-20.dat,41.875_-116.125,4712,NAmerica,dep20-20,281.016,1.964
810,IDX_41.875_-117.625_dep20-20.dat,41.875_-117.625,3569,NAmerica,dep20-20,282.307,2.799
811,IDX_41.875_-118.125_dep20-20.dat,41.875_-118.125,4746,NAmerica,dep20-20,282.086,2.38
812,IDX_41.875_-119.375_dep20-20.dat,41.875_-119.375,5902,NAmerica,dep20-20,281.001,2.679
813,IDX_41.875_-73.625_dep20-20.dat,41.875_-73.625,2468,NAmerica,dep20-20,283.754,0.956
814,IDX_41.875_-88.875_dep20-20.dat,41.875_-88.875,2581,NAmerica,dep20-20,283.041,0.971
815,IDX_42.125_-101.375_dep20-20.dat,42.125_-101.375,2553,NAmerica,dep20-20,282.032,1.627
816,IDX_42.125_-106.125_dep20-20.dat,42.125_-106.125,5163,NAmerica,dep20-20,278.16,1.767
817,IDX_42.125_-111.625_dep20-20.dat,42.125_-111.625,3130,NAmerica,dep20-20,279.505,1.694
818,IDX_42.125_-114.375_dep20-20.dat,42.125_-114.375,4089,NAmerica,dep20-20,281.71,2.119
819,IDX_42.125_-115.125_dep20-20.dat,42.125_-115.125,2896,NAmerica,dep20-20,281.954,2.129
820,IDX_42.125_-121.375_dep20-20.dat,42.125_-121.375,4761,NAmerica,dep20-20,282.873,2.243
821,IDX_42.125_-93.625_dep20-20.dat,42.125_-93.625,4025,NAmerica,dep20-20,282.717,1.008
822,IDX_42.375_-0.875_dep0-30.dat,42.375_-0.875,1261,Europe,dep0-30,285.895,1.446
823,IDX_42.375_-103.625_dep20-20.dat,42.375_-103.625,2564,NAmerica,dep20-20,282.138,1.842
824,IDX_42.375_-105.625_dep20-20.dat,42.375_-105.625,3387,NAmerica,dep20-20,278.223,1.512
825,IDX_42.375_-105.875_dep20-20.dat,42.375_-105.875,3830,NAmerica,dep20-20,277.633,1.634
826,IDX_42.375_-110.875_dep20-20.dat,42.375_-110.875,1281,NAmerica,dep20-20,276.691,1.685
827,IDX_42.375_-111.125_dep20-20.dat,42.375_-111.125,3072,NAmerica,dep20-20,277.517,1.644
828,IDX_42.375_-120.875_dep20-20.dat,42.375_-120.875,247,NAmerica,dep20-20,280.191,1.722
829,IDX_42.375_-76.125_dep20-20.dat,42.375_-76.125,2426,NAmerica,dep20-20,281.56,0.801
830,IDX_42.375_-83.625_dep30-30.dat,42.375_-83.625,874,NAmerica,dep30-30,282.73,1.07
831,IDX_42.375_-95.875_dep20-20.dat,42.375_-95.875,4704,NAmerica,dep20-20,282.736,1.137
832,IDX_42.625_-108.875_dep20-20.dat,42.625_-108.875,236,NAmerica,dep20-20,275.711,1.712
833,IDX_42.625_-109.125_dep20-20.dat,42.625_-109.125,1580,NAmerica,dep20-20,274.848,1.799
834,IDX_42.625_-109.375_dep20-20.dat,42.625_-109.375,3666,NAmerica,dep20-20,275.263,1.856
835,IDX_42.625_-110.875_dep20-20.dat,42.625_-110.875,1900,NAmerica,dep20-20,276.582,1.53
836,IDX_42.625_-116.625_dep20-20.dat,42.625_-116.625,3167,NAmerica,dep20-20,281.23,2.222
837,IDX_42.625_-90.375_dep20-20.dat,42.625_-90.375,1659,NAmerica,dep20-20,282.361,1.016
838,IDX_42.875_-111.375_dep20-20.dat,42.875_-111.375,3423,NAmerica,dep20-20,277.986,1.528
839,IDX_42.875_-112.375_dep20-20.dat,42.875_-112.375,1569,NAmerica,dep20-20,282.28,2.237
840,IDX_42.875_-116.875_dep20-20.dat,42.875_-116.875,3655,NAmerica,dep20-20,281.699,2.059
841,IDX_42.875_-117.125_dep20-20.dat,42.875_-117.125,3086,NAmerica,dep20-20,283.122,2.403
842,IDX_42.875_-121.125_dep20-20.dat,42.875_-121.125,223,NAmerica,dep20-20,280.651,2.138
843,IDX_42.875_-77.125_dep20-20.dat,42.875_-77.125,5536,NAmerica,dep20-20,282.483,0.864
844,IDX_42.875_12.125_dep15-25.dat,42.875_12.125,648,Europe,dep15-25,287.119,1.1
845,IDX_42.875_12.625_dep15-25.dat,42.875_12.625,241,Europe,dep15-25,286.996,1.127
846,IDX_42.875_2.625_dep20-20.dat,42.875_2.625,4011,Europe,dep20-20,286.471,1.303
847,IDX_43.125_-110.125_dep20-20.dat,43.125_-110.125,2063,NAmerica,dep20-20,274.727,1.454
848,IDX_43.125_-111.625_dep20-20.dat,43.125_-111.625,3344,NAmerica,dep20-20,279.261,1.651
849,IDX_43.125_-116.625_dep0-26.dat,43.125_-116.625,2225,NAmerica,dep0-26,283.678,2.521
850,IDX_43.125_-116.875_dep20-20.dat,43.125_-116.875,5910,NAmerica,dep20-20,282.74,2.146
851,IDX_43.125_-73.125_dep20-20.dat,43.125_-73.125,4668,NAmerica,dep20-20,280.871,0.817
852,IDX_43.125_1.625_dep20-20.dat,43.125_1.625,4059,Europe,dep20-20,286.008,0.923
853,IDX_43.125_12.125_dep15-25.dat,43.125_12.125,873,Europe,dep15-25,287.116,1.124
854,IDX_43.125_12.375_dep15-25.dat,43.125_12.375,330,Europe,dep15-25,286.935,1.044
855,IDX_43.125_2.625_dep20-20.dat,43.125_2.625,4229,Europe,dep20-20,286.618,1.347
856,IDX_43.125_2.875_dep20-20.dat,43.125_2.875,4015,Europe,dep20-20,287.1,1.444
857,IDX_43.375_-109.875_dep20-20.dat,43.375_-109.875,164,NAmerica,dep20-20,272.945,1.424
858,IDX_43.375_-110.375_dep20-20.dat,43.375_-110.375,1135,NAmerica,dep20-20,274.652,1.379
859,IDX_43.375_-116.125_dep20-20.dat,43.375_-116.125,4694,NAmerica,dep20-20,285.713,2.83
860,IDX_43.375_-119.625_dep20-20.dat,43.375_-119.625,3080,NAmerica,dep20-20,282.198,2.447
861,IDX_43.375_1.875_dep20-20.dat,43.375_1.875,4265,Europe,dep20-20,286.845,1.097
862,IDX_43.375_12.125_dep15-25.dat,43.375_12.125,2915,Europe,dep15-25,286.013,1.015
863,IDX_43.375_12.375_dep15-25.dat,43.375_12.375,724,Europe,dep15-25,285.903,1.044
864,IDX_43.375_12.625_dep15-25.dat,43.375_12.625,2955,Europe,dep15-25,285.832,1.067
865,IDX_43.375_3.375_dep20-20.dat,43.375_3.375,3661,Europe,dep20-20,287.764,1.202
866,IDX_43.625_-0.375_dep20-20.dat,43.625_-0.375,3981,Europe,dep20-20,287.194,0.92
867,IDX_43.625_-109.375_dep20-20.dat,43.625_-109.375,312,NAmerica,dep20-20,273.524,1.866
868,IDX_43.625_-113.875_dep20-20.dat,43.625_-113.875,3776,NAmerica,dep20-20,275.661,1.891
869,IDX_43.625_-114.125_dep20-20.dat,43.625_-114.125,2719,NAmerica,dep20-20,275.841,1.889
870,IDX_43.625_-114.625_dep20-20.dat,43.625_-114.625,1044,NAmerica,dep20-20,275.752,1.551
871,IDX_43.625_-96.625_dep20-20.dat,43.625_-96.625,4323,NAmerica,dep20-20,281.204,1.166
872,IDX_43.625_0.125_dep20-20.dat,43.625_0.125,4188,Europe,dep20-20,286.915,0.963
873,IDX_43.625_0.875_dep20-20.dat,43.625_0.875,3771,Europe,dep20-20,287.044,1.122
874,IDX_43.625_12.125_dep15-25.dat,43.625_12.125,262,Europe,dep15-25,284.727,0.904
875,IDX_43.625_12.375_dep15-25.dat,43.625_12.375,2966,Europe,dep15-25,285.345,0.983
876,IDX_43.875_-0.125_dep20-20.dat,43.875_-0.125,4100,Europe,dep20-20,287.368,1.211
877,IDX_43.875_-110.125_dep20-20.dat,43.875_-110.125,3124,NAmerica,dep20-20,273.894,1.285
878,IDX_43.875_-110.875_dep20-20.dat,43.875_-110.875,1819,NAmerica,dep20-20,276.09,1.121
879,IDX_43.875_-114.375_dep20-20.dat,43.875_-114.375,2834,NAmerica,dep20-20,274.461,1.534
880,IDX_43.875_-114.625_dep20-20.dat,43.875_-114.625,1645,NAmerica,dep20-20,274.423,1.407
881,IDX_43.875_-115.125_dep20-20.dat,43.875_-115.125,4325,NAmerica,dep20-20,276.011,1.183
882,IDX_43.875_-116.125_dep20-20.dat,43.875_-116.125,5098,NAmerica,dep20-20,282.6,1.861
883,IDX_43.875_-71.625_dep20-20.dat,43.875_-71.625,4445,NAmerica,dep20-20,279.05,0.807
884,IDX_43.875_-72.125_dep15-15.dat,43.875_-72.125,4850,NAmerica,dep15-15,279.542,0.848
885,IDX_43.875_0.375_dep20-20.dat,43.875_0.375,4281,Europe,dep20-20,287.216,1.216
886,IDX_43.875_1.125_dep20-20.dat,43.875_1.125,4203,Europe,dep20-20,287.241,1.25
887,IDX_43.875_4.125_dep20-20.dat,43.875_4.125,3438,Europe,dep20-20,287.332,0.968
888,IDX_43.875_5.125_dep20-20.dat,43.875_5.125,3587,Europe,dep20-20,288.09,1.382
889,IDX_44.125_-0.875_dep20-20.dat,44.125_-0.875,3928,Europe,dep20-20,287.688,1.223
890,IDX_44.125_-100.375_dep20-20.dat,44.125_-100.375,2409,NAmerica,dep20-20,282.077,1.631
891,IDX_44.125_-110.625_dep20-20.dat,44.125_-110.625,3626,NAmerica,dep20-20,275.41,1.124
892,IDX_44.125_-113.375_dep20-20.dat,44.125_-113.375,2363,NAmerica,dep20-20,275.459,1.809
893,IDX_44.125_-115.375_dep20-20.dat,44.125_-115.375,3910,NAmerica,dep20-20,277.017,1.244
894,IDX_44.125_-90.125_dep20-20.dat,44.125_-90.125,2626,NAmerica,dep20-20,281.316,1.125
895,IDX_44.125_4.125_dep20-20.dat,44.125_4.125,3276,Europe,dep20-20,286.168,0.8
896,IDX_44.125_4.375_dep20-20.dat,44.125_4.375,2963,Europe,dep20-20,287.413,0.889
897,IDX_44.375_-0.625_dep20-20.dat,44.375_-0.625,2028,Europe,dep20-20,287.322,1.192
898,IDX_44.375_-0.875_dep21-21.dat,44.375_-0.875,2149,Europe,dep21-21,287.608,1.295
899,IDX_44.375_-107.125_dep20-20.dat,44.375_-107.125,273,NAmerica,dep20-20,273.894,1.221
900,IDX_44.375_-110.625_dep20-20.dat,44.375_-110.625,959,NAmerica,dep20-20,274.728,1.21
901,IDX_44.375_-111.875_dep20-20.dat,44.375_-111.875,2882,NAmerica,dep20-20,276.878,1.888
902,IDX_44.375_-115.125_dep20-20.dat,44.375_-115.125,3206,NAmerica,dep20-20,275.659,1.316
903,IDX_44.375_-116.375_dep20-20.dat,44.375_-116.375,5282,NAmerica,dep20-20,281.92,1.582
904,IDX_44.375_-123.375_dep20-20.dat,44.375_-123.375,3291,NAmerica,dep20-20,284.112,0.805
905,IDX_44.375_-96.875_dep0-21.dat,44.375_-96.875,481,NAmerica,dep0-21,280.302,1.249
906,IDX_44.625_-104.375_dep20-20.dat,44.625_-104.375,1949,NAmerica,dep20-20,280.702,1.637
907,IDX_44.625_-107.125_dep20-20.dat,44.625_-107.125,622,NAmerica,dep20-20,276.006,0.94
908,IDX_44.625_-107.375_dep20-20.dat,44.625_-107.375,271,NAmerica,dep20-20,275.875,1.232
909,IDX_44.625_-107.625_dep20-20.dat,44.625_-107.625,253,NAmerica,dep20-20,277.383,1.561
910,IDX_44.625_-111.125_dep20-20.dat,44.625_-111.125,160,NAmerica,dep20-20,275.15,1.497
911,IDX_44.625_-111.875_dep20-20.dat,44.625_-111.875,256,NAmerica,dep20-20,275.23,1.657
912,IDX_44.625_-119.625_dep20-20.dat,44.625_-119.625,2752,NAmerica,dep20-20,281.949,1.906
913,IDX_44.625_-72.875_dep20-20.dat,44.625_-72.875,2821,NAmerica,dep20-20,280.319,0.82
914,IDX_44.625_11.625_dep25-25.dat,44.625_11.625,456,Europe,dep25-25,288.304,1.1
915,IDX_44.625_4.125_dep20-20.dat,44.625_4.125,3487,Europe,dep20-20,282.239,0.882
916,IDX_44.625_4.625_dep20-20.dat,44.625_4.625,2737,Europe,dep20-20,285.56,0.837
917,IDX_44.875_-116.125_dep20-20.dat,44.875_-116.125,4945,NAmerica,dep20-20,277.953,1.121
918,IDX_44.875_-68.625_dep20-20.dat,44.875_-68.625,1463,NAmerica,dep20-20,280.244,0.805
919,IDX_44.875_-84.625_dep20-20.dat,44.875_-84.625,2181,NAmerica,dep20-20,279.826,1.016
920,IDX_45.125_-119.625_dep20-20.dat,45.125_-119.625,133,NAmerica,dep20-20,282.67,1.938
921,IDX_45.375_-74.875_dep20-20.dat,45.375_-74.875,1681,NAmerica,dep20-20,279.804,0.803
922,IDX_45.375_-75.125_dep20-20.dat,45.375_-75.125,1612,NAmerica,dep20-20,279.729,0.827
923,IDX_45.375_-75.625_dep20-20.dat,45.375_-75.625,791,NAmerica,dep20-20,279.618,0.868
924,IDX_45.375_-88.625_dep20-20.dat,45.375_-88.625,2439,NAmerica,dep20-20,278.962,1.135
925,IDX_45.375_-93.875_dep20-20.dat,45.375_-93.875,4215,NAmerica,dep20-20,280.257,1.127
926,IDX_45.625_-103.375_dep20-20.dat,45.625_-103.375,2311,NAmerica,dep20-20,280.493,1.75
927,IDX_45.625_-110.875_dep20-20.dat,45.625_-110.875,348,NAmerica,dep20-20,277.042,1.24
928,IDX_45.625_-84.625_dep0-28.dat,45.625_-84.625,2420,NAmerica,dep0-28,279.931,1.137
929,IDX_45.625_-99.125_dep20-20.dat,45.625_-99.125,2317,NAmerica,dep20-20,279.491,1.448
930,IDX_45.875_-111.625_dep20-20.dat,45.875_-111.625,3474,NAmerica,dep20-20,279.393,1.917
931,IDX_45.875_-90.375_dep0-24.dat,45.875_-90.375,1772,NAmerica,dep0-24,278.648,1.089
932,IDX_46.125_-117.375_dep20-20.dat,46.125_-117.375,5976,NAmerica,dep20-20,281.603,1.437
933,IDX_46.125_-117.875_dep20-20.dat,46.125_-117.875,5191,NAmerica,dep20-20,283.04,1.513
934,IDX_46.125_-92.875_dep20-20.dat,46.125_-92.875,1908,NAmerica,dep20-20,279.296,1.126
935,IDX_46.375_-110.625_dep20-20.dat,46.375_-110.625,91,NAmerica,dep20-20,276.368,1.63
936,IDX_46.375_-113.375_dep20-20.dat,46.375_-113.375,481,NAmerica,dep20-20,277.138,1.464
937,IDX_46.375_-114.625_dep20-20.dat,46.375_-114.625,2008,NAmerica,dep20-20,277.018,1.009
938,IDX_46.375_-115.875_dep20-20.dat,46.375_-115.875,2764,NAmerica,dep20-20,282.226,1.091
939,IDX_46.375_-121.125_dep20-20.dat,46.375_-121.125,102,NAmerica,dep20-20,278.425,0.967
940,IDX_46.375_-86.875_dep20-20.dat,46.375_-86.875,2189,NAmerica,dep20-20,278.671,1.064
941,IDX_46.625_-115.375_dep20-20.dat,46.625_-115.375,1968,NAmerica,dep20-20,279.8,0.841
942,IDX_46.625_-115.625_dep20-20.dat,46.625_-115.625,4138,NAmerica,dep20-20,280.897,0.928
943,IDX_46.875_-100.875_dep20-20.dat,46.875_-100.875,4852,NAmerica,dep20-20,278.92,1.473
944,IDX_46.875_-110.375_dep20-20.dat,46.875_-110.375,2070,NAmerica,dep20-20,276.67,1.206
945,IDX_46.875_-110.625_dep20-20.dat,46.875_-110.625,229,NAmerica,dep20-20,276.422,1.449
946,IDX_46.875_-110.875_dep20-20.dat,46.875_-110.875,253,NAmerica,dep20-20,276.782,1.44
947,IDX_46.875_-112.625_dep20-20.dat,46.875_-112.625,233,NAmerica,dep20-20,276.309,1.681
948,IDX_46.875_-116.375_dep20-20.dat,46.875_-116.375,655,NAmerica,dep20-20,281.511,1.09
949,IDX_46.875_-116.875_dep20-20.dat,46.875_-116.875,5672,NAmerica,dep20-20,282.625,1.341
950,IDX_46.875_-117.125_dep20-20.dat,46.875_-117.125,1577,NAmerica,dep20-20,283.339,1.404
951,IDX_46.875_-67.875_dep20-20.dat,46.875_-67.875,1952,NAmerica,dep20-20,277.757,0.648
952,IDX_46.875_15.875_dep20-20.dat,46.875_15.875,2142,Europe,dep20-20,283.674,0.993
953,IDX_46.875_16.125_dep20-20.dat,46.875_16.125,2091,Europe,dep20-20,283.902,1.017
954,IDX_47.125_-105.125_dep20-20.dat,47.125_-105.125,3036,NAmerica,dep20-20,280.026,1.781
955,IDX_47.125_-109.875_dep20-20.dat,47.125_-109.875,3772,NAmerica,dep20-20,280.342,1.401
956,IDX_47.125_-114.375_dep20-20.dat,47.125_-114.375,260,NAmerica,dep20-20,280.123,1.593
957,IDX_47.125_-116.375_dep20-20.dat,47.125_-116.375,2981,NAmerica,dep20-20,281.246,1.053
958,IDX_47.125_-118.625_dep20-20.dat,47.125_-118.625,6379,NAmerica,dep20-20,285.168,2.582
959,IDX_47.125_-120.375_dep20-20.dat,47.125_-120.375,97,NAmerica,dep20-20,280.667,1.768
960,IDX_47.125_-121.875_dep20-20.dat,47.125_-121.875,202,NAmerica,dep20-20,282.199,0.568
961,IDX_47.375_-115.625_dep20-20.dat,47.375_-115.625,2941,NAmerica,dep20-20,279.408,0.985
962,IDX_47.375_-117.625_dep20-20.dat,47.375_-117.625,2447,NAmerica,dep20-20,283.488,1.816
963,IDX_47.375_-121.125_dep20-20.dat,47.375_-121.125,118,NAmerica,dep20-20,277.773,0.612
964,IDX_47.625_-107.125_dep20-20.dat,47.625_-107.125,3222,NAmerica,dep20-20,280.735,1.863
965,IDX_47.625_-96.375_dep20-20.dat,47.625_-96.375,3841,NAmerica,dep20-20,278.311,1.227
966,IDX_47.875_-104.375_dep20-20.dat,47.875_-104.375,2352,NAmerica,dep20-20,279.329,1.713
967,IDX_47.875_-112.875_dep20-20.dat,47.875_-112.875,223,NAmerica,dep20-20,275.154,1.284
968,IDX_47.875_-114.375_dep20-20.dat,47.875_-114.375,234,NAmerica,dep20-20,279.816,1.644
969,IDX_47.875_-117.125_dep20-20.dat,47.875_-117.125,4495,NAmerica,dep20-20,282.237,1.559
970,IDX_48.125_-116.125_dep20-20.dat,48.125_-116.125,2051,NAmerica,dep20-20,280.789,0.948
971,IDX_48.125_11.125_dep20-20.dat,48.125_11.125,160,Europe,dep20-20,282.617,0.72
972,IDX_48.125_15.125_dep0-24.dat,48.125_15.125,1158,Europe,dep0-24,282.569,0.788
973,IDX_48.375_-105.125_dep20-20.dat,48.375_-105.125,2206,NAmerica,dep20-20,278.457,1.74
974,IDX_48.375_-109.875_dep20-20.dat,48.375_-109.875,5464,NAmerica,dep20-20,280.471,1.867
975,IDX_48.375_-111.125_dep20-20.dat,48.375_-111.125,3349,NAmerica,dep20-20,279.951,2.055
976,IDX_48.375_-111.875_dep20-20.dat,48.375_-111.875,3310,NAmerica,dep20-20,279.713,1.958
977,IDX_48.375_-95.875_dep20-20.dat,48.375_-95.875,1494,NAmerica,dep20-20,277.396,1.188
978,IDX_48.375_12.625_dep20-20.dat,48.375_12.625,593,Europe,dep20-20,283.077,0.76
979,IDX_48.375_12.875_dep20-20.dat,48.375_12.875,404,Europe,dep20-20,283.266,0.762
980,IDX_48.625_-116.375_dep20-20.dat,48.625_-116.375,2641,NAmerica,dep20-20,279.927,0.902
981,IDX_48.625_-120.625_dep20-20.dat,48.625_-120.625,168,NAmerica,dep20-20,275.811,0.82
982,IDX_48.625_-121.375_dep20-20.dat,48.625_-121.375,2931,NAmerica,dep20-20,277.938,0.393
983,IDX_48.625_12.625_dep20-20.dat,48.625_12.625,1028,Europe,dep20-20,283.219,0.9
984,IDX_48.625_12.875_dep20-20.dat,48.625_12.875,1391,Europe,dep20-20,283.271,0.898
985,IDX_48.875_-102.125_dep20-20.dat,48.875_-102.125,2069,NAmerica,dep20-20,277.293,1.406
986,IDX_48.875_-113.625_dep20-20.dat,48.875_-113.625,308,NAmerica,dep20-20,275.566,1.19
987,IDX_48.875_-113.875_dep20-20.dat,48.875_-113.875,140,NAmerica,dep20-20,275.01,1.152
988,IDX_49.375_-97.875_dep20-20.dat,49.375_-97.875,1388,NAmerica,dep20-20,276.943,1.233
989,IDX_49.625_-97.875_dep20-20.dat,49.625_-97.875,1471,NAmerica,dep20-20,276.811,1.239
990,IDX_49.625_-98.125_dep20-20.dat,49.625_-98.125,1425,NAmerica,dep20-20,276.694,1.213
991,IDX_50.125_-97.625_dep20-20.dat,50.125_-97.625,1211,NAmerica,dep20-20,276.373,1.258
992,IDX_50.625_6.375_dep20-20.dat,50.625_6.375,3056,Europe,dep20-20,282.724,0.744
993,IDX_50.875_6.375_dep20-20.dat,50.875_6.375,2977,Europe,dep20-20,283.798,0.803
994,IDX_51.125_6.125_dep20-20.dat,51.125_6.125,2601,Europe,dep20-20,284.149,0.798
995,IDX_51.375_-106.375_dep20-20.dat,51.375_-106.375,1390,NAmerica,dep20-20,276.106,1.524
996,IDX_51.375_-106.625_dep20-20.dat,51.375_-106.625,1434,NAmerica,dep20-20,276.37,1.575
997,IDX_51.375_23.375_dep20-20.dat,51.375_23.375,1579,Europe,dep20-20,282.069,0.963
998,IDX_51.875_22.625_dep20-20.dat,51.875_22.625,1608,Europe,dep20-20,281.914,0.955
999,IDX_52.125_-106.625_dep0-25.dat,52.125_-106.625,376,NAmerica,dep0-25,275.766,1.502
1000,IDX_52.125_13.875_dep20-20.dat,52.125_13.875,1294,Europe,dep20-20,283.408,1.025
1001,IDX_52.125_14.125_dep15-15.dat,52.125_14.125,3460,Europe,dep15-15,283.358,1.018
1002,IDX_52.125_23.375_dep0-24.dat,52.125_23.375,782,Europe,dep0-24,281.742,0.961
1003,IDX_53.625_22.875_dep20-20.dat,53.625_22.875,706,Europe,dep20-20,281.161,0.926
1004,IDX_55.875_8.875_dep20-25.dat,55.875_8.875,3280,Europe,dep20-25,281.938,0.688
1005,IDX_55.875_9.125_dep20-25.dat,55.875_9.125,3377,Europe,dep20-25,281.751,0.695
1006,IDX_55.875_9.375_dep20-25.dat,55.875_9.375,3341,Europe,dep20-25,281.678,0.731
1007,IDX_56.125_9.125_dep20-25.dat,56.125_9.125,3443,Europe,dep20-25,281.78,0.702
1008,IDX_56.125_9.375_dep20-25.dat,56.125_9.375,2642,Europe,dep20-25,281.708,0.718
1009,IDX_58.625_-156.625_dep20-20.dat,58.625_-156.625,980,NAmerica,dep20-20,276.205,0.573
1010,IDX_59.125_-159.125_dep20-20.dat,59.125_-159.125,939,NAmerica,dep20-20,274.173,0.331
1011,IDX_59.375_-151.875_dep20-20.dat,59.375_-151.875,1604,NAmerica,dep20-20,278.148,0.339
1012,IDX_59.375_-161.125_dep20-20.dat,59.375_-161.125,467,NAmerica,dep20-20,273.131,0.366
1013,IDX_59.625_-135.125_dep20-20.dat,59.625_-135.125,471,NAmerica,dep20-20,270.669,0.214
1014,IDX_59.625_-150.625_dep20-20.dat,59.625_-150.625,2902,NAmerica,dep20-20,274.275,0.15
1015,IDX_59.875_-151.375_dep20-20.dat,59.875_-151.375,2721,NAmerica,dep20-20,276.772,0.424
1016,IDX_59.875_-156.875_dep20-20.dat,59.875_-156.875,545,NAmerica,dep20-20,274.721,0.398
1017,IDX_60.125_-149.625_dep20-20.dat,60.125_-149.625,1307,NAmerica,dep20-20,272.91,0.137
1018,IDX_60.625_-149.625_dep20-20.dat,60.625_-149.625,1419,NAmerica,dep20-20,273.987,0.29
1019,IDX_60.625_-150.375_dep20-20.dat,60.625_-150.375,2151,NAmerica,dep20-20,276.796,0.59
1020,IDX_61.125_-145.625_dep20-20.dat,61.125_-145.625,1093,NAmerica,dep20-20,269.165,0.164
1021,IDX_61.375_-150.125_dep20-20.dat,61.375_-150.125,1596,NAmerica,dep20-20,276.149,0.712
1022,IDX_61.625_-149.125_dep20-20.dat,61.625_-149.125,242,NAmerica,dep20-20,273.176,0.382
1023,IDX_61.625_-159.625_dep20-20.dat,61.625_-159.625,1187,NAmerica,dep20-20,272.921,0.616
1024,IDX_61.625_21.875_dep30-30.dat,61.625_21.875,849,Europe,dep30-30,278.686,0.879
1025,IDX_62.125_-150.125_dep20-20.dat,62.125_-150.125,2194,NAmerica,dep20-20,275.06,0.509
1026,IDX_62.625_-150.875_dep20-20.dat,62.625_-150.875,1552,NAmerica,dep20-20,269.912,0.11
1027,IDX_62.875_30.875_dep30-30.dat,62.875_30.875,2114,Europe,dep30-30,276.329,0.675
1028,IDX_63.375_-142.875_dep20-20.dat,63.375_-142.875,1091,NAmerica,dep20-20,269.485,1.415
1029,IDX_63.375_-147.625_dep20-20.dat,63.375_-147.625,777,NAmerica,dep20-20,268.383,0.429
1030,IDX_63.625_-158.125_dep20-20.dat,63.625_-158.125,89,NAmerica,dep20-20,272.361,0.734
1031,IDX_63.875_-145.125_dep20-20.dat,63.875_-145.125,899,NAmerica,dep20-20,271.805,0.843
1032,IDX_63.875_-145.375_dep20-20.dat,63.875_-145.375,1907,NAmerica,dep20-20,271.881,0.824
1033,IDX_63.875_-160.625_dep20-20.dat,63.875_-160.625,196,NAmerica,dep20-20,271.378,0.767
1034,IDX_64.125_25.375_dep30-30.dat,64.125_25.375,1035,Europe,dep30-30,276.655,0.695
1035,IDX_64.625_-148.125_dep20-20.dat,64.625_-148.125,3560,NAmerica,dep20-20,272.271,1.204
1036,IDX_64.625_-148.375_dep20-20.dat,64.625_-148.375,3754,NAmerica,dep20-20,272.2,1.204
1037,IDX_64.625_-148.875_dep20-20.dat,64.625_-148.875,1466,NAmerica,dep20-20,272.281,1.226
1038,IDX_64.875_-146.125_dep20-20.dat,64.875_-146.125,914,NAmerica,dep20-20,270.039,0.873
1039,IDX_64.875_-148.375_dep20-20.dat,64.875_-148.375,2090,NAmerica,dep20-20,271.645,1.18
1040,IDX_64.875_28.625_dep30-30.dat,64.875_28.625,1215,Europe,dep30-30,275.26,0.623
1041,IDX_65.125_-145.875_dep20-20.dat,65.125_-145.875,1112,NAmerica,dep20-20,268.647,0.879
1042,IDX_65.125_-146.625_dep20-20.dat,65.125_-146.625,1260,NAmerica,dep20-20,269.835,0.869
1043,IDX_65.125_-147.375_dep20-20.dat,65.125_-147.375,2289,NAmerica,dep20-20,270.682,0.883
1044,IDX_65.125_-147.625_dep20-20.dat,65.125_-147.625,3559,NAmerica,dep20-20,270.653,0.924
1045,IDX_65.125_-156.625_dep20-20.dat,65.125_-156.625,79,NAmerica,dep20-20,271.169,1.024
1046,IDX_65.375_-145.375_dep20-20.dat,65.375_-145.375,1494,NAmerica,dep20-20,267.876,1.09
1047,IDX_65.375_-146.125_dep20-20.dat,65.375_-146.125,1000,NAmerica,dep20-20,268.032,0.927
1048,IDX_65.375_-146.625_dep20-20.dat,65.375_-146.625,1833,NAmerica,dep20-20,268.469,0.836
1049,IDX_65.375_-164.625_dep20-20.dat,65.375_-164.625,370,NAmerica,dep20-20,268.462,0.787
1050,IDX_66.125_-151.625_dep20-20.dat,66.125_-151.625,280,NAmerica,dep20-20,269.297,1.054
1051,IDX_66.375_29.375_dep30-30.dat,66.375_29.375,1327,Europe,dep30-30,273.974,0.638
1052,IDX_66.875_-150.625_dep20-20.dat,66.875_-150.625,1927,NAmerica,dep20-20,268.776,0.728
1053,IDX_67.125_26.625_dep20-20.dat,67.125_26.625,1427,Europe,dep20-20,273.997,0.577
1054,IDX_67.375_-150.125_dep20-20.dat,67.375_-150.125,2219,NAmerica,dep20-20,265.367,0.731
1055,IDX_67.375_26.625_dep20-20.dat,67.375_26.625,2142,Europe,dep20-20,273.881,0.564
1056,IDX_67.875_-162.375_dep20-20.dat,67.875_-162.375,1144,NAmerica,dep20-20,266.378,0.452
1057,IDX_68.125_-149.375_dep20-20.dat,68.125_-149.375,721,NAmerica,dep20-20,263.058,0.606
1058,IDX_68.125_-163.125_dep20-20.dat,68.125_-163.125,965,NAmerica,dep20-20,265.876,0.44
1059,IDX_68.375_27.625_dep20-20.dat,68.375_27.625,1165,Europe,dep20-20,273.588,0.531
1060,IDX_68.625_-149.375_dep20-20.dat,68.625_-149.375,1297,NAmerica,dep20-20,264.108,0.494
1061,IDX_69.625_28.875_dep30-30.dat,69.625_28.875,317,Europe,dep30-30,273.462,0.406
1062,IDX_9.625_1.625_dep20-20.dat,9.625_1.625,4303,Africa,dep20-20,299.644,1.299
1063,IDX_9.875_1.625_dep20-20.dat,9.875_1.625,4083,Africa,dep20-20,299.86,1.476
