,fpath,idx,len2000,region,selected_depth
0,IDX_-10.125_-36.875_dep20-20.dat,-10.125_-36.875,692,SAmerica,dep20-20
1,IDX_-10.125_-37.125_dep20-20.dat,-10.125_-37.125,434,SAmerica,dep20-20
2,IDX_-10.125_-43.875_dep20-20.dat,-10.125_-43.875,365,SAmerica,dep20-20
3,IDX_-10.125_-44.375_dep20-20.dat,-10.125_-44.375,410,SAmerica,dep20-20
4,IDX_-10.375_-37.875_dep20-20.dat,-10.375_-37.875,642,SAmerica,dep20-20
5,IDX_-10.375_-38.125_dep20-20.dat,-10.375_-38.125,468,SAmerica,dep20-20
6,IDX_-10.375_-38.375_dep20-20.dat,-10.375_-38.375,410,SAmerica,dep20-20
7,IDX_-10.625_-38.125_dep20-20.dat,-10.625_-38.125,1299,SAmerica,dep20-20
8,IDX_-10.625_-38.375_dep20-20.dat,-10.625_-38.375,329,SAmerica,dep20-20
9,IDX_-10.625_-38.625_dep20-20.dat,-10.625_-38.625,406,SAmerica,dep20-20
10,IDX_-10.625_-38.875_dep20-20.dat,-10.625_-38.875,1061,SAmerica,dep20-20
11,IDX_-10.625_-39.125_dep20-20.dat,-10.625_-39.125,356,SAmerica,dep20-20
12,IDX_-10.625_-39.875_dep20-20.dat,-10.625_-39.875,257,SAmerica,dep20-20
13,IDX_-10.625_-40.125_dep20-20.dat,-10.625_-40.125,1239,SAmerica,dep20-20
14,IDX_-10.625_-41.375_dep20-20.dat,-10.625_-41.375,628,SAmerica,dep20-20
15,IDX_-10.875_-38.625_dep20-20.dat,-10.875_-38.625,270,SAmerica,dep20-20
16,IDX_-10.875_-40.375_dep20-20.dat,-10.875_-40.375,771,SAmerica,dep20-20
17,IDX_-10.875_-40.625_dep20-20.dat,-10.875_-40.625,238,SAmerica,dep20-20
18,IDX_-10.875_-41.875_dep20-20.dat,-10.875_-41.875,761,SAmerica,dep20-20
19,IDX_-10.875_-42.625_dep20-20.dat,-10.875_-42.625,698,SAmerica,dep20-20
20,IDX_-11.125_-38.125_dep20-20.dat,-11.125_-38.125,768,SAmerica,dep20-20
21,IDX_-11.125_-38.375_dep20-20.dat,-11.125_-38.375,687,SAmerica,dep20-20
22,IDX_-11.125_-40.125_dep20-20.dat,-11.125_-40.125,943,SAmerica,dep20-20
23,IDX_-11.125_-40.875_dep20-20.dat,-11.125_-40.875,1244,SAmerica,dep20-20
24,IDX_-11.125_-41.875_dep20-20.dat,-11.125_-41.875,1330,SAmerica,dep20-20
25,IDX_-11.125_-42.125_dep20-20.dat,-11.125_-42.125,768,SAmerica,dep20-20
26,IDX_-11.125_-43.125_dep20-20.dat,-11.125_-43.125,128,SAmerica,dep20-20
27,IDX_-11.375_-38.375_dep20-20.dat,-11.375_-38.375,428,SAmerica,dep20-20
28,IDX_-11.375_-39.375_dep20-20.dat,-11.375_-39.375,983,SAmerica,dep20-20
29,IDX_-11.375_-39.625_dep20-20.dat,-11.375_-39.625,591,SAmerica,dep20-20
30,IDX_-11.375_-40.125_dep20-20.dat,-11.375_-40.125,471,SAmerica,dep20-20
31,IDX_-11.375_-40.375_dep20-20.dat,-11.375_-40.375,1163,SAmerica,dep20-20
32,IDX_-11.375_-41.375_dep20-20.dat,-11.375_-41.375,432,SAmerica,dep20-20
33,IDX_-11.375_-41.875_dep20-20.dat,-11.375_-41.875,792,SAmerica,dep20-20
34,IDX_-11.375_-42.125_dep20-20.dat,-11.375_-42.125,803,SAmerica,dep20-20
35,IDX_-11.375_-42.625_dep20-20.dat,-11.375_-42.625,636,SAmerica,dep20-20
36,IDX_-11.625_-38.875_dep20-20.dat,-11.625_-38.875,398,SAmerica,dep20-20
37,IDX_-11.625_-39.375_dep20-20.dat,-11.625_-39.375,619,SAmerica,dep20-20
38,IDX_-11.625_-39.625_dep20-20.dat,-11.625_-39.625,694,SAmerica,dep20-20
39,IDX_-11.625_-39.875_dep20-20.dat,-11.625_-39.875,856,SAmerica,dep20-20
40,IDX_-11.625_-40.125_dep20-20.dat,-11.625_-40.125,813,SAmerica,dep20-20
41,IDX_-11.625_-41.875_dep20-20.dat,-11.625_-41.875,812,SAmerica,dep20-20
42,IDX_-11.625_-43.375_dep20-20.dat,-11.625_-43.375,1217,SAmerica,dep20-20
43,IDX_-11.875_-38.875_dep20-20.dat,-11.875_-38.875,924,SAmerica,dep20-20
44,IDX_-11.875_-39.875_dep20-20.dat,-11.875_-39.875,73,SAmerica,dep20-20
45,IDX_-11.875_-40.375_dep20-20.dat,-11.875_-40.375,1311,SAmerica,dep20-20
46,IDX_-11.875_-40.625_dep20-20.dat,-11.875_-40.625,775,SAmerica,dep20-20
47,IDX_-11.875_-40.875_dep20-20.dat,-11.875_-40.875,438,SAmerica,dep20-20
48,IDX_-11.875_-41.625_dep20-20.dat,-11.875_-41.625,476,SAmerica,dep20-20
49,IDX_-11.875_-41.875_dep20-20.dat,-11.875_-41.875,801,SAmerica,dep20-20
50,IDX_-11.875_-42.125_dep20-20.dat,-11.875_-42.125,939,SAmerica,dep20-20
51,IDX_-11.875_-42.625_dep20-20.dat,-11.875_-42.625,748,SAmerica,dep20-20
52,IDX_-12.125_-39.125_dep20-20.dat,-12.125_-39.125,722,SAmerica,dep20-20
53,IDX_-12.125_-39.875_dep20-20.dat,-12.125_-39.875,1002,SAmerica,dep20-20
54,IDX_-12.125_-40.125_dep20-20.dat,-12.125_-40.125,826,SAmerica,dep20-20
55,IDX_-12.125_-41.125_dep20-20.dat,-12.125_-41.125,360,SAmerica,dep20-20
56,IDX_-12.125_-43.125_dep20-20.dat,-12.125_-43.125,239,SAmerica,dep20-20
57,IDX_-12.375_-39.125_dep20-20.dat,-12.375_-39.125,497,SAmerica,dep20-20
58,IDX_-12.375_-39.375_dep20-20.dat,-12.375_-39.375,1044,SAmerica,dep20-20
59,IDX_-12.375_-40.875_dep20-20.dat,-12.375_-40.875,147,SAmerica,dep20-20
60,IDX_-12.625_-39.125_dep20-20.dat,-12.625_-39.125,1319,SAmerica,dep20-20
61,IDX_-12.625_-39.875_dep20-20.dat,-12.625_-39.875,730,SAmerica,dep20-20
62,IDX_-12.625_-40.625_dep20-20.dat,-12.625_-40.625,633,SAmerica,dep20-20
63,IDX_-12.625_-41.125_dep20-20.dat,-12.625_-41.125,1349,SAmerica,dep20-20
64,IDX_-12.625_-41.625_dep20-20.dat,-12.625_-41.625,829,SAmerica,dep20-20
65,IDX_-12.625_-42.125_dep20-20.dat,-12.625_-42.125,393,SAmerica,dep20-20
66,IDX_-12.625_-43.125_dep20-20.dat,-12.625_-43.125,1144,SAmerica,dep20-20
67,IDX_-12.625_-43.875_dep20-20.dat,-12.625_-43.875,567,SAmerica,dep20-20
68,IDX_-12.875_-39.375_dep20-20.dat,-12.875_-39.375,792,SAmerica,dep20-20
69,IDX_-12.875_-41.125_dep20-20.dat,-12.875_-41.125,812,SAmerica,dep20-20
70,IDX_-12.875_-41.375_dep20-20.dat,-12.875_-41.375,817,SAmerica,dep20-20
71,IDX_-12.875_-42.625_dep20-20.dat,-12.875_-42.625,1141,SAmerica,dep20-20
72,IDX_-12.875_-43.375_dep20-20.dat,-12.875_-43.375,403,SAmerica,dep20-20
73,IDX_-13.125_-39.625_dep20-20.dat,-13.125_-39.625,297,SAmerica,dep20-20
74,IDX_-13.125_-40.125_dep20-20.dat,-13.125_-40.125,836,SAmerica,dep20-20
75,IDX_-13.125_-40.875_dep20-20.dat,-13.125_-40.875,789,SAmerica,dep20-20
76,IDX_-13.125_-41.875_dep20-20.dat,-13.125_-41.875,793,SAmerica,dep20-20
77,IDX_-13.375_-39.625_dep20-20.dat,-13.375_-39.625,328,SAmerica,dep20-20
78,IDX_-13.375_-39.875_dep20-20.dat,-13.375_-39.875,182,SAmerica,dep20-20
79,IDX_-13.375_-40.125_dep20-20.dat,-13.375_-40.125,1315,SAmerica,dep20-20
80,IDX_-13.375_-40.875_dep20-20.dat,-13.375_-40.875,622,SAmerica,dep20-20
81,IDX_-13.375_-41.375_dep20-20.dat,-13.375_-41.375,1003,SAmerica,dep20-20
82,IDX_-13.375_-41.625_dep20-20.dat,-13.375_-41.625,853,SAmerica,dep20-20
83,IDX_-13.375_-42.375_dep20-20.dat,-13.375_-42.375,652,SAmerica,dep20-20
84,IDX_-13.375_-43.625_dep20-20.dat,-13.375_-43.625,1278,SAmerica,dep20-20
85,IDX_-13.625_-40.125_dep20-20.dat,-13.625_-40.125,1218,SAmerica,dep20-20
86,IDX_-13.625_-41.375_dep20-20.dat,-13.625_-41.375,579,SAmerica,dep20-20
87,IDX_-13.625_-41.875_dep20-20.dat,-13.625_-41.875,1186,SAmerica,dep20-20
88,IDX_-13.625_-42.375_dep20-20.dat,-13.625_-42.375,926,SAmerica,dep20-20
89,IDX_-13.625_-42.875_dep20-20.dat,-13.625_-42.875,413,SAmerica,dep20-20
90,IDX_-13.875_-42.625_dep20-20.dat,-13.875_-42.625,516,SAmerica,dep20-20
91,IDX_-14.125_-40.375_dep20-20.dat,-14.125_-40.375,1277,SAmerica,dep20-20
92,IDX_-14.125_-41.125_dep20-20.dat,-14.125_-41.125,171,SAmerica,dep20-20
93,IDX_-14.125_-42.375_dep20-20.dat,-14.125_-42.375,456,SAmerica,dep20-20
94,IDX_-14.125_-42.875_dep20-20.dat,-14.125_-42.875,179,SAmerica,dep20-20
95,IDX_-14.125_131.375_dep0-55.dat,-14.125_131.375,2201,Australia,dep0-55
96,IDX_-14.375_-40.375_dep20-20.dat,-14.375_-40.375,746,SAmerica,dep20-20
97,IDX_-14.375_-40.875_dep20-20.dat,-14.375_-40.875,790,SAmerica,dep20-20
98,IDX_-14.375_-41.375_dep20-20.dat,-14.375_-41.375,761,SAmerica,dep20-20
99,IDX_-14.375_-42.125_dep20-20.dat,-14.375_-42.125,456,SAmerica,dep20-20
100,IDX_-14.375_-42.375_dep20-20.dat,-14.375_-42.375,1284,SAmerica,dep20-20
101,IDX_-14.375_-42.875_dep20-20.dat,-14.375_-42.875,1185,SAmerica,dep20-20
102,IDX_-14.375_-44.375_dep20-20.dat,-14.375_-44.375,762,SAmerica,dep20-20
103,IDX_-14.375_-44.625_dep20-20.dat,-14.375_-44.625,412,SAmerica,dep20-20
104,IDX_-14.625_-40.375_dep20-20.dat,-14.625_-40.375,679,SAmerica,dep20-20
105,IDX_-14.625_-40.625_dep20-20.dat,-14.625_-40.625,1205,SAmerica,dep20-20
106,IDX_-14.625_-41.375_dep20-20.dat,-14.625_-41.375,482,SAmerica,dep20-20
107,IDX_-14.625_-41.875_dep20-20.dat,-14.625_-41.875,485,SAmerica,dep20-20
108,IDX_-14.625_-42.625_dep20-20.dat,-14.625_-42.625,517,SAmerica,dep20-20
109,IDX_-14.875_-40.625_dep20-20.dat,-14.875_-40.625,940,SAmerica,dep20-20
110,IDX_-14.875_-41.125_dep20-20.dat,-14.875_-41.125,579,SAmerica,dep20-20
111,IDX_-14.875_-41.875_dep20-20.dat,-14.875_-41.875,687,SAmerica,dep20-20
112,IDX_-14.875_-42.625_dep20-20.dat,-14.875_-42.625,451,SAmerica,dep20-20
113,IDX_-14.875_-43.875_dep20-20.dat,-14.875_-43.875,827,SAmerica,dep20-20
114,IDX_-14.875_-44.125_dep20-20.dat,-14.875_-44.125,671,SAmerica,dep20-20
115,IDX_-15.125_-40.125_dep20-20.dat,-15.125_-40.125,274,SAmerica,dep20-20
116,IDX_-15.125_-40.625_dep20-20.dat,-15.125_-40.625,895,SAmerica,dep20-20
117,IDX_-15.125_-41.625_dep20-20.dat,-15.125_-41.625,740,SAmerica,dep20-20
118,IDX_-15.125_-42.875_dep20-20.dat,-15.125_-42.875,868,SAmerica,dep20-20
119,IDX_-15.375_-42.625_dep20-20.dat,-15.375_-42.625,703,SAmerica,dep20-20
120,IDX_-15.375_-44.375_dep20-20.dat,-15.375_-44.375,408,SAmerica,dep20-20
121,IDX_-15.375_-44.625_dep20-20.dat,-15.375_-44.625,454,SAmerica,dep20-20
122,IDX_-15.625_-41.125_dep20-20.dat,-15.625_-41.125,1147,SAmerica,dep20-20
123,IDX_-15.625_-41.375_dep20-20.dat,-15.625_-41.375,753,SAmerica,dep20-20
124,IDX_-15.625_-42.875_dep20-20.dat,-15.625_-42.875,610,SAmerica,dep20-20
125,IDX_-15.875_-40.125_dep20-20.dat,-15.875_-40.125,455,SAmerica,dep20-20
126,IDX_-15.875_-42.125_dep20-20.dat,-15.875_-42.125,1362,SAmerica,dep20-20
127,IDX_-15.875_-43.375_dep20-20.dat,-15.875_-43.375,822,SAmerica,dep20-20
128,IDX_-16.125_-40.375_dep20-20.dat,-16.125_-40.375,960,SAmerica,dep20-20
129,IDX_-16.125_-42.375_dep20-20.dat,-16.125_-42.375,563,SAmerica,dep20-20
130,IDX_-16.125_-44.125_dep20-20.dat,-16.125_-44.125,883,SAmerica,dep20-20
131,IDX_-16.375_-40.625_dep20-20.dat,-16.375_-40.625,782,SAmerica,dep20-20
132,IDX_-16.375_-40.875_dep20-20.dat,-16.375_-40.875,438,SAmerica,dep20-20
133,IDX_-16.375_-41.875_dep20-20.dat,-16.375_-41.875,482,SAmerica,dep20-20
134,IDX_-16.375_-42.625_dep20-20.dat,-16.375_-42.625,1253,SAmerica,dep20-20
135,IDX_-16.375_-43.375_dep20-20.dat,-16.375_-43.375,881,SAmerica,dep20-20
136,IDX_-16.375_-43.625_dep20-20.dat,-16.375_-43.625,762,SAmerica,dep20-20
137,IDX_-16.625_-40.875_dep20-20.dat,-16.625_-40.875,783,SAmerica,dep20-20
138,IDX_-16.625_-41.125_dep20-20.dat,-16.625_-41.125,936,SAmerica,dep20-20
139,IDX_-16.625_-41.625_dep20-20.dat,-16.625_-41.625,1308,SAmerica,dep20-20
140,IDX_-16.625_-41.875_dep20-20.dat,-16.625_-41.875,1327,SAmerica,dep20-20
141,IDX_-16.625_-42.875_dep20-20.dat,-16.625_-42.875,1264,SAmerica,dep20-20
142,IDX_-16.875_-42.375_dep20-20.dat,-16.875_-42.375,786,SAmerica,dep20-20
143,IDX_-17.125_145.625_dep0-33.dat,-17.125_145.625,569,Australia,dep0-33
144,IDX_-19.875_146.625_dep0-28.dat,-19.875_146.625,3090,Australia,dep0-28
145,IDX_-21.625_-47.625_dep0-33.dat,-21.625_-47.625,2744,SAmerica,dep0-33
146,IDX_-22.125_29.375_dep0-28.dat,-22.125_29.375,242,Africa,dep0-28
147,IDX_-22.625_-44.875_dep0-27.dat,-22.625_-44.875,1959,SAmerica,dep0-27
148,IDX_-23.625_15.125_dep0-34.dat,-23.625_15.125,1079,Africa,dep0-34
149,IDX_-26.125_26.625_dep0-31.dat,-26.125_26.625,694,Africa,dep0-31
150,IDX_-29.875_30.375_dep0-24.dat,-29.875_30.375,1099,Africa,dep0-24
151,IDX_-3.625_-39.375_dep20-20.dat,-3.625_-39.375,725,SAmerica,dep20-20
152,IDX_-3.625_-39.625_dep20-20.dat,-3.625_-39.625,741,SAmerica,dep20-20
153,IDX_-3.625_-40.625_dep20-20.dat,-3.625_-40.625,1143,SAmerica,dep20-20
154,IDX_-3.625_-40.875_dep20-20.dat,-3.625_-40.875,367,SAmerica,dep20-20
155,IDX_-3.875_-39.375_dep20-20.dat,-3.875_-39.375,765,SAmerica,dep20-20
156,IDX_-3.875_-39.625_dep20-20.dat,-3.875_-39.625,410,SAmerica,dep20-20
157,IDX_-3.875_-40.125_dep20-20.dat,-3.875_-40.125,945,SAmerica,dep20-20
158,IDX_-3.875_-40.625_dep20-20.dat,-3.875_-40.625,331,SAmerica,dep20-20
159,IDX_-3.875_-41.375_dep20-20.dat,-3.875_-41.375,831,SAmerica,dep20-20
160,IDX_-3.875_-41.625_dep20-20.dat,-3.875_-41.625,853,SAmerica,dep20-20
161,IDX_-31.875_150.125_dep0-30.dat,-31.875_150.125,436,Australia,dep0-30
162,IDX_-31.875_150.375_dep0-30.dat,-31.875_150.375,333,Australia,dep0-30
163,IDX_-32.125_150.125_dep0-30.dat,-32.125_150.125,731,Australia,dep0-30
164,IDX_-32.125_150.375_dep0-30.dat,-32.125_150.375,731,Australia,dep0-30
165,IDX_-32.375_149.875_dep0-30.dat,-32.375_149.875,407,Australia,dep0-30
166,IDX_-32.375_150.375_dep0-30.dat,-32.375_150.375,443,Australia,dep0-30
167,IDX_-32.625_150.375_dep0-30.dat,-32.625_150.375,541,Australia,dep0-30
168,IDX_-32.875_148.625_dep0-33.dat,-32.875_148.625,1078,Australia,dep0-33
169,IDX_-33.875_147.125_dep0-30.dat,-33.875_147.125,3373,Australia,dep0-30
170,IDX_-34.125_146.375_dep0-30.dat,-34.125_146.375,3269,Australia,dep0-30
171,IDX_-34.375_146.125_dep0-21.dat,-34.375_146.125,513,Australia,dep0-21
172,IDX_-34.375_147.625_dep0-22.dat,-34.375_147.625,1227,Australia,dep0-22
173,IDX_-34.625_143.625_dep0-30.dat,-34.625_143.625,3421,Australia,dep0-30
174,IDX_-34.625_144.875_dep0-30.dat,-34.625_144.875,3209,Australia,dep0-30
175,IDX_-34.625_145.875_dep0-30.dat,-34.625_145.875,3962,Australia,dep0-30
176,IDX_-34.625_146.125_dep0-30.dat,-34.625_146.125,4511,Australia,dep0-30
177,IDX_-34.625_146.375_dep0-30.dat,-34.625_146.375,5139,Australia,dep0-30
178,IDX_-34.625_148.125_dep0-30.dat,-34.625_148.125,3010,Australia,dep0-30
179,IDX_-34.875_145.875_dep0-30.dat,-34.875_145.875,3109,Australia,dep0-30
180,IDX_-34.875_146.125_dep0-30.dat,-34.875_146.125,4755,Australia,dep0-30
181,IDX_-34.875_146.375_dep0-30.dat,-34.875_146.375,3973,Australia,dep0-30
182,IDX_-35.125_145.875_dep0-30.dat,-35.125_145.875,3602,Australia,dep0-30
183,IDX_-35.125_146.125_dep0-30.dat,-35.125_146.125,3986,Australia,dep0-30
184,IDX_-35.125_146.375_dep0-30.dat,-35.125_146.375,4554,Australia,dep0-30
185,IDX_-35.125_147.375_dep0-30.dat,-35.125_147.375,3791,Australia,dep0-30
186,IDX_-35.125_147.625_dep0-30.dat,-35.125_147.625,3820,Australia,dep0-30
187,IDX_-35.375_147.375_dep0-30.dat,-35.375_147.375,4260,Australia,dep0-30
188,IDX_-35.375_147.625_dep0-30.dat,-35.375_147.625,5516,Australia,dep0-30
189,IDX_-35.375_148.125_dep0-30.dat,-35.375_148.125,4131,Australia,dep0-30
190,IDX_-35.375_149.125_dep0-30.dat,-35.375_149.125,3396,Australia,dep0-30
191,IDX_-36.375_148.875_dep0-30.dat,-36.375_148.875,3130,Australia,dep0-30
192,IDX_-4.125_-38.625_dep20-20.dat,-4.125_-38.625,639,SAmerica,dep20-20
193,IDX_-4.125_-39.125_dep20-20.dat,-4.125_-39.125,961,SAmerica,dep20-20
194,IDX_-4.125_-39.375_dep20-20.dat,-4.125_-39.375,421,SAmerica,dep20-20
195,IDX_-4.125_-40.625_dep20-20.dat,-4.125_-40.625,624,SAmerica,dep20-20
196,IDX_-4.125_-40.875_dep20-20.dat,-4.125_-40.875,960,SAmerica,dep20-20
197,IDX_-4.375_-38.625_dep20-20.dat,-4.375_-38.625,394,SAmerica,dep20-20
198,IDX_-4.375_-38.875_dep20-20.dat,-4.375_-38.875,369,SAmerica,dep20-20
199,IDX_-4.375_-41.375_dep20-20.dat,-4.375_-41.375,561,SAmerica,dep20-20
200,IDX_-4.625_-37.875_dep20-20.dat,-4.625_-37.875,355,SAmerica,dep20-20
201,IDX_-4.625_-38.625_dep20-20.dat,-4.625_-38.625,595,SAmerica,dep20-20
202,IDX_-4.625_-38.875_dep20-20.dat,-4.625_-38.875,440,SAmerica,dep20-20
203,IDX_-4.625_-39.625_dep20-20.dat,-4.625_-39.625,1066,SAmerica,dep20-20
204,IDX_-4.875_-38.125_dep20-20.dat,-4.875_-38.125,785,SAmerica,dep20-20
205,IDX_-4.875_-39.125_dep20-20.dat,-4.875_-39.125,338,SAmerica,dep20-20
206,IDX_-4.875_-39.625_dep20-20.dat,-4.875_-39.625,214,SAmerica,dep20-20
207,IDX_-4.875_-40.375_dep20-20.dat,-4.875_-40.375,153,SAmerica,dep20-20
208,IDX_-40.625_175.875_dep17-23.dat,-40.625_175.875,746,Australia,dep17-23
209,IDX_-40.875_-73.125_dep20-20.dat,-40.875_-73.125,1059,SAmerica,dep20-20
210,IDX_-40.875_175.875_dep17-23.dat,-40.875_175.875,746,Australia,dep17-23
211,IDX_-41.375_147.875_dep0-22.dat,-41.375_147.875,1293,Australia,dep0-22
212,IDX_-41.625_147.875_dep0-28.dat,-41.625_147.875,2512,Australia,dep0-28
213,IDX_-5.125_-36.125_dep20-20.dat,-5.125_-36.125,268,SAmerica,dep20-20
214,IDX_-5.125_-38.375_dep20-20.dat,-5.125_-38.375,426,SAmerica,dep20-20
215,IDX_-5.125_-38.875_dep20-20.dat,-5.125_-38.875,467,SAmerica,dep20-20
216,IDX_-5.125_-39.875_dep20-20.dat,-5.125_-39.875,551,SAmerica,dep20-20
217,IDX_-5.375_-38.125_dep20-20.dat,-5.375_-38.125,316,SAmerica,dep20-20
218,IDX_-5.375_-38.375_dep20-20.dat,-5.375_-38.375,298,SAmerica,dep20-20
219,IDX_-5.375_-39.625_dep20-20.dat,-5.375_-39.625,474,SAmerica,dep20-20
220,IDX_-5.375_-40.875_dep20-20.dat,-5.375_-40.875,457,SAmerica,dep20-20
221,IDX_-5.375_-41.375_dep20-20.dat,-5.375_-41.375,858,SAmerica,dep20-20
222,IDX_-5.375_-41.625_dep20-20.dat,-5.375_-41.625,423,SAmerica,dep20-20
223,IDX_-5.625_-35.625_dep20-20.dat,-5.625_-35.625,783,SAmerica,dep20-20
224,IDX_-5.625_-35.875_dep20-20.dat,-5.625_-35.875,1030,SAmerica,dep20-20
225,IDX_-5.625_-36.625_dep20-20.dat,-5.625_-36.625,1186,SAmerica,dep20-20
226,IDX_-5.625_-38.375_dep20-20.dat,-5.625_-38.375,194,SAmerica,dep20-20
227,IDX_-5.625_-38.875_dep20-20.dat,-5.625_-38.875,379,SAmerica,dep20-20
228,IDX_-5.625_-39.125_dep20-20.dat,-5.625_-39.125,1059,SAmerica,dep20-20
229,IDX_-5.625_-39.625_dep20-20.dat,-5.625_-39.625,434,SAmerica,dep20-20
230,IDX_-5.875_-35.625_dep20-20.dat,-5.875_-35.625,456,SAmerica,dep20-20
231,IDX_-5.875_-36.875_dep30-30.dat,-5.875_-36.875,99,SAmerica,dep30-30
232,IDX_-5.875_-37.375_dep20-20.dat,-5.875_-37.375,436,SAmerica,dep20-20
233,IDX_-5.875_-37.625_dep20-20.dat,-5.875_-37.625,708,SAmerica,dep20-20
234,IDX_-5.875_-38.375_dep20-20.dat,-5.875_-38.375,131,SAmerica,dep20-20
235,IDX_-5.875_-38.625_dep20-20.dat,-5.875_-38.625,1179,SAmerica,dep20-20
236,IDX_-6.125_-36.375_dep20-20.dat,-6.125_-36.375,814,SAmerica,dep20-20
237,IDX_-6.125_-37.875_dep20-20.dat,-6.125_-37.875,418,SAmerica,dep20-20
238,IDX_-6.125_-38.625_dep20-20.dat,-6.125_-38.625,1178,SAmerica,dep20-20
239,IDX_-6.125_-39.125_dep20-20.dat,-6.125_-39.125,174,SAmerica,dep20-20
240,IDX_-6.125_-39.875_dep20-20.dat,-6.125_-39.875,984,SAmerica,dep20-20
241,IDX_-6.125_-41.375_dep20-20.dat,-6.125_-41.375,408,SAmerica,dep20-20
242,IDX_-6.375_-35.375_dep20-20.dat,-6.375_-35.375,1165,SAmerica,dep20-20
243,IDX_-6.375_-37.125_dep20-20.dat,-6.375_-37.125,828,SAmerica,dep20-20
244,IDX_-6.375_-37.625_dep20-20.dat,-6.375_-37.625,477,SAmerica,dep20-20
245,IDX_-6.375_-39.125_dep20-20.dat,-6.375_-39.125,233,SAmerica,dep20-20
246,IDX_-6.375_-39.375_dep20-20.dat,-6.375_-39.375,779,SAmerica,dep20-20
247,IDX_-6.625_-35.625_dep20-20.dat,-6.625_-35.625,639,SAmerica,dep20-20
248,IDX_-6.625_-36.375_dep20-20.dat,-6.625_-36.375,1063,SAmerica,dep20-20
249,IDX_-6.625_-36.625_dep20-20.dat,-6.625_-36.625,743,SAmerica,dep20-20
250,IDX_-6.625_-36.875_dep20-20.dat,-6.625_-36.875,886,SAmerica,dep20-20
251,IDX_-6.625_-37.625_dep20-20.dat,-6.625_-37.625,683,SAmerica,dep20-20
252,IDX_-6.625_-38.375_dep20-20.dat,-6.625_-38.375,821,SAmerica,dep20-20
253,IDX_-6.625_-38.625_dep20-20.dat,-6.625_-38.625,1192,SAmerica,dep20-20
254,IDX_-6.625_-41.625_dep20-20.dat,-6.625_-41.625,297,SAmerica,dep20-20
255,IDX_-6.875_-35.875_dep20-20.dat,-6.875_-35.875,1166,SAmerica,dep20-20
256,IDX_-6.875_-36.625_dep20-20.dat,-6.875_-36.625,958,SAmerica,dep20-20
257,IDX_-6.875_-37.125_dep20-20.dat,-6.875_-37.125,1095,SAmerica,dep20-20
258,IDX_-6.875_-37.375_dep20-20.dat,-6.875_-37.375,1079,SAmerica,dep20-20
259,IDX_-6.875_-37.875_dep20-20.dat,-6.875_-37.875,442,SAmerica,dep20-20
260,IDX_-6.875_-38.375_dep20-20.dat,-6.875_-38.375,651,SAmerica,dep20-20
261,IDX_-6.875_-38.875_dep20-20.dat,-6.875_-38.875,627,SAmerica,dep20-20
262,IDX_-6.875_-39.375_dep20-20.dat,-6.875_-39.375,163,SAmerica,dep20-20
263,IDX_-6.875_-39.875_dep20-20.dat,-6.875_-39.875,483,SAmerica,dep20-20
264,IDX_-6.875_-41.625_dep20-20.dat,-6.875_-41.625,203,SAmerica,dep20-20
265,IDX_-6.875_-42.375_dep20-20.dat,-6.875_-42.375,1003,SAmerica,dep20-20
266,IDX_-6.875_-42.625_dep20-20.dat,-6.875_-42.625,379,SAmerica,dep20-20
267,IDX_-7.125_-36.375_dep20-20.dat,-7.125_-36.375,1208,SAmerica,dep20-20
268,IDX_-7.125_-36.625_dep20-20.dat,-7.125_-36.625,1258,SAmerica,dep20-20
269,IDX_-7.125_-37.375_dep20-20.dat,-7.125_-37.375,920,SAmerica,dep20-20
270,IDX_-7.125_-38.375_dep20-20.dat,-7.125_-38.375,863,SAmerica,dep20-20
271,IDX_-7.125_-38.875_dep20-20.dat,-7.125_-38.875,416,SAmerica,dep20-20
272,IDX_-7.125_-39.375_dep20-20.dat,-7.125_-39.375,205,SAmerica,dep20-20
273,IDX_-7.125_-39.875_dep20-20.dat,-7.125_-39.875,417,SAmerica,dep20-20
274,IDX_-7.125_-40.625_dep20-20.dat,-7.125_-40.625,1072,SAmerica,dep20-20
275,IDX_-7.125_-41.375_dep20-20.dat,-7.125_-41.375,522,SAmerica,dep20-20
276,IDX_-7.125_-42.625_dep20-20.dat,-7.125_-42.625,258,SAmerica,dep20-20
277,IDX_-7.375_-35.375_dep20-20.dat,-7.375_-35.375,801,SAmerica,dep20-20
278,IDX_-7.375_-35.875_dep20-20.dat,-7.375_-35.875,526,SAmerica,dep20-20
279,IDX_-7.375_-36.875_dep20-20.dat,-7.375_-36.875,170,SAmerica,dep20-20
280,IDX_-7.375_-38.125_dep20-20.dat,-7.375_-38.125,1123,SAmerica,dep20-20
281,IDX_-7.375_-38.875_dep20-20.dat,-7.375_-38.875,803,SAmerica,dep20-20
282,IDX_-7.375_-39.125_dep20-20.dat,-7.375_-39.125,442,SAmerica,dep20-20
283,IDX_-7.375_-40.375_dep30-30.dat,-7.375_-40.375,570,SAmerica,dep30-30
284,IDX_-7.375_-41.125_dep20-20.dat,-7.375_-41.125,1065,SAmerica,dep20-20
285,IDX_-7.375_-41.875_dep20-20.dat,-7.375_-41.875,447,SAmerica,dep20-20
286,IDX_-7.625_-35.875_dep20-20.dat,-7.625_-35.875,864,SAmerica,dep20-20
287,IDX_-7.625_-36.125_dep20-20.dat,-7.625_-36.125,784,SAmerica,dep20-20
288,IDX_-7.625_-37.375_dep20-20.dat,-7.625_-37.375,1238,SAmerica,dep20-20
289,IDX_-7.625_-37.875_dep20-20.dat,-7.625_-37.875,671,SAmerica,dep20-20
290,IDX_-7.625_-38.375_dep20-20.dat,-7.625_-38.375,1270,SAmerica,dep20-20
291,IDX_-7.625_-38.875_dep20-20.dat,-7.625_-38.875,690,SAmerica,dep20-20
292,IDX_-7.625_-39.625_dep20-20.dat,-7.625_-39.625,807,SAmerica,dep20-20
293,IDX_-7.625_-40.125_dep20-20.dat,-7.625_-40.125,337,SAmerica,dep20-20
294,IDX_-7.625_-40.875_dep20-20.dat,-7.625_-40.875,816,SAmerica,dep20-20
295,IDX_-7.625_-44.125_dep20-20.dat,-7.625_-44.125,785,SAmerica,dep20-20
296,IDX_-7.875_-35.625_dep20-20.dat,-7.875_-35.625,808,SAmerica,dep20-20
297,IDX_-7.875_-35.875_dep20-20.dat,-7.875_-35.875,1156,SAmerica,dep20-20
298,IDX_-7.875_-36.125_dep20-20.dat,-7.875_-36.125,838,SAmerica,dep20-20
299,IDX_-7.875_-36.875_dep20-20.dat,-7.875_-36.875,664,SAmerica,dep20-20
300,IDX_-7.875_-37.125_dep20-20.dat,-7.875_-37.125,790,SAmerica,dep20-20
301,IDX_-7.875_-37.375_dep20-20.dat,-7.875_-37.375,242,SAmerica,dep20-20
302,IDX_-7.875_-39.375_dep20-20.dat,-7.875_-39.375,817,SAmerica,dep20-20
303,IDX_-7.875_-39.875_dep20-20.dat,-7.875_-39.875,633,SAmerica,dep20-20
304,IDX_-7.875_-40.125_dep20-20.dat,-7.875_-40.125,181,SAmerica,dep20-20
305,IDX_-7.875_-41.125_dep20-20.dat,-7.875_-41.125,1071,SAmerica,dep20-20
306,IDX_-7.875_-41.875_dep20-20.dat,-7.875_-41.875,730,SAmerica,dep20-20
307,IDX_-8.125_-35.625_dep20-20.dat,-8.125_-35.625,493,SAmerica,dep20-20
308,IDX_-8.125_-35.875_dep20-20.dat,-8.125_-35.875,979,SAmerica,dep20-20
309,IDX_-8.125_-36.125_dep20-20.dat,-8.125_-36.125,1202,SAmerica,dep20-20
310,IDX_-8.125_-36.375_dep20-20.dat,-8.125_-36.375,1333,SAmerica,dep20-20
311,IDX_-8.125_-37.125_dep20-20.dat,-8.125_-37.125,935,SAmerica,dep20-20
312,IDX_-8.125_-38.625_dep20-20.dat,-8.125_-38.625,587,SAmerica,dep20-20
313,IDX_-8.125_-39.625_dep20-20.dat,-8.125_-39.625,697,SAmerica,dep20-20
314,IDX_-8.125_-40.625_dep20-20.dat,-8.125_-40.625,444,SAmerica,dep20-20
315,IDX_-8.125_-40.875_dep20-20.dat,-8.125_-40.875,567,SAmerica,dep20-20
316,IDX_-8.125_-42.125_dep20-20.dat,-8.125_-42.125,390,SAmerica,dep20-20
317,IDX_-8.125_-42.875_dep20-20.dat,-8.125_-42.875,816,SAmerica,dep20-20
318,IDX_-8.375_-36.625_dep20-20.dat,-8.375_-36.625,365,SAmerica,dep20-20
319,IDX_-8.375_-36.875_dep20-20.dat,-8.375_-36.875,1262,SAmerica,dep20-20
320,IDX_-8.375_-40.625_dep20-20.dat,-8.375_-40.625,521,SAmerica,dep20-20
321,IDX_-8.375_-41.625_dep20-20.dat,-8.375_-41.625,872,SAmerica,dep20-20
322,IDX_-8.375_-43.875_dep20-20.dat,-8.375_-43.875,399,SAmerica,dep20-20
323,IDX_-8.625_-36.625_dep20-20.dat,-8.625_-36.625,1217,SAmerica,dep20-20
324,IDX_-8.625_-36.875_dep20-20.dat,-8.625_-36.875,1220,SAmerica,dep20-20
325,IDX_-8.625_-37.625_dep20-20.dat,-8.625_-37.625,792,SAmerica,dep20-20
326,IDX_-8.625_-38.625_dep20-20.dat,-8.625_-38.625,788,SAmerica,dep20-20
327,IDX_-8.625_-39.125_dep20-20.dat,-8.625_-39.125,486,SAmerica,dep20-20
328,IDX_-8.625_-39.625_dep20-20.dat,-8.625_-39.625,777,SAmerica,dep20-20
329,IDX_-8.625_-42.125_dep20-20.dat,-8.625_-42.125,533,SAmerica,dep20-20
330,IDX_-8.875_-36.125_dep20-20.dat,-8.875_-36.125,241,SAmerica,dep20-20
331,IDX_-8.875_-36.625_dep20-20.dat,-8.875_-36.625,1168,SAmerica,dep20-20
332,IDX_-8.875_-36.875_dep20-20.dat,-8.875_-36.875,854,SAmerica,dep20-20
333,IDX_-8.875_-37.625_dep20-20.dat,-8.875_-37.625,689,SAmerica,dep20-20
334,IDX_-8.875_-37.875_dep20-20.dat,-8.875_-37.875,598,SAmerica,dep20-20
335,IDX_-8.875_-39.125_dep20-20.dat,-8.875_-39.125,539,SAmerica,dep20-20
336,IDX_-8.875_-39.875_dep20-20.dat,-8.875_-39.875,464,SAmerica,dep20-20
337,IDX_-8.875_-40.375_dep20-20.dat,-8.875_-40.375,1110,SAmerica,dep20-20
338,IDX_-9.125_-36.625_dep20-20.dat,-9.125_-36.625,1369,SAmerica,dep20-20
339,IDX_-9.125_-37.375_dep20-20.dat,-9.125_-37.375,1304,SAmerica,dep20-20
340,IDX_-9.125_-37.875_dep20-20.dat,-9.125_-37.875,289,SAmerica,dep20-20
341,IDX_-9.125_-38.125_dep20-20.dat,-9.125_-38.125,888,SAmerica,dep20-20
342,IDX_-9.125_-40.375_dep20-20.dat,-9.125_-40.375,1255,SAmerica,dep20-20
343,IDX_-9.125_-44.375_dep20-20.dat,-9.125_-44.375,953,SAmerica,dep20-20
344,IDX_-9.375_-36.625_dep20-20.dat,-9.375_-36.625,934,SAmerica,dep20-20
345,IDX_-9.375_-37.375_dep20-20.dat,-9.375_-37.375,417,SAmerica,dep20-20
346,IDX_-9.375_-37.625_dep20-20.dat,-9.375_-37.625,471,SAmerica,dep20-20
347,IDX_-9.375_-38.125_dep20-20.dat,-9.375_-38.125,1305,SAmerica,dep20-20
348,IDX_-9.375_-38.375_dep20-20.dat,-9.375_-38.375,422,SAmerica,dep20-20
349,IDX_-9.625_-37.125_dep20-20.dat,-9.625_-37.125,850,SAmerica,dep20-20
350,IDX_-9.625_-37.375_dep20-20.dat,-9.625_-37.375,740,SAmerica,dep20-20
351,IDX_-9.875_-36.875_dep20-20.dat,-9.875_-36.875,339,SAmerica,dep20-20
352,IDX_-9.875_-37.375_dep20-20.dat,-9.875_-37.375,416,SAmerica,dep20-20
353,IDX_-9.875_-38.375_dep20-20.dat,-9.875_-38.375,1043,SAmerica,dep20-20
354,IDX_-9.875_-39.375_dep20-20.dat,-9.875_-39.375,1202,SAmerica,dep20-20
355,IDX_-9.875_-39.875_dep20-20.dat,-9.875_-39.875,320,SAmerica,dep20-20
356,IDX_-9.875_-41.875_dep20-20.dat,-9.875_-41.875,687,SAmerica,dep20-20
357,IDX_-9.875_-42.625_dep20-20.dat,-9.875_-42.625,79,SAmerica,dep20-20
358,IDX_0.375_36.875_dep0-32.dat,0.375_36.875,1662,Africa,dep0-32
359,IDX_13.375_30.375_dep15-15.dat,13.375_30.375,1745,Africa,dep15-15
360,IDX_13.625_2.625_dep10-40.dat,13.625_2.625,4724,Africa,dep10-40
361,IDX_15.375_-15.375_dep30-30.dat,15.375_-15.375,869,Africa,dep30-30
362,IDX_18.125_-66.625_dep20-20.dat,18.125_-66.625,3760,NAmerica,dep20-20
363,IDX_18.125_-66.875_dep20-20.dat,18.125_-66.875,3709,NAmerica,dep20-20
364,IDX_18.125_-67.125_dep20-20.dat,18.125_-67.125,3261,NAmerica,dep20-20
365,IDX_18.375_-66.125_dep20-20.dat,18.375_-66.125,1159,NAmerica,dep20-20
366,IDX_18.375_-67.125_dep20-20.dat,18.375_-67.125,3026,NAmerica,dep20-20
367,IDX_19.625_-155.875_dep30-30.dat,19.625_-155.875,4550,NAmerica,dep30-30
368,IDX_19.875_-155.375_dep30-30.dat,19.875_-155.375,5097,NAmerica,dep30-30
369,IDX_19.875_-155.625_dep30-30.dat,19.875_-155.625,5420,NAmerica,dep30-30
370,IDX_20.125_-155.625_dep20-20.dat,20.125_-155.625,82,NAmerica,dep20-20
371,IDX_26.125_-97.875_dep20-20.dat,26.125_-97.875,1649,NAmerica,dep20-20
372,IDX_26.625_-98.125_dep20-20.dat,26.625_-98.125,3426,NAmerica,dep20-20
373,IDX_26.625_80.125_dep25-25.dat,26.625_80.125,476,Asia,dep25-25
374,IDX_27.125_-81.375_dep20-20.dat,27.125_-81.375,1964,NAmerica,dep20-20
375,IDX_27.625_-97.875_dep20-20.dat,27.625_-97.875,1092,NAmerica,dep20-20
376,IDX_28.375_-96.875_dep20-20.dat,28.375_-96.875,2449,NAmerica,dep20-20
377,IDX_29.125_-81.625_dep20-20.dat,29.125_-81.625,5073,NAmerica,dep20-20
378,IDX_29.375_-100.375_dep20-20.dat,29.375_-100.375,1922,NAmerica,dep20-20
379,IDX_29.625_-110.625_dep0-34.dat,29.625_-110.625,384,NAmerica,dep0-34
380,IDX_29.625_-82.125_dep0-39.dat,29.625_-82.125,511,NAmerica,dep0-39
381,IDX_30.125_-91.875_dep20-20.dat,30.125_-91.875,3410,NAmerica,dep20-20
382,IDX_30.125_-94.375_dep20-20.dat,30.125_-94.375,1633,NAmerica,dep20-20
383,IDX_30.125_-95.875_dep20-20.dat,30.125_-95.875,6597,NAmerica,dep20-20
384,IDX_30.375_-84.375_dep20-20.dat,30.375_-84.375,5722,NAmerica,dep20-20
385,IDX_30.375_-88.625_dep20-20.dat,30.375_-88.625,5678,NAmerica,dep20-20
386,IDX_30.625_-87.625_dep20-20.dat,30.625_-87.625,1857,NAmerica,dep20-20
387,IDX_30.625_-87.875_dep20-20.dat,30.625_-87.875,3456,NAmerica,dep20-20
388,IDX_31.125_-84.375_dep20-20.dat,31.125_-84.375,3469,NAmerica,dep20-20
389,IDX_31.125_-85.125_dep20-20.dat,31.125_-85.125,2570,NAmerica,dep20-20
390,IDX_31.125_-87.625_dep20-20.dat,31.125_-87.625,2295,NAmerica,dep20-20
391,IDX_31.125_91.625_dep20-20.dat,31.125_91.625,1653,Asia,dep20-20
392,IDX_31.125_91.875_dep20-20.dat,31.125_91.875,1609,Asia,dep20-20
393,IDX_31.125_92.125_dep20-20.dat,31.125_92.125,1686,Asia,dep20-20
394,IDX_31.125_92.375_dep20-20.dat,31.125_92.375,1735,Asia,dep20-20
395,IDX_31.375_-84.375_dep20-20.dat,31.375_-84.375,3511,NAmerica,dep20-20
396,IDX_31.375_-96.875_dep20-20.dat,31.375_-96.875,1381,NAmerica,dep20-20
397,IDX_31.375_91.875_dep20-20.dat,31.375_91.875,1722,Asia,dep20-20
398,IDX_31.375_92.125_dep20-20.dat,31.375_92.125,1822,Asia,dep20-20
399,IDX_31.625_-100.625_dep20-20.dat,31.625_-100.625,1777,NAmerica,dep20-20
400,IDX_31.625_-102.875_dep20-20.dat,31.625_-102.875,3503,NAmerica,dep20-20
401,IDX_31.625_-109.875_dep15-15.dat,31.625_-109.875,581,NAmerica,dep15-15
402,IDX_31.625_-110.125_dep20-20.dat,31.625_-110.125,5252,NAmerica,dep20-20
403,IDX_31.625_-110.625_dep20-20.dat,31.625_-110.625,3118,NAmerica,dep20-20
404,IDX_31.625_-83.625_dep20-20.dat,31.625_-83.625,6667,NAmerica,dep20-20
405,IDX_31.625_91.625_dep20-20.dat,31.625_91.625,1686,Asia,dep20-20
406,IDX_31.625_91.875_dep20-20.dat,31.625_91.875,1907,Asia,dep20-20
407,IDX_31.625_92.125_dep20-20.dat,31.625_92.125,1671,Asia,dep20-20
408,IDX_31.625_92.375_dep20-20.dat,31.625_92.375,1738,Asia,dep20-20
409,IDX_31.875_-110.875_dep0-40.dat,31.875_-110.875,889,NAmerica,dep0-40
410,IDX_31.875_-95.625_dep20-20.dat,31.875_-95.625,2486,NAmerica,dep20-20
411,IDX_31.875_91.625_dep20-20.dat,31.875_91.625,1807,Asia,dep20-20
412,IDX_31.875_91.875_dep20-20.dat,31.875_91.875,1630,Asia,dep20-20
413,IDX_32.125_-100.125_dep20-20.dat,32.125_-100.125,3356,NAmerica,dep20-20
414,IDX_32.375_-110.875_dep0-28.dat,32.375_-110.875,376,NAmerica,dep0-28
415,IDX_32.375_-85.875_dep20-20.dat,32.375_-85.875,4855,NAmerica,dep20-20
416,IDX_32.375_-86.125_dep20-20.dat,32.375_-86.125,606,NAmerica,dep20-20
417,IDX_32.375_-86.875_dep20-20.dat,32.375_-86.875,2594,NAmerica,dep20-20
418,IDX_32.375_-87.125_dep20-20.dat,32.375_-87.125,1055,NAmerica,dep20-20
419,IDX_32.375_-89.125_dep20-20.dat,32.375_-89.125,4246,NAmerica,dep20-20
420,IDX_32.375_-98.125_dep20-20.dat,32.375_-98.125,1903,NAmerica,dep20-20
421,IDX_32.625_-106.625_dep20-20.dat,32.625_-106.625,3712,NAmerica,dep20-20
422,IDX_32.625_-110.875_dep0-28.dat,32.625_-110.875,1258,NAmerica,dep0-28
423,IDX_32.625_-81.125_dep20-20.dat,32.625_-81.125,6747,NAmerica,dep20-20
424,IDX_32.625_-88.125_dep20-20.dat,32.625_-88.125,3651,NAmerica,dep20-20
425,IDX_32.875_-90.625_dep20-20.dat,32.875_-90.625,880,NAmerica,dep20-20
426,IDX_32.875_-90.875_dep20-20.dat,32.875_-90.875,6162,NAmerica,dep20-20
427,IDX_32.875_-92.125_dep20-20.dat,32.875_-92.125,3560,NAmerica,dep20-20
428,IDX_33.125_-79.375_dep20-20.dat,33.125_-79.375,3761,NAmerica,dep20-20
429,IDX_33.125_-88.375_dep20-20.dat,33.125_-88.375,1149,NAmerica,dep20-20
430,IDX_33.125_-90.625_dep20-20.dat,33.125_-90.625,4583,NAmerica,dep20-20
431,IDX_33.125_-91.125_dep20-20.dat,33.125_-91.125,5551,NAmerica,dep20-20
432,IDX_33.375_-105.875_dep20-20.dat,33.375_-105.875,4722,NAmerica,dep20-20
433,IDX_33.375_-81.375_dep20-20.dat,33.375_-81.375,2654,NAmerica,dep20-20
434,IDX_33.375_-81.625_dep0-38.dat,33.375_-81.625,1283,NAmerica,dep0-38
435,IDX_33.375_-85.625_dep20-20.dat,33.375_-85.625,2627,NAmerica,dep20-20
436,IDX_33.375_-90.625_dep20-20.dat,33.375_-90.625,1174,NAmerica,dep20-20
437,IDX_33.375_-99.875_dep20-20.dat,33.375_-99.875,1886,NAmerica,dep20-20
438,IDX_33.625_-102.125_dep20-20.dat,33.625_-102.125,1997,NAmerica,dep20-20
439,IDX_33.625_-102.375_dep20-20.dat,33.625_-102.375,4805,NAmerica,dep20-20
440,IDX_33.625_-102.875_dep20-20.dat,33.625_-102.875,2170,NAmerica,dep20-20
441,IDX_33.625_-103.375_dep20-20.dat,33.625_-103.375,3042,NAmerica,dep20-20
442,IDX_33.625_-103.625_dep20-20.dat,33.625_-103.625,3005,NAmerica,dep20-20
443,IDX_33.625_-115.125_dep20-20.dat,33.625_-115.125,2310,NAmerica,dep20-20
444,IDX_33.625_-116.375_dep0-36.dat,33.625_-116.375,3142,NAmerica,dep0-36
445,IDX_33.625_-117.625_dep0-23.dat,33.625_-117.625,3124,NAmerica,dep0-23
446,IDX_33.625_-88.875_dep20-20.dat,33.625_-88.875,4349,NAmerica,dep20-20
447,IDX_33.625_-90.625_dep20-20.dat,33.625_-90.625,4372,NAmerica,dep20-20
448,IDX_33.625_-91.125_dep20-20.dat,33.625_-91.125,5269,NAmerica,dep20-20
449,IDX_33.875_-102.875_dep20-20.dat,33.875_-102.875,3194,NAmerica,dep20-20
450,IDX_33.875_-109.625_dep20-20.dat,33.875_-109.625,5193,NAmerica,dep20-20
451,IDX_33.875_-109.875_dep20-20.dat,33.875_-109.875,1456,NAmerica,dep20-20
452,IDX_33.875_-115.375_dep20-20.dat,33.875_-115.375,1871,NAmerica,dep20-20
453,IDX_33.875_-83.375_dep20-20.dat,33.875_-83.375,7065,NAmerica,dep20-20
454,IDX_33.875_-90.875_dep20-20.dat,33.875_-90.875,5961,NAmerica,dep20-20
455,IDX_34.125_-86.875_dep20-20.dat,34.125_-86.875,4488,NAmerica,dep20-20
456,IDX_34.125_-87.375_dep20-20.dat,34.125_-87.375,3042,NAmerica,dep20-20
457,IDX_34.125_-89.875_dep20-20.dat,34.125_-89.875,6601,NAmerica,dep20-20
458,IDX_34.125_-90.375_dep20-20.dat,34.125_-90.375,3112,NAmerica,dep20-20
459,IDX_34.125_-99.375_dep20-20.dat,34.125_-99.375,1630,NAmerica,dep20-20
460,IDX_34.375_-105.375_dep20-20.dat,34.375_-105.375,6976,NAmerica,dep20-20
461,IDX_34.375_-106.625_dep20-20.dat,34.375_-106.625,2681,NAmerica,dep20-20
462,IDX_34.375_-106.875_dep20-20.dat,34.375_-106.875,3422,NAmerica,dep20-20
463,IDX_34.375_-111.375_dep20-20.dat,34.375_-111.375,2880,NAmerica,dep20-20
464,IDX_34.375_-79.625_dep20-20.dat,34.375_-79.625,5921,NAmerica,dep20-20
465,IDX_34.375_-85.875_dep20-20.dat,34.375_-85.875,3703,NAmerica,dep20-20
466,IDX_34.375_-86.125_dep20-20.dat,34.375_-86.125,4248,NAmerica,dep20-20
467,IDX_34.375_-86.625_dep20-20.dat,34.375_-86.625,5224,NAmerica,dep20-20
468,IDX_34.375_-87.125_dep20-20.dat,34.375_-87.125,2914,NAmerica,dep20-20
469,IDX_34.375_-89.875_dep20-20.dat,34.375_-89.875,5324,NAmerica,dep20-20
470,IDX_34.375_-91.375_dep20-20.dat,34.375_-91.375,5141,NAmerica,dep20-20
471,IDX_34.375_-92.125_dep20-20.dat,34.375_-92.125,4114,NAmerica,dep20-20
472,IDX_34.625_-115.125_dep20-20.dat,34.625_-115.125,2141,NAmerica,dep20-20
473,IDX_34.625_-90.375_dep20-20.dat,34.625_-90.375,6391,NAmerica,dep20-20
474,IDX_34.875_-106.875_dep20-20.dat,34.875_-106.875,3651,NAmerica,dep20-20
475,IDX_34.875_-111.375_dep20-20.dat,34.875_-111.375,5415,NAmerica,dep20-20
476,IDX_34.875_-111.625_dep20-20.dat,34.875_-111.625,3297,NAmerica,dep20-20
477,IDX_34.875_-119.375_dep20-20.dat,34.875_-119.375,1660,NAmerica,dep20-20
478,IDX_34.875_-86.125_dep20-20.dat,34.875_-86.125,4604,NAmerica,dep20-20
479,IDX_34.875_-86.625_dep20-20.dat,34.875_-86.625,6407,NAmerica,dep20-20
480,IDX_34.875_-86.875_dep20-20.dat,34.875_-86.875,3041,NAmerica,dep20-20
481,IDX_34.875_-87.875_dep20-20.dat,34.875_-87.875,2883,NAmerica,dep20-20
482,IDX_34.875_-89.375_dep20-20.dat,34.875_-89.375,3203,NAmerica,dep20-20
483,IDX_34.875_-90.875_dep20-20.dat,34.875_-90.875,3923,NAmerica,dep20-20
484,IDX_34.875_-91.875_dep20-20.dat,34.875_-91.875,5328,NAmerica,dep20-20
485,IDX_34.875_-97.875_dep20-20.dat,34.875_-97.875,2946,NAmerica,dep20-20
486,IDX_34.875_-98.125_dep15-15.dat,34.875_-98.125,2233,NAmerica,dep15-15
487,IDX_35.125_-102.125_dep20-20.dat,35.125_-102.125,5845,NAmerica,dep20-20
488,IDX_35.125_-112.125_dep20-20.dat,35.125_-112.125,3238,NAmerica,dep20-20
489,IDX_35.125_-119.625_dep20-20.dat,35.125_-119.625,2219,NAmerica,dep20-20
490,IDX_35.125_-86.125_dep20-20.dat,35.125_-86.125,5530,NAmerica,dep20-20
491,IDX_35.125_-86.625_dep20-20.dat,35.125_-86.625,5416,NAmerica,dep20-20
492,IDX_35.125_-86.875_dep20-20.dat,35.125_-86.875,4487,NAmerica,dep20-20
493,IDX_35.125_-92.875_dep20-20.dat,35.125_-92.875,5052,NAmerica,dep20-20
494,IDX_35.125_-96.625_dep15-15.dat,35.125_-96.625,731,NAmerica,dep15-15
495,IDX_35.375_-111.625_dep20-20.dat,35.375_-111.625,3043,NAmerica,dep20-20
496,IDX_35.375_-111.875_dep0-21.dat,35.375_-111.875,2315,NAmerica,dep0-21
497,IDX_35.375_-112.125_dep20-20.dat,35.375_-112.125,1961,NAmerica,dep20-20
498,IDX_35.375_-115.625_dep20-20.dat,35.375_-115.625,2103,NAmerica,dep20-20
499,IDX_35.375_-82.625_dep20-20.dat,35.375_-82.625,3544,NAmerica,dep20-20
500,IDX_35.375_-90.375_dep20-20.dat,35.375_-90.375,2577,NAmerica,dep20-20
501,IDX_35.375_-96.625_dep15-15.dat,35.375_-96.625,1111,NAmerica,dep15-15
502,IDX_35.375_-98.875_dep15-15.dat,35.375_-98.875,3537,NAmerica,dep15-15
503,IDX_35.625_-105.875_dep20-20.dat,35.625_-105.875,2066,NAmerica,dep20-20
504,IDX_35.625_-95.875_dep15-15.dat,35.625_-95.875,241,NAmerica,dep15-15
505,IDX_35.625_-96.875_dep15-15.dat,35.625_-96.875,4007,NAmerica,dep15-15
506,IDX_35.625_-98.125_dep20-20.dat,35.625_-98.125,4952,NAmerica,dep20-20
507,IDX_35.875_-105.625_dep20-20.dat,35.875_-105.625,1667,NAmerica,dep20-20
508,IDX_35.875_-105.875_dep20-20.dat,35.875_-105.875,1281,NAmerica,dep20-20
509,IDX_35.875_-106.375_dep20-20.dat,35.875_-106.375,2040,NAmerica,dep20-20
510,IDX_35.875_-106.625_dep20-20.dat,35.875_-106.625,2753,NAmerica,dep20-20
511,IDX_35.875_-76.625_dep20-20.dat,35.875_-76.625,4747,NAmerica,dep20-20
512,IDX_35.875_-79.125_dep20-20.dat,35.875_-79.125,3458,NAmerica,dep20-20
513,IDX_35.875_-91.875_dep20-20.dat,35.875_-91.875,3581,NAmerica,dep20-20
514,IDX_36.125_-105.625_dep20-20.dat,36.125_-105.625,1997,NAmerica,dep20-20
515,IDX_36.125_-106.125_dep20-20.dat,36.125_-106.125,3261,NAmerica,dep20-20
516,IDX_36.125_-106.875_dep20-20.dat,36.125_-106.875,2184,NAmerica,dep20-20
517,IDX_36.125_-108.875_dep20-20.dat,36.125_-108.875,2860,NAmerica,dep20-20
518,IDX_36.125_-115.625_dep20-20.dat,36.125_-115.625,4231,NAmerica,dep20-20
519,IDX_36.125_-85.125_dep20-20.dat,36.125_-85.125,2858,NAmerica,dep20-20
520,IDX_36.125_-97.125_dep20-20.dat,36.125_-97.125,3666,NAmerica,dep20-20
521,IDX_36.125_-98.625_dep13-13.dat,36.125_-98.625,1166,NAmerica,dep13-13
522,IDX_36.125_-99.125_dep15-15.dat,36.125_-99.125,4226,NAmerica,dep15-15
523,IDX_36.375_-105.375_dep20-20.dat,36.375_-105.375,2413,NAmerica,dep20-20
524,IDX_36.375_-115.625_dep20-20.dat,36.375_-115.625,4219,NAmerica,dep20-20
525,IDX_36.375_-115.875_dep20-20.dat,36.375_-115.875,4196,NAmerica,dep20-20
526,IDX_36.375_-116.375_dep20-20.dat,36.375_-116.375,2118,NAmerica,dep20-20
527,IDX_36.375_-98.375_dep15-15.dat,36.375_-98.375,4241,NAmerica,dep15-15
528,IDX_36.625_-101.625_dep20-20.dat,36.625_-101.625,3610,NAmerica,dep20-20
529,IDX_36.625_-105.375_dep20-20.dat,36.625_-105.375,3776,NAmerica,dep20-20
530,IDX_36.625_-106.375_dep20-20.dat,36.625_-106.375,1674,NAmerica,dep20-20
531,IDX_36.625_-115.125_dep20-20.dat,36.625_-115.125,4157,NAmerica,dep20-20
532,IDX_36.625_-116.125_dep20-20.dat,36.625_-116.125,3544,NAmerica,dep20-20
533,IDX_36.625_-120.625_dep20-20.dat,36.625_-120.625,1878,NAmerica,dep20-20
534,IDX_36.625_-76.875_dep20-20.dat,36.625_-76.875,5975,NAmerica,dep20-20
535,IDX_36.625_-80.125_dep20-20.dat,36.625_-80.125,4354,NAmerica,dep20-20
536,IDX_36.625_-97.375_dep15-15.dat,36.625_-97.375,4737,NAmerica,dep15-15
537,IDX_36.875_-105.125_dep20-20.dat,36.875_-105.125,1628,NAmerica,dep20-20
538,IDX_36.875_-89.875_dep20-20.dat,36.875_-89.875,3990,NAmerica,dep20-20
539,IDX_36.875_-91.375_dep20-20.dat,36.875_-91.375,569,NAmerica,dep20-20
540,IDX_36.875_-96.375_dep15-15.dat,36.875_-96.375,4545,NAmerica,dep15-15
541,IDX_36.875_-98.375_dep15-15.dat,36.875_-98.375,4680,NAmerica,dep15-15
542,IDX_37.125_-105.125_dep20-20.dat,37.125_-105.125,3577,NAmerica,dep20-20
543,IDX_37.125_-112.125_dep20-20.dat,37.125_-112.125,3169,NAmerica,dep20-20
544,IDX_37.125_-113.375_dep20-20.dat,37.125_-113.375,3606,NAmerica,dep20-20
545,IDX_37.125_-119.125_dep0-27.dat,37.125_-119.125,2786,NAmerica,dep0-27
546,IDX_37.125_-120.875_dep20-20.dat,37.125_-120.875,2982,NAmerica,dep20-20
547,IDX_37.125_-86.125_dep20-20.dat,37.125_-86.125,5644,NAmerica,dep20-20
548,IDX_37.125_-87.875_dep20-20.dat,37.125_-87.875,5004,NAmerica,dep20-20
549,IDX_37.125_-92.375_dep20-20.dat,37.125_-92.375,2501,NAmerica,dep20-20
550,IDX_37.125_-93.875_dep20-20.dat,37.125_-93.875,4961,NAmerica,dep20-20
551,IDX_37.125_-95.875_dep15-15.dat,37.125_-95.875,3060,NAmerica,dep15-15
552,IDX_37.125_-97.125_dep20-20.dat,37.125_-97.125,5042,NAmerica,dep20-20
553,IDX_37.125_-97.375_dep15-15.dat,37.125_-97.375,4589,NAmerica,dep15-15
554,IDX_37.375_-106.625_dep20-20.dat,37.375_-106.625,3284,NAmerica,dep20-20
555,IDX_37.375_-106.875_dep20-20.dat,37.375_-106.875,2897,NAmerica,dep20-20
556,IDX_37.375_-108.625_dep20-20.dat,37.375_-108.625,2883,NAmerica,dep20-20
557,IDX_37.375_-109.375_dep20-20.dat,37.375_-109.375,4121,NAmerica,dep20-20
558,IDX_37.375_-112.625_dep20-20.dat,37.375_-112.625,4702,NAmerica,dep20-20
559,IDX_37.375_-113.125_dep20-20.dat,37.375_-113.125,3230,NAmerica,dep20-20
560,IDX_37.375_-113.375_dep20-20.dat,37.375_-113.375,4161,NAmerica,dep20-20
561,IDX_37.375_-113.875_dep20-20.dat,37.375_-113.875,5399,NAmerica,dep20-20
562,IDX_37.375_-117.875_dep20-20.dat,37.375_-117.875,2672,NAmerica,dep20-20
563,IDX_37.375_-75.875_dep20-20.dat,37.375_-75.875,1847,NAmerica,dep20-20
564,IDX_37.375_-86.125_dep20-20.dat,37.375_-86.125,2733,NAmerica,dep20-20
565,IDX_37.375_-94.625_dep20-20.dat,37.375_-94.625,3189,NAmerica,dep20-20
566,IDX_37.375_-96.125_dep15-15.dat,37.375_-96.125,3971,NAmerica,dep15-15
567,IDX_37.375_-99.375_dep15-15.dat,37.375_-99.375,3222,NAmerica,dep15-15
568,IDX_37.375_126.875_dep20-20.dat,37.375_126.875,195,Asia,dep20-20
569,IDX_37.625_-107.375_dep20-20.dat,37.625_-107.375,3355,NAmerica,dep20-20
570,IDX_37.625_-107.875_dep20-20.dat,37.625_-107.875,2878,NAmerica,dep20-20
571,IDX_37.625_-108.125_dep20-20.dat,37.625_-108.125,3691,NAmerica,dep20-20
572,IDX_37.625_-109.375_dep20-20.dat,37.625_-109.375,3745,NAmerica,dep20-20
573,IDX_37.625_-111.375_dep20-20.dat,37.625_-111.375,3163,NAmerica,dep20-20
574,IDX_37.625_-112.375_dep20-20.dat,37.625_-112.375,3542,NAmerica,dep20-20
575,IDX_37.625_-112.625_dep20-20.dat,37.625_-112.625,4943,NAmerica,dep20-20
576,IDX_37.625_-112.875_dep20-20.dat,37.625_-112.875,4896,NAmerica,dep20-20
577,IDX_37.625_-113.125_dep20-20.dat,37.625_-113.125,4927,NAmerica,dep20-20
578,IDX_37.625_-113.375_dep20-20.dat,37.625_-113.375,4259,NAmerica,dep20-20
579,IDX_37.625_-113.625_dep20-20.dat,37.625_-113.625,3990,NAmerica,dep20-20
580,IDX_37.625_-113.875_dep20-20.dat,37.625_-113.875,4671,NAmerica,dep20-20
581,IDX_37.625_-115.125_dep20-20.dat,37.625_-115.125,775,NAmerica,dep20-20
582,IDX_37.625_-118.875_dep20-20.dat,37.625_-118.875,2380,NAmerica,dep20-20
583,IDX_37.625_-91.625_dep20-20.dat,37.625_-91.625,3383,NAmerica,dep20-20
584,IDX_37.875_-103.875_dep20-20.dat,37.875_-103.875,3312,NAmerica,dep20-20
585,IDX_37.875_-105.375_dep20-20.dat,37.875_-105.375,2279,NAmerica,dep20-20
586,IDX_37.875_-107.125_dep20-20.dat,37.875_-107.125,2880,NAmerica,dep20-20
587,IDX_37.875_-107.875_dep20-20.dat,37.875_-107.875,1665,NAmerica,dep20-20
588,IDX_37.875_-108.125_dep20-20.dat,37.875_-108.125,3946,NAmerica,dep20-20
589,IDX_37.875_-109.125_dep20-20.dat,37.875_-109.125,3612,NAmerica,dep20-20
590,IDX_37.875_-109.375_dep20-20.dat,37.875_-109.375,5008,NAmerica,dep20-20
591,IDX_37.875_-110.875_dep20-20.dat,37.875_-110.875,1159,NAmerica,dep20-20
592,IDX_37.875_-111.875_dep20-20.dat,37.875_-111.875,4138,NAmerica,dep20-20
593,IDX_37.875_-112.375_dep20-20.dat,37.875_-112.375,2704,NAmerica,dep20-20
594,IDX_37.875_-112.875_dep20-20.dat,37.875_-112.875,1822,NAmerica,dep20-20
595,IDX_37.875_-118.375_dep20-20.dat,37.875_-118.375,3580,NAmerica,dep20-20
596,IDX_37.875_-119.875_dep20-20.dat,37.875_-119.875,2795,NAmerica,dep20-20
597,IDX_37.875_-78.375_dep0-21.dat,37.875_-78.375,631,NAmerica,dep0-21
598,IDX_37.875_-79.125_dep20-20.dat,37.875_-79.125,5245,NAmerica,dep20-20
599,IDX_37.875_-94.125_dep20-20.dat,37.875_-94.125,1443,NAmerica,dep20-20
600,IDX_37.875_-97.125_dep15-15.dat,37.875_-97.125,3966,NAmerica,dep15-15
601,IDX_37.875_-98.375_dep15-15.dat,37.875_-98.375,3807,NAmerica,dep15-15
602,IDX_38.125_-106.625_dep20-20.dat,38.125_-106.625,1841,NAmerica,dep20-20
603,IDX_38.125_-109.125_dep20-20.dat,38.125_-109.125,3656,NAmerica,dep20-20
604,IDX_38.125_-109.625_dep0-32.dat,38.125_-109.625,1847,NAmerica,dep0-32
605,IDX_38.125_-110.875_dep20-20.dat,38.125_-110.875,1312,NAmerica,dep20-20
606,IDX_38.125_-111.375_dep20-20.dat,38.125_-111.375,4427,NAmerica,dep20-20
607,IDX_38.125_-112.125_dep20-20.dat,38.125_-112.125,2703,NAmerica,dep20-20
608,IDX_38.125_-112.375_dep20-20.dat,38.125_-112.375,3534,NAmerica,dep20-20
609,IDX_38.125_-119.125_dep20-20.dat,38.125_-119.125,4390,NAmerica,dep20-20
610,IDX_38.125_-120.875_dep20-20.dat,38.125_-120.875,1410,NAmerica,dep20-20
611,IDX_38.125_-78.125_dep20-20.dat,38.125_-78.125,6680,NAmerica,dep20-20
612,IDX_38.125_-84.625_dep20-20.dat,38.125_-84.625,3482,NAmerica,dep20-20
613,IDX_38.125_-95.625_dep15-15.dat,38.125_-95.625,3023,NAmerica,dep15-15
614,IDX_38.125_-97.625_dep15-15.dat,38.125_-97.625,3328,NAmerica,dep15-15
615,IDX_38.125_-99.375_dep15-15.dat,38.125_-99.375,3244,NAmerica,dep15-15
616,IDX_38.375_-106.375_dep20-20.dat,38.375_-106.375,1712,NAmerica,dep20-20
617,IDX_38.375_-109.125_dep20-20.dat,38.375_-109.125,3050,NAmerica,dep20-20
618,IDX_38.375_-109.375_dep20-20.dat,38.375_-109.375,4859,NAmerica,dep20-20
619,IDX_38.375_-112.375_dep20-20.dat,38.375_-112.375,4473,NAmerica,dep20-20
620,IDX_38.375_-112.625_dep20-20.dat,38.375_-112.625,3007,NAmerica,dep20-20
621,IDX_38.375_-113.125_dep20-20.dat,38.375_-113.125,3858,NAmerica,dep20-20
622,IDX_38.375_-119.125_dep20-20.dat,38.375_-119.125,1475,NAmerica,dep20-20
623,IDX_38.375_-119.375_dep20-20.dat,38.375_-119.375,3860,NAmerica,dep20-20
624,IDX_38.375_-119.625_dep20-20.dat,38.375_-119.625,4956,NAmerica,dep20-20
625,IDX_38.375_-120.875_dep20-20.dat,38.375_-120.875,6965,NAmerica,dep20-20
626,IDX_38.375_-90.875_dep20-20.dat,38.375_-90.875,518,NAmerica,dep20-20
627,IDX_38.375_-97.375_dep15-15.dat,38.375_-97.375,3445,NAmerica,dep15-15
628,IDX_38.625_-107.625_dep20-20.dat,38.625_-107.625,2492,NAmerica,dep20-20
629,IDX_38.625_-111.625_dep20-20.dat,38.625_-111.625,3475,NAmerica,dep20-20
630,IDX_38.625_-111.875_dep20-20.dat,38.625_-111.875,2072,NAmerica,dep20-20
631,IDX_38.625_-112.125_dep20-20.dat,38.625_-112.125,4366,NAmerica,dep20-20
632,IDX_38.625_-113.875_dep20-20.dat,38.625_-113.875,3120,NAmerica,dep20-20
633,IDX_38.625_-119.625_dep20-20.dat,38.625_-119.625,5082,NAmerica,dep20-20
634,IDX_38.625_-119.875_dep20-20.dat,38.625_-119.875,5110,NAmerica,dep20-20
635,IDX_38.625_-120.875_dep15-15.dat,38.625_-120.875,683,NAmerica,dep15-15
636,IDX_38.625_-92.125_dep20-20.dat,38.625_-92.125,562,NAmerica,dep20-20
637,IDX_38.625_16.375_dep30-30.dat,38.625_16.375,3724,Europe,dep30-30
638,IDX_38.875_-100.875_dep20-20.dat,38.875_-100.875,3310,NAmerica,dep20-20
639,IDX_38.875_-106.625_dep20-20.dat,38.875_-106.625,2032,NAmerica,dep20-20
640,IDX_38.875_-106.875_dep20-20.dat,38.875_-106.875,4058,NAmerica,dep20-20
641,IDX_38.875_-111.625_dep20-20.dat,38.875_-111.625,5068,NAmerica,dep20-20
642,IDX_38.875_-112.375_dep20-20.dat,38.875_-112.375,3583,NAmerica,dep20-20
643,IDX_38.875_-119.875_dep20-20.dat,38.875_-119.875,5374,NAmerica,dep20-20
644,IDX_38.875_-120.125_dep20-20.dat,38.875_-120.125,5501,NAmerica,dep20-20
645,IDX_38.875_-86.625_dep20-20.dat,38.875_-86.625,3403,NAmerica,dep20-20
646,IDX_38.875_-94.125_dep20-20.dat,38.875_-94.125,3079,NAmerica,dep20-20
647,IDX_38.875_100.375_dep20-20.dat,38.875_100.375,83,Asia,dep20-20
648,IDX_39.125_-106.125_dep20-20.dat,39.125_-106.125,2939,NAmerica,dep20-20
649,IDX_39.125_-106.625_dep20-20.dat,39.125_-106.625,3457,NAmerica,dep20-20
650,IDX_39.125_-106.875_dep20-20.dat,39.125_-106.875,1838,NAmerica,dep20-20
651,IDX_39.125_-107.125_dep20-20.dat,39.125_-107.125,1155,NAmerica,dep20-20
652,IDX_39.125_-107.875_dep20-20.dat,39.125_-107.875,1988,NAmerica,dep20-20
653,IDX_39.125_-110.125_dep20-20.dat,39.125_-110.125,3872,NAmerica,dep20-20
654,IDX_39.125_-111.375_dep20-20.dat,39.125_-111.375,4939,NAmerica,dep20-20
655,IDX_39.125_-111.625_dep20-20.dat,39.125_-111.625,5001,NAmerica,dep20-20
656,IDX_39.125_-112.375_dep20-20.dat,39.125_-112.375,4063,NAmerica,dep20-20
657,IDX_39.125_-113.375_dep20-20.dat,39.125_-113.375,3118,NAmerica,dep20-20
658,IDX_39.125_-114.375_dep20-20.dat,39.125_-114.375,2042,NAmerica,dep20-20
659,IDX_39.125_-114.625_dep20-20.dat,39.125_-114.625,1478,NAmerica,dep20-20
660,IDX_39.125_-114.875_dep20-20.dat,39.125_-114.875,3564,NAmerica,dep20-20
661,IDX_39.125_-119.875_dep20-20.dat,39.125_-119.875,4705,NAmerica,dep20-20
662,IDX_39.125_-120.125_dep20-20.dat,39.125_-120.125,5298,NAmerica,dep20-20
663,IDX_39.125_-120.375_dep20-20.dat,39.125_-120.375,3634,NAmerica,dep20-20
664,IDX_39.125_-76.875_dep20-20.dat,39.125_-76.875,4705,NAmerica,dep20-20
665,IDX_39.125_-79.375_dep20-20.dat,39.125_-79.375,2569,NAmerica,dep20-20
666,IDX_39.125_-90.875_dep20-20.dat,39.125_-90.875,1461,NAmerica,dep20-20
667,IDX_39.125_-92.125_dep20-20.dat,39.125_-92.125,1664,NAmerica,dep20-20
668,IDX_39.125_-95.125_dep20-20.dat,39.125_-95.125,2815,NAmerica,dep20-20
669,IDX_39.125_-96.625_dep20-20.dat,39.125_-96.625,1691,NAmerica,dep20-20
670,IDX_39.375_-105.875_dep20-20.dat,39.375_-105.875,2283,NAmerica,dep20-20
671,IDX_39.375_-106.125_dep20-20.dat,39.375_-106.125,3059,NAmerica,dep20-20
672,IDX_39.375_-107.125_dep20-20.dat,39.375_-107.125,959,NAmerica,dep20-20
673,IDX_39.375_-109.625_dep20-20.dat,39.375_-109.625,3844,NAmerica,dep20-20
674,IDX_39.375_-111.375_dep20-20.dat,39.375_-111.375,4085,NAmerica,dep20-20
675,IDX_39.375_-111.625_dep20-20.dat,39.375_-111.625,3721,NAmerica,dep20-20
676,IDX_39.375_-112.125_dep20-20.dat,39.375_-112.125,2519,NAmerica,dep20-20
677,IDX_39.375_-114.625_dep20-20.dat,39.375_-114.625,4092,NAmerica,dep20-20
678,IDX_39.375_-115.875_dep20-20.dat,39.375_-115.875,2221,NAmerica,dep20-20
679,IDX_39.375_-117.125_dep20-20.dat,39.375_-117.125,4572,NAmerica,dep20-20
680,IDX_39.375_-117.625_dep20-20.dat,39.375_-117.625,2918,NAmerica,dep20-20
681,IDX_39.375_-119.875_dep20-20.dat,39.375_-119.875,3882,NAmerica,dep20-20
682,IDX_39.375_-120.125_dep20-20.dat,39.375_-120.125,5170,NAmerica,dep20-20
683,IDX_39.375_-120.375_dep20-20.dat,39.375_-120.375,5369,NAmerica,dep20-20
684,IDX_39.625_-105.875_dep20-20.dat,39.625_-105.875,2521,NAmerica,dep20-20
685,IDX_39.625_-106.125_dep20-20.dat,39.625_-106.125,3104,NAmerica,dep20-20
686,IDX_39.625_-107.375_dep20-20.dat,39.625_-107.375,1098,NAmerica,dep20-20
687,IDX_39.625_-110.375_dep20-20.dat,39.625_-110.375,2690,NAmerica,dep20-20
688,IDX_39.625_-110.875_dep20-20.dat,39.625_-110.875,3728,NAmerica,dep20-20
689,IDX_39.625_-111.375_dep20-20.dat,39.625_-111.375,4097,NAmerica,dep20-20
690,IDX_39.625_-111.625_dep20-20.dat,39.625_-111.625,1930,NAmerica,dep20-20
691,IDX_39.625_-111.875_dep20-20.dat,39.625_-111.875,3778,NAmerica,dep20-20
692,IDX_39.625_-113.875_dep20-20.dat,39.625_-113.875,1397,NAmerica,dep20-20
693,IDX_39.625_-114.625_dep20-20.dat,39.625_-114.625,2140,NAmerica,dep20-20
694,IDX_39.625_-115.875_dep20-20.dat,39.625_-115.875,4061,NAmerica,dep20-20
695,IDX_39.625_-91.625_dep20-20.dat,39.625_-91.625,465,NAmerica,dep20-20
696,IDX_39.625_-96.125_dep20-20.dat,39.625_-96.125,4860,NAmerica,dep20-20
697,IDX_39.625_16.125_dep30-30.dat,39.625_16.125,4336,Europe,dep30-30
698,IDX_39.875_-105.125_dep0-25.dat,39.875_-105.125,3077,NAmerica,dep0-25
699,IDX_39.875_-105.875_dep20-20.dat,39.875_-105.875,3866,NAmerica,dep20-20
700,IDX_39.875_-106.125_dep20-20.dat,39.875_-106.125,2564,NAmerica,dep20-20
701,IDX_39.875_-107.625_dep20-20.dat,39.875_-107.625,4407,NAmerica,dep20-20
702,IDX_39.875_-110.875_dep20-20.dat,39.875_-110.875,4306,NAmerica,dep20-20
703,IDX_39.875_-111.375_dep20-20.dat,39.875_-111.375,4508,NAmerica,dep20-20
704,IDX_39.875_-111.625_dep20-20.dat,39.875_-111.625,4913,NAmerica,dep20-20
705,IDX_39.875_-112.375_dep20-20.dat,39.875_-112.375,4224,NAmerica,dep20-20
706,IDX_39.875_-114.125_dep20-20.dat,39.875_-114.125,768,NAmerica,dep20-20
707,IDX_39.875_-75.875_dep20-20.dat,39.875_-75.875,2820,NAmerica,dep20-20
708,IDX_39.875_-83.375_dep20-20.dat,39.875_-83.375,4095,NAmerica,dep20-20
709,IDX_39.875_-90.875_dep10-30.dat,39.875_-90.875,3002,NAmerica,dep10-30
710,IDX_39.875_-93.125_dep20-20.dat,39.875_-93.125,2368,NAmerica,dep20-20
711,IDX_39.875_-99.375_dep20-20.dat,39.875_-99.375,5041,NAmerica,dep20-20
712,IDX_40.125_-105.625_dep20-20.dat,40.125_-105.625,3386,NAmerica,dep20-20
713,IDX_40.125_-106.625_dep20-20.dat,40.125_-106.625,3749,NAmerica,dep20-20
714,IDX_40.125_-108.875_dep20-20.dat,40.125_-108.875,2437,NAmerica,dep20-20
715,IDX_40.125_-110.375_dep20-20.dat,40.125_-110.375,2591,NAmerica,dep20-20
716,IDX_40.125_-111.125_dep20-20.dat,40.125_-111.125,4263,NAmerica,dep20-20
717,IDX_40.125_-111.375_dep20-20.dat,40.125_-111.375,1860,NAmerica,dep20-20
718,IDX_40.125_-113.125_dep20-20.dat,40.125_-113.125,556,NAmerica,dep20-20
719,IDX_40.125_-118.125_dep20-20.dat,40.125_-118.125,4531,NAmerica,dep20-20
720,IDX_40.125_-88.375_dep20-20.dat,40.125_-88.375,3103,NAmerica,dep20-20
721,IDX_40.375_-101.625_dep20-20.dat,40.375_-101.625,2699,NAmerica,dep20-20
722,IDX_40.375_-105.875_dep20-20.dat,40.375_-105.875,1879,NAmerica,dep20-20
723,IDX_40.375_-106.375_dep20-20.dat,40.375_-106.375,2972,NAmerica,dep20-20
724,IDX_40.375_-109.375_dep20-20.dat,40.375_-109.375,2809,NAmerica,dep20-20
725,IDX_40.375_-110.375_dep20-20.dat,40.375_-110.375,3411,NAmerica,dep20-20
726,IDX_40.375_-111.125_dep20-20.dat,40.375_-111.125,4795,NAmerica,dep20-20
727,IDX_40.375_-111.375_dep20-20.dat,40.375_-111.375,4184,NAmerica,dep20-20
728,IDX_40.375_-111.625_dep20-20.dat,40.375_-111.625,4864,NAmerica,dep20-20
729,IDX_40.375_-112.125_dep20-20.dat,40.375_-112.125,4159,NAmerica,dep20-20
730,IDX_40.375_-112.375_dep20-20.dat,40.375_-112.375,2074,NAmerica,dep20-20
731,IDX_40.375_-112.625_dep20-20.dat,40.375_-112.625,4636,NAmerica,dep20-20
732,IDX_40.375_-115.625_dep20-20.dat,40.375_-115.625,4626,NAmerica,dep20-20
733,IDX_40.375_-116.875_dep20-20.dat,40.375_-116.875,4017,NAmerica,dep20-20
734,IDX_40.375_-81.875_dep20-20.dat,40.375_-81.875,2084,NAmerica,dep20-20
735,IDX_40.375_-89.875_dep20-20.dat,40.375_-89.875,3929,NAmerica,dep20-20
736,IDX_40.375_-93.625_dep20-20.dat,40.375_-93.625,4783,NAmerica,dep20-20
737,IDX_40.625_-105.875_dep20-20.dat,40.625_-105.875,1979,NAmerica,dep20-20
738,IDX_40.625_-106.875_dep20-20.dat,40.625_-106.875,4084,NAmerica,dep20-20
739,IDX_40.625_-109.625_dep20-20.dat,40.625_-109.625,4485,NAmerica,dep20-20
740,IDX_40.625_-109.875_dep20-20.dat,40.625_-109.875,3647,NAmerica,dep20-20
741,IDX_40.625_-110.375_dep20-20.dat,40.625_-110.375,3897,NAmerica,dep20-20
742,IDX_40.625_-110.625_dep20-20.dat,40.625_-110.625,3958,NAmerica,dep20-20
743,IDX_40.625_-110.875_dep20-20.dat,40.625_-110.875,3722,NAmerica,dep20-20
744,IDX_40.625_-111.125_dep20-20.dat,40.625_-111.125,4022,NAmerica,dep20-20
745,IDX_40.625_-111.625_dep20-20.dat,40.625_-111.625,4119,NAmerica,dep20-20
746,IDX_40.625_-112.125_dep20-20.dat,40.625_-112.125,4278,NAmerica,dep20-20
747,IDX_40.625_-112.375_dep20-20.dat,40.625_-112.375,2073,NAmerica,dep20-20
748,IDX_40.625_-115.375_dep20-20.dat,40.625_-115.375,4008,NAmerica,dep20-20
749,IDX_40.625_-120.625_dep20-20.dat,40.625_-120.625,2343,NAmerica,dep20-20
750,IDX_40.625_-122.625_dep20-20.dat,40.625_-122.625,2688,NAmerica,dep20-20
751,IDX_40.625_-76.625_dep20-20.dat,40.625_-76.625,6235,NAmerica,dep20-20
752,IDX_40.625_-77.875_dep20-20.dat,40.625_-77.875,5430,NAmerica,dep20-20
753,IDX_40.625_-96.875_dep20-20.dat,40.625_-96.875,2947,NAmerica,dep20-20
754,IDX_40.875_-104.625_dep20-20.dat,40.875_-104.625,6120,NAmerica,dep20-20
755,IDX_40.875_-104.875_dep20-20.dat,40.875_-104.875,2446,NAmerica,dep20-20
756,IDX_40.875_-105.875_dep20-20.dat,40.875_-105.875,193,NAmerica,dep20-20
757,IDX_40.875_-106.625_dep20-20.dat,40.875_-106.625,3997,NAmerica,dep20-20
758,IDX_40.875_-106.875_dep20-20.dat,40.875_-106.875,2324,NAmerica,dep20-20
759,IDX_40.875_-109.875_dep20-20.dat,40.875_-109.875,2869,NAmerica,dep20-20
760,IDX_40.875_-110.125_dep20-20.dat,40.875_-110.125,3732,NAmerica,dep20-20
761,IDX_40.875_-110.375_dep20-20.dat,40.875_-110.375,4104,NAmerica,dep20-20
762,IDX_40.875_-110.625_dep20-20.dat,40.875_-110.625,4176,NAmerica,dep20-20
763,IDX_40.875_-110.875_dep20-20.dat,40.875_-110.875,4802,NAmerica,dep20-20
764,IDX_40.875_-111.125_dep20-20.dat,40.875_-111.125,4832,NAmerica,dep20-20
765,IDX_40.875_-111.625_dep20-20.dat,40.875_-111.625,5093,NAmerica,dep20-20
766,IDX_40.875_-111.875_dep20-20.dat,40.875_-111.875,5892,NAmerica,dep20-20
767,IDX_40.875_-115.125_dep20-20.dat,40.875_-115.125,4631,NAmerica,dep20-20
768,IDX_40.875_-117.625_dep20-20.dat,40.875_-117.625,2256,NAmerica,dep20-20
769,IDX_40.875_-119.875_dep20-20.dat,40.875_-119.875,673,NAmerica,dep20-20
770,IDX_40.875_-122.625_dep20-20.dat,40.875_-122.625,1468,NAmerica,dep20-20
771,IDX_40.875_-96.375_dep20-20.dat,40.875_-96.375,5256,NAmerica,dep20-20
772,IDX_40.875_-96.625_dep20-20.dat,40.875_-96.625,2014,NAmerica,dep20-20
773,IDX_40.875_15.125_dep30-30.dat,40.875_15.125,3313,Europe,dep30-30
774,IDX_41.125_-105.375_dep20-20.dat,41.125_-105.375,3560,NAmerica,dep20-20
775,IDX_41.125_-106.125_dep20-20.dat,41.125_-106.125,2660,NAmerica,dep20-20
776,IDX_41.125_-106.625_dep20-20.dat,41.125_-106.625,1642,NAmerica,dep20-20
777,IDX_41.125_-106.875_dep20-20.dat,41.125_-106.875,2617,NAmerica,dep20-20
778,IDX_41.125_-111.375_dep20-20.dat,41.125_-111.375,2363,NAmerica,dep20-20
779,IDX_41.125_-111.625_dep20-20.dat,41.125_-111.625,3405,NAmerica,dep20-20
780,IDX_41.125_-116.125_dep20-20.dat,41.125_-116.125,3552,NAmerica,dep20-20
781,IDX_41.125_-120.625_dep20-20.dat,41.125_-120.625,1035,NAmerica,dep20-20
782,IDX_41.125_14.375_dep30-30.dat,41.125_14.375,1316,Europe,dep30-30
783,IDX_41.125_14.875_dep20-20.dat,41.125_14.875,180,Europe,dep20-20
784,IDX_41.375_-106.375_dep20-20.dat,41.375_-106.375,1070,NAmerica,dep20-20
785,IDX_41.375_-107.375_dep20-20.dat,41.375_-107.375,3096,NAmerica,dep20-20
786,IDX_41.375_-111.125_dep20-20.dat,41.375_-111.125,2692,NAmerica,dep20-20
787,IDX_41.375_-111.375_dep20-20.dat,41.375_-111.375,4742,NAmerica,dep20-20
788,IDX_41.375_-111.625_dep20-20.dat,41.375_-111.625,4137,NAmerica,dep20-20
789,IDX_41.375_-111.875_dep20-20.dat,41.375_-111.875,5243,NAmerica,dep20-20
790,IDX_41.375_-116.375_dep20-20.dat,41.375_-116.375,2471,NAmerica,dep20-20
791,IDX_41.375_-119.125_dep20-20.dat,41.375_-119.125,2034,NAmerica,dep20-20
792,IDX_41.375_-71.625_dep20-20.dat,41.375_-71.625,3085,NAmerica,dep20-20
793,IDX_41.375_-97.875_dep0-32.dat,41.375_-97.875,989,NAmerica,dep0-32
794,IDX_41.625_-111.375_dep20-20.dat,41.625_-111.375,3834,NAmerica,dep20-20
795,IDX_41.625_-112.625_dep20-20.dat,41.625_-112.625,2313,NAmerica,dep20-20
796,IDX_41.625_-115.375_dep20-20.dat,41.625_-115.375,4642,NAmerica,dep20-20
797,IDX_41.625_-115.875_dep20-20.dat,41.625_-115.875,1445,NAmerica,dep20-20
798,IDX_41.625_-116.125_dep20-20.dat,41.625_-116.125,4483,NAmerica,dep20-20
799,IDX_41.625_-117.625_dep20-20.dat,41.625_-117.625,4875,NAmerica,dep20-20
800,IDX_41.625_-93.375_dep20-20.dat,41.625_-93.375,3042,NAmerica,dep20-20
801,IDX_41.875_-111.375_dep20-20.dat,41.875_-111.375,2248,NAmerica,dep20-20
802,IDX_41.875_-111.625_dep20-20.dat,41.875_-111.625,4955,NAmerica,dep20-20
803,IDX_41.875_-111.875_dep20-20.dat,41.875_-111.875,3536,NAmerica,dep20-20
804,IDX_41.875_-112.375_dep20-20.dat,41.875_-112.375,2007,NAmerica,dep20-20
805,IDX_41.875_-113.375_dep20-20.dat,41.875_-113.375,2985,NAmerica,dep20-20
806,IDX_41.875_-113.875_dep20-20.dat,41.875_-113.875,2803,NAmerica,dep20-20
807,IDX_41.875_-115.375_dep20-20.dat,41.875_-115.375,3367,NAmerica,dep20-20
808,IDX_41.875_-115.625_dep20-20.dat,41.875_-115.625,3931,NAmerica,dep20-20
809,IDX_41.875_-116.125_dep20-20.dat,41.875_-116.125,4712,NAmerica,dep20-20
810,IDX_41.875_-117.625_dep20-20.dat,41.875_-117.625,3569,NAmerica,dep20-20
811,IDX_41.875_-118.125_dep20-20.dat,41.875_-118.125,4746,NAmerica,dep20-20
812,IDX_41.875_-119.375_dep20-20.dat,41.875_-119.375,5902,NAmerica,dep20-20
813,IDX_41.875_-73.625_dep20-20.dat,41.875_-73.625,2468,NAmerica,dep20-20
814,IDX_41.875_-88.875_dep20-20.dat,41.875_-88.875,2581,NAmerica,dep20-20
815,IDX_42.125_-101.375_dep20-20.dat,42.125_-101.375,2553,NAmerica,dep20-20
816,IDX_42.125_-106.125_dep20-20.dat,42.125_-106.125,5163,NAmerica,dep20-20
817,IDX_42.125_-111.625_dep20-20.dat,42.125_-111.625,3130,NAmerica,dep20-20
818,IDX_42.125_-114.375_dep20-20.dat,42.125_-114.375,4089,NAmerica,dep20-20
819,IDX_42.125_-115.125_dep20-20.dat,42.125_-115.125,2896,NAmerica,dep20-20
820,IDX_42.125_-121.375_dep20-20.dat,42.125_-121.375,4761,NAmerica,dep20-20
821,IDX_42.125_-93.625_dep20-20.dat,42.125_-93.625,4025,NAmerica,dep20-20
822,IDX_42.375_-0.875_dep0-30.dat,42.375_-0.875,1261,Europe,dep0-30
823,IDX_42.375_-103.625_dep20-20.dat,42.375_-103.625,2564,NAmerica,dep20-20
824,IDX_42.375_-105.625_dep20-20.dat,42.375_-105.625,3387,NAmerica,dep20-20
825,IDX_42.375_-105.875_dep20-20.dat,42.375_-105.875,3830,NAmerica,dep20-20
826,IDX_42.375_-110.875_dep20-20.dat,42.375_-110.875,1281,NAmerica,dep20-20
827,IDX_42.375_-111.125_dep20-20.dat,42.375_-111.125,3072,NAmerica,dep20-20
828,IDX_42.375_-120.875_dep20-20.dat,42.375_-120.875,247,NAmerica,dep20-20
829,IDX_42.375_-76.125_dep20-20.dat,42.375_-76.125,2426,NAmerica,dep20-20
830,IDX_42.375_-83.625_dep30-30.dat,42.375_-83.625,874,NAmerica,dep30-30
831,IDX_42.375_-95.875_dep20-20.dat,42.375_-95.875,4704,NAmerica,dep20-20
832,IDX_42.625_-108.875_dep20-20.dat,42.625_-108.875,236,NAmerica,dep20-20
833,IDX_42.625_-109.125_dep20-20.dat,42.625_-109.125,1580,NAmerica,dep20-20
834,IDX_42.625_-109.375_dep20-20.dat,42.625_-109.375,3666,NAmerica,dep20-20
835,IDX_42.625_-110.875_dep20-20.dat,42.625_-110.875,1900,NAmerica,dep20-20
836,IDX_42.625_-116.625_dep20-20.dat,42.625_-116.625,3167,NAmerica,dep20-20
837,IDX_42.625_-90.375_dep20-20.dat,42.625_-90.375,1659,NAmerica,dep20-20
838,IDX_42.875_-111.375_dep20-20.dat,42.875_-111.375,3423,NAmerica,dep20-20
839,IDX_42.875_-112.375_dep20-20.dat,42.875_-112.375,1569,NAmerica,dep20-20
840,IDX_42.875_-116.875_dep20-20.dat,42.875_-116.875,3655,NAmerica,dep20-20
841,IDX_42.875_-117.125_dep20-20.dat,42.875_-117.125,3086,NAmerica,dep20-20
842,IDX_42.875_-121.125_dep20-20.dat,42.875_-121.125,223,NAmerica,dep20-20
843,IDX_42.875_-77.125_dep20-20.dat,42.875_-77.125,5536,NAmerica,dep20-20
844,IDX_42.875_12.125_dep15-25.dat,42.875_12.125,648,Europe,dep15-25
845,IDX_42.875_12.625_dep15-25.dat,42.875_12.625,241,Europe,dep15-25
846,IDX_42.875_2.625_dep20-20.dat,42.875_2.625,4011,Europe,dep20-20
847,IDX_43.125_-110.125_dep20-20.dat,43.125_-110.125,2063,NAmerica,dep20-20
848,IDX_43.125_-111.625_dep20-20.dat,43.125_-111.625,3344,NAmerica,dep20-20
849,IDX_43.125_-116.625_dep0-26.dat,43.125_-116.625,2225,NAmerica,dep0-26
850,IDX_43.125_-116.875_dep20-20.dat,43.125_-116.875,5910,NAmerica,dep20-20
851,IDX_43.125_-73.125_dep20-20.dat,43.125_-73.125,4668,NAmerica,dep20-20
852,IDX_43.125_1.625_dep20-20.dat,43.125_1.625,4059,Europe,dep20-20
853,IDX_43.125_12.125_dep15-25.dat,43.125_12.125,873,Europe,dep15-25
854,IDX_43.125_12.375_dep15-25.dat,43.125_12.375,330,Europe,dep15-25
855,IDX_43.125_2.625_dep20-20.dat,43.125_2.625,4229,Europe,dep20-20
856,IDX_43.125_2.875_dep20-20.dat,43.125_2.875,4015,Europe,dep20-20
857,IDX_43.375_-109.875_dep20-20.dat,43.375_-109.875,164,NAmerica,dep20-20
858,IDX_43.375_-110.375_dep20-20.dat,43.375_-110.375,1135,NAmerica,dep20-20
859,IDX_43.375_-116.125_dep20-20.dat,43.375_-116.125,4694,NAmerica,dep20-20
860,IDX_43.375_-119.625_dep20-20.dat,43.375_-119.625,3080,NAmerica,dep20-20
861,IDX_43.375_1.875_dep20-20.dat,43.375_1.875,4265,Europe,dep20-20
862,IDX_43.375_12.125_dep15-25.dat,43.375_12.125,2915,Europe,dep15-25
863,IDX_43.375_12.375_dep15-25.dat,43.375_12.375,724,Europe,dep15-25
864,IDX_43.375_12.625_dep15-25.dat,43.375_12.625,2955,Europe,dep15-25
865,IDX_43.375_3.375_dep20-20.dat,43.375_3.375,3661,Europe,dep20-20
866,IDX_43.625_-0.375_dep20-20.dat,43.625_-0.375,3981,Europe,dep20-20
867,IDX_43.625_-109.375_dep20-20.dat,43.625_-109.375,312,NAmerica,dep20-20
868,IDX_43.625_-113.875_dep20-20.dat,43.625_-113.875,3776,NAmerica,dep20-20
869,IDX_43.625_-114.125_dep20-20.dat,43.625_-114.125,2719,NAmerica,dep20-20
870,IDX_43.625_-114.625_dep20-20.dat,43.625_-114.625,1044,NAmerica,dep20-20
871,IDX_43.625_-96.625_dep20-20.dat,43.625_-96.625,4323,NAmerica,dep20-20
872,IDX_43.625_0.125_dep20-20.dat,43.625_0.125,4188,Europe,dep20-20
873,IDX_43.625_0.875_dep20-20.dat,43.625_0.875,3771,Europe,dep20-20
874,IDX_43.625_12.125_dep15-25.dat,43.625_12.125,262,Europe,dep15-25
875,IDX_43.625_12.375_dep15-25.dat,43.625_12.375,2966,Europe,dep15-25
876,IDX_43.875_-0.125_dep20-20.dat,43.875_-0.125,4100,Europe,dep20-20
877,IDX_43.875_-110.125_dep20-20.dat,43.875_-110.125,3124,NAmerica,dep20-20
878,IDX_43.875_-110.875_dep20-20.dat,43.875_-110.875,1819,NAmerica,dep20-20
879,IDX_43.875_-114.375_dep20-20.dat,43.875_-114.375,2834,NAmerica,dep20-20
880,IDX_43.875_-114.625_dep20-20.dat,43.875_-114.625,1645,NAmerica,dep20-20
881,IDX_43.875_-115.125_dep20-20.dat,43.875_-115.125,4325,NAmerica,dep20-20
882,IDX_43.875_-116.125_dep20-20.dat,43.875_-116.125,5098,NAmerica,dep20-20
883,IDX_43.875_-71.625_dep20-20.dat,43.875_-71.625,4445,NAmerica,dep20-20
884,IDX_43.875_-72.125_dep15-15.dat,43.875_-72.125,4850,NAmerica,dep15-15
885,IDX_43.875_0.375_dep20-20.dat,43.875_0.375,4281,Europe,dep20-20
886,IDX_43.875_1.125_dep20-20.dat,43.875_1.125,4203,Europe,dep20-20
887,IDX_43.875_4.125_dep20-20.dat,43.875_4.125,3438,Europe,dep20-20
888,IDX_43.875_5.125_dep20-20.dat,43.875_5.125,3587,Europe,dep20-20
889,IDX_44.125_-0.875_dep20-20.dat,44.125_-0.875,3928,Europe,dep20-20
890,IDX_44.125_-100.375_dep20-20.dat,44.125_-100.375,2409,NAmerica,dep20-20
891,IDX_44.125_-110.625_dep20-20.dat,44.125_-110.625,3626,NAmerica,dep20-20
892,IDX_44.125_-113.375_dep20-20.dat,44.125_-113.375,2363,NAmerica,dep20-20
893,IDX_44.125_-115.375_dep20-20.dat,44.125_-115.375,3910,NAmerica,dep20-20
894,IDX_44.125_-90.125_dep20-20.dat,44.125_-90.125,2626,NAmerica,dep20-20
895,IDX_44.125_4.125_dep20-20.dat,44.125_4.125,3276,Europe,dep20-20
896,IDX_44.125_4.375_dep20-20.dat,44.125_4.375,2963,Europe,dep20-20
897,IDX_44.375_-0.625_dep20-20.dat,44.375_-0.625,2028,Europe,dep20-20
898,IDX_44.375_-0.875_dep21-21.dat,44.375_-0.875,2149,Europe,dep21-21
899,IDX_44.375_-107.125_dep20-20.dat,44.375_-107.125,273,NAmerica,dep20-20
900,IDX_44.375_-110.625_dep20-20.dat,44.375_-110.625,959,NAmerica,dep20-20
901,IDX_44.375_-111.875_dep20-20.dat,44.375_-111.875,2882,NAmerica,dep20-20
902,IDX_44.375_-115.125_dep20-20.dat,44.375_-115.125,3206,NAmerica,dep20-20
903,IDX_44.375_-116.375_dep20-20.dat,44.375_-116.375,5282,NAmerica,dep20-20
904,IDX_44.375_-123.375_dep20-20.dat,44.375_-123.375,3291,NAmerica,dep20-20
905,IDX_44.375_-96.875_dep0-21.dat,44.375_-96.875,481,NAmerica,dep0-21
906,IDX_44.625_-104.375_dep20-20.dat,44.625_-104.375,1949,NAmerica,dep20-20
907,IDX_44.625_-107.125_dep20-20.dat,44.625_-107.125,622,NAmerica,dep20-20
908,IDX_44.625_-107.375_dep20-20.dat,44.625_-107.375,271,NAmerica,dep20-20
909,IDX_44.625_-107.625_dep20-20.dat,44.625_-107.625,253,NAmerica,dep20-20
910,IDX_44.625_-111.125_dep20-20.dat,44.625_-111.125,160,NAmerica,dep20-20
911,IDX_44.625_-111.875_dep20-20.dat,44.625_-111.875,256,NAmerica,dep20-20
912,IDX_44.625_-119.625_dep20-20.dat,44.625_-119.625,2752,NAmerica,dep20-20
913,IDX_44.625_-72.875_dep20-20.dat,44.625_-72.875,2821,NAmerica,dep20-20
914,IDX_44.625_11.625_dep25-25.dat,44.625_11.625,456,Europe,dep25-25
915,IDX_44.625_4.125_dep20-20.dat,44.625_4.125,3487,Europe,dep20-20
916,IDX_44.625_4.625_dep20-20.dat,44.625_4.625,2737,Europe,dep20-20
917,IDX_44.875_-116.125_dep20-20.dat,44.875_-116.125,4945,NAmerica,dep20-20
918,IDX_44.875_-68.625_dep20-20.dat,44.875_-68.625,1463,NAmerica,dep20-20
919,IDX_44.875_-84.625_dep20-20.dat,44.875_-84.625,2181,NAmerica,dep20-20
920,IDX_45.125_-119.625_dep20-20.dat,45.125_-119.625,133,NAmerica,dep20-20
921,IDX_45.375_-74.875_dep20-20.dat,45.375_-74.875,1681,NAmerica,dep20-20
922,IDX_45.375_-75.125_dep20-20.dat,45.375_-75.125,1612,NAmerica,dep20-20
923,IDX_45.375_-75.625_dep20-20.dat,45.375_-75.625,791,NAmerica,dep20-20
924,IDX_45.375_-88.625_dep20-20.dat,45.375_-88.625,2439,NAmerica,dep20-20
925,IDX_45.375_-93.875_dep20-20.dat,45.375_-93.875,4215,NAmerica,dep20-20
926,IDX_45.625_-103.375_dep20-20.dat,45.625_-103.375,2311,NAmerica,dep20-20
927,IDX_45.625_-110.875_dep20-20.dat,45.625_-110.875,348,NAmerica,dep20-20
928,IDX_45.625_-84.625_dep0-28.dat,45.625_-84.625,2420,NAmerica,dep0-28
929,IDX_45.625_-99.125_dep20-20.dat,45.625_-99.125,2317,NAmerica,dep20-20
930,IDX_45.875_-111.625_dep20-20.dat,45.875_-111.625,3474,NAmerica,dep20-20
931,IDX_45.875_-90.375_dep0-24.dat,45.875_-90.375,1772,NAmerica,dep0-24
932,IDX_46.125_-117.375_dep20-20.dat,46.125_-117.375,5976,NAmerica,dep20-20
933,IDX_46.125_-117.875_dep20-20.dat,46.125_-117.875,5191,NAmerica,dep20-20
934,IDX_46.125_-92.875_dep20-20.dat,46.125_-92.875,1908,NAmerica,dep20-20
935,IDX_46.375_-110.625_dep20-20.dat,46.375_-110.625,91,NAmerica,dep20-20
936,IDX_46.375_-113.375_dep20-20.dat,46.375_-113.375,481,NAmerica,dep20-20
937,IDX_46.375_-114.625_dep20-20.dat,46.375_-114.625,2008,NAmerica,dep20-20
938,IDX_46.375_-115.875_dep20-20.dat,46.375_-115.875,2764,NAmerica,dep20-20
939,IDX_46.375_-121.125_dep20-20.dat,46.375_-121.125,102,NAmerica,dep20-20
940,IDX_46.375_-86.875_dep20-20.dat,46.375_-86.875,2189,NAmerica,dep20-20
941,IDX_46.625_-115.375_dep20-20.dat,46.625_-115.375,1968,NAmerica,dep20-20
942,IDX_46.625_-115.625_dep20-20.dat,46.625_-115.625,4138,NAmerica,dep20-20
943,IDX_46.875_-100.875_dep20-20.dat,46.875_-100.875,4852,NAmerica,dep20-20
944,IDX_46.875_-110.375_dep20-20.dat,46.875_-110.375,2070,NAmerica,dep20-20
945,IDX_46.875_-110.625_dep20-20.dat,46.875_-110.625,229,NAmerica,dep20-20
946,IDX_46.875_-110.875_dep20-20.dat,46.875_-110.875,253,NAmerica,dep20-20
947,IDX_46.875_-112.625_dep20-20.dat,46.875_-112.625,233,NAmerica,dep20-20
948,IDX_46.875_-116.375_dep20-20.dat,46.875_-116.375,655,NAmerica,dep20-20
949,IDX_46.875_-116.875_dep20-20.dat,46.875_-116.875,5672,NAmerica,dep20-20
950,IDX_46.875_-117.125_dep20-20.dat,46.875_-117.125,1577,NAmerica,dep20-20
951,IDX_46.875_-67.875_dep20-20.dat,46.875_-67.875,1952,NAmerica,dep20-20
952,IDX_46.875_15.875_dep20-20.dat,46.875_15.875,2142,Europe,dep20-20
953,IDX_46.875_16.125_dep20-20.dat,46.875_16.125,2091,Europe,dep20-20
954,IDX_47.125_-105.125_dep20-20.dat,47.125_-105.125,3036,NAmerica,dep20-20
955,IDX_47.125_-109.875_dep20-20.dat,47.125_-109.875,3772,NAmerica,dep20-20
956,IDX_47.125_-114.375_dep20-20.dat,47.125_-114.375,260,NAmerica,dep20-20
957,IDX_47.125_-116.375_dep20-20.dat,47.125_-116.375,2981,NAmerica,dep20-20
958,IDX_47.125_-118.625_dep20-20.dat,47.125_-118.625,6379,NAmerica,dep20-20
959,IDX_47.125_-120.375_dep20-20.dat,47.125_-120.375,97,NAmerica,dep20-20
960,IDX_47.125_-121.875_dep20-20.dat,47.125_-121.875,202,NAmerica,dep20-20
961,IDX_47.375_-115.625_dep20-20.dat,47.375_-115.625,2941,NAmerica,dep20-20
962,IDX_47.375_-117.625_dep20-20.dat,47.375_-117.625,2447,NAmerica,dep20-20
963,IDX_47.375_-121.125_dep20-20.dat,47.375_-121.125,118,NAmerica,dep20-20
964,IDX_47.625_-107.125_dep20-20.dat,47.625_-107.125,3222,NAmerica,dep20-20
965,IDX_47.625_-96.375_dep20-20.dat,47.625_-96.375,3841,NAmerica,dep20-20
966,IDX_47.875_-104.375_dep20-20.dat,47.875_-104.375,2352,NAmerica,dep20-20
967,IDX_47.875_-112.875_dep20-20.dat,47.875_-112.875,223,NAmerica,dep20-20
968,IDX_47.875_-114.375_dep20-20.dat,47.875_-114.375,234,NAmerica,dep20-20
969,IDX_47.875_-117.125_dep20-20.dat,47.875_-117.125,4495,NAmerica,dep20-20
970,IDX_48.125_-116.125_dep20-20.dat,48.125_-116.125,2051,NAmerica,dep20-20
971,IDX_48.125_11.125_dep20-20.dat,48.125_11.125,160,Europe,dep20-20
972,IDX_48.125_15.125_dep0-24.dat,48.125_15.125,1158,Europe,dep0-24
973,IDX_48.375_-105.125_dep20-20.dat,48.375_-105.125,2206,NAmerica,dep20-20
974,IDX_48.375_-109.875_dep20-20.dat,48.375_-109.875,5464,NAmerica,dep20-20
975,IDX_48.375_-111.125_dep20-20.dat,48.375_-111.125,3349,NAmerica,dep20-20
976,IDX_48.375_-111.875_dep20-20.dat,48.375_-111.875,3310,NAmerica,dep20-20
977,IDX_48.375_-95.875_dep20-20.dat,48.375_-95.875,1494,NAmerica,dep20-20
978,IDX_48.375_12.625_dep20-20.dat,48.375_12.625,593,Europe,dep20-20
979,IDX_48.375_12.875_dep20-20.dat,48.375_12.875,404,Europe,dep20-20
980,IDX_48.625_-116.375_dep20-20.dat,48.625_-116.375,2641,NAmerica,dep20-20
981,IDX_48.625_-120.625_dep20-20.dat,48.625_-120.625,168,NAmerica,dep20-20
982,IDX_48.625_-121.375_dep20-20.dat,48.625_-121.375,2931,NAmerica,dep20-20
983,IDX_48.625_12.625_dep20-20.dat,48.625_12.625,1028,Europe,dep20-20
984,IDX_48.625_12.875_dep20-20.dat,48.625_12.875,1391,Europe,dep20-20
985,IDX_48.875_-102.125_dep20-20.dat,48.875_-102.125,2069,NAmerica,dep20-20
986,IDX_48.875_-113.625_dep20-20.dat,48.875_-113.625,308,NAmerica,dep20-20
987,IDX_48.875_-113.875_dep20-20.dat,48.875_-113.875,140,NAmerica,dep20-20
988,IDX_49.375_-97.875_dep20-20.dat,49.375_-97.875,1388,NAmerica,dep20-20
989,IDX_49.625_-97.875_dep20-20.dat,49.625_-97.875,1471,NAmerica,dep20-20
990,IDX_49.625_-98.125_dep20-20.dat,49.625_-98.125,1425,NAmerica,dep20-20
991,IDX_50.125_-97.625_dep20-20.dat,50.125_-97.625,1211,NAmerica,dep20-20
992,IDX_50.625_6.375_dep20-20.dat,50.625_6.375,3056,Europe,dep20-20
993,IDX_50.875_6.375_dep20-20.dat,50.875_6.375,2977,Europe,dep20-20
994,IDX_51.125_6.125_dep20-20.dat,51.125_6.125,2601,Europe,dep20-20
995,IDX_51.375_-106.375_dep20-20.dat,51.375_-106.375,1390,NAmerica,dep20-20
996,IDX_51.375_-106.625_dep20-20.dat,51.375_-106.625,1434,NAmerica,dep20-20
997,IDX_51.375_23.375_dep20-20.dat,51.375_23.375,1579,Europe,dep20-20
998,IDX_51.875_22.625_dep20-20.dat,51.875_22.625,1608,Europe,dep20-20
999,IDX_52.125_-106.625_dep0-25.dat,52.125_-106.625,376,NAmerica,dep0-25
1000,IDX_52.125_13.875_dep20-20.dat,52.125_13.875,1294,Europe,dep20-20
1001,IDX_52.125_14.125_dep15-15.dat,52.125_14.125,3460,Europe,dep15-15
1002,IDX_52.125_23.375_dep0-24.dat,52.125_23.375,782,Europe,dep0-24
1003,IDX_53.625_22.875_dep20-20.dat,53.625_22.875,706,Europe,dep20-20
1004,IDX_55.875_8.875_dep20-25.dat,55.875_8.875,3280,Europe,dep20-25
1005,IDX_55.875_9.125_dep20-25.dat,55.875_9.125,3377,Europe,dep20-25
1006,IDX_55.875_9.375_dep20-25.dat,55.875_9.375,3341,Europe,dep20-25
1007,IDX_56.125_9.125_dep20-25.dat,56.125_9.125,3443,Europe,dep20-25
1008,IDX_56.125_9.375_dep20-25.dat,56.125_9.375,2642,Europe,dep20-25
1009,IDX_58.625_-156.625_dep20-20.dat,58.625_-156.625,980,NAmerica,dep20-20
1010,IDX_59.125_-159.125_dep20-20.dat,59.125_-159.125,939,NAmerica,dep20-20
1011,IDX_59.375_-151.875_dep20-20.dat,59.375_-151.875,1604,NAmerica,dep20-20
1012,IDX_59.375_-161.125_dep20-20.dat,59.375_-161.125,467,NAmerica,dep20-20
1013,IDX_59.625_-135.125_dep20-20.dat,59.625_-135.125,471,NAmerica,dep20-20
1014,IDX_59.625_-150.625_dep20-20.dat,59.625_-150.625,2902,NAmerica,dep20-20
1015,IDX_59.875_-151.375_dep20-20.dat,59.875_-151.375,2721,NAmerica,dep20-20
1016,IDX_59.875_-156.875_dep20-20.dat,59.875_-156.875,545,NAmerica,dep20-20
1017,IDX_60.125_-149.625_dep20-20.dat,60.125_-149.625,1307,NAmerica,dep20-20
1018,IDX_60.625_-149.625_dep20-20.dat,60.625_-149.625,1419,NAmerica,dep20-20
1019,IDX_60.625_-150.375_dep20-20.dat,60.625_-150.375,2151,NAmerica,dep20-20
1020,IDX_61.125_-145.625_dep20-20.dat,61.125_-145.625,1093,NAmerica,dep20-20
1021,IDX_61.375_-150.125_dep20-20.dat,61.375_-150.125,1596,NAmerica,dep20-20
1022,IDX_61.625_-149.125_dep20-20.dat,61.625_-149.125,242,NAmerica,dep20-20
1023,IDX_61.625_-159.625_dep20-20.dat,61.625_-159.625,1187,NAmerica,dep20-20
1024,IDX_61.625_21.875_dep30-30.dat,61.625_21.875,849,Europe,dep30-30
1025,IDX_62.125_-150.125_dep20-20.dat,62.125_-150.125,2194,NAmerica,dep20-20
1026,IDX_62.625_-150.875_dep20-20.dat,62.625_-150.875,1552,NAmerica,dep20-20
1027,IDX_62.875_30.875_dep30-30.dat,62.875_30.875,2114,Europe,dep30-30
1028,IDX_63.375_-142.875_dep20-20.dat,63.375_-142.875,1091,NAmerica,dep20-20
1029,IDX_63.375_-147.625_dep20-20.dat,63.375_-147.625,777,NAmerica,dep20-20
1030,IDX_63.625_-158.125_dep20-20.dat,63.625_-158.125,89,NAmerica,dep20-20
1031,IDX_63.875_-145.125_dep20-20.dat,63.875_-145.125,899,NAmerica,dep20-20
1032,IDX_63.875_-145.375_dep20-20.dat,63.875_-145.375,1907,NAmerica,dep20-20
1033,IDX_63.875_-160.625_dep20-20.dat,63.875_-160.625,196,NAmerica,dep20-20
1034,IDX_64.125_25.375_dep30-30.dat,64.125_25.375,1035,Europe,dep30-30
1035,IDX_64.625_-148.125_dep20-20.dat,64.625_-148.125,3560,NAmerica,dep20-20
1036,IDX_64.625_-148.375_dep20-20.dat,64.625_-148.375,3754,NAmerica,dep20-20
1037,IDX_64.625_-148.875_dep20-20.dat,64.625_-148.875,1466,NAmerica,dep20-20
1038,IDX_64.875_-146.125_dep20-20.dat,64.875_-146.125,914,NAmerica,dep20-20
1039,IDX_64.875_-148.375_dep20-20.dat,64.875_-148.375,2090,NAmerica,dep20-20
1040,IDX_64.875_28.625_dep30-30.dat,64.875_28.625,1215,Europe,dep30-30
1041,IDX_65.125_-145.875_dep20-20.dat,65.125_-145.875,1112,NAmerica,dep20-20
1042,IDX_65.125_-146.625_dep20-20.dat,65.125_-146.625,1260,NAmerica,dep20-20
1043,IDX_65.125_-147.375_dep20-20.dat,65.125_-147.375,2289,NAmerica,dep20-20
1044,IDX_65.125_-147.625_dep20-20.dat,65.125_-147.625,3559,NAmerica,dep20-20
1045,IDX_65.125_-156.625_dep20-20.dat,65.125_-156.625,79,NAmerica,dep20-20
1046,IDX_65.375_-145.375_dep20-20.dat,65.375_-145.375,1494,NAmerica,dep20-20
1047,IDX_65.375_-146.125_dep20-20.dat,65.375_-146.125,1000,NAmerica,dep20-20
1048,IDX_65.375_-146.625_dep20-20.dat,65.375_-146.625,1833,NAmerica,dep20-20
1049,IDX_65.375_-164.625_dep20-20.dat,65.375_-164.625,370,NAmerica,dep20-20
1050,IDX_66.125_-151.625_dep20-20.dat,66.125_-151.625,280,NAmerica,dep20-20
1051,IDX_66.375_29.375_dep30-30.dat,66.375_29.375,1327,Europe,dep30-30
1052,IDX_66.875_-150.625_dep20-20.dat,66.875_-150.625,1927,NAmerica,dep20-20
1053,IDX_67.125_26.625_dep20-20.dat,67.125_26.625,1427,Europe,dep20-20
1054,IDX_67.375_-150.125_dep20-20.dat,67.375_-150.125,2219,NAmerica,dep20-20
1055,IDX_67.375_26.625_dep20-20.dat,67.375_26.625,2142,Europe,dep20-20
1056,IDX_67.875_-162.375_dep20-20.dat,67.875_-162.375,1144,NAmerica,dep20-20
1057,IDX_68.125_-149.375_dep20-20.dat,68.125_-149.375,721,NAmerica,dep20-20
1058,IDX_68.125_-163.125_dep20-20.dat,68.125_-163.125,965,NAmerica,dep20-20
1059,IDX_68.375_27.625_dep20-20.dat,68.375_27.625,1165,Europe,dep20-20
1060,IDX_68.625_-149.375_dep20-20.dat,68.625_-149.375,1297,NAmerica,dep20-20
1061,IDX_69.625_28.875_dep30-30.dat,69.625_28.875,317,Europe,dep30-30
1062,IDX_9.625_1.625_dep20-20.dat,9.625_1.625,4303,Africa,dep20-20
1063,IDX_9.875_1.625_dep20-20.dat,9.875_1.625,4083,Africa,dep20-20
