,fpath,idx,len2000,region,selected_depth
0,IDX_-10.875_-38.625_dep40-40.dat,-10.875_-38.625,164,SAmerica,dep40-40
1,IDX_-10.875_-42.625_dep40-40.dat,-10.875_-42.625,698,SAmerica,dep40-40
2,IDX_-11.625_-41.875_dep40-40.dat,-11.625_-41.875,852,SAmerica,dep40-40
3,IDX_-12.625_-43.125_dep40-40.dat,-12.625_-43.125,1210,SAmerica,dep40-40
4,IDX_-13.375_-40.875_dep40-40.dat,-13.375_-40.875,630,SAmerica,dep40-40
5,IDX_-13.625_-41.375_dep40-40.dat,-13.625_-41.375,579,SAmerica,dep40-40
6,IDX_-14.625_-40.625_dep40-40.dat,-14.625_-40.625,585,SAmerica,dep40-40
7,IDX_-15.375_-44.375_dep40-40.dat,-15.375_-44.375,731,SAmerica,dep40-40
8,IDX_-16.375_-40.875_dep40-40.dat,-16.375_-40.875,489,SAmerica,dep40-40
9,IDX_-16.375_-43.375_dep40-40.dat,-16.375_-43.375,840,SAmerica,dep40-40
10,IDX_-31.375_115.625_dep0-69.dat,-31.375_115.625,1425,Australia,dep0-69
11,IDX_-33.875_147.125_dep30-60.dat,-33.875_147.125,3382,Australia,dep30-60
12,IDX_-34.125_146.375_dep30-60.dat,-34.125_146.375,2280,Australia,dep30-60
13,IDX_-34.625_143.625_dep30-60.dat,-34.625_143.625,3425,Australia,dep30-60
14,IDX_-34.625_144.875_dep30-60.dat,-34.625_144.875,3040,Australia,dep30-60
15,IDX_-34.625_145.875_dep30-60.dat,-34.625_145.875,3789,Australia,dep30-60
16,IDX_-34.625_146.125_dep30-60.dat,-34.625_146.125,4422,Australia,dep30-60
17,IDX_-34.625_146.375_dep30-60.dat,-34.625_146.375,5071,Australia,dep30-60
18,IDX_-34.625_148.125_dep30-60.dat,-34.625_148.125,1564,Australia,dep30-60
19,IDX_-34.875_145.875_dep30-60.dat,-34.875_145.875,2124,Australia,dep30-60
20,IDX_-34.875_146.125_dep30-60.dat,-34.875_146.125,3386,Australia,dep30-60
21,IDX_-34.875_146.375_dep30-60.dat,-34.875_146.375,3914,Australia,dep30-60
22,IDX_-35.125_145.875_dep30-60.dat,-35.125_145.875,2192,Australia,dep30-60
23,IDX_-35.125_146.125_dep30-60.dat,-35.125_146.125,2922,Australia,dep30-60
24,IDX_-35.125_146.375_dep30-60.dat,-35.125_146.375,4093,Australia,dep30-60
25,IDX_-35.125_147.375_dep30-60.dat,-35.125_147.375,3648,Australia,dep30-60
26,IDX_-35.125_147.625_dep30-60.dat,-35.125_147.625,3630,Australia,dep30-60
27,IDX_-35.375_147.375_dep30-60.dat,-35.375_147.375,4289,Australia,dep30-60
28,IDX_-35.375_147.625_dep30-60.dat,-35.375_147.625,5492,Australia,dep30-60
29,IDX_-35.375_148.125_dep30-60.dat,-35.375_148.125,4095,Australia,dep30-60
30,IDX_-35.375_149.125_dep30-60.dat,-35.375_149.125,3396,Australia,dep30-60
31,IDX_-36.375_148.875_dep30-60.dat,-36.375_148.875,3453,Australia,dep30-60
32,IDX_-4.125_-39.125_dep40-40.dat,-4.125_-39.125,935,SAmerica,dep40-40
33,IDX_-4.375_-41.375_dep40-40.dat,-4.375_-41.375,853,SAmerica,dep40-40
34,IDX_-4.875_-39.625_dep40-40.dat,-4.875_-39.625,214,SAmerica,dep40-40
35,IDX_-40.625_175.875_dep37-43.dat,-40.625_175.875,746,Australia,dep37-43
36,IDX_-40.875_175.875_dep37-43.dat,-40.875_175.875,743,Australia,dep37-43
37,IDX_-5.375_-40.875_dep40-40.dat,-5.375_-40.875,419,SAmerica,dep40-40
38,IDX_-5.875_-36.875_dep40-40.dat,-5.875_-36.875,236,SAmerica,dep40-40
39,IDX_-6.375_-39.125_dep40-40.dat,-6.375_-39.125,430,SAmerica,dep40-40
40,IDX_-6.875_-41.625_dep40-40.dat,-6.875_-41.625,430,SAmerica,dep40-40
41,IDX_-7.375_-35.875_dep40-40.dat,-7.375_-35.875,686,SAmerica,dep40-40
42,IDX_-7.375_-38.125_dep40-40.dat,-7.375_-38.125,101,SAmerica,dep40-40
43,IDX_-7.375_-40.375_dep40-40.dat,-7.375_-40.375,570,SAmerica,dep40-40
44,IDX_-7.875_-39.375_dep40-40.dat,-7.875_-39.375,829,SAmerica,dep40-40
45,IDX_-7.875_-41.875_dep40-40.dat,-7.875_-41.875,327,SAmerica,dep40-40
46,IDX_-9.125_-37.625_dep40-40.dat,-9.125_-37.625,249,SAmerica,dep40-40
47,IDX_-9.125_-44.375_dep40-40.dat,-9.125_-44.375,287,SAmerica,dep40-40
48,IDX_-9.875_-39.875_dep40-40.dat,-9.875_-39.875,484,SAmerica,dep40-40
49,IDX_-9.875_-42.625_dep40-40.dat,-9.875_-42.625,892,SAmerica,dep40-40
50,IDX_1.875_103.375_dep45-50.dat,1.875_103.375,580,Asia,dep45-50
51,IDX_15.375_-15.375_dep50-50.dat,15.375_-15.375,1664,Africa,dep50-50
52,IDX_18.125_-66.625_dep50-50.dat,18.125_-66.625,3677,NAmerica,dep50-50
53,IDX_18.125_-66.875_dep50-50.dat,18.125_-66.875,4554,NAmerica,dep50-50
54,IDX_18.125_-67.125_dep50-50.dat,18.125_-67.125,3636,NAmerica,dep50-50
55,IDX_18.375_-66.125_dep50-50.dat,18.375_-66.125,1357,NAmerica,dep50-50
56,IDX_18.375_-67.125_dep50-50.dat,18.375_-67.125,2157,NAmerica,dep50-50
57,IDX_19.625_-155.875_dep50-50.dat,19.625_-155.875,4559,NAmerica,dep50-50
58,IDX_19.875_-155.375_dep50-50.dat,19.875_-155.375,5074,NAmerica,dep50-50
59,IDX_19.875_-155.625_dep50-50.dat,19.875_-155.625,5419,NAmerica,dep50-50
60,IDX_20.125_-155.625_dep50-50.dat,20.125_-155.625,5309,NAmerica,dep50-50
61,IDX_26.125_-97.875_dep50-50.dat,26.125_-97.875,1645,NAmerica,dep50-50
62,IDX_26.625_-98.125_dep50-50.dat,26.625_-98.125,3410,NAmerica,dep50-50
63,IDX_26.625_80.125_dep50-50.dat,26.625_80.125,431,Asia,dep50-50
64,IDX_27.125_-81.375_dep50-50.dat,27.125_-81.375,2140,NAmerica,dep50-50
65,IDX_27.625_-97.875_dep50-50.dat,27.625_-97.875,928,NAmerica,dep50-50
66,IDX_28.375_-96.875_dep50-50.dat,28.375_-96.875,2028,NAmerica,dep50-50
67,IDX_29.125_-81.625_dep50-50.dat,29.125_-81.625,5577,NAmerica,dep50-50
68,IDX_29.375_-100.375_dep50-50.dat,29.375_-100.375,1922,NAmerica,dep50-50
69,IDX_30.125_-91.875_dep50-50.dat,30.125_-91.875,2265,NAmerica,dep50-50
70,IDX_30.125_-94.375_dep50-50.dat,30.125_-94.375,1563,NAmerica,dep50-50
71,IDX_30.125_-95.875_dep50-50.dat,30.125_-95.875,4702,NAmerica,dep50-50
72,IDX_30.375_-84.375_dep50-50.dat,30.375_-84.375,5669,NAmerica,dep50-50
73,IDX_30.375_-88.625_dep50-50.dat,30.375_-88.625,5664,NAmerica,dep50-50
74,IDX_30.625_-87.625_dep50-50.dat,30.625_-87.625,2552,NAmerica,dep50-50
75,IDX_30.625_-87.875_dep50-50.dat,30.625_-87.875,3456,NAmerica,dep50-50
76,IDX_31.125_-84.375_dep50-50.dat,31.125_-84.375,2886,NAmerica,dep50-50
77,IDX_31.125_-85.125_dep50-50.dat,31.125_-85.125,2567,NAmerica,dep50-50
78,IDX_31.125_-87.625_dep50-50.dat,31.125_-87.625,2705,NAmerica,dep50-50
79,IDX_31.125_91.625_dep40-40.dat,31.125_91.625,1709,Asia,dep40-40
80,IDX_31.125_91.875_dep40-40.dat,31.125_91.875,1667,Asia,dep40-40
81,IDX_31.125_92.125_dep40-40.dat,31.125_92.125,1724,Asia,dep40-40
82,IDX_31.125_92.375_dep40-40.dat,31.125_92.375,1746,Asia,dep40-40
83,IDX_31.375_-84.375_dep50-50.dat,31.375_-84.375,3462,NAmerica,dep50-50
84,IDX_31.375_-96.875_dep50-50.dat,31.375_-96.875,498,NAmerica,dep50-50
85,IDX_31.375_91.875_dep40-40.dat,31.375_91.875,1769,Asia,dep40-40
86,IDX_31.375_92.125_dep40-40.dat,31.375_92.125,1877,Asia,dep40-40
87,IDX_31.625_-100.625_dep50-50.dat,31.625_-100.625,1348,NAmerica,dep50-50
88,IDX_31.625_-102.875_dep50-50.dat,31.625_-102.875,3501,NAmerica,dep50-50
89,IDX_31.625_-110.125_dep50-50.dat,31.625_-110.125,5219,NAmerica,dep50-50
90,IDX_31.625_-110.625_dep50-50.dat,31.625_-110.625,2281,NAmerica,dep50-50
91,IDX_31.625_-83.625_dep50-50.dat,31.625_-83.625,7253,NAmerica,dep50-50
92,IDX_31.625_91.625_dep40-40.dat,31.625_91.625,1732,Asia,dep40-40
93,IDX_31.625_91.875_dep40-40.dat,31.625_91.875,2217,Asia,dep40-40
94,IDX_31.625_92.125_dep40-40.dat,31.625_92.125,1659,Asia,dep40-40
95,IDX_31.625_92.375_dep40-40.dat,31.625_92.375,1684,Asia,dep40-40
96,IDX_31.875_-95.625_dep50-50.dat,31.875_-95.625,2238,NAmerica,dep50-50
97,IDX_31.875_91.625_dep40-40.dat,31.875_91.625,1886,Asia,dep40-40
98,IDX_31.875_91.875_dep40-40.dat,31.875_91.875,1669,Asia,dep40-40
99,IDX_32.125_-100.125_dep50-50.dat,32.125_-100.125,3345,NAmerica,dep50-50
100,IDX_32.375_-107.375_dep50-50.dat,32.375_-107.375,622,NAmerica,dep50-50
101,IDX_32.375_-85.875_dep50-50.dat,32.375_-85.875,4342,NAmerica,dep50-50
102,IDX_32.375_-86.125_dep50-50.dat,32.375_-86.125,613,NAmerica,dep50-50
103,IDX_32.375_-86.875_dep50-50.dat,32.375_-86.875,2671,NAmerica,dep50-50
104,IDX_32.375_-87.125_dep50-50.dat,32.375_-87.125,347,NAmerica,dep50-50
105,IDX_32.375_-89.125_dep50-50.dat,32.375_-89.125,3750,NAmerica,dep50-50
106,IDX_32.375_-98.125_dep50-50.dat,32.375_-98.125,943,NAmerica,dep50-50
107,IDX_32.625_-106.625_dep50-50.dat,32.625_-106.625,3710,NAmerica,dep50-50
108,IDX_32.625_-81.125_dep50-50.dat,32.625_-81.125,6431,NAmerica,dep50-50
109,IDX_32.625_-88.125_dep50-50.dat,32.625_-88.125,3625,NAmerica,dep50-50
110,IDX_32.875_-90.625_dep50-50.dat,32.875_-90.625,550,NAmerica,dep50-50
111,IDX_32.875_-90.875_dep50-50.dat,32.875_-90.875,6275,NAmerica,dep50-50
112,IDX_32.875_-92.125_dep50-50.dat,32.875_-92.125,612,NAmerica,dep50-50
113,IDX_33.125_-79.375_dep50-50.dat,33.125_-79.375,3582,NAmerica,dep50-50
114,IDX_33.125_-88.375_dep50-50.dat,33.125_-88.375,504,NAmerica,dep50-50
115,IDX_33.125_-90.625_dep50-50.dat,33.125_-90.625,4585,NAmerica,dep50-50
116,IDX_33.125_-91.125_dep50-50.dat,33.125_-91.125,4369,NAmerica,dep50-50
117,IDX_33.375_-105.875_dep50-50.dat,33.375_-105.875,4534,NAmerica,dep50-50
118,IDX_33.375_-81.375_dep50-50.dat,33.375_-81.375,2782,NAmerica,dep50-50
119,IDX_33.375_-85.625_dep50-50.dat,33.375_-85.625,2928,NAmerica,dep50-50
120,IDX_33.375_-90.625_dep50-50.dat,33.375_-90.625,215,NAmerica,dep50-50
121,IDX_33.375_-99.875_dep50-50.dat,33.375_-99.875,1886,NAmerica,dep50-50
122,IDX_33.625_-102.125_dep50-50.dat,33.625_-102.125,1721,NAmerica,dep50-50
123,IDX_33.625_-102.375_dep50-50.dat,33.625_-102.375,4732,NAmerica,dep50-50
124,IDX_33.625_-102.875_dep50-50.dat,33.625_-102.875,1693,NAmerica,dep50-50
125,IDX_33.625_-103.375_dep50-50.dat,33.625_-103.375,3140,NAmerica,dep50-50
126,IDX_33.625_-103.625_dep50-50.dat,33.625_-103.625,3028,NAmerica,dep50-50
127,IDX_33.625_-115.125_dep50-50.dat,33.625_-115.125,1868,NAmerica,dep50-50
128,IDX_33.625_-88.875_dep50-50.dat,33.625_-88.875,5133,NAmerica,dep50-50
129,IDX_33.625_-90.625_dep50-50.dat,33.625_-90.625,4404,NAmerica,dep50-50
130,IDX_33.625_-91.125_dep50-50.dat,33.625_-91.125,4865,NAmerica,dep50-50
131,IDX_33.875_-102.875_dep50-50.dat,33.875_-102.875,2339,NAmerica,dep50-50
132,IDX_33.875_-109.625_dep50-50.dat,33.875_-109.625,5544,NAmerica,dep50-50
133,IDX_33.875_-109.875_dep50-50.dat,33.875_-109.875,1488,NAmerica,dep50-50
134,IDX_33.875_-115.375_dep50-50.dat,33.875_-115.375,1995,NAmerica,dep50-50
135,IDX_33.875_-83.375_dep50-50.dat,33.875_-83.375,7009,NAmerica,dep50-50
136,IDX_33.875_-90.875_dep50-50.dat,33.875_-90.875,5832,NAmerica,dep50-50
137,IDX_34.125_-86.875_dep50-50.dat,34.125_-86.875,4576,NAmerica,dep50-50
138,IDX_34.125_-87.375_dep50-50.dat,34.125_-87.375,2933,NAmerica,dep50-50
139,IDX_34.125_-89.875_dep50-50.dat,34.125_-89.875,5582,NAmerica,dep50-50
140,IDX_34.125_-90.375_dep50-50.dat,34.125_-90.375,4887,NAmerica,dep50-50
141,IDX_34.125_-99.375_dep50-50.dat,34.125_-99.375,1517,NAmerica,dep50-50
142,IDX_34.375_-105.375_dep50-50.dat,34.375_-105.375,5849,NAmerica,dep50-50
143,IDX_34.375_-106.625_dep50-50.dat,34.375_-106.625,2711,NAmerica,dep50-50
144,IDX_34.375_-106.875_dep50-50.dat,34.375_-106.875,3426,NAmerica,dep50-50
145,IDX_34.375_-111.375_dep50-50.dat,34.375_-111.375,2601,NAmerica,dep50-50
146,IDX_34.375_-79.625_dep50-50.dat,34.375_-79.625,5911,NAmerica,dep50-50
147,IDX_34.375_-85.875_dep50-50.dat,34.375_-85.875,3618,NAmerica,dep50-50
148,IDX_34.375_-86.125_dep50-50.dat,34.375_-86.125,3702,NAmerica,dep50-50
149,IDX_34.375_-86.625_dep50-50.dat,34.375_-86.625,3674,NAmerica,dep50-50
150,IDX_34.375_-87.125_dep50-50.dat,34.375_-87.125,2160,NAmerica,dep50-50
151,IDX_34.375_-89.875_dep50-50.dat,34.375_-89.875,1762,NAmerica,dep50-50
152,IDX_34.375_-91.375_dep50-50.dat,34.375_-91.375,2605,NAmerica,dep50-50
153,IDX_34.375_-92.125_dep50-50.dat,34.375_-92.125,4368,NAmerica,dep50-50
154,IDX_34.625_-115.125_dep50-50.dat,34.625_-115.125,2274,NAmerica,dep50-50
155,IDX_34.625_-90.375_dep50-50.dat,34.625_-90.375,6148,NAmerica,dep50-50
156,IDX_34.875_-106.875_dep50-50.dat,34.875_-106.875,3672,NAmerica,dep50-50
157,IDX_34.875_-111.375_dep50-50.dat,34.875_-111.375,4619,NAmerica,dep50-50
158,IDX_34.875_-111.625_dep50-50.dat,34.875_-111.625,2939,NAmerica,dep50-50
159,IDX_34.875_-119.375_dep50-50.dat,34.875_-119.375,1357,NAmerica,dep50-50
160,IDX_34.875_-86.125_dep50-50.dat,34.875_-86.125,4462,NAmerica,dep50-50
161,IDX_34.875_-86.625_dep50-50.dat,34.875_-86.625,6401,NAmerica,dep50-50
162,IDX_34.875_-86.875_dep50-50.dat,34.875_-86.875,2757,NAmerica,dep50-50
163,IDX_34.875_-87.875_dep50-50.dat,34.875_-87.875,862,NAmerica,dep50-50
164,IDX_34.875_-89.375_dep50-50.dat,34.875_-89.375,3249,NAmerica,dep50-50
165,IDX_34.875_-90.875_dep50-50.dat,34.875_-90.875,1917,NAmerica,dep50-50
166,IDX_34.875_-91.875_dep50-50.dat,34.875_-91.875,5259,NAmerica,dep50-50
167,IDX_34.875_-97.875_dep50-50.dat,34.875_-97.875,2764,NAmerica,dep50-50
168,IDX_34.875_-98.125_dep35-35.dat,34.875_-98.125,2286,NAmerica,dep35-35
169,IDX_35.125_-102.125_dep50-50.dat,35.125_-102.125,5206,NAmerica,dep50-50
170,IDX_35.125_-112.125_dep50-50.dat,35.125_-112.125,3432,NAmerica,dep50-50
171,IDX_35.125_-119.625_dep50-50.dat,35.125_-119.625,2407,NAmerica,dep50-50
172,IDX_35.125_-86.125_dep50-50.dat,35.125_-86.125,5530,NAmerica,dep50-50
173,IDX_35.125_-86.625_dep50-50.dat,35.125_-86.625,5297,NAmerica,dep50-50
174,IDX_35.125_-86.875_dep50-50.dat,35.125_-86.875,3875,NAmerica,dep50-50
175,IDX_35.125_-92.875_dep50-50.dat,35.125_-92.875,4721,NAmerica,dep50-50
176,IDX_35.125_-96.625_dep35-35.dat,35.125_-96.625,731,NAmerica,dep35-35
177,IDX_35.375_-111.625_dep50-50.dat,35.375_-111.625,2991,NAmerica,dep50-50
178,IDX_35.375_-112.125_dep50-50.dat,35.375_-112.125,1897,NAmerica,dep50-50
179,IDX_35.375_-115.625_dep50-50.dat,35.375_-115.625,1628,NAmerica,dep50-50
180,IDX_35.375_-82.625_dep50-50.dat,35.375_-82.625,3513,NAmerica,dep50-50
181,IDX_35.375_-90.375_dep50-50.dat,35.375_-90.375,3475,NAmerica,dep50-50
182,IDX_35.375_-96.625_dep35-35.dat,35.375_-96.625,1641,NAmerica,dep35-35
183,IDX_35.375_-98.875_dep35-35.dat,35.375_-98.875,3517,NAmerica,dep35-35
184,IDX_35.625_-105.875_dep50-50.dat,35.625_-105.875,2208,NAmerica,dep50-50
185,IDX_35.625_-95.875_dep35-35.dat,35.625_-95.875,777,NAmerica,dep35-35
186,IDX_35.625_-96.875_dep35-35.dat,35.625_-96.875,4010,NAmerica,dep35-35
187,IDX_35.625_-98.125_dep35-35.dat,35.625_-98.125,4115,NAmerica,dep35-35
188,IDX_35.875_-105.625_dep50-50.dat,35.875_-105.625,1732,NAmerica,dep50-50
189,IDX_35.875_-105.875_dep50-50.dat,35.875_-105.875,1299,NAmerica,dep50-50
190,IDX_35.875_-106.375_dep50-50.dat,35.875_-106.375,2171,NAmerica,dep50-50
191,IDX_35.875_-106.625_dep50-50.dat,35.875_-106.625,2801,NAmerica,dep50-50
192,IDX_35.875_-107.625_dep50-50.dat,35.875_-107.625,498,NAmerica,dep50-50
193,IDX_35.875_-76.625_dep50-50.dat,35.875_-76.625,5496,NAmerica,dep50-50
194,IDX_35.875_-79.125_dep50-50.dat,35.875_-79.125,3199,NAmerica,dep50-50
195,IDX_35.875_-91.875_dep50-50.dat,35.875_-91.875,3518,NAmerica,dep50-50
196,IDX_36.125_-105.625_dep50-50.dat,36.125_-105.625,2044,NAmerica,dep50-50
197,IDX_36.125_-106.125_dep50-50.dat,36.125_-106.125,3093,NAmerica,dep50-50
198,IDX_36.125_-106.875_dep50-50.dat,36.125_-106.875,2214,NAmerica,dep50-50
199,IDX_36.125_-108.875_dep50-50.dat,36.125_-108.875,2747,NAmerica,dep50-50
200,IDX_36.125_-115.625_dep50-50.dat,36.125_-115.625,879,NAmerica,dep50-50
201,IDX_36.125_-85.125_dep50-50.dat,36.125_-85.125,3130,NAmerica,dep50-50
202,IDX_36.125_-97.125_dep50-50.dat,36.125_-97.125,3578,NAmerica,dep50-50
203,IDX_36.125_-99.125_dep35-35.dat,36.125_-99.125,4226,NAmerica,dep35-35
204,IDX_36.375_-105.375_dep50-50.dat,36.375_-105.375,2544,NAmerica,dep50-50
205,IDX_36.375_-115.625_dep50-50.dat,36.375_-115.625,4229,NAmerica,dep50-50
206,IDX_36.375_-115.875_dep50-50.dat,36.375_-115.875,4184,NAmerica,dep50-50
207,IDX_36.375_-116.375_dep50-50.dat,36.375_-116.375,1853,NAmerica,dep50-50
208,IDX_36.375_-98.375_dep35-35.dat,36.375_-98.375,3120,NAmerica,dep35-35
209,IDX_36.625_-101.625_dep50-50.dat,36.625_-101.625,3537,NAmerica,dep50-50
210,IDX_36.625_-105.375_dep50-50.dat,36.625_-105.375,3809,NAmerica,dep50-50
211,IDX_36.625_-106.375_dep50-50.dat,36.625_-106.375,1770,NAmerica,dep50-50
212,IDX_36.625_-108.375_dep50-50.dat,36.625_-108.375,694,NAmerica,dep50-50
213,IDX_36.625_-115.125_dep50-50.dat,36.625_-115.125,4185,NAmerica,dep50-50
214,IDX_36.625_-116.125_dep50-50.dat,36.625_-116.125,3543,NAmerica,dep50-50
215,IDX_36.625_-120.625_dep50-50.dat,36.625_-120.625,1074,NAmerica,dep50-50
216,IDX_36.625_-76.875_dep50-50.dat,36.625_-76.875,5662,NAmerica,dep50-50
217,IDX_36.625_-80.125_dep50-50.dat,36.625_-80.125,2757,NAmerica,dep50-50
218,IDX_36.625_-97.375_dep35-35.dat,36.625_-97.375,4690,NAmerica,dep35-35
219,IDX_36.875_-105.125_dep50-50.dat,36.875_-105.125,1220,NAmerica,dep50-50
220,IDX_36.875_-89.875_dep50-50.dat,36.875_-89.875,5225,NAmerica,dep50-50
221,IDX_36.875_-91.375_dep50-50.dat,36.875_-91.375,569,NAmerica,dep50-50
222,IDX_36.875_-96.375_dep35-35.dat,36.875_-96.375,4544,NAmerica,dep35-35
223,IDX_36.875_-98.375_dep35-35.dat,36.875_-98.375,4518,NAmerica,dep35-35
224,IDX_37.125_-105.125_dep50-50.dat,37.125_-105.125,4155,NAmerica,dep50-50
225,IDX_37.125_-112.125_dep50-50.dat,37.125_-112.125,3028,NAmerica,dep50-50
226,IDX_37.125_-113.375_dep50-50.dat,37.125_-113.375,3606,NAmerica,dep50-50
227,IDX_37.125_-120.875_dep50-50.dat,37.125_-120.875,1992,NAmerica,dep50-50
228,IDX_37.125_-86.125_dep50-50.dat,37.125_-86.125,2386,NAmerica,dep50-50
229,IDX_37.125_-87.875_dep50-50.dat,37.125_-87.875,4802,NAmerica,dep50-50
230,IDX_37.125_-92.375_dep50-50.dat,37.125_-92.375,2518,NAmerica,dep50-50
231,IDX_37.125_-93.875_dep50-50.dat,37.125_-93.875,5160,NAmerica,dep50-50
232,IDX_37.125_-95.875_dep35-35.dat,37.125_-95.875,4228,NAmerica,dep35-35
233,IDX_37.125_-97.125_dep50-50.dat,37.125_-97.125,5132,NAmerica,dep50-50
234,IDX_37.125_-97.375_dep35-35.dat,37.125_-97.375,4589,NAmerica,dep35-35
235,IDX_37.375_-106.625_dep50-50.dat,37.375_-106.625,3079,NAmerica,dep50-50
236,IDX_37.375_-106.875_dep50-50.dat,37.375_-106.875,3034,NAmerica,dep50-50
237,IDX_37.375_-108.625_dep50-50.dat,37.375_-108.625,2969,NAmerica,dep50-50
238,IDX_37.375_-109.375_dep50-50.dat,37.375_-109.375,4099,NAmerica,dep50-50
239,IDX_37.375_-112.625_dep50-50.dat,37.375_-112.625,4782,NAmerica,dep50-50
240,IDX_37.375_-113.125_dep50-50.dat,37.375_-113.125,3173,NAmerica,dep50-50
241,IDX_37.375_-113.375_dep50-50.dat,37.375_-113.375,4577,NAmerica,dep50-50
242,IDX_37.375_-113.875_dep50-50.dat,37.375_-113.875,5443,NAmerica,dep50-50
243,IDX_37.375_-117.875_dep50-50.dat,37.375_-117.875,2713,NAmerica,dep50-50
244,IDX_37.375_-75.875_dep50-50.dat,37.375_-75.875,2128,NAmerica,dep50-50
245,IDX_37.375_-86.125_dep50-50.dat,37.375_-86.125,1609,NAmerica,dep50-50
246,IDX_37.375_-94.625_dep50-50.dat,37.375_-94.625,709,NAmerica,dep50-50
247,IDX_37.375_-96.125_dep35-35.dat,37.375_-96.125,2957,NAmerica,dep35-35
248,IDX_37.375_-99.375_dep35-35.dat,37.375_-99.375,3293,NAmerica,dep35-35
249,IDX_37.375_126.875_dep40-40.dat,37.375_126.875,195,Asia,dep40-40
250,IDX_37.625_-107.375_dep50-50.dat,37.625_-107.375,3249,NAmerica,dep50-50
251,IDX_37.625_-107.875_dep50-50.dat,37.625_-107.875,2850,NAmerica,dep50-50
252,IDX_37.625_-108.125_dep50-50.dat,37.625_-108.125,2835,NAmerica,dep50-50
253,IDX_37.625_-109.375_dep50-50.dat,37.625_-109.375,4048,NAmerica,dep50-50
254,IDX_37.625_-111.375_dep50-50.dat,37.625_-111.375,3285,NAmerica,dep50-50
255,IDX_37.625_-112.375_dep50-50.dat,37.625_-112.375,3840,NAmerica,dep50-50
256,IDX_37.625_-112.625_dep50-50.dat,37.625_-112.625,4578,NAmerica,dep50-50
257,IDX_37.625_-112.875_dep50-50.dat,37.625_-112.875,4911,NAmerica,dep50-50
258,IDX_37.625_-113.125_dep50-50.dat,37.625_-113.125,4906,NAmerica,dep50-50
259,IDX_37.625_-113.375_dep50-50.dat,37.625_-113.375,4236,NAmerica,dep50-50
260,IDX_37.625_-113.625_dep50-50.dat,37.625_-113.625,4208,NAmerica,dep50-50
261,IDX_37.625_-113.875_dep50-50.dat,37.625_-113.875,4738,NAmerica,dep50-50
262,IDX_37.625_-115.125_dep50-50.dat,37.625_-115.125,790,NAmerica,dep50-50
263,IDX_37.625_-118.875_dep50-50.dat,37.625_-118.875,2422,NAmerica,dep50-50
264,IDX_37.625_-91.625_dep50-50.dat,37.625_-91.625,3158,NAmerica,dep50-50
265,IDX_37.875_-103.875_dep50-50.dat,37.875_-103.875,3268,NAmerica,dep50-50
266,IDX_37.875_-105.375_dep50-50.dat,37.875_-105.375,2404,NAmerica,dep50-50
267,IDX_37.875_-107.125_dep50-50.dat,37.875_-107.125,2958,NAmerica,dep50-50
268,IDX_37.875_-107.875_dep50-50.dat,37.875_-107.875,1557,NAmerica,dep50-50
269,IDX_37.875_-108.125_dep50-50.dat,37.875_-108.125,3702,NAmerica,dep50-50
270,IDX_37.875_-109.125_dep50-50.dat,37.875_-109.125,3916,NAmerica,dep50-50
271,IDX_37.875_-109.375_dep50-50.dat,37.875_-109.375,5207,NAmerica,dep50-50
272,IDX_37.875_-110.875_dep50-50.dat,37.875_-110.875,1327,NAmerica,dep50-50
273,IDX_37.875_-111.875_dep50-50.dat,37.875_-111.875,4223,NAmerica,dep50-50
274,IDX_37.875_-112.375_dep50-50.dat,37.875_-112.375,3045,NAmerica,dep50-50
275,IDX_37.875_-112.875_dep50-50.dat,37.875_-112.875,2087,NAmerica,dep50-50
276,IDX_37.875_-118.375_dep50-50.dat,37.875_-118.375,3363,NAmerica,dep50-50
277,IDX_37.875_-119.875_dep50-50.dat,37.875_-119.875,2795,NAmerica,dep50-50
278,IDX_37.875_-79.125_dep50-50.dat,37.875_-79.125,4559,NAmerica,dep50-50
279,IDX_37.875_-94.125_dep50-50.dat,37.875_-94.125,438,NAmerica,dep50-50
280,IDX_37.875_-97.125_dep35-35.dat,37.875_-97.125,3831,NAmerica,dep35-35
281,IDX_37.875_-98.375_dep35-35.dat,37.875_-98.375,3936,NAmerica,dep35-35
282,IDX_38.125_-106.625_dep50-50.dat,38.125_-106.625,1948,NAmerica,dep50-50
283,IDX_38.125_-109.125_dep50-50.dat,38.125_-109.125,3467,NAmerica,dep50-50
284,IDX_38.125_-110.875_dep50-50.dat,38.125_-110.875,1591,NAmerica,dep50-50
285,IDX_38.125_-111.375_dep50-50.dat,38.125_-111.375,4627,NAmerica,dep50-50
286,IDX_38.125_-112.125_dep50-50.dat,38.125_-112.125,2776,NAmerica,dep50-50
287,IDX_38.125_-112.375_dep50-50.dat,38.125_-112.375,3867,NAmerica,dep50-50
288,IDX_38.125_-119.125_dep50-50.dat,38.125_-119.125,4287,NAmerica,dep50-50
289,IDX_38.125_-120.875_dep40-40.dat,38.125_-120.875,1251,NAmerica,dep40-40
290,IDX_38.125_-78.125_dep50-50.dat,38.125_-78.125,6083,NAmerica,dep50-50
291,IDX_38.125_-84.625_dep50-50.dat,38.125_-84.625,3501,NAmerica,dep50-50
292,IDX_38.125_-95.625_dep35-35.dat,38.125_-95.625,3076,NAmerica,dep35-35
293,IDX_38.125_-97.625_dep35-35.dat,38.125_-97.625,3328,NAmerica,dep35-35
294,IDX_38.125_-99.375_dep35-35.dat,38.125_-99.375,3279,NAmerica,dep35-35
295,IDX_38.375_-106.375_dep50-50.dat,38.375_-106.375,1761,NAmerica,dep50-50
296,IDX_38.375_-109.125_dep50-50.dat,38.375_-109.125,3120,NAmerica,dep50-50
297,IDX_38.375_-109.375_dep50-50.dat,38.375_-109.375,4914,NAmerica,dep50-50
298,IDX_38.375_-112.375_dep50-50.dat,38.375_-112.375,5180,NAmerica,dep50-50
299,IDX_38.375_-112.625_dep50-50.dat,38.375_-112.625,3134,NAmerica,dep50-50
300,IDX_38.375_-113.125_dep50-50.dat,38.375_-113.125,3185,NAmerica,dep50-50
301,IDX_38.375_-119.125_dep50-50.dat,38.375_-119.125,1655,NAmerica,dep50-50
302,IDX_38.375_-119.375_dep50-50.dat,38.375_-119.375,4085,NAmerica,dep50-50
303,IDX_38.375_-119.625_dep50-50.dat,38.375_-119.625,5043,NAmerica,dep50-50
304,IDX_38.375_-120.875_dep40-40.dat,38.375_-120.875,1552,NAmerica,dep40-40
305,IDX_38.375_-90.875_dep50-50.dat,38.375_-90.875,452,NAmerica,dep50-50
306,IDX_38.375_-97.375_dep35-35.dat,38.375_-97.375,3447,NAmerica,dep35-35
307,IDX_38.625_-107.625_dep50-50.dat,38.625_-107.625,2664,NAmerica,dep50-50
308,IDX_38.625_-111.625_dep50-50.dat,38.625_-111.625,4109,NAmerica,dep50-50
309,IDX_38.625_-111.875_dep50-50.dat,38.625_-111.875,2258,NAmerica,dep50-50
310,IDX_38.625_-112.125_dep50-50.dat,38.625_-112.125,2500,NAmerica,dep50-50
311,IDX_38.625_-113.875_dep50-50.dat,38.625_-113.875,3160,NAmerica,dep50-50
312,IDX_38.625_-119.625_dep50-50.dat,38.625_-119.625,5217,NAmerica,dep50-50
313,IDX_38.625_-119.875_dep50-50.dat,38.625_-119.875,5279,NAmerica,dep50-50
314,IDX_38.625_-92.125_dep50-50.dat,38.625_-92.125,559,NAmerica,dep50-50
315,IDX_38.875_-100.875_dep50-50.dat,38.875_-100.875,3465,NAmerica,dep50-50
316,IDX_38.875_-106.625_dep50-50.dat,38.875_-106.625,2627,NAmerica,dep50-50
317,IDX_38.875_-106.875_dep50-50.dat,38.875_-106.875,4262,NAmerica,dep50-50
318,IDX_38.875_-111.625_dep50-50.dat,38.875_-111.625,5126,NAmerica,dep50-50
319,IDX_38.875_-112.375_dep50-50.dat,38.875_-112.375,3767,NAmerica,dep50-50
320,IDX_38.875_-119.875_dep50-50.dat,38.875_-119.875,5294,NAmerica,dep50-50
321,IDX_38.875_-120.125_dep50-50.dat,38.875_-120.125,5659,NAmerica,dep50-50
322,IDX_38.875_-86.625_dep50-50.dat,38.875_-86.625,1843,NAmerica,dep50-50
323,IDX_38.875_-94.125_dep50-50.dat,38.875_-94.125,2337,NAmerica,dep50-50
324,IDX_38.875_100.375_dep40-40.dat,38.875_100.375,83,Asia,dep40-40
325,IDX_39.125_-106.125_dep50-50.dat,39.125_-106.125,2932,NAmerica,dep50-50
326,IDX_39.125_-106.625_dep50-50.dat,39.125_-106.625,2813,NAmerica,dep50-50
327,IDX_39.125_-107.125_dep50-50.dat,39.125_-107.125,1121,NAmerica,dep50-50
328,IDX_39.125_-107.875_dep50-50.dat,39.125_-107.875,1718,NAmerica,dep50-50
329,IDX_39.125_-110.125_dep50-50.dat,39.125_-110.125,4135,NAmerica,dep50-50
330,IDX_39.125_-111.375_dep50-50.dat,39.125_-111.375,5151,NAmerica,dep50-50
331,IDX_39.125_-111.625_dep50-50.dat,39.125_-111.625,4969,NAmerica,dep50-50
332,IDX_39.125_-112.375_dep50-50.dat,39.125_-112.375,4128,NAmerica,dep50-50
333,IDX_39.125_-113.375_dep50-50.dat,39.125_-113.375,3084,NAmerica,dep50-50
334,IDX_39.125_-114.375_dep50-50.dat,39.125_-114.375,2223,NAmerica,dep50-50
335,IDX_39.125_-114.625_dep50-50.dat,39.125_-114.625,1572,NAmerica,dep50-50
336,IDX_39.125_-114.875_dep50-50.dat,39.125_-114.875,3168,NAmerica,dep50-50
337,IDX_39.125_-119.875_dep50-50.dat,39.125_-119.875,4487,NAmerica,dep50-50
338,IDX_39.125_-120.125_dep50-50.dat,39.125_-120.125,5548,NAmerica,dep50-50
339,IDX_39.125_-120.375_dep50-50.dat,39.125_-120.375,4328,NAmerica,dep50-50
340,IDX_39.125_-76.875_dep50-50.dat,39.125_-76.875,4166,NAmerica,dep50-50
341,IDX_39.125_-79.375_dep50-50.dat,39.125_-79.375,2410,NAmerica,dep50-50
342,IDX_39.125_-90.875_dep50-50.dat,39.125_-90.875,1126,NAmerica,dep50-50
343,IDX_39.125_-92.125_dep50-50.dat,39.125_-92.125,497,NAmerica,dep50-50
344,IDX_39.125_-95.125_dep50-50.dat,39.125_-95.125,1848,NAmerica,dep50-50
345,IDX_39.125_-96.625_dep50-50.dat,39.125_-96.625,669,NAmerica,dep50-50
346,IDX_39.375_-105.875_dep50-50.dat,39.375_-105.875,3202,NAmerica,dep50-50
347,IDX_39.375_-106.125_dep50-50.dat,39.375_-106.125,3064,NAmerica,dep50-50
348,IDX_39.375_-109.625_dep50-50.dat,39.375_-109.625,4329,NAmerica,dep50-50
349,IDX_39.375_-111.375_dep50-50.dat,39.375_-111.375,4177,NAmerica,dep50-50
350,IDX_39.375_-111.625_dep50-50.dat,39.375_-111.625,3837,NAmerica,dep50-50
351,IDX_39.375_-112.125_dep50-50.dat,39.375_-112.125,2633,NAmerica,dep50-50
352,IDX_39.375_-114.625_dep50-50.dat,39.375_-114.625,4198,NAmerica,dep50-50
353,IDX_39.375_-115.875_dep50-50.dat,39.375_-115.875,2328,NAmerica,dep50-50
354,IDX_39.375_-117.125_dep50-50.dat,39.375_-117.125,4557,NAmerica,dep50-50
355,IDX_39.375_-117.625_dep50-50.dat,39.375_-117.625,3168,NAmerica,dep50-50
356,IDX_39.375_-119.875_dep50-50.dat,39.375_-119.875,4188,NAmerica,dep50-50
357,IDX_39.375_-120.125_dep50-50.dat,39.375_-120.125,4944,NAmerica,dep50-50
358,IDX_39.375_-120.375_dep50-50.dat,39.375_-120.375,5374,NAmerica,dep50-50
359,IDX_39.625_-105.875_dep50-50.dat,39.625_-105.875,2518,NAmerica,dep50-50
360,IDX_39.625_-106.125_dep50-50.dat,39.625_-106.125,3116,NAmerica,dep50-50
361,IDX_39.625_-110.375_dep50-50.dat,39.625_-110.375,3162,NAmerica,dep50-50
362,IDX_39.625_-110.875_dep50-50.dat,39.625_-110.875,3432,NAmerica,dep50-50
363,IDX_39.625_-111.375_dep50-50.dat,39.625_-111.375,4101,NAmerica,dep50-50
364,IDX_39.625_-111.625_dep50-50.dat,39.625_-111.625,1932,NAmerica,dep50-50
365,IDX_39.625_-111.875_dep50-50.dat,39.625_-111.875,3892,NAmerica,dep50-50
366,IDX_39.625_-113.875_dep50-50.dat,39.625_-113.875,1436,NAmerica,dep50-50
367,IDX_39.625_-114.625_dep50-50.dat,39.625_-114.625,2243,NAmerica,dep50-50
368,IDX_39.625_-115.875_dep50-50.dat,39.625_-115.875,3993,NAmerica,dep50-50
369,IDX_39.625_-96.125_dep50-50.dat,39.625_-96.125,2393,NAmerica,dep50-50
370,IDX_39.875_-105.875_dep50-50.dat,39.875_-105.875,4263,NAmerica,dep50-50
371,IDX_39.875_-106.125_dep50-50.dat,39.875_-106.125,2995,NAmerica,dep50-50
372,IDX_39.875_-107.625_dep50-50.dat,39.875_-107.625,4116,NAmerica,dep50-50
373,IDX_39.875_-110.875_dep50-50.dat,39.875_-110.875,4469,NAmerica,dep50-50
374,IDX_39.875_-111.375_dep50-50.dat,39.875_-111.375,4541,NAmerica,dep50-50
375,IDX_39.875_-111.625_dep50-50.dat,39.875_-111.625,4850,NAmerica,dep50-50
376,IDX_39.875_-112.375_dep50-50.dat,39.875_-112.375,3942,NAmerica,dep50-50
377,IDX_39.875_-114.125_dep50-50.dat,39.875_-114.125,1421,NAmerica,dep50-50
378,IDX_39.875_-75.875_dep50-50.dat,39.875_-75.875,2851,NAmerica,dep50-50
379,IDX_39.875_-83.375_dep50-50.dat,39.875_-83.375,1181,NAmerica,dep50-50
380,IDX_39.875_-90.875_dep30-50.dat,39.875_-90.875,3638,NAmerica,dep30-50
381,IDX_39.875_-93.125_dep50-50.dat,39.875_-93.125,543,NAmerica,dep50-50
382,IDX_39.875_-99.375_dep50-50.dat,39.875_-99.375,5083,NAmerica,dep50-50
383,IDX_40.125_-105.625_dep50-50.dat,40.125_-105.625,3403,NAmerica,dep50-50
384,IDX_40.125_-106.625_dep50-50.dat,40.125_-106.625,3516,NAmerica,dep50-50
385,IDX_40.125_-108.875_dep50-50.dat,40.125_-108.875,2423,NAmerica,dep50-50
386,IDX_40.125_-110.375_dep50-50.dat,40.125_-110.375,2873,NAmerica,dep50-50
387,IDX_40.125_-111.125_dep50-50.dat,40.125_-111.125,4301,NAmerica,dep50-50
388,IDX_40.125_-111.375_dep50-50.dat,40.125_-111.375,1678,NAmerica,dep50-50
389,IDX_40.125_-118.125_dep50-50.dat,40.125_-118.125,2193,NAmerica,dep50-50
390,IDX_40.125_-88.375_dep50-50.dat,40.125_-88.375,2418,NAmerica,dep50-50
391,IDX_40.375_-101.625_dep50-50.dat,40.375_-101.625,3551,NAmerica,dep50-50
392,IDX_40.375_-105.875_dep50-50.dat,40.375_-105.875,1640,NAmerica,dep50-50
393,IDX_40.375_-106.375_dep50-50.dat,40.375_-106.375,3086,NAmerica,dep50-50
394,IDX_40.375_-109.375_dep50-50.dat,40.375_-109.375,2887,NAmerica,dep50-50
395,IDX_40.375_-110.375_dep50-50.dat,40.375_-110.375,3514,NAmerica,dep50-50
396,IDX_40.375_-111.125_dep50-50.dat,40.375_-111.125,4886,NAmerica,dep50-50
397,IDX_40.375_-111.375_dep50-50.dat,40.375_-111.375,3914,NAmerica,dep50-50
398,IDX_40.375_-111.625_dep50-50.dat,40.375_-111.625,4864,NAmerica,dep50-50
399,IDX_40.375_-112.125_dep50-50.dat,40.375_-112.125,4169,NAmerica,dep50-50
400,IDX_40.375_-112.375_dep50-50.dat,40.375_-112.375,2173,NAmerica,dep50-50
401,IDX_40.375_-112.625_dep50-50.dat,40.375_-112.625,4694,NAmerica,dep50-50
402,IDX_40.375_-115.625_dep50-50.dat,40.375_-115.625,4729,NAmerica,dep50-50
403,IDX_40.375_-116.875_dep50-50.dat,40.375_-116.875,4187,NAmerica,dep50-50
404,IDX_40.375_-81.875_dep50-50.dat,40.375_-81.875,1533,NAmerica,dep50-50
405,IDX_40.375_-89.875_dep50-50.dat,40.375_-89.875,3580,NAmerica,dep50-50
406,IDX_40.375_-93.625_dep50-50.dat,40.375_-93.625,3722,NAmerica,dep50-50
407,IDX_40.625_-105.875_dep50-50.dat,40.625_-105.875,1501,NAmerica,dep50-50
408,IDX_40.625_-106.875_dep50-50.dat,40.625_-106.875,3933,NAmerica,dep50-50
409,IDX_40.625_-109.625_dep50-50.dat,40.625_-109.625,4684,NAmerica,dep50-50
410,IDX_40.625_-109.875_dep50-50.dat,40.625_-109.875,3297,NAmerica,dep50-50
411,IDX_40.625_-110.375_dep50-50.dat,40.625_-110.375,4199,NAmerica,dep50-50
412,IDX_40.625_-110.625_dep50-50.dat,40.625_-110.625,4260,NAmerica,dep50-50
413,IDX_40.625_-110.875_dep50-50.dat,40.625_-110.875,3365,NAmerica,dep50-50
414,IDX_40.625_-111.125_dep50-50.dat,40.625_-111.125,4110,NAmerica,dep50-50
415,IDX_40.625_-111.625_dep50-50.dat,40.625_-111.625,4127,NAmerica,dep50-50
416,IDX_40.625_-112.125_dep50-50.dat,40.625_-112.125,4302,NAmerica,dep50-50
417,IDX_40.625_-112.375_dep50-50.dat,40.625_-112.375,1842,NAmerica,dep50-50
418,IDX_40.625_-115.375_dep50-50.dat,40.625_-115.375,4348,NAmerica,dep50-50
419,IDX_40.625_-120.625_dep50-50.dat,40.625_-120.625,2383,NAmerica,dep50-50
420,IDX_40.625_-122.625_dep50-50.dat,40.625_-122.625,2603,NAmerica,dep50-50
421,IDX_40.625_-76.625_dep50-50.dat,40.625_-76.625,6329,NAmerica,dep50-50
422,IDX_40.625_-77.875_dep50-50.dat,40.625_-77.875,5231,NAmerica,dep50-50
423,IDX_40.625_-96.875_dep50-50.dat,40.625_-96.875,3156,NAmerica,dep50-50
424,IDX_40.875_-104.625_dep50-50.dat,40.875_-104.625,6193,NAmerica,dep50-50
425,IDX_40.875_-104.875_dep50-50.dat,40.875_-104.875,2599,NAmerica,dep50-50
426,IDX_40.875_-106.625_dep50-50.dat,40.875_-106.625,4025,NAmerica,dep50-50
427,IDX_40.875_-106.875_dep50-50.dat,40.875_-106.875,2522,NAmerica,dep50-50
428,IDX_40.875_-109.875_dep50-50.dat,40.875_-109.875,3338,NAmerica,dep50-50
429,IDX_40.875_-110.125_dep50-50.dat,40.875_-110.125,3745,NAmerica,dep50-50
430,IDX_40.875_-110.375_dep50-50.dat,40.875_-110.375,3653,NAmerica,dep50-50
431,IDX_40.875_-110.625_dep50-50.dat,40.875_-110.625,4313,NAmerica,dep50-50
432,IDX_40.875_-110.875_dep50-50.dat,40.875_-110.875,4864,NAmerica,dep50-50
433,IDX_40.875_-111.125_dep50-50.dat,40.875_-111.125,4859,NAmerica,dep50-50
434,IDX_40.875_-111.625_dep50-50.dat,40.875_-111.625,5964,NAmerica,dep50-50
435,IDX_40.875_-111.875_dep50-50.dat,40.875_-111.875,4734,NAmerica,dep50-50
436,IDX_40.875_-115.125_dep50-50.dat,40.875_-115.125,4436,NAmerica,dep50-50
437,IDX_40.875_-117.625_dep50-50.dat,40.875_-117.625,2269,NAmerica,dep50-50
438,IDX_40.875_-119.875_dep50-50.dat,40.875_-119.875,695,NAmerica,dep50-50
439,IDX_40.875_-122.625_dep50-50.dat,40.875_-122.625,1468,NAmerica,dep50-50
440,IDX_40.875_-96.375_dep50-50.dat,40.875_-96.375,3402,NAmerica,dep50-50
441,IDX_40.875_-96.625_dep50-50.dat,40.875_-96.625,2252,NAmerica,dep50-50
442,IDX_41.125_-105.375_dep50-50.dat,41.125_-105.375,3063,NAmerica,dep50-50
443,IDX_41.125_-106.125_dep50-50.dat,41.125_-106.125,2768,NAmerica,dep50-50
444,IDX_41.125_-106.625_dep50-50.dat,41.125_-106.625,1596,NAmerica,dep50-50
445,IDX_41.125_-106.875_dep50-50.dat,41.125_-106.875,2513,NAmerica,dep50-50
446,IDX_41.125_-111.375_dep50-50.dat,41.125_-111.375,2326,NAmerica,dep50-50
447,IDX_41.125_-111.625_dep50-50.dat,41.125_-111.625,3638,NAmerica,dep50-50
448,IDX_41.125_-116.125_dep50-50.dat,41.125_-116.125,4069,NAmerica,dep50-50
449,IDX_41.125_-120.625_dep50-50.dat,41.125_-120.625,937,NAmerica,dep50-50
450,IDX_41.375_-106.375_dep50-50.dat,41.375_-106.375,1147,NAmerica,dep50-50
451,IDX_41.375_-107.375_dep50-50.dat,41.375_-107.375,4556,NAmerica,dep50-50
452,IDX_41.375_-111.125_dep50-50.dat,41.375_-111.125,2820,NAmerica,dep50-50
453,IDX_41.375_-111.375_dep50-50.dat,41.375_-111.375,4792,NAmerica,dep50-50
454,IDX_41.375_-111.625_dep50-50.dat,41.375_-111.625,4221,NAmerica,dep50-50
455,IDX_41.375_-111.875_dep50-50.dat,41.375_-111.875,5284,NAmerica,dep50-50
456,IDX_41.375_-116.375_dep50-50.dat,41.375_-116.375,2517,NAmerica,dep50-50
457,IDX_41.375_-119.125_dep50-50.dat,41.375_-119.125,2074,NAmerica,dep50-50
458,IDX_41.375_-71.625_dep50-50.dat,41.375_-71.625,3082,NAmerica,dep50-50
459,IDX_41.625_-111.375_dep50-50.dat,41.625_-111.375,4104,NAmerica,dep50-50
460,IDX_41.625_-112.625_dep50-50.dat,41.625_-112.625,2362,NAmerica,dep50-50
461,IDX_41.625_-115.375_dep50-50.dat,41.625_-115.375,4719,NAmerica,dep50-50
462,IDX_41.625_-115.875_dep50-50.dat,41.625_-115.875,1543,NAmerica,dep50-50
463,IDX_41.625_-116.125_dep50-50.dat,41.625_-116.125,4634,NAmerica,dep50-50
464,IDX_41.625_-117.625_dep50-50.dat,41.625_-117.625,5394,NAmerica,dep50-50
465,IDX_41.625_-93.375_dep50-50.dat,41.625_-93.375,2846,NAmerica,dep50-50
466,IDX_41.875_-111.375_dep50-50.dat,41.875_-111.375,2413,NAmerica,dep50-50
467,IDX_41.875_-111.625_dep50-50.dat,41.875_-111.625,5033,NAmerica,dep50-50
468,IDX_41.875_-111.875_dep50-50.dat,41.875_-111.875,3537,NAmerica,dep50-50
469,IDX_41.875_-112.375_dep50-50.dat,41.875_-112.375,2049,NAmerica,dep50-50
470,IDX_41.875_-113.375_dep50-50.dat,41.875_-113.375,2613,NAmerica,dep50-50
471,IDX_41.875_-113.875_dep50-50.dat,41.875_-113.875,2854,NAmerica,dep50-50
472,IDX_41.875_-115.375_dep50-50.dat,41.875_-115.375,3912,NAmerica,dep50-50
473,IDX_41.875_-115.625_dep50-50.dat,41.875_-115.625,3542,NAmerica,dep50-50
474,IDX_41.875_-116.125_dep50-50.dat,41.875_-116.125,4782,NAmerica,dep50-50
475,IDX_41.875_-117.625_dep50-50.dat,41.875_-117.625,4712,NAmerica,dep50-50
476,IDX_41.875_-118.125_dep50-50.dat,41.875_-118.125,4967,NAmerica,dep50-50
477,IDX_41.875_-119.375_dep50-50.dat,41.875_-119.375,5980,NAmerica,dep50-50
478,IDX_41.875_-73.625_dep50-50.dat,41.875_-73.625,2673,NAmerica,dep50-50
479,IDX_41.875_-88.875_dep50-50.dat,41.875_-88.875,2657,NAmerica,dep50-50
480,IDX_42.125_-101.375_dep50-50.dat,42.125_-101.375,2786,NAmerica,dep50-50
481,IDX_42.125_-106.125_dep50-50.dat,42.125_-106.125,4242,NAmerica,dep50-50
482,IDX_42.125_-111.625_dep50-50.dat,42.125_-111.625,3804,NAmerica,dep50-50
483,IDX_42.125_-114.375_dep50-50.dat,42.125_-114.375,3630,NAmerica,dep50-50
484,IDX_42.125_-115.125_dep50-50.dat,42.125_-115.125,3915,NAmerica,dep50-50
485,IDX_42.125_-121.375_dep50-50.dat,42.125_-121.375,4955,NAmerica,dep50-50
486,IDX_42.125_-93.625_dep50-50.dat,42.125_-93.625,2548,NAmerica,dep50-50
487,IDX_42.375_-103.625_dep50-50.dat,42.375_-103.625,2750,NAmerica,dep50-50
488,IDX_42.375_-105.625_dep50-50.dat,42.375_-105.625,3556,NAmerica,dep50-50
489,IDX_42.375_-105.875_dep50-50.dat,42.375_-105.875,4009,NAmerica,dep50-50
490,IDX_42.375_-110.875_dep50-50.dat,42.375_-110.875,1244,NAmerica,dep50-50
491,IDX_42.375_-111.125_dep50-50.dat,42.375_-111.125,3979,NAmerica,dep50-50
492,IDX_42.375_-76.125_dep50-50.dat,42.375_-76.125,2425,NAmerica,dep50-50
493,IDX_42.375_-83.625_dep50-50.dat,42.375_-83.625,874,NAmerica,dep50-50
494,IDX_42.375_-95.875_dep50-50.dat,42.375_-95.875,4602,NAmerica,dep50-50
495,IDX_42.625_-108.875_dep50-50.dat,42.625_-108.875,311,NAmerica,dep50-50
496,IDX_42.625_-109.125_dep50-50.dat,42.625_-109.125,1828,NAmerica,dep50-50
497,IDX_42.625_-109.375_dep50-50.dat,42.625_-109.375,3640,NAmerica,dep50-50
498,IDX_42.625_-110.875_dep50-50.dat,42.625_-110.875,1892,NAmerica,dep50-50
499,IDX_42.625_-116.625_dep50-50.dat,42.625_-116.625,4003,NAmerica,dep50-50
500,IDX_42.625_-90.375_dep50-50.dat,42.625_-90.375,1567,NAmerica,dep50-50
501,IDX_42.875_-111.375_dep50-50.dat,42.875_-111.375,3638,NAmerica,dep50-50
502,IDX_42.875_-112.375_dep50-50.dat,42.875_-112.375,1879,NAmerica,dep50-50
503,IDX_42.875_-116.875_dep50-50.dat,42.875_-116.875,3800,NAmerica,dep50-50
504,IDX_42.875_-77.125_dep50-50.dat,42.875_-77.125,3684,NAmerica,dep50-50
505,IDX_42.875_12.125_dep35-45.dat,42.875_12.125,657,Europe,dep35-45
506,IDX_42.875_12.625_dep35-45.dat,42.875_12.625,130,Europe,dep35-45
507,IDX_43.125_-110.125_dep50-50.dat,43.125_-110.125,2070,NAmerica,dep50-50
508,IDX_43.125_-111.625_dep50-50.dat,43.125_-111.625,3328,NAmerica,dep50-50
509,IDX_43.125_-116.875_dep50-50.dat,43.125_-116.875,5545,NAmerica,dep50-50
510,IDX_43.125_-73.125_dep50-50.dat,43.125_-73.125,4599,NAmerica,dep50-50
511,IDX_43.125_12.125_dep35-45.dat,43.125_12.125,834,Europe,dep35-45
512,IDX_43.125_12.375_dep35-45.dat,43.125_12.375,313,Europe,dep35-45
513,IDX_43.375_-109.875_dep50-50.dat,43.375_-109.875,130,NAmerica,dep50-50
514,IDX_43.375_-110.375_dep50-50.dat,43.375_-110.375,1240,NAmerica,dep50-50
515,IDX_43.375_-116.125_dep50-50.dat,43.375_-116.125,5209,NAmerica,dep50-50
516,IDX_43.375_-119.625_dep50-50.dat,43.375_-119.625,3126,NAmerica,dep50-50
517,IDX_43.375_12.125_dep35-45.dat,43.375_12.125,2879,Europe,dep35-45
518,IDX_43.375_12.375_dep35-45.dat,43.375_12.375,526,Europe,dep35-45
519,IDX_43.375_12.625_dep35-45.dat,43.375_12.625,2131,Europe,dep35-45
520,IDX_43.625_-109.375_dep50-50.dat,43.625_-109.375,344,NAmerica,dep50-50
521,IDX_43.625_-113.875_dep50-50.dat,43.625_-113.875,3721,NAmerica,dep50-50
522,IDX_43.625_-114.125_dep50-50.dat,43.625_-114.125,2920,NAmerica,dep50-50
523,IDX_43.625_-114.625_dep50-50.dat,43.625_-114.625,1237,NAmerica,dep50-50
524,IDX_43.625_-96.625_dep50-50.dat,43.625_-96.625,3708,NAmerica,dep50-50
525,IDX_43.625_12.125_dep35-45.dat,43.625_12.125,138,Europe,dep35-45
526,IDX_43.625_12.375_dep35-45.dat,43.625_12.375,2956,Europe,dep35-45
527,IDX_43.875_-110.125_dep50-50.dat,43.875_-110.125,3036,NAmerica,dep50-50
528,IDX_43.875_-110.875_dep50-50.dat,43.875_-110.875,1741,NAmerica,dep50-50
529,IDX_43.875_-114.375_dep50-50.dat,43.875_-114.375,3280,NAmerica,dep50-50
530,IDX_43.875_-114.625_dep50-50.dat,43.875_-114.625,1682,NAmerica,dep50-50
531,IDX_43.875_-115.125_dep50-50.dat,43.875_-115.125,4566,NAmerica,dep50-50
532,IDX_43.875_-116.125_dep50-50.dat,43.875_-116.125,4874,NAmerica,dep50-50
533,IDX_43.875_-71.625_dep50-50.dat,43.875_-71.625,4314,NAmerica,dep50-50
534,IDX_43.875_-72.125_dep38-38.dat,43.875_-72.125,4789,NAmerica,dep38-38
535,IDX_44.125_-100.375_dep50-50.dat,44.125_-100.375,2439,NAmerica,dep50-50
536,IDX_44.125_-110.625_dep50-50.dat,44.125_-110.625,3614,NAmerica,dep50-50
537,IDX_44.125_-113.375_dep50-50.dat,44.125_-113.375,2493,NAmerica,dep50-50
538,IDX_44.125_-115.375_dep50-50.dat,44.125_-115.375,3779,NAmerica,dep50-50
539,IDX_44.125_-90.125_dep50-50.dat,44.125_-90.125,2638,NAmerica,dep50-50
540,IDX_44.375_-0.625_dep45-45.dat,44.375_-0.625,1793,Europe,dep45-45
541,IDX_44.375_-0.875_dep45-45.dat,44.375_-0.875,2116,Europe,dep45-45
542,IDX_44.375_-110.625_dep50-50.dat,44.375_-110.625,918,NAmerica,dep50-50
543,IDX_44.375_-111.875_dep50-50.dat,44.375_-111.875,2694,NAmerica,dep50-50
544,IDX_44.375_-115.125_dep50-50.dat,44.375_-115.125,3198,NAmerica,dep50-50
545,IDX_44.375_-116.375_dep50-50.dat,44.375_-116.375,5306,NAmerica,dep50-50
546,IDX_44.375_-123.375_dep50-50.dat,44.375_-123.375,646,NAmerica,dep50-50
547,IDX_44.625_-104.375_dep50-50.dat,44.625_-104.375,2085,NAmerica,dep50-50
548,IDX_44.625_-107.125_dep50-50.dat,44.625_-107.125,619,NAmerica,dep50-50
549,IDX_44.625_-107.375_dep50-50.dat,44.625_-107.375,370,NAmerica,dep50-50
550,IDX_44.625_-107.625_dep50-50.dat,44.625_-107.625,330,NAmerica,dep50-50
551,IDX_44.625_-111.125_dep50-50.dat,44.625_-111.125,161,NAmerica,dep50-50
552,IDX_44.625_-111.875_dep50-50.dat,44.625_-111.875,228,NAmerica,dep50-50
553,IDX_44.625_-119.625_dep50-50.dat,44.625_-119.625,2844,NAmerica,dep50-50
554,IDX_44.625_-72.875_dep50-50.dat,44.625_-72.875,2933,NAmerica,dep50-50
555,IDX_44.625_11.625_dep45-45.dat,44.625_11.625,455,Europe,dep45-45
556,IDX_44.875_-116.125_dep50-50.dat,44.875_-116.125,4524,NAmerica,dep50-50
557,IDX_44.875_-68.625_dep50-50.dat,44.875_-68.625,2160,NAmerica,dep50-50
558,IDX_44.875_-84.625_dep50-50.dat,44.875_-84.625,2242,NAmerica,dep50-50
559,IDX_45.375_-74.875_dep50-50.dat,45.375_-74.875,1746,NAmerica,dep50-50
560,IDX_45.375_-75.125_dep50-50.dat,45.375_-75.125,1692,NAmerica,dep50-50
561,IDX_45.375_-75.625_dep50-50.dat,45.375_-75.625,837,NAmerica,dep50-50
562,IDX_45.375_-88.625_dep50-50.dat,45.375_-88.625,2396,NAmerica,dep50-50
563,IDX_45.375_-93.875_dep50-50.dat,45.375_-93.875,4571,NAmerica,dep50-50
564,IDX_45.625_-103.375_dep50-50.dat,45.625_-103.375,2433,NAmerica,dep50-50
565,IDX_45.625_-110.875_dep50-50.dat,45.625_-110.875,331,NAmerica,dep50-50
566,IDX_45.625_-99.125_dep50-50.dat,45.625_-99.125,2411,NAmerica,dep50-50
567,IDX_45.875_-111.625_dep50-50.dat,45.875_-111.625,3108,NAmerica,dep50-50
568,IDX_46.125_-117.375_dep50-50.dat,46.125_-117.375,6217,NAmerica,dep50-50
569,IDX_46.125_-117.875_dep50-50.dat,46.125_-117.875,5286,NAmerica,dep50-50
570,IDX_46.125_-92.875_dep50-50.dat,46.125_-92.875,1922,NAmerica,dep50-50
571,IDX_46.375_-110.625_dep50-50.dat,46.375_-110.625,98,NAmerica,dep50-50
572,IDX_46.375_-113.375_dep50-50.dat,46.375_-113.375,495,NAmerica,dep50-50
573,IDX_46.375_-114.625_dep50-50.dat,46.375_-114.625,2195,NAmerica,dep50-50
574,IDX_46.375_-115.875_dep50-50.dat,46.375_-115.875,2936,NAmerica,dep50-50
575,IDX_46.375_-86.875_dep50-50.dat,46.375_-86.875,1959,NAmerica,dep50-50
576,IDX_46.625_-115.375_dep50-50.dat,46.625_-115.375,2168,NAmerica,dep50-50
577,IDX_46.625_-115.625_dep50-50.dat,46.625_-115.625,4280,NAmerica,dep50-50
578,IDX_46.875_-100.875_dep50-50.dat,46.875_-100.875,5025,NAmerica,dep50-50
579,IDX_46.875_-110.375_dep50-50.dat,46.875_-110.375,2259,NAmerica,dep50-50
580,IDX_46.875_-110.625_dep50-50.dat,46.875_-110.625,259,NAmerica,dep50-50
581,IDX_46.875_-110.875_dep50-50.dat,46.875_-110.875,253,NAmerica,dep50-50
582,IDX_46.875_-112.625_dep50-50.dat,46.875_-112.625,241,NAmerica,dep50-50
583,IDX_46.875_-116.375_dep50-50.dat,46.875_-116.375,1355,NAmerica,dep50-50
584,IDX_46.875_-116.875_dep50-50.dat,46.875_-116.875,4603,NAmerica,dep50-50
585,IDX_46.875_-117.125_dep50-50.dat,46.875_-117.125,1333,NAmerica,dep50-50
586,IDX_46.875_-67.875_dep50-50.dat,46.875_-67.875,1991,NAmerica,dep50-50
587,IDX_47.125_-105.125_dep50-50.dat,47.125_-105.125,3250,NAmerica,dep50-50
588,IDX_47.125_-109.875_dep50-50.dat,47.125_-109.875,3913,NAmerica,dep50-50
589,IDX_47.125_-114.375_dep50-50.dat,47.125_-114.375,261,NAmerica,dep50-50
590,IDX_47.125_-116.375_dep50-50.dat,47.125_-116.375,2627,NAmerica,dep50-50
591,IDX_47.125_-118.625_dep50-50.dat,47.125_-118.625,6161,NAmerica,dep50-50
592,IDX_47.375_-115.625_dep50-50.dat,47.375_-115.625,3249,NAmerica,dep50-50
593,IDX_47.375_-117.625_dep50-50.dat,47.375_-117.625,2570,NAmerica,dep50-50
594,IDX_47.625_-107.125_dep50-50.dat,47.625_-107.125,3276,NAmerica,dep50-50
595,IDX_47.625_-96.375_dep50-50.dat,47.625_-96.375,3870,NAmerica,dep50-50
596,IDX_47.875_-104.375_dep50-50.dat,47.875_-104.375,2345,NAmerica,dep50-50
597,IDX_47.875_-112.875_dep50-50.dat,47.875_-112.875,258,NAmerica,dep50-50
598,IDX_47.875_-114.375_dep50-50.dat,47.875_-114.375,239,NAmerica,dep50-50
599,IDX_47.875_-117.125_dep50-50.dat,47.875_-117.125,4682,NAmerica,dep50-50
600,IDX_48.125_-116.125_dep50-50.dat,48.125_-116.125,2017,NAmerica,dep50-50
601,IDX_48.375_-105.125_dep50-50.dat,48.375_-105.125,2029,NAmerica,dep50-50
602,IDX_48.375_-109.875_dep50-50.dat,48.375_-109.875,5667,NAmerica,dep50-50
603,IDX_48.375_-111.125_dep50-50.dat,48.375_-111.125,3497,NAmerica,dep50-50
604,IDX_48.375_-111.875_dep50-50.dat,48.375_-111.875,3390,NAmerica,dep50-50
605,IDX_48.375_-95.875_dep50-50.dat,48.375_-95.875,1112,NAmerica,dep50-50
606,IDX_48.375_12.375_dep40-40.dat,48.375_12.375,1215,Europe,dep40-40
607,IDX_48.375_12.625_dep40-40.dat,48.375_12.625,133,Europe,dep40-40
608,IDX_48.375_12.875_dep40-40.dat,48.375_12.875,1227,Europe,dep40-40
609,IDX_48.625_-116.375_dep50-50.dat,48.625_-116.375,3459,NAmerica,dep50-50
610,IDX_48.625_-121.375_dep50-50.dat,48.625_-121.375,2937,NAmerica,dep50-50
611,IDX_48.625_12.625_dep40-40.dat,48.625_12.625,1290,Europe,dep40-40
612,IDX_48.625_12.875_dep40-40.dat,48.625_12.875,1359,Europe,dep40-40
613,IDX_48.875_-102.125_dep50-50.dat,48.875_-102.125,2058,NAmerica,dep50-50
614,IDX_49.375_-97.875_dep50-50.dat,49.375_-97.875,1272,NAmerica,dep50-50
615,IDX_49.625_-97.875_dep50-50.dat,49.625_-97.875,1528,NAmerica,dep50-50
616,IDX_49.625_-98.125_dep50-50.dat,49.625_-98.125,1405,NAmerica,dep50-50
617,IDX_49.875_-99.375_dep50-50.dat,49.875_-99.375,767,NAmerica,dep50-50
618,IDX_50.125_-97.625_dep50-50.dat,50.125_-97.625,1201,NAmerica,dep50-50
619,IDX_50.625_6.375_dep50-50.dat,50.625_6.375,3256,Europe,dep50-50
620,IDX_50.875_6.375_dep50-50.dat,50.875_6.375,2969,Europe,dep50-50
621,IDX_51.125_6.125_dep50-50.dat,51.125_6.125,2548,Europe,dep50-50
622,IDX_51.375_-106.625_dep50-50.dat,51.375_-106.625,1358,NAmerica,dep50-50
623,IDX_51.375_23.125_dep50-50.dat,51.375_23.125,1538,Europe,dep50-50
624,IDX_51.375_23.375_dep40-40.dat,51.375_23.375,1424,Europe,dep40-40
625,IDX_51.875_22.625_dep40-40.dat,51.875_22.625,1605,Europe,dep40-40
626,IDX_52.125_14.125_dep45-45.dat,52.125_14.125,3584,Europe,dep45-45
627,IDX_53.625_22.875_dep50-50.dat,53.625_22.875,229,Europe,dep50-50
628,IDX_58.625_-156.625_dep50-50.dat,58.625_-156.625,877,NAmerica,dep50-50
629,IDX_59.125_-154.375_dep50-50.dat,59.125_-154.375,1931,NAmerica,dep50-50
630,IDX_59.125_-159.125_dep50-50.dat,59.125_-159.125,983,NAmerica,dep50-50
631,IDX_59.375_-151.875_dep50-50.dat,59.375_-151.875,2149,NAmerica,dep50-50
632,IDX_59.375_-161.125_dep50-50.dat,59.375_-161.125,561,NAmerica,dep50-50
633,IDX_59.625_-135.125_dep50-50.dat,59.625_-135.125,1893,NAmerica,dep50-50
634,IDX_59.625_-150.625_dep50-50.dat,59.625_-150.625,2153,NAmerica,dep50-50
635,IDX_59.875_-151.375_dep50-50.dat,59.875_-151.375,2983,NAmerica,dep50-50
636,IDX_59.875_-156.875_dep50-50.dat,59.875_-156.875,140,NAmerica,dep50-50
637,IDX_60.125_-149.625_dep50-50.dat,60.125_-149.625,1312,NAmerica,dep50-50
638,IDX_60.625_-149.625_dep50-50.dat,60.625_-149.625,919,NAmerica,dep50-50
639,IDX_60.625_-150.375_dep50-50.dat,60.625_-150.375,3327,NAmerica,dep50-50
640,IDX_61.125_-145.625_dep50-50.dat,61.125_-145.625,1049,NAmerica,dep50-50
641,IDX_61.375_-150.125_dep50-50.dat,61.375_-150.125,3039,NAmerica,dep50-50
642,IDX_61.375_-165.125_dep50-50.dat,61.375_-165.125,320,NAmerica,dep50-50
643,IDX_61.625_-149.125_dep50-50.dat,61.625_-149.125,350,NAmerica,dep50-50
644,IDX_61.625_-159.625_dep50-50.dat,61.625_-159.625,1395,NAmerica,dep50-50
645,IDX_61.625_21.875_dep50-50.dat,61.625_21.875,844,Europe,dep50-50
646,IDX_62.125_-150.125_dep50-50.dat,62.125_-150.125,2688,NAmerica,dep50-50
647,IDX_62.625_-150.875_dep50-50.dat,62.625_-150.875,1446,NAmerica,dep50-50
648,IDX_62.875_30.875_dep50-50.dat,62.875_30.875,2288,Europe,dep50-50
649,IDX_63.375_-142.875_dep50-50.dat,63.375_-142.875,1102,NAmerica,dep50-50
650,IDX_63.375_-147.625_dep50-50.dat,63.375_-147.625,1217,NAmerica,dep50-50
651,IDX_63.625_-158.125_dep50-50.dat,63.625_-158.125,74,NAmerica,dep50-50
652,IDX_63.875_-145.375_dep50-50.dat,63.875_-145.375,1626,NAmerica,dep50-50
653,IDX_63.875_-160.625_dep50-50.dat,63.875_-160.625,190,NAmerica,dep50-50
654,IDX_64.125_25.375_dep50-50.dat,64.125_25.375,1101,Europe,dep50-50
655,IDX_64.625_-148.125_dep50-50.dat,64.625_-148.125,3502,NAmerica,dep50-50
656,IDX_64.625_-148.375_dep50-50.dat,64.625_-148.375,3706,NAmerica,dep50-50
657,IDX_64.625_-148.875_dep40-40.dat,64.625_-148.875,297,NAmerica,dep40-40
658,IDX_64.625_-163.375_dep50-50.dat,64.625_-163.375,752,NAmerica,dep50-50
659,IDX_64.875_-146.125_dep50-50.dat,64.875_-146.125,926,NAmerica,dep50-50
660,IDX_64.875_-148.375_dep50-50.dat,64.875_-148.375,1899,NAmerica,dep50-50
661,IDX_64.875_28.625_dep50-50.dat,64.875_28.625,2238,Europe,dep50-50
662,IDX_65.125_-145.875_dep50-50.dat,65.125_-145.875,956,NAmerica,dep50-50
663,IDX_65.125_-146.625_dep50-50.dat,65.125_-146.625,1255,NAmerica,dep50-50
664,IDX_65.125_-156.625_dep50-50.dat,65.125_-156.625,87,NAmerica,dep50-50
665,IDX_65.375_-145.375_dep50-50.dat,65.375_-145.375,1436,NAmerica,dep50-50
666,IDX_65.375_-146.125_dep50-50.dat,65.375_-146.125,1371,NAmerica,dep50-50
667,IDX_65.375_-146.625_dep50-50.dat,65.375_-146.625,1619,NAmerica,dep50-50
668,IDX_65.375_-164.625_dep50-50.dat,65.375_-164.625,294,NAmerica,dep50-50
669,IDX_66.125_-151.625_dep50-50.dat,66.125_-151.625,247,NAmerica,dep50-50
670,IDX_66.375_29.375_dep50-50.dat,66.375_29.375,1360,Europe,dep50-50
671,IDX_66.875_-150.625_dep50-50.dat,66.875_-150.625,1828,NAmerica,dep50-50
672,IDX_67.125_26.625_dep40-40.dat,67.125_26.625,1430,Europe,dep40-40
673,IDX_67.375_-150.125_dep50-50.dat,67.375_-150.125,1969,NAmerica,dep50-50
674,IDX_67.375_26.625_dep40-40.dat,67.375_26.625,2171,Europe,dep40-40
675,IDX_67.875_-162.375_dep50-50.dat,67.875_-162.375,615,NAmerica,dep50-50
676,IDX_68.125_-149.375_dep50-50.dat,68.125_-149.375,639,NAmerica,dep50-50
677,IDX_68.125_-163.125_dep50-50.dat,68.125_-163.125,1095,NAmerica,dep50-50
678,IDX_68.375_27.625_dep40-40.dat,68.375_27.625,1230,Europe,dep40-40
679,IDX_68.625_-149.375_dep50-50.dat,68.625_-149.375,966,NAmerica,dep50-50
680,IDX_69.625_28.875_dep50-50.dat,69.625_28.875,311,Europe,dep50-50
681,IDX_9.625_1.625_dep40-40.dat,9.625_1.625,3690,Africa,dep40-40
682,IDX_9.875_1.625_dep40-40.dat,9.875_1.625,4135,Africa,dep40-40
