,fpath,idx,len2000,region,selected_depth
0,IDX_-10.125_-36.875_dep10-10.dat,-10.125_-36.875,1039,SAmerica,dep10-10
1,IDX_-10.125_-37.875_dep10-10.dat,-10.125_-37.875,558,SAmerica,dep10-10
2,IDX_-10.125_-43.875_dep10-10.dat,-10.125_-43.875,1171,SAmerica,dep10-10
3,IDX_-10.125_-44.375_dep10-10.dat,-10.125_-44.375,1161,SAmerica,dep10-10
4,IDX_-10.375_-37.875_dep10-10.dat,-10.375_-37.875,1282,SAmerica,dep10-10
5,IDX_-10.375_-38.125_dep10-10.dat,-10.375_-38.125,468,SAmerica,dep10-10
6,IDX_-10.375_-38.375_dep10-10.dat,-10.375_-38.375,410,SAmerica,dep10-10
7,IDX_-10.625_-38.125_dep10-10.dat,-10.625_-38.125,1253,SAmerica,dep10-10
8,IDX_-10.625_-38.375_dep10-10.dat,-10.625_-38.375,470,SAmerica,dep10-10
9,IDX_-10.625_-38.625_dep10-10.dat,-10.625_-38.625,406,SAmerica,dep10-10
10,IDX_-10.625_-39.125_dep10-10.dat,-10.625_-39.125,356,SAmerica,dep10-10
11,IDX_-10.625_-39.875_dep10-10.dat,-10.625_-39.875,1179,SAmerica,dep10-10
12,IDX_-10.625_-40.125_dep10-10.dat,-10.625_-40.125,1099,SAmerica,dep10-10
13,IDX_-10.625_-41.375_dep10-10.dat,-10.625_-41.375,894,SAmerica,dep10-10
14,IDX_-10.875_-38.625_dep10-10.dat,-10.875_-38.625,121,SAmerica,dep10-10
15,IDX_-10.875_-38.875_dep10-10.dat,-10.875_-38.875,425,SAmerica,dep10-10
16,IDX_-10.875_-40.375_dep10-10.dat,-10.875_-40.375,1215,SAmerica,dep10-10
17,IDX_-10.875_-40.625_dep10-10.dat,-10.875_-40.625,241,SAmerica,dep10-10
18,IDX_-10.875_-41.875_dep10-10.dat,-10.875_-41.875,761,SAmerica,dep10-10
19,IDX_-10.875_-42.625_dep10-10.dat,-10.875_-42.625,698,SAmerica,dep10-10
20,IDX_-11.125_-38.125_dep10-10.dat,-11.125_-38.125,1061,SAmerica,dep10-10
21,IDX_-11.125_-38.375_dep10-10.dat,-11.125_-38.375,687,SAmerica,dep10-10
22,IDX_-11.125_-40.125_dep10-10.dat,-11.125_-40.125,943,SAmerica,dep10-10
23,IDX_-11.125_-40.875_dep10-10.dat,-11.125_-40.875,1244,SAmerica,dep10-10
24,IDX_-11.125_-41.875_dep10-10.dat,-11.125_-41.875,1330,SAmerica,dep10-10
25,IDX_-11.125_-42.125_dep10-10.dat,-11.125_-42.125,907,SAmerica,dep10-10
26,IDX_-11.125_-43.125_dep10-10.dat,-11.125_-43.125,128,SAmerica,dep10-10
27,IDX_-11.375_-38.375_dep10-10.dat,-11.375_-38.375,428,SAmerica,dep10-10
28,IDX_-11.375_-39.375_dep10-10.dat,-11.375_-39.375,983,SAmerica,dep10-10
29,IDX_-11.375_-39.625_dep10-10.dat,-11.375_-39.625,831,SAmerica,dep10-10
30,IDX_-11.375_-40.375_dep10-10.dat,-11.375_-40.375,1312,SAmerica,dep10-10
31,IDX_-11.375_-41.375_dep10-10.dat,-11.375_-41.375,770,SAmerica,dep10-10
32,IDX_-11.375_-41.875_dep10-10.dat,-11.375_-41.875,1271,SAmerica,dep10-10
33,IDX_-11.375_-42.125_dep10-10.dat,-11.375_-42.125,1279,SAmerica,dep10-10
34,IDX_-11.375_-42.625_dep10-10.dat,-11.375_-42.625,636,SAmerica,dep10-10
35,IDX_-11.625_-38.875_dep10-10.dat,-11.625_-38.875,1369,SAmerica,dep10-10
36,IDX_-11.625_-39.375_dep10-10.dat,-11.625_-39.375,619,SAmerica,dep10-10
37,IDX_-11.625_-39.625_dep10-10.dat,-11.625_-39.625,694,SAmerica,dep10-10
38,IDX_-11.625_-39.875_dep10-10.dat,-11.625_-39.875,856,SAmerica,dep10-10
39,IDX_-11.625_-40.125_dep10-10.dat,-11.625_-40.125,813,SAmerica,dep10-10
40,IDX_-11.625_-41.875_dep10-10.dat,-11.625_-41.875,852,SAmerica,dep10-10
41,IDX_-11.625_-43.375_dep10-10.dat,-11.625_-43.375,343,SAmerica,dep10-10
42,IDX_-11.875_-38.875_dep10-10.dat,-11.875_-38.875,1357,SAmerica,dep10-10
43,IDX_-11.875_-39.875_dep10-10.dat,-11.875_-39.875,679,SAmerica,dep10-10
44,IDX_-11.875_-40.375_dep10-10.dat,-11.875_-40.375,1311,SAmerica,dep10-10
45,IDX_-11.875_-40.625_dep10-10.dat,-11.875_-40.625,1282,SAmerica,dep10-10
46,IDX_-11.875_-40.875_dep10-10.dat,-11.875_-40.875,278,SAmerica,dep10-10
47,IDX_-11.875_-41.625_dep10-10.dat,-11.875_-41.625,476,SAmerica,dep10-10
48,IDX_-11.875_-41.875_dep10-10.dat,-11.875_-41.875,1225,SAmerica,dep10-10
49,IDX_-11.875_-42.125_dep10-10.dat,-11.875_-42.125,1134,SAmerica,dep10-10
50,IDX_-11.875_-42.625_dep10-10.dat,-11.875_-42.625,423,SAmerica,dep10-10
51,IDX_-12.125_-39.125_dep10-10.dat,-12.125_-39.125,661,SAmerica,dep10-10
52,IDX_-12.125_-39.875_dep10-10.dat,-12.125_-39.875,598,SAmerica,dep10-10
53,IDX_-12.125_-40.125_dep10-10.dat,-12.125_-40.125,826,SAmerica,dep10-10
54,IDX_-12.125_-41.125_dep10-10.dat,-12.125_-41.125,442,SAmerica,dep10-10
55,IDX_-12.125_-43.125_dep10-10.dat,-12.125_-43.125,418,SAmerica,dep10-10
56,IDX_-12.375_-39.125_dep10-10.dat,-12.375_-39.125,497,SAmerica,dep10-10
57,IDX_-12.375_-39.375_dep10-10.dat,-12.375_-39.375,907,SAmerica,dep10-10
58,IDX_-12.375_-40.875_dep10-10.dat,-12.375_-40.875,147,SAmerica,dep10-10
59,IDX_-12.375_-42.875_dep10-10.dat,-12.375_-42.875,1232,SAmerica,dep10-10
60,IDX_-12.625_-39.125_dep10-10.dat,-12.625_-39.125,1319,SAmerica,dep10-10
61,IDX_-12.625_-39.875_dep10-10.dat,-12.625_-39.875,730,SAmerica,dep10-10
62,IDX_-12.625_-40.625_dep10-10.dat,-12.625_-40.625,538,SAmerica,dep10-10
63,IDX_-12.625_-41.125_dep10-10.dat,-12.625_-41.125,1351,SAmerica,dep10-10
64,IDX_-12.625_-41.625_dep10-10.dat,-12.625_-41.625,1287,SAmerica,dep10-10
65,IDX_-12.625_-42.125_dep10-10.dat,-12.625_-42.125,393,SAmerica,dep10-10
66,IDX_-12.625_-43.125_dep10-10.dat,-12.625_-43.125,745,SAmerica,dep10-10
67,IDX_-12.625_-43.875_dep10-10.dat,-12.625_-43.875,421,SAmerica,dep10-10
68,IDX_-12.875_-39.375_dep10-10.dat,-12.875_-39.375,1197,SAmerica,dep10-10
69,IDX_-12.875_-41.125_dep10-10.dat,-12.875_-41.125,812,SAmerica,dep10-10
70,IDX_-12.875_-41.375_dep10-10.dat,-12.875_-41.375,354,SAmerica,dep10-10
71,IDX_-12.875_-42.625_dep10-10.dat,-12.875_-42.625,357,SAmerica,dep10-10
72,IDX_-12.875_-43.375_dep10-10.dat,-12.875_-43.375,692,SAmerica,dep10-10
73,IDX_-13.125_-39.625_dep10-10.dat,-13.125_-39.625,386,SAmerica,dep10-10
74,IDX_-13.125_-40.125_dep10-10.dat,-13.125_-40.125,1322,SAmerica,dep10-10
75,IDX_-13.125_-40.875_dep10-10.dat,-13.125_-40.875,789,SAmerica,dep10-10
76,IDX_-13.125_-41.875_dep10-10.dat,-13.125_-41.875,793,SAmerica,dep10-10
77,IDX_-13.375_-39.625_dep10-10.dat,-13.375_-39.625,880,SAmerica,dep10-10
78,IDX_-13.375_-39.875_dep10-10.dat,-13.375_-39.875,1327,SAmerica,dep10-10
79,IDX_-13.375_-40.125_dep10-10.dat,-13.375_-40.125,1315,SAmerica,dep10-10
80,IDX_-13.375_-40.875_dep10-10.dat,-13.375_-40.875,622,SAmerica,dep10-10
81,IDX_-13.375_-41.375_dep10-10.dat,-13.375_-41.375,1348,SAmerica,dep10-10
82,IDX_-13.375_-41.625_dep10-10.dat,-13.375_-41.625,1313,SAmerica,dep10-10
83,IDX_-13.375_-42.375_dep10-10.dat,-13.375_-42.375,652,SAmerica,dep10-10
84,IDX_-13.375_-43.625_dep10-10.dat,-13.375_-43.625,329,SAmerica,dep10-10
85,IDX_-13.625_-40.125_dep10-10.dat,-13.625_-40.125,1218,SAmerica,dep10-10
86,IDX_-13.625_-41.375_dep10-10.dat,-13.625_-41.375,579,SAmerica,dep10-10
87,IDX_-13.625_-41.875_dep10-10.dat,-13.625_-41.875,1186,SAmerica,dep10-10
88,IDX_-13.625_-42.375_dep10-10.dat,-13.625_-42.375,1332,SAmerica,dep10-10
89,IDX_-13.625_-42.875_dep10-10.dat,-13.625_-42.875,1183,SAmerica,dep10-10
90,IDX_-13.875_-42.625_dep10-10.dat,-13.875_-42.625,146,SAmerica,dep10-10
91,IDX_-14.125_-40.375_dep10-10.dat,-14.125_-40.375,1277,SAmerica,dep10-10
92,IDX_-14.125_-41.125_dep10-10.dat,-14.125_-41.125,142,SAmerica,dep10-10
93,IDX_-14.125_-42.375_dep10-10.dat,-14.125_-42.375,456,SAmerica,dep10-10
94,IDX_-14.125_-42.875_dep10-10.dat,-14.125_-42.875,1338,SAmerica,dep10-10
95,IDX_-14.375_-40.375_dep10-10.dat,-14.375_-40.375,746,SAmerica,dep10-10
96,IDX_-14.375_-40.875_dep10-10.dat,-14.375_-40.875,790,SAmerica,dep10-10
97,IDX_-14.375_-41.375_dep10-10.dat,-14.375_-41.375,761,SAmerica,dep10-10
98,IDX_-14.375_-42.125_dep10-10.dat,-14.375_-42.125,781,SAmerica,dep10-10
99,IDX_-14.375_-42.375_dep10-10.dat,-14.375_-42.375,838,SAmerica,dep10-10
100,IDX_-14.375_-42.875_dep10-10.dat,-14.375_-42.875,1037,SAmerica,dep10-10
101,IDX_-14.375_-44.375_dep10-10.dat,-14.375_-44.375,185,SAmerica,dep10-10
102,IDX_-14.375_-44.625_dep10-10.dat,-14.375_-44.625,573,SAmerica,dep10-10
103,IDX_-14.625_-40.375_dep10-10.dat,-14.625_-40.375,679,SAmerica,dep10-10
104,IDX_-14.625_-40.625_dep10-10.dat,-14.625_-40.625,1339,SAmerica,dep10-10
105,IDX_-14.625_-41.375_dep10-10.dat,-14.625_-41.375,778,SAmerica,dep10-10
106,IDX_-14.625_-41.875_dep10-10.dat,-14.625_-41.875,1024,SAmerica,dep10-10
107,IDX_-14.625_-42.625_dep10-10.dat,-14.625_-42.625,746,SAmerica,dep10-10
108,IDX_-14.875_-40.625_dep10-10.dat,-14.875_-40.625,1263,SAmerica,dep10-10
109,IDX_-14.875_-41.125_dep10-10.dat,-14.875_-41.125,579,SAmerica,dep10-10
110,IDX_-14.875_-41.875_dep10-10.dat,-14.875_-41.875,687,SAmerica,dep10-10
111,IDX_-14.875_-42.625_dep10-10.dat,-14.875_-42.625,726,SAmerica,dep10-10
112,IDX_-14.875_-43.875_dep10-10.dat,-14.875_-43.875,827,SAmerica,dep10-10
113,IDX_-14.875_-44.125_dep10-10.dat,-14.875_-44.125,914,SAmerica,dep10-10
114,IDX_-15.125_-40.125_dep10-10.dat,-15.125_-40.125,274,SAmerica,dep10-10
115,IDX_-15.125_-40.625_dep10-10.dat,-15.125_-40.625,367,SAmerica,dep10-10
116,IDX_-15.125_-41.625_dep10-10.dat,-15.125_-41.625,740,SAmerica,dep10-10
117,IDX_-15.125_-42.875_dep10-10.dat,-15.125_-42.875,1061,SAmerica,dep10-10
118,IDX_-15.375_-42.625_dep10-10.dat,-15.375_-42.625,703,SAmerica,dep10-10
119,IDX_-15.375_-44.375_dep10-10.dat,-15.375_-44.375,251,SAmerica,dep10-10
120,IDX_-15.375_-44.625_dep10-10.dat,-15.375_-44.625,1384,SAmerica,dep10-10
121,IDX_-15.625_-41.125_dep10-10.dat,-15.625_-41.125,983,SAmerica,dep10-10
122,IDX_-15.625_-41.375_dep10-10.dat,-15.625_-41.375,625,SAmerica,dep10-10
123,IDX_-15.625_-42.875_dep10-10.dat,-15.625_-42.875,792,SAmerica,dep10-10
124,IDX_-15.875_-40.125_dep10-10.dat,-15.875_-40.125,840,SAmerica,dep10-10
125,IDX_-15.875_-42.125_dep10-10.dat,-15.875_-42.125,1362,SAmerica,dep10-10
126,IDX_-15.875_-43.375_dep10-10.dat,-15.875_-43.375,550,SAmerica,dep10-10
127,IDX_-16.125_-40.375_dep10-10.dat,-16.125_-40.375,1201,SAmerica,dep10-10
128,IDX_-16.125_-42.375_dep10-10.dat,-16.125_-42.375,179,SAmerica,dep10-10
129,IDX_-16.125_-44.125_dep10-10.dat,-16.125_-44.125,999,SAmerica,dep10-10
130,IDX_-16.375_-40.625_dep10-10.dat,-16.375_-40.625,782,SAmerica,dep10-10
131,IDX_-16.375_-40.875_dep10-10.dat,-16.375_-40.875,438,SAmerica,dep10-10
132,IDX_-16.375_-41.875_dep10-10.dat,-16.375_-41.875,482,SAmerica,dep10-10
133,IDX_-16.375_-42.625_dep10-10.dat,-16.375_-42.625,1253,SAmerica,dep10-10
134,IDX_-16.375_-43.375_dep10-10.dat,-16.375_-43.375,886,SAmerica,dep10-10
135,IDX_-16.375_-43.625_dep10-10.dat,-16.375_-43.625,1200,SAmerica,dep10-10
136,IDX_-16.625_-40.875_dep10-10.dat,-16.625_-40.875,783,SAmerica,dep10-10
137,IDX_-16.625_-41.125_dep10-10.dat,-16.625_-41.125,530,SAmerica,dep10-10
138,IDX_-16.625_-41.625_dep10-10.dat,-16.625_-41.625,817,SAmerica,dep10-10
139,IDX_-16.625_-41.875_dep10-10.dat,-16.625_-41.875,1327,SAmerica,dep10-10
140,IDX_-16.625_-42.875_dep10-10.dat,-16.625_-42.875,1373,SAmerica,dep10-10
141,IDX_-16.875_-42.375_dep10-10.dat,-16.875_-42.375,786,SAmerica,dep10-10
142,IDX_-27.375_-70.375_dep10-10.dat,-27.375_-70.375,824,SAmerica,dep10-10
143,IDX_-27.375_-70.625_dep10-10.dat,-27.375_-70.625,728,SAmerica,dep10-10
144,IDX_-3.625_-39.625_dep10-10.dat,-3.625_-39.625,1129,SAmerica,dep10-10
145,IDX_-3.625_-40.625_dep10-10.dat,-3.625_-40.625,1143,SAmerica,dep10-10
146,IDX_-3.625_-40.875_dep10-10.dat,-3.625_-40.875,788,SAmerica,dep10-10
147,IDX_-3.875_-39.375_dep10-10.dat,-3.875_-39.375,1173,SAmerica,dep10-10
148,IDX_-3.875_-39.625_dep10-10.dat,-3.875_-39.625,410,SAmerica,dep10-10
149,IDX_-3.875_-40.125_dep10-10.dat,-3.875_-40.125,1210,SAmerica,dep10-10
150,IDX_-3.875_-40.625_dep10-10.dat,-3.875_-40.625,504,SAmerica,dep10-10
151,IDX_-3.875_-41.375_dep10-10.dat,-3.875_-41.375,380,SAmerica,dep10-10
152,IDX_-3.875_-41.625_dep10-10.dat,-3.875_-41.625,853,SAmerica,dep10-10
153,IDX_-31.875_150.125_dep0-5.dat,-31.875_150.125,512,Australia,dep0-5
154,IDX_-31.875_150.375_dep0-5.dat,-31.875_150.375,333,Australia,dep0-5
155,IDX_-32.125_150.125_dep0-5.dat,-32.125_150.125,730,Australia,dep0-5
156,IDX_-32.125_150.375_dep0-5.dat,-32.125_150.375,731,Australia,dep0-5
157,IDX_-32.375_149.875_dep0-5.dat,-32.375_149.875,414,Australia,dep0-5
158,IDX_-32.375_150.375_dep0-5.dat,-32.375_150.375,683,Australia,dep0-5
159,IDX_-32.625_150.375_dep0-5.dat,-32.625_150.375,542,Australia,dep0-5
160,IDX_-33.875_147.125_dep0-8.dat,-33.875_147.125,3377,Australia,dep0-8
161,IDX_-34.125_146.375_dep0-8.dat,-34.125_146.375,3266,Australia,dep0-8
162,IDX_-34.625_143.625_dep0-8.dat,-34.625_143.625,3423,Australia,dep0-8
163,IDX_-34.625_144.875_dep0-8.dat,-34.625_144.875,3412,Australia,dep0-8
164,IDX_-34.625_145.875_dep0-5.dat,-34.625_145.875,3213,Australia,dep0-5
165,IDX_-34.625_146.125_dep0-5.dat,-34.625_146.125,4017,Australia,dep0-5
166,IDX_-34.625_146.375_dep0-8.dat,-34.625_146.375,3451,Australia,dep0-8
167,IDX_-34.625_148.125_dep0-8.dat,-34.625_148.125,3042,Australia,dep0-8
168,IDX_-34.875_145.875_dep0-5.dat,-34.875_145.875,2685,Australia,dep0-5
169,IDX_-34.875_146.125_dep0-5.dat,-34.875_146.125,3834,Australia,dep0-5
170,IDX_-34.875_146.375_dep0-5.dat,-34.875_146.375,3040,Australia,dep0-5
171,IDX_-35.125_145.875_dep0-5.dat,-35.125_145.875,3112,Australia,dep0-5
172,IDX_-35.125_146.125_dep0-5.dat,-35.125_146.125,3178,Australia,dep0-5
173,IDX_-35.125_146.375_dep0-5.dat,-35.125_146.375,4034,Australia,dep0-5
174,IDX_-35.125_147.375_dep0-5.dat,-35.125_147.375,2854,Australia,dep0-5
175,IDX_-35.125_147.625_dep0-5.dat,-35.125_147.625,2296,Australia,dep0-5
176,IDX_-35.375_147.375_dep0-5.dat,-35.375_147.375,3341,Australia,dep0-5
177,IDX_-35.375_147.625_dep0-8.dat,-35.375_147.625,3666,Australia,dep0-8
178,IDX_-35.375_148.125_dep0-8.dat,-35.375_148.125,4136,Australia,dep0-8
179,IDX_-35.375_149.125_dep0-8.dat,-35.375_149.125,3396,Australia,dep0-8
180,IDX_-36.375_148.875_dep0-8.dat,-36.375_148.875,3548,Australia,dep0-8
181,IDX_-4.125_-38.625_dep10-10.dat,-4.125_-38.625,639,SAmerica,dep10-10
182,IDX_-4.125_-39.125_dep10-10.dat,-4.125_-39.125,965,SAmerica,dep10-10
183,IDX_-4.125_-39.375_dep10-10.dat,-4.125_-39.375,1139,SAmerica,dep10-10
184,IDX_-4.125_-40.625_dep10-10.dat,-4.125_-40.625,940,SAmerica,dep10-10
185,IDX_-4.125_-40.875_dep10-10.dat,-4.125_-40.875,290,SAmerica,dep10-10
186,IDX_-4.375_-38.625_dep10-10.dat,-4.375_-38.625,394,SAmerica,dep10-10
187,IDX_-4.375_-38.875_dep10-10.dat,-4.375_-38.875,369,SAmerica,dep10-10
188,IDX_-4.375_-41.375_dep10-10.dat,-4.375_-41.375,561,SAmerica,dep10-10
189,IDX_-4.625_-37.875_dep10-10.dat,-4.625_-37.875,355,SAmerica,dep10-10
190,IDX_-4.625_-38.625_dep10-10.dat,-4.625_-38.625,595,SAmerica,dep10-10
191,IDX_-4.625_-38.875_dep10-10.dat,-4.625_-38.875,700,SAmerica,dep10-10
192,IDX_-4.625_-39.625_dep10-10.dat,-4.625_-39.625,1066,SAmerica,dep10-10
193,IDX_-4.875_-38.125_dep10-10.dat,-4.875_-38.125,785,SAmerica,dep10-10
194,IDX_-4.875_-38.625_dep10-10.dat,-4.875_-38.625,566,SAmerica,dep10-10
195,IDX_-4.875_-39.125_dep10-10.dat,-4.875_-39.125,338,SAmerica,dep10-10
196,IDX_-4.875_-39.625_dep10-10.dat,-4.875_-39.625,214,SAmerica,dep10-10
197,IDX_-4.875_-40.375_dep10-10.dat,-4.875_-40.375,153,SAmerica,dep10-10
198,IDX_-40.875_-73.125_dep7-7.dat,-40.875_-73.125,1156,SAmerica,dep7-7
199,IDX_-5.125_-36.125_dep10-10.dat,-5.125_-36.125,268,SAmerica,dep10-10
200,IDX_-5.125_-38.375_dep10-10.dat,-5.125_-38.375,426,SAmerica,dep10-10
201,IDX_-5.125_-38.875_dep10-10.dat,-5.125_-38.875,467,SAmerica,dep10-10
202,IDX_-5.125_-39.875_dep10-10.dat,-5.125_-39.875,551,SAmerica,dep10-10
203,IDX_-5.375_-38.125_dep10-10.dat,-5.375_-38.125,316,SAmerica,dep10-10
204,IDX_-5.375_-38.375_dep10-10.dat,-5.375_-38.375,596,SAmerica,dep10-10
205,IDX_-5.375_-39.625_dep10-10.dat,-5.375_-39.625,1108,SAmerica,dep10-10
206,IDX_-5.375_-40.875_dep10-10.dat,-5.375_-40.875,455,SAmerica,dep10-10
207,IDX_-5.375_-41.375_dep10-10.dat,-5.375_-41.375,473,SAmerica,dep10-10
208,IDX_-5.375_-41.625_dep10-10.dat,-5.375_-41.625,423,SAmerica,dep10-10
209,IDX_-5.625_-35.625_dep10-10.dat,-5.625_-35.625,783,SAmerica,dep10-10
210,IDX_-5.625_-36.625_dep10-10.dat,-5.625_-36.625,501,SAmerica,dep10-10
211,IDX_-5.625_-38.375_dep10-10.dat,-5.625_-38.375,194,SAmerica,dep10-10
212,IDX_-5.625_-38.875_dep10-10.dat,-5.625_-38.875,379,SAmerica,dep10-10
213,IDX_-5.625_-39.125_dep10-10.dat,-5.625_-39.125,648,SAmerica,dep10-10
214,IDX_-5.625_-39.625_dep10-10.dat,-5.625_-39.625,434,SAmerica,dep10-10
215,IDX_-5.875_-35.625_dep10-10.dat,-5.875_-35.625,634,SAmerica,dep10-10
216,IDX_-5.875_-37.375_dep10-10.dat,-5.875_-37.375,1051,SAmerica,dep10-10
217,IDX_-5.875_-37.625_dep10-10.dat,-5.875_-37.625,708,SAmerica,dep10-10
218,IDX_-5.875_-38.375_dep10-10.dat,-5.875_-38.375,131,SAmerica,dep10-10
219,IDX_-5.875_-38.625_dep10-10.dat,-5.875_-38.625,1179,SAmerica,dep10-10
220,IDX_-6.125_-36.375_dep10-10.dat,-6.125_-36.375,814,SAmerica,dep10-10
221,IDX_-6.125_-37.875_dep10-10.dat,-6.125_-37.875,641,SAmerica,dep10-10
222,IDX_-6.125_-38.125_dep10-10.dat,-6.125_-38.125,746,SAmerica,dep10-10
223,IDX_-6.125_-38.625_dep10-10.dat,-6.125_-38.625,683,SAmerica,dep10-10
224,IDX_-6.125_-39.125_dep10-10.dat,-6.125_-39.125,174,SAmerica,dep10-10
225,IDX_-6.125_-39.625_dep10-10.dat,-6.125_-39.625,982,SAmerica,dep10-10
226,IDX_-6.125_-39.875_dep10-10.dat,-6.125_-39.875,984,SAmerica,dep10-10
227,IDX_-6.125_-41.375_dep10-10.dat,-6.125_-41.375,819,SAmerica,dep10-10
228,IDX_-6.375_-35.375_dep10-10.dat,-6.375_-35.375,949,SAmerica,dep10-10
229,IDX_-6.375_-37.125_dep10-10.dat,-6.375_-37.125,1157,SAmerica,dep10-10
230,IDX_-6.375_-37.625_dep10-10.dat,-6.375_-37.625,679,SAmerica,dep10-10
231,IDX_-6.375_-39.125_dep10-10.dat,-6.375_-39.125,103,SAmerica,dep10-10
232,IDX_-6.375_-39.375_dep10-10.dat,-6.375_-39.375,384,SAmerica,dep10-10
233,IDX_-6.625_-35.625_dep10-10.dat,-6.625_-35.625,639,SAmerica,dep10-10
234,IDX_-6.625_-36.375_dep10-10.dat,-6.625_-36.375,1063,SAmerica,dep10-10
235,IDX_-6.625_-36.625_dep10-10.dat,-6.625_-36.625,1229,SAmerica,dep10-10
236,IDX_-6.625_-36.875_dep10-10.dat,-6.625_-36.875,886,SAmerica,dep10-10
237,IDX_-6.625_-37.625_dep10-10.dat,-6.625_-37.625,683,SAmerica,dep10-10
238,IDX_-6.625_-38.375_dep10-10.dat,-6.625_-38.375,212,SAmerica,dep10-10
239,IDX_-6.625_-38.625_dep10-10.dat,-6.625_-38.625,1192,SAmerica,dep10-10
240,IDX_-6.625_-41.625_dep10-10.dat,-6.625_-41.625,297,SAmerica,dep10-10
241,IDX_-6.875_-35.875_dep10-10.dat,-6.875_-35.875,731,SAmerica,dep10-10
242,IDX_-6.875_-36.625_dep10-10.dat,-6.875_-36.625,958,SAmerica,dep10-10
243,IDX_-6.875_-37.125_dep10-10.dat,-6.875_-37.125,1095,SAmerica,dep10-10
244,IDX_-6.875_-37.375_dep10-10.dat,-6.875_-37.375,762,SAmerica,dep10-10
245,IDX_-6.875_-37.875_dep10-10.dat,-6.875_-37.875,875,SAmerica,dep10-10
246,IDX_-6.875_-38.375_dep10-10.dat,-6.875_-38.375,651,SAmerica,dep10-10
247,IDX_-6.875_-38.875_dep10-10.dat,-6.875_-38.875,439,SAmerica,dep10-10
248,IDX_-6.875_-39.375_dep10-10.dat,-6.875_-39.375,163,SAmerica,dep10-10
249,IDX_-6.875_-39.875_dep10-10.dat,-6.875_-39.875,483,SAmerica,dep10-10
250,IDX_-6.875_-41.625_dep10-10.dat,-6.875_-41.625,342,SAmerica,dep10-10
251,IDX_-6.875_-42.375_dep10-10.dat,-6.875_-42.375,385,SAmerica,dep10-10
252,IDX_-6.875_-42.625_dep10-10.dat,-6.875_-42.625,1103,SAmerica,dep10-10
253,IDX_-7.125_-36.375_dep10-10.dat,-7.125_-36.375,1208,SAmerica,dep10-10
254,IDX_-7.125_-36.625_dep10-10.dat,-7.125_-36.625,797,SAmerica,dep10-10
255,IDX_-7.125_-37.375_dep10-10.dat,-7.125_-37.375,920,SAmerica,dep10-10
256,IDX_-7.125_-38.375_dep10-10.dat,-7.125_-38.375,863,SAmerica,dep10-10
257,IDX_-7.125_-38.875_dep10-10.dat,-7.125_-38.875,416,SAmerica,dep10-10
258,IDX_-7.125_-39.375_dep10-10.dat,-7.125_-39.375,833,SAmerica,dep10-10
259,IDX_-7.125_-39.875_dep10-10.dat,-7.125_-39.875,417,SAmerica,dep10-10
260,IDX_-7.125_-40.625_dep10-10.dat,-7.125_-40.625,1072,SAmerica,dep10-10
261,IDX_-7.125_-40.875_dep10-10.dat,-7.125_-40.875,888,SAmerica,dep10-10
262,IDX_-7.125_-41.375_dep10-10.dat,-7.125_-41.375,1126,SAmerica,dep10-10
263,IDX_-7.125_-42.625_dep10-10.dat,-7.125_-42.625,258,SAmerica,dep10-10
264,IDX_-7.375_-35.375_dep10-10.dat,-7.375_-35.375,801,SAmerica,dep10-10
265,IDX_-7.375_-35.875_dep10-10.dat,-7.375_-35.875,526,SAmerica,dep10-10
266,IDX_-7.375_-36.875_dep10-10.dat,-7.375_-36.875,701,SAmerica,dep10-10
267,IDX_-7.375_-38.125_dep10-10.dat,-7.375_-38.125,730,SAmerica,dep10-10
268,IDX_-7.375_-38.875_dep10-10.dat,-7.375_-38.875,1201,SAmerica,dep10-10
269,IDX_-7.375_-39.125_dep10-10.dat,-7.375_-39.125,442,SAmerica,dep10-10
270,IDX_-7.375_-39.375_dep10-10.dat,-7.375_-39.375,623,SAmerica,dep10-10
271,IDX_-7.375_-41.125_dep10-10.dat,-7.375_-41.125,219,SAmerica,dep10-10
272,IDX_-7.375_-41.875_dep10-10.dat,-7.375_-41.875,327,SAmerica,dep10-10
273,IDX_-7.625_-35.875_dep10-10.dat,-7.625_-35.875,864,SAmerica,dep10-10
274,IDX_-7.625_-36.125_dep10-10.dat,-7.625_-36.125,1212,SAmerica,dep10-10
275,IDX_-7.625_-37.375_dep10-10.dat,-7.625_-37.375,1240,SAmerica,dep10-10
276,IDX_-7.625_-37.875_dep10-10.dat,-7.625_-37.875,671,SAmerica,dep10-10
277,IDX_-7.625_-38.375_dep10-10.dat,-7.625_-38.375,902,SAmerica,dep10-10
278,IDX_-7.625_-38.875_dep10-10.dat,-7.625_-38.875,690,SAmerica,dep10-10
279,IDX_-7.625_-39.625_dep10-10.dat,-7.625_-39.625,809,SAmerica,dep10-10
280,IDX_-7.625_-40.125_dep10-10.dat,-7.625_-40.125,323,SAmerica,dep10-10
281,IDX_-7.625_-40.875_dep10-10.dat,-7.625_-40.875,457,SAmerica,dep10-10
282,IDX_-7.625_-44.125_dep10-10.dat,-7.625_-44.125,240,SAmerica,dep10-10
283,IDX_-7.875_-35.625_dep10-10.dat,-7.875_-35.625,491,SAmerica,dep10-10
284,IDX_-7.875_-35.875_dep10-10.dat,-7.875_-35.875,1143,SAmerica,dep10-10
285,IDX_-7.875_-36.125_dep10-10.dat,-7.875_-36.125,838,SAmerica,dep10-10
286,IDX_-7.875_-36.875_dep10-10.dat,-7.875_-36.875,1090,SAmerica,dep10-10
287,IDX_-7.875_-37.125_dep10-10.dat,-7.875_-37.125,790,SAmerica,dep10-10
288,IDX_-7.875_-37.375_dep10-10.dat,-7.875_-37.375,242,SAmerica,dep10-10
289,IDX_-7.875_-39.375_dep10-10.dat,-7.875_-39.375,558,SAmerica,dep10-10
290,IDX_-7.875_-39.875_dep10-10.dat,-7.875_-39.875,1051,SAmerica,dep10-10
291,IDX_-7.875_-40.125_dep10-10.dat,-7.875_-40.125,772,SAmerica,dep10-10
292,IDX_-7.875_-41.125_dep10-10.dat,-7.875_-41.125,687,SAmerica,dep10-10
293,IDX_-7.875_-41.875_dep10-10.dat,-7.875_-41.875,364,SAmerica,dep10-10
294,IDX_-8.125_-35.625_dep10-10.dat,-8.125_-35.625,493,SAmerica,dep10-10
295,IDX_-8.125_-35.875_dep10-10.dat,-8.125_-35.875,979,SAmerica,dep10-10
296,IDX_-8.125_-36.125_dep10-10.dat,-8.125_-36.125,596,SAmerica,dep10-10
297,IDX_-8.125_-36.375_dep10-10.dat,-8.125_-36.375,1333,SAmerica,dep10-10
298,IDX_-8.125_-37.125_dep10-10.dat,-8.125_-37.125,1166,SAmerica,dep10-10
299,IDX_-8.125_-38.625_dep10-10.dat,-8.125_-38.625,1207,SAmerica,dep10-10
300,IDX_-8.125_-39.625_dep10-10.dat,-8.125_-39.625,1299,SAmerica,dep10-10
301,IDX_-8.125_-40.625_dep10-10.dat,-8.125_-40.625,444,SAmerica,dep10-10
302,IDX_-8.125_-40.875_dep10-10.dat,-8.125_-40.875,567,SAmerica,dep10-10
303,IDX_-8.125_-42.125_dep10-10.dat,-8.125_-42.125,859,SAmerica,dep10-10
304,IDX_-8.125_-42.875_dep10-10.dat,-8.125_-42.875,816,SAmerica,dep10-10
305,IDX_-8.375_-36.375_dep10-10.dat,-8.375_-36.375,412,SAmerica,dep10-10
306,IDX_-8.375_-36.625_dep10-10.dat,-8.375_-36.625,1329,SAmerica,dep10-10
307,IDX_-8.375_-36.875_dep10-10.dat,-8.375_-36.875,329,SAmerica,dep10-10
308,IDX_-8.375_-40.625_dep10-10.dat,-8.375_-40.625,755,SAmerica,dep10-10
309,IDX_-8.375_-41.625_dep10-10.dat,-8.375_-41.625,374,SAmerica,dep10-10
310,IDX_-8.375_-43.875_dep10-10.dat,-8.375_-43.875,399,SAmerica,dep10-10
311,IDX_-8.625_-36.625_dep10-10.dat,-8.625_-36.625,638,SAmerica,dep10-10
312,IDX_-8.625_-36.875_dep10-10.dat,-8.625_-36.875,417,SAmerica,dep10-10
313,IDX_-8.625_-37.625_dep10-10.dat,-8.625_-37.625,1266,SAmerica,dep10-10
314,IDX_-8.625_-38.625_dep10-10.dat,-8.625_-38.625,788,SAmerica,dep10-10
315,IDX_-8.625_-39.125_dep10-10.dat,-8.625_-39.125,158,SAmerica,dep10-10
316,IDX_-8.625_-39.625_dep10-10.dat,-8.625_-39.625,777,SAmerica,dep10-10
317,IDX_-8.625_-42.125_dep10-10.dat,-8.625_-42.125,533,SAmerica,dep10-10
318,IDX_-8.875_-36.125_dep10-10.dat,-8.875_-36.125,241,SAmerica,dep10-10
319,IDX_-8.875_-36.625_dep10-10.dat,-8.875_-36.625,646,SAmerica,dep10-10
320,IDX_-8.875_-36.875_dep10-10.dat,-8.875_-36.875,854,SAmerica,dep10-10
321,IDX_-8.875_-37.625_dep10-10.dat,-8.875_-37.625,689,SAmerica,dep10-10
322,IDX_-8.875_-37.875_dep10-10.dat,-8.875_-37.875,598,SAmerica,dep10-10
323,IDX_-8.875_-39.125_dep10-10.dat,-8.875_-39.125,539,SAmerica,dep10-10
324,IDX_-8.875_-39.875_dep10-10.dat,-8.875_-39.875,464,SAmerica,dep10-10
325,IDX_-8.875_-40.375_dep10-10.dat,-8.875_-40.375,687,SAmerica,dep10-10
326,IDX_-9.125_-36.625_dep10-10.dat,-9.125_-36.625,1369,SAmerica,dep10-10
327,IDX_-9.125_-37.375_dep10-10.dat,-9.125_-37.375,1304,SAmerica,dep10-10
328,IDX_-9.125_-37.875_dep10-10.dat,-9.125_-37.875,289,SAmerica,dep10-10
329,IDX_-9.125_-38.125_dep10-10.dat,-9.125_-38.125,891,SAmerica,dep10-10
330,IDX_-9.125_-40.375_dep10-10.dat,-9.125_-40.375,1255,SAmerica,dep10-10
331,IDX_-9.125_-44.375_dep10-10.dat,-9.125_-44.375,953,SAmerica,dep10-10
332,IDX_-9.375_-36.625_dep10-10.dat,-9.375_-36.625,1022,SAmerica,dep10-10
333,IDX_-9.375_-37.375_dep10-10.dat,-9.375_-37.375,417,SAmerica,dep10-10
334,IDX_-9.375_-37.625_dep10-10.dat,-9.375_-37.625,815,SAmerica,dep10-10
335,IDX_-9.375_-38.125_dep10-10.dat,-9.375_-38.125,1028,SAmerica,dep10-10
336,IDX_-9.375_-38.375_dep10-10.dat,-9.375_-38.375,422,SAmerica,dep10-10
337,IDX_-9.625_-37.125_dep10-10.dat,-9.625_-37.125,1175,SAmerica,dep10-10
338,IDX_-9.625_-37.375_dep10-10.dat,-9.625_-37.375,409,SAmerica,dep10-10
339,IDX_-9.875_-36.875_dep10-10.dat,-9.875_-36.875,249,SAmerica,dep10-10
340,IDX_-9.875_-37.375_dep10-10.dat,-9.875_-37.375,416,SAmerica,dep10-10
341,IDX_-9.875_-38.375_dep10-10.dat,-9.875_-38.375,1043,SAmerica,dep10-10
342,IDX_-9.875_-39.375_dep10-10.dat,-9.875_-39.375,1202,SAmerica,dep10-10
343,IDX_-9.875_-39.875_dep10-10.dat,-9.875_-39.875,388,SAmerica,dep10-10
344,IDX_-9.875_-41.875_dep10-10.dat,-9.875_-41.875,1153,SAmerica,dep10-10
345,IDX_-9.875_-42.625_dep10-10.dat,-9.875_-42.625,121,SAmerica,dep10-10
346,IDX_0.375_36.875_dep0-10.dat,0.375_36.875,2697,Africa,dep0-10
347,IDX_1.875_103.375_dep0-5.dat,1.875_103.375,580,Asia,dep0-5
348,IDX_13.375_30.375_dep5-5.dat,13.375_30.375,1745,Africa,dep5-5
349,IDX_13.625_2.625_dep5-5.dat,13.625_2.625,4556,Africa,dep5-5
350,IDX_15.375_-15.375_dep5-5.dat,15.375_-15.375,2995,Africa,dep5-5
351,IDX_18.125_-66.625_dep5-5.dat,18.125_-66.625,3389,NAmerica,dep5-5
352,IDX_18.125_-66.875_dep5-5.dat,18.125_-66.875,5346,NAmerica,dep5-5
353,IDX_18.375_-66.125_dep5-5.dat,18.375_-66.125,1140,NAmerica,dep5-5
354,IDX_19.625_-155.875_dep5-5.dat,19.625_-155.875,4554,NAmerica,dep5-5
355,IDX_19.875_-155.375_dep5-5.dat,19.875_-155.375,4870,NAmerica,dep5-5
356,IDX_19.875_-155.625_dep5-5.dat,19.875_-155.625,5420,NAmerica,dep5-5
357,IDX_20.125_-155.625_dep5-5.dat,20.125_-155.625,5414,NAmerica,dep5-5
358,IDX_25.625_-80.625_dep5-5.dat,25.625_-80.625,5735,NAmerica,dep5-5
359,IDX_25.875_-81.375_dep5-5.dat,25.875_-81.375,3338,NAmerica,dep5-5
360,IDX_26.125_-97.875_dep5-5.dat,26.125_-97.875,1626,NAmerica,dep5-5
361,IDX_26.625_-98.125_dep5-5.dat,26.625_-98.125,3435,NAmerica,dep5-5
362,IDX_26.625_80.125_dep10-10.dat,26.625_80.125,476,Asia,dep10-10
363,IDX_27.125_-81.375_dep5-5.dat,27.125_-81.375,2175,NAmerica,dep5-5
364,IDX_27.625_-97.875_dep5-5.dat,27.625_-97.875,1144,NAmerica,dep5-5
365,IDX_28.375_-96.875_dep5-5.dat,28.375_-96.875,1919,NAmerica,dep5-5
366,IDX_29.125_-81.625_dep5-5.dat,29.125_-81.625,5080,NAmerica,dep5-5
367,IDX_29.375_-100.375_dep5-5.dat,29.375_-100.375,1921,NAmerica,dep5-5
368,IDX_29.375_-103.125_dep5-5.dat,29.375_-103.125,3520,NAmerica,dep5-5
369,IDX_30.125_-91.875_dep5-5.dat,30.125_-91.875,3548,NAmerica,dep5-5
370,IDX_30.125_-94.375_dep5-5.dat,30.125_-94.375,1148,NAmerica,dep5-5
371,IDX_30.125_-95.875_dep5-5.dat,30.125_-95.875,6865,NAmerica,dep5-5
372,IDX_30.375_-84.375_dep5-5.dat,30.375_-84.375,5186,NAmerica,dep5-5
373,IDX_30.375_-88.625_dep5-5.dat,30.375_-88.625,5700,NAmerica,dep5-5
374,IDX_30.375_114.625_dep10-10.dat,30.375_114.625,64,Asia,dep10-10
375,IDX_30.625_-87.625_dep5-5.dat,30.625_-87.625,2400,NAmerica,dep5-5
376,IDX_30.625_-87.875_dep5-5.dat,30.625_-87.875,3452,NAmerica,dep5-5
377,IDX_30.625_-98.125_dep5-5.dat,30.625_-98.125,3431,NAmerica,dep5-5
378,IDX_30.875_110.875_dep10-10.dat,30.875_110.875,84,Asia,dep10-10
379,IDX_31.125_-84.375_dep5-5.dat,31.125_-84.375,2602,NAmerica,dep5-5
380,IDX_31.125_-85.125_dep5-5.dat,31.125_-85.125,2573,NAmerica,dep5-5
381,IDX_31.125_-87.625_dep5-5.dat,31.125_-87.625,3001,NAmerica,dep5-5
382,IDX_31.125_91.625_dep0-5.dat,31.125_91.625,1321,Asia,dep0-5
383,IDX_31.125_91.875_dep0-5.dat,31.125_91.875,1042,Asia,dep0-5
384,IDX_31.125_92.125_dep0-5.dat,31.125_92.125,1303,Asia,dep0-5
385,IDX_31.125_92.375_dep0-5.dat,31.125_92.375,1143,Asia,dep0-5
386,IDX_31.375_-84.375_dep5-5.dat,31.375_-84.375,3546,NAmerica,dep5-5
387,IDX_31.375_-96.875_dep5-5.dat,31.375_-96.875,1423,NAmerica,dep5-5
388,IDX_31.375_91.875_dep0-5.dat,31.375_91.875,1467,Asia,dep0-5
389,IDX_31.375_92.125_dep0-5.dat,31.375_92.125,1444,Asia,dep0-5
390,IDX_31.625_-100.625_dep5-5.dat,31.625_-100.625,1894,NAmerica,dep5-5
391,IDX_31.625_-102.875_dep5-5.dat,31.625_-102.875,3495,NAmerica,dep5-5
392,IDX_31.625_-109.875_dep5-5.dat,31.625_-109.875,581,NAmerica,dep5-5
393,IDX_31.625_-110.125_dep5-5.dat,31.625_-110.125,5306,NAmerica,dep5-5
394,IDX_31.625_-110.625_dep5-5.dat,31.625_-110.625,3103,NAmerica,dep5-5
395,IDX_31.625_-83.625_dep5-5.dat,31.625_-83.625,7242,NAmerica,dep5-5
396,IDX_31.625_91.625_dep0-5.dat,31.625_91.625,1389,Asia,dep0-5
397,IDX_31.625_91.875_dep0-5.dat,31.625_91.875,1386,Asia,dep0-5
398,IDX_31.625_92.125_dep0-5.dat,31.625_92.125,1397,Asia,dep0-5
399,IDX_31.625_92.375_dep0-5.dat,31.625_92.375,1337,Asia,dep0-5
400,IDX_31.875_-95.625_dep5-5.dat,31.875_-95.625,2266,NAmerica,dep5-5
401,IDX_31.875_91.625_dep0-5.dat,31.875_91.625,1375,Asia,dep0-5
402,IDX_31.875_91.875_dep0-5.dat,31.875_91.875,1196,Asia,dep0-5
403,IDX_32.125_-100.125_dep5-5.dat,32.125_-100.125,3340,NAmerica,dep5-5
404,IDX_32.125_-111.125_dep5-5.dat,32.125_-111.125,3547,NAmerica,dep5-5
405,IDX_32.375_-107.375_dep10-10.dat,32.375_-107.375,645,NAmerica,dep10-10
406,IDX_32.375_-85.875_dep5-5.dat,32.375_-85.875,4865,NAmerica,dep5-5
407,IDX_32.375_-86.125_dep5-5.dat,32.375_-86.125,1390,NAmerica,dep5-5
408,IDX_32.375_-86.875_dep5-5.dat,32.375_-86.875,2033,NAmerica,dep5-5
409,IDX_32.375_-87.125_dep5-5.dat,32.375_-87.125,2091,NAmerica,dep5-5
410,IDX_32.375_-89.125_dep5-5.dat,32.375_-89.125,4775,NAmerica,dep5-5
411,IDX_32.375_-98.125_dep5-5.dat,32.375_-98.125,1893,NAmerica,dep5-5
412,IDX_32.625_-106.625_dep5-5.dat,32.625_-106.625,3701,NAmerica,dep5-5
413,IDX_32.625_-81.125_dep5-5.dat,32.625_-81.125,6757,NAmerica,dep5-5
414,IDX_32.625_-88.125_dep5-5.dat,32.625_-88.125,3650,NAmerica,dep5-5
415,IDX_32.875_-114.125_dep5-5.dat,32.875_-114.125,2352,NAmerica,dep5-5
416,IDX_32.875_-90.625_dep5-5.dat,32.875_-90.625,3552,NAmerica,dep5-5
417,IDX_32.875_-90.875_dep5-5.dat,32.875_-90.875,5422,NAmerica,dep5-5
418,IDX_32.875_-92.125_dep5-5.dat,32.875_-92.125,3482,NAmerica,dep5-5
419,IDX_33.125_-79.375_dep5-5.dat,33.125_-79.375,3685,NAmerica,dep5-5
420,IDX_33.125_-88.375_dep5-5.dat,33.125_-88.375,2657,NAmerica,dep5-5
421,IDX_33.125_-90.625_dep5-5.dat,33.125_-90.625,5355,NAmerica,dep5-5
422,IDX_33.125_-91.125_dep5-5.dat,33.125_-91.125,4914,NAmerica,dep5-5
423,IDX_33.375_-105.875_dep5-5.dat,33.375_-105.875,4570,NAmerica,dep5-5
424,IDX_33.375_-117.125_dep5-5.dat,33.375_-117.125,3548,NAmerica,dep5-5
425,IDX_33.375_-81.375_dep5-5.dat,33.375_-81.375,2651,NAmerica,dep5-5
426,IDX_33.375_-85.625_dep5-5.dat,33.375_-85.625,2840,NAmerica,dep5-5
427,IDX_33.375_-90.625_dep5-5.dat,33.375_-90.625,2032,NAmerica,dep5-5
428,IDX_33.375_-99.875_dep5-5.dat,33.375_-99.875,1879,NAmerica,dep5-5
429,IDX_33.625_-102.125_dep5-5.dat,33.625_-102.125,1990,NAmerica,dep5-5
430,IDX_33.625_-102.375_dep5-5.dat,33.625_-102.375,4314,NAmerica,dep5-5
431,IDX_33.625_-102.875_dep5-5.dat,33.625_-102.875,2026,NAmerica,dep5-5
432,IDX_33.625_-103.375_dep5-5.dat,33.625_-103.375,3100,NAmerica,dep5-5
433,IDX_33.625_-103.625_dep5-5.dat,33.625_-103.625,2996,NAmerica,dep5-5
434,IDX_33.625_-115.125_dep5-5.dat,33.625_-115.125,2244,NAmerica,dep5-5
435,IDX_33.625_-88.875_dep5-5.dat,33.625_-88.875,5308,NAmerica,dep5-5
436,IDX_33.625_-90.625_dep5-5.dat,33.625_-90.625,4482,NAmerica,dep5-5
437,IDX_33.625_-91.125_dep5-5.dat,33.625_-91.125,5674,NAmerica,dep5-5
438,IDX_33.625_101.875_dep5-5.dat,33.625_101.875,479,Asia,dep5-5
439,IDX_33.625_102.125_dep5-5.dat,33.625_102.125,581,Asia,dep5-5
440,IDX_33.625_102.375_dep5-5.dat,33.625_102.375,572,Asia,dep5-5
441,IDX_33.875_-102.875_dep5-5.dat,33.875_-102.875,3185,NAmerica,dep5-5
442,IDX_33.875_-109.625_dep5-5.dat,33.875_-109.625,4984,NAmerica,dep5-5
443,IDX_33.875_-109.875_dep5-5.dat,33.875_-109.875,1258,NAmerica,dep5-5
444,IDX_33.875_-115.375_dep5-5.dat,33.875_-115.375,2364,NAmerica,dep5-5
445,IDX_33.875_-83.375_dep5-5.dat,33.875_-83.375,7012,NAmerica,dep5-5
446,IDX_33.875_-90.875_dep5-5.dat,33.875_-90.875,6290,NAmerica,dep5-5
447,IDX_33.875_101.625_dep5-5.dat,33.875_101.625,370,Asia,dep5-5
448,IDX_33.875_101.875_dep5-5.dat,33.875_101.875,500,Asia,dep5-5
449,IDX_33.875_102.125_dep5-5.dat,33.875_102.125,554,Asia,dep5-5
450,IDX_33.875_102.375_dep5-5.dat,33.875_102.375,519,Asia,dep5-5
451,IDX_33.875_102.625_dep5-5.dat,33.875_102.625,566,Asia,dep5-5
452,IDX_34.125_-86.875_dep5-5.dat,34.125_-86.875,4568,NAmerica,dep5-5
453,IDX_34.125_-87.375_dep5-5.dat,34.125_-87.375,3032,NAmerica,dep5-5
454,IDX_34.125_-89.875_dep5-5.dat,34.125_-89.875,5914,NAmerica,dep5-5
455,IDX_34.125_-90.375_dep5-5.dat,34.125_-90.375,5090,NAmerica,dep5-5
456,IDX_34.125_-99.375_dep5-5.dat,34.125_-99.375,1692,NAmerica,dep5-5
457,IDX_34.125_101.875_dep5-5.dat,34.125_101.875,491,Asia,dep5-5
458,IDX_34.125_102.375_dep5-5.dat,34.125_102.375,539,Asia,dep5-5
459,IDX_34.375_-105.375_dep5-5.dat,34.375_-105.375,6751,NAmerica,dep5-5
460,IDX_34.375_-106.625_dep5-5.dat,34.375_-106.625,2674,NAmerica,dep5-5
461,IDX_34.375_-106.875_dep5-5.dat,34.375_-106.875,3401,NAmerica,dep5-5
462,IDX_34.375_-111.375_dep5-5.dat,34.375_-111.375,2672,NAmerica,dep5-5
463,IDX_34.375_-79.625_dep5-5.dat,34.375_-79.625,5877,NAmerica,dep5-5
464,IDX_34.375_-85.875_dep5-5.dat,34.375_-85.875,3719,NAmerica,dep5-5
465,IDX_34.375_-86.125_dep5-5.dat,34.375_-86.125,4251,NAmerica,dep5-5
466,IDX_34.375_-86.625_dep5-5.dat,34.375_-86.625,5030,NAmerica,dep5-5
467,IDX_34.375_-87.125_dep5-5.dat,34.375_-87.125,3228,NAmerica,dep5-5
468,IDX_34.375_-89.875_dep5-5.dat,34.375_-89.875,5439,NAmerica,dep5-5
469,IDX_34.375_-91.375_dep5-5.dat,34.375_-91.375,4862,NAmerica,dep5-5
470,IDX_34.375_-92.125_dep5-5.dat,34.375_-92.125,4238,NAmerica,dep5-5
471,IDX_34.625_-115.125_dep5-5.dat,34.625_-115.125,2506,NAmerica,dep5-5
472,IDX_34.625_-90.375_dep5-5.dat,34.625_-90.375,6233,NAmerica,dep5-5
473,IDX_34.875_-106.875_dep5-5.dat,34.875_-106.875,3645,NAmerica,dep5-5
474,IDX_34.875_-111.375_dep5-5.dat,34.875_-111.375,5103,NAmerica,dep5-5
475,IDX_34.875_-111.625_dep5-5.dat,34.875_-111.625,3488,NAmerica,dep5-5
476,IDX_34.875_-119.375_dep5-5.dat,34.875_-119.375,1661,NAmerica,dep5-5
477,IDX_34.875_-86.125_dep5-5.dat,34.875_-86.125,4079,NAmerica,dep5-5
478,IDX_34.875_-86.625_dep5-5.dat,34.875_-86.625,6382,NAmerica,dep5-5
479,IDX_34.875_-86.875_dep5-5.dat,34.875_-86.875,3023,NAmerica,dep5-5
480,IDX_34.875_-87.875_dep5-5.dat,34.875_-87.875,3089,NAmerica,dep5-5
481,IDX_34.875_-89.375_dep5-5.dat,34.875_-89.375,3088,NAmerica,dep5-5
482,IDX_34.875_-90.875_dep5-5.dat,34.875_-90.875,3664,NAmerica,dep5-5
483,IDX_34.875_-91.875_dep5-5.dat,34.875_-91.875,5243,NAmerica,dep5-5
484,IDX_34.875_-97.875_dep5-5.dat,34.875_-97.875,4281,NAmerica,dep5-5
485,IDX_34.875_-98.125_dep5-5.dat,34.875_-98.125,2207,NAmerica,dep5-5
486,IDX_35.125_-102.125_dep5-5.dat,35.125_-102.125,5635,NAmerica,dep5-5
487,IDX_35.125_-112.125_dep5-5.dat,35.125_-112.125,3336,NAmerica,dep5-5
488,IDX_35.125_-119.625_dep5-5.dat,35.125_-119.625,2408,NAmerica,dep5-5
489,IDX_35.125_-86.125_dep5-5.dat,35.125_-86.125,5496,NAmerica,dep5-5
490,IDX_35.125_-86.625_dep5-5.dat,35.125_-86.625,4700,NAmerica,dep5-5
491,IDX_35.125_-86.875_dep5-5.dat,35.125_-86.875,4808,NAmerica,dep5-5
492,IDX_35.125_-92.875_dep5-5.dat,35.125_-92.875,4929,NAmerica,dep5-5
493,IDX_35.125_-96.625_dep5-5.dat,35.125_-96.625,707,NAmerica,dep5-5
494,IDX_35.375_-111.625_dep5-5.dat,35.375_-111.625,3302,NAmerica,dep5-5
495,IDX_35.375_-112.125_dep5-5.dat,35.375_-112.125,2063,NAmerica,dep5-5
496,IDX_35.375_-115.625_dep5-5.dat,35.375_-115.625,2009,NAmerica,dep5-5
497,IDX_35.375_-82.625_dep5-5.dat,35.375_-82.625,3446,NAmerica,dep5-5
498,IDX_35.375_-90.375_dep5-5.dat,35.375_-90.375,5231,NAmerica,dep5-5
499,IDX_35.375_-96.625_dep5-5.dat,35.375_-96.625,1480,NAmerica,dep5-5
500,IDX_35.375_-98.875_dep5-5.dat,35.375_-98.875,3435,NAmerica,dep5-5
501,IDX_35.625_-105.875_dep5-5.dat,35.625_-105.875,1992,NAmerica,dep5-5
502,IDX_35.625_-95.875_dep5-5.dat,35.625_-95.875,621,NAmerica,dep5-5
503,IDX_35.625_-96.125_dep2-2.dat,35.625_-96.125,858,NAmerica,dep2-2
504,IDX_35.625_-96.875_dep5-5.dat,35.625_-96.875,3903,NAmerica,dep5-5
505,IDX_35.625_-98.125_dep5-5.dat,35.625_-98.125,6748,NAmerica,dep5-5
506,IDX_35.875_-105.625_dep5-5.dat,35.875_-105.625,1641,NAmerica,dep5-5
507,IDX_35.875_-105.875_dep5-5.dat,35.875_-105.875,1248,NAmerica,dep5-5
508,IDX_35.875_-106.375_dep5-5.dat,35.875_-106.375,1400,NAmerica,dep5-5
509,IDX_35.875_-106.625_dep5-5.dat,35.875_-106.625,2377,NAmerica,dep5-5
510,IDX_35.875_-107.625_dep10-10.dat,35.875_-107.625,471,NAmerica,dep10-10
511,IDX_35.875_-112.375_dep5-5.dat,35.875_-112.375,3173,NAmerica,dep5-5
512,IDX_35.875_-76.625_dep5-5.dat,35.875_-76.625,4958,NAmerica,dep5-5
513,IDX_35.875_-79.125_dep5-5.dat,35.875_-79.125,3412,NAmerica,dep5-5
514,IDX_35.875_-90.875_dep0-7.dat,35.875_-90.875,376,NAmerica,dep0-7
515,IDX_35.875_-91.875_dep5-5.dat,35.875_-91.875,3575,NAmerica,dep5-5
516,IDX_35.875_-98.125_dep2-2.dat,35.875_-98.125,925,NAmerica,dep2-2
517,IDX_36.125_-105.625_dep5-5.dat,36.125_-105.625,1887,NAmerica,dep5-5
518,IDX_36.125_-106.125_dep5-5.dat,36.125_-106.125,2719,NAmerica,dep5-5
519,IDX_36.125_-106.875_dep5-5.dat,36.125_-106.875,2000,NAmerica,dep5-5
520,IDX_36.125_-108.875_dep5-5.dat,36.125_-108.875,2872,NAmerica,dep5-5
521,IDX_36.125_-115.625_dep5-5.dat,36.125_-115.625,4100,NAmerica,dep5-5
522,IDX_36.125_-85.125_dep5-5.dat,36.125_-85.125,2568,NAmerica,dep5-5
523,IDX_36.125_-97.125_dep5-5.dat,36.125_-97.125,3587,NAmerica,dep5-5
524,IDX_36.125_-98.625_dep4-4.dat,36.125_-98.625,1166,NAmerica,dep4-4
525,IDX_36.125_-99.125_dep5-5.dat,36.125_-99.125,4045,NAmerica,dep5-5
526,IDX_36.375_-105.375_dep5-5.dat,36.375_-105.375,2425,NAmerica,dep5-5
527,IDX_36.375_-115.625_dep5-5.dat,36.375_-115.625,4138,NAmerica,dep5-5
528,IDX_36.375_-115.875_dep5-5.dat,36.375_-115.875,4124,NAmerica,dep5-5
529,IDX_36.375_-116.375_dep5-5.dat,36.375_-116.375,726,NAmerica,dep5-5
530,IDX_36.375_-97.875_dep2-2.dat,36.375_-97.875,908,NAmerica,dep2-2
531,IDX_36.375_-98.375_dep5-5.dat,36.375_-98.375,3526,NAmerica,dep5-5
532,IDX_36.625_-101.625_dep5-5.dat,36.625_-101.625,3532,NAmerica,dep5-5
533,IDX_36.625_-105.375_dep5-5.dat,36.625_-105.375,4073,NAmerica,dep5-5
534,IDX_36.625_-106.375_dep5-5.dat,36.625_-106.375,1592,NAmerica,dep5-5
535,IDX_36.625_-108.375_dep10-10.dat,36.625_-108.375,689,NAmerica,dep10-10
536,IDX_36.625_-115.125_dep5-5.dat,36.625_-115.125,3983,NAmerica,dep5-5
537,IDX_36.625_-116.125_dep5-5.dat,36.625_-116.125,3536,NAmerica,dep5-5
538,IDX_36.625_-117.125_dep5-5.dat,36.625_-117.125,2774,NAmerica,dep5-5
539,IDX_36.625_-120.625_dep5-5.dat,36.625_-120.625,1888,NAmerica,dep5-5
540,IDX_36.625_-76.875_dep5-5.dat,36.625_-76.875,5814,NAmerica,dep5-5
541,IDX_36.625_-80.125_dep5-5.dat,36.625_-80.125,4536,NAmerica,dep5-5
542,IDX_36.625_-97.375_dep5-5.dat,36.625_-97.375,4545,NAmerica,dep5-5
543,IDX_36.875_-105.125_dep5-5.dat,36.875_-105.125,1484,NAmerica,dep5-5
544,IDX_36.875_-89.875_dep5-5.dat,36.875_-89.875,4569,NAmerica,dep5-5
545,IDX_36.875_-91.375_dep5-5.dat,36.875_-91.375,568,NAmerica,dep5-5
546,IDX_36.875_-96.375_dep5-5.dat,36.875_-96.375,4269,NAmerica,dep5-5
547,IDX_36.875_-97.125_dep2-2.dat,36.875_-97.125,881,NAmerica,dep2-2
548,IDX_36.875_-98.375_dep5-5.dat,36.875_-98.375,4327,NAmerica,dep5-5
549,IDX_37.125_-105.125_dep5-5.dat,37.125_-105.125,2512,NAmerica,dep5-5
550,IDX_37.125_-112.125_dep5-5.dat,37.125_-112.125,2864,NAmerica,dep5-5
551,IDX_37.125_-113.375_dep5-5.dat,37.125_-113.375,3593,NAmerica,dep5-5
552,IDX_37.125_-120.875_dep5-5.dat,37.125_-120.875,2993,NAmerica,dep5-5
553,IDX_37.125_-86.125_dep5-5.dat,37.125_-86.125,5651,NAmerica,dep5-5
554,IDX_37.125_-87.875_dep5-5.dat,37.125_-87.875,5332,NAmerica,dep5-5
555,IDX_37.125_-92.375_dep5-5.dat,37.125_-92.375,2289,NAmerica,dep5-5
556,IDX_37.125_-93.875_dep5-5.dat,37.125_-93.875,5105,NAmerica,dep5-5
557,IDX_37.125_-95.875_dep5-5.dat,37.125_-95.875,3883,NAmerica,dep5-5
558,IDX_37.125_-97.125_dep5-5.dat,37.125_-97.125,5062,NAmerica,dep5-5
559,IDX_37.125_-97.375_dep5-5.dat,37.125_-97.375,4328,NAmerica,dep5-5
560,IDX_37.125_-98.125_dep2-2.dat,37.125_-98.125,843,NAmerica,dep2-2
561,IDX_37.375_-106.625_dep5-5.dat,37.375_-106.625,2662,NAmerica,dep5-5
562,IDX_37.375_-106.875_dep5-5.dat,37.375_-106.875,3021,NAmerica,dep5-5
563,IDX_37.375_-108.625_dep5-5.dat,37.375_-108.625,2718,NAmerica,dep5-5
564,IDX_37.375_-109.375_dep5-5.dat,37.375_-109.375,3771,NAmerica,dep5-5
565,IDX_37.375_-112.625_dep5-5.dat,37.375_-112.625,4612,NAmerica,dep5-5
566,IDX_37.375_-113.125_dep5-5.dat,37.375_-113.125,2896,NAmerica,dep5-5
567,IDX_37.375_-113.375_dep5-5.dat,37.375_-113.375,3921,NAmerica,dep5-5
568,IDX_37.375_-113.875_dep5-5.dat,37.375_-113.875,4557,NAmerica,dep5-5
569,IDX_37.375_-117.875_dep5-5.dat,37.375_-117.875,2205,NAmerica,dep5-5
570,IDX_37.375_-86.125_dep5-5.dat,37.375_-86.125,3378,NAmerica,dep5-5
571,IDX_37.375_-94.625_dep5-5.dat,37.375_-94.625,2991,NAmerica,dep5-5
572,IDX_37.375_-96.125_dep5-5.dat,37.375_-96.125,3738,NAmerica,dep5-5
573,IDX_37.375_-99.375_dep5-5.dat,37.375_-99.375,3096,NAmerica,dep5-5
574,IDX_37.375_126.875_dep5-5.dat,37.375_126.875,195,Asia,dep5-5
575,IDX_37.625_-107.375_dep5-5.dat,37.625_-107.375,2763,NAmerica,dep5-5
576,IDX_37.625_-107.875_dep5-5.dat,37.625_-107.875,2808,NAmerica,dep5-5
577,IDX_37.625_-108.125_dep5-5.dat,37.625_-108.125,3217,NAmerica,dep5-5
578,IDX_37.625_-109.375_dep5-5.dat,37.625_-109.375,3713,NAmerica,dep5-5
579,IDX_37.625_-111.375_dep5-5.dat,37.625_-111.375,3103,NAmerica,dep5-5
580,IDX_37.625_-112.375_dep5-5.dat,37.625_-112.375,4042,NAmerica,dep5-5
581,IDX_37.625_-112.625_dep5-5.dat,37.625_-112.625,4920,NAmerica,dep5-5
582,IDX_37.625_-112.875_dep5-5.dat,37.625_-112.875,5027,NAmerica,dep5-5
583,IDX_37.625_-113.125_dep5-5.dat,37.625_-113.125,4835,NAmerica,dep5-5
584,IDX_37.625_-113.375_dep5-5.dat,37.625_-113.375,4092,NAmerica,dep5-5
585,IDX_37.625_-113.625_dep5-5.dat,37.625_-113.625,3871,NAmerica,dep5-5
586,IDX_37.625_-113.875_dep5-5.dat,37.625_-113.875,4255,NAmerica,dep5-5
587,IDX_37.625_-115.125_dep5-5.dat,37.625_-115.125,538,NAmerica,dep5-5
588,IDX_37.625_-118.875_dep5-5.dat,37.625_-118.875,2153,NAmerica,dep5-5
589,IDX_37.625_-91.625_dep5-5.dat,37.625_-91.625,3340,NAmerica,dep5-5
590,IDX_37.875_-103.875_dep5-5.dat,37.875_-103.875,2783,NAmerica,dep5-5
591,IDX_37.875_-105.375_dep5-5.dat,37.875_-105.375,2194,NAmerica,dep5-5
592,IDX_37.875_-107.125_dep5-5.dat,37.875_-107.125,2359,NAmerica,dep5-5
593,IDX_37.875_-107.875_dep5-5.dat,37.875_-107.875,1878,NAmerica,dep5-5
594,IDX_37.875_-108.125_dep5-5.dat,37.875_-108.125,4203,NAmerica,dep5-5
595,IDX_37.875_-109.125_dep5-5.dat,37.875_-109.125,3756,NAmerica,dep5-5
596,IDX_37.875_-109.375_dep5-5.dat,37.875_-109.375,5175,NAmerica,dep5-5
597,IDX_37.875_-110.875_dep5-5.dat,37.875_-110.875,1173,NAmerica,dep5-5
598,IDX_37.875_-111.875_dep5-5.dat,37.875_-111.875,4100,NAmerica,dep5-5
599,IDX_37.875_-112.375_dep5-5.dat,37.875_-112.375,2545,NAmerica,dep5-5
600,IDX_37.875_-112.875_dep5-5.dat,37.875_-112.875,1787,NAmerica,dep5-5
601,IDX_37.875_-118.375_dep5-5.dat,37.875_-118.375,3441,NAmerica,dep5-5
602,IDX_37.875_-119.875_dep5-5.dat,37.875_-119.875,2624,NAmerica,dep5-5
603,IDX_37.875_-78.375_dep5-5.dat,37.875_-78.375,2334,NAmerica,dep5-5
604,IDX_37.875_-79.125_dep5-5.dat,37.875_-79.125,5057,NAmerica,dep5-5
605,IDX_37.875_-94.125_dep5-5.dat,37.875_-94.125,1500,NAmerica,dep5-5
606,IDX_37.875_-97.125_dep5-5.dat,37.875_-97.125,3703,NAmerica,dep5-5
607,IDX_37.875_-98.375_dep5-5.dat,37.875_-98.375,3653,NAmerica,dep5-5
608,IDX_37.875_126.875_dep0-10.dat,37.875_126.875,299,Asia,dep0-10
609,IDX_38.125_-106.625_dep5-5.dat,38.125_-106.625,1984,NAmerica,dep5-5
610,IDX_38.125_-109.125_dep5-5.dat,38.125_-109.125,3470,NAmerica,dep5-5
611,IDX_38.125_-110.875_dep5-5.dat,38.125_-110.875,1177,NAmerica,dep5-5
612,IDX_38.125_-111.375_dep5-5.dat,38.125_-111.375,3964,NAmerica,dep5-5
613,IDX_38.125_-112.125_dep5-5.dat,38.125_-112.125,2285,NAmerica,dep5-5
614,IDX_38.125_-112.375_dep5-5.dat,38.125_-112.375,3558,NAmerica,dep5-5
615,IDX_38.125_-119.125_dep5-5.dat,38.125_-119.125,4078,NAmerica,dep5-5
616,IDX_38.125_-120.875_dep5-5.dat,38.125_-120.875,1413,NAmerica,dep5-5
617,IDX_38.125_-78.125_dep5-5.dat,38.125_-78.125,6764,NAmerica,dep5-5
618,IDX_38.125_-84.625_dep5-5.dat,38.125_-84.625,3332,NAmerica,dep5-5
619,IDX_38.125_-95.625_dep5-5.dat,38.125_-95.625,2982,NAmerica,dep5-5
620,IDX_38.125_-97.625_dep5-5.dat,38.125_-97.625,3130,NAmerica,dep5-5
621,IDX_38.125_-99.375_dep5-5.dat,38.125_-99.375,3062,NAmerica,dep5-5
622,IDX_38.375_-106.375_dep5-5.dat,38.375_-106.375,1252,NAmerica,dep5-5
623,IDX_38.375_-109.125_dep5-5.dat,38.375_-109.125,2786,NAmerica,dep5-5
624,IDX_38.375_-109.375_dep5-5.dat,38.375_-109.375,4729,NAmerica,dep5-5
625,IDX_38.375_-112.375_dep5-5.dat,38.375_-112.375,4735,NAmerica,dep5-5
626,IDX_38.375_-112.625_dep5-5.dat,38.375_-112.625,2593,NAmerica,dep5-5
627,IDX_38.375_-113.125_dep5-5.dat,38.375_-113.125,3590,NAmerica,dep5-5
628,IDX_38.375_-119.125_dep5-5.dat,38.375_-119.125,1295,NAmerica,dep5-5
629,IDX_38.375_-119.375_dep5-5.dat,38.375_-119.375,3371,NAmerica,dep5-5
630,IDX_38.375_-119.625_dep5-5.dat,38.375_-119.625,4729,NAmerica,dep5-5
631,IDX_38.375_-120.875_dep5-5.dat,38.375_-120.875,1681,NAmerica,dep5-5
632,IDX_38.375_-90.875_dep5-5.dat,38.375_-90.875,516,NAmerica,dep5-5
633,IDX_38.375_-97.375_dep5-5.dat,38.375_-97.375,3124,NAmerica,dep5-5
634,IDX_38.625_-107.625_dep5-5.dat,38.625_-107.625,2186,NAmerica,dep5-5
635,IDX_38.625_-111.625_dep5-5.dat,38.625_-111.625,3963,NAmerica,dep5-5
636,IDX_38.625_-111.875_dep5-5.dat,38.625_-111.875,2014,NAmerica,dep5-5
637,IDX_38.625_-112.125_dep5-5.dat,38.625_-112.125,4370,NAmerica,dep5-5
638,IDX_38.625_-113.875_dep5-5.dat,38.625_-113.875,3053,NAmerica,dep5-5
639,IDX_38.625_-119.625_dep5-5.dat,38.625_-119.625,4937,NAmerica,dep5-5
640,IDX_38.625_-119.875_dep5-5.dat,38.625_-119.875,5256,NAmerica,dep5-5
641,IDX_38.625_-92.125_dep5-5.dat,38.625_-92.125,560,NAmerica,dep5-5
642,IDX_38.875_-100.875_dep5-5.dat,38.875_-100.875,3111,NAmerica,dep5-5
643,IDX_38.875_-106.625_dep5-5.dat,38.875_-106.625,1705,NAmerica,dep5-5
644,IDX_38.875_-106.875_dep5-5.dat,38.875_-106.875,4080,NAmerica,dep5-5
645,IDX_38.875_-111.625_dep5-5.dat,38.875_-111.625,4954,NAmerica,dep5-5
646,IDX_38.875_-112.375_dep5-5.dat,38.875_-112.375,3644,NAmerica,dep5-5
647,IDX_38.875_-119.875_dep5-5.dat,38.875_-119.875,5173,NAmerica,dep5-5
648,IDX_38.875_-120.125_dep5-5.dat,38.875_-120.125,5415,NAmerica,dep5-5
649,IDX_38.875_-86.625_dep5-5.dat,38.875_-86.625,3136,NAmerica,dep5-5
650,IDX_38.875_-94.125_dep5-5.dat,38.875_-94.125,3864,NAmerica,dep5-5
651,IDX_38.875_100.375_dep4-4.dat,38.875_100.375,139,Asia,dep4-4
652,IDX_39.125_-106.125_dep5-5.dat,39.125_-106.125,2581,NAmerica,dep5-5
653,IDX_39.125_-106.625_dep5-5.dat,39.125_-106.625,3354,NAmerica,dep5-5
654,IDX_39.125_-106.875_dep5-5.dat,39.125_-106.875,1494,NAmerica,dep5-5
655,IDX_39.125_-107.125_dep5-5.dat,39.125_-107.125,1176,NAmerica,dep5-5
656,IDX_39.125_-107.875_dep5-5.dat,39.125_-107.875,1117,NAmerica,dep5-5
657,IDX_39.125_-110.125_dep5-5.dat,39.125_-110.125,3754,NAmerica,dep5-5
658,IDX_39.125_-111.375_dep5-5.dat,39.125_-111.375,4637,NAmerica,dep5-5
659,IDX_39.125_-111.625_dep5-5.dat,39.125_-111.625,4870,NAmerica,dep5-5
660,IDX_39.125_-112.375_dep5-5.dat,39.125_-112.375,3912,NAmerica,dep5-5
661,IDX_39.125_-113.375_dep5-5.dat,39.125_-113.375,2976,NAmerica,dep5-5
662,IDX_39.125_-114.125_dep5-5.dat,39.125_-114.125,2361,NAmerica,dep5-5
663,IDX_39.125_-114.375_dep5-5.dat,39.125_-114.375,1630,NAmerica,dep5-5
664,IDX_39.125_-114.625_dep5-5.dat,39.125_-114.625,1521,NAmerica,dep5-5
665,IDX_39.125_-114.875_dep5-5.dat,39.125_-114.875,2683,NAmerica,dep5-5
666,IDX_39.125_-119.875_dep5-5.dat,39.125_-119.875,4424,NAmerica,dep5-5
667,IDX_39.125_-120.125_dep5-5.dat,39.125_-120.125,5273,NAmerica,dep5-5
668,IDX_39.125_-120.375_dep5-5.dat,39.125_-120.375,4067,NAmerica,dep5-5
669,IDX_39.125_-76.875_dep5-5.dat,39.125_-76.875,5090,NAmerica,dep5-5
670,IDX_39.125_-79.375_dep5-5.dat,39.125_-79.375,2403,NAmerica,dep5-5
671,IDX_39.125_-90.875_dep5-5.dat,39.125_-90.875,1436,NAmerica,dep5-5
672,IDX_39.125_-92.125_dep5-5.dat,39.125_-92.125,1454,NAmerica,dep5-5
673,IDX_39.125_-95.125_dep5-5.dat,39.125_-95.125,3126,NAmerica,dep5-5
674,IDX_39.125_-96.625_dep5-5.dat,39.125_-96.625,3024,NAmerica,dep5-5
675,IDX_39.375_-105.875_dep5-5.dat,39.375_-105.875,2978,NAmerica,dep5-5
676,IDX_39.375_-106.125_dep5-5.dat,39.375_-106.125,2938,NAmerica,dep5-5
677,IDX_39.375_-107.125_dep5-5.dat,39.375_-107.125,1173,NAmerica,dep5-5
678,IDX_39.375_-109.625_dep5-5.dat,39.375_-109.625,3468,NAmerica,dep5-5
679,IDX_39.375_-111.375_dep5-5.dat,39.375_-111.375,4024,NAmerica,dep5-5
680,IDX_39.375_-111.625_dep5-5.dat,39.375_-111.625,3649,NAmerica,dep5-5
681,IDX_39.375_-112.125_dep5-5.dat,39.375_-112.125,2285,NAmerica,dep5-5
682,IDX_39.375_-114.625_dep5-5.dat,39.375_-114.625,3544,NAmerica,dep5-5
683,IDX_39.375_-115.875_dep5-5.dat,39.375_-115.875,2124,NAmerica,dep5-5
684,IDX_39.375_-117.125_dep5-5.dat,39.375_-117.125,3587,NAmerica,dep5-5
685,IDX_39.375_-117.625_dep5-5.dat,39.375_-117.625,2539,NAmerica,dep5-5
686,IDX_39.375_-119.875_dep5-5.dat,39.375_-119.875,4154,NAmerica,dep5-5
687,IDX_39.375_-120.125_dep5-5.dat,39.375_-120.125,4465,NAmerica,dep5-5
688,IDX_39.375_-120.375_dep5-5.dat,39.375_-120.375,5062,NAmerica,dep5-5
689,IDX_39.375_-86.375_dep0-9.dat,39.375_-86.375,323,NAmerica,dep0-9
690,IDX_39.625_-1.375_dep0-5.dat,39.625_-1.375,667,Europe,dep0-5
691,IDX_39.625_-105.875_dep5-5.dat,39.625_-105.875,2008,NAmerica,dep5-5
692,IDX_39.625_-106.125_dep5-5.dat,39.625_-106.125,3094,NAmerica,dep5-5
693,IDX_39.625_-107.375_dep5-5.dat,39.625_-107.375,1103,NAmerica,dep5-5
694,IDX_39.625_-110.375_dep5-5.dat,39.625_-110.375,2737,NAmerica,dep5-5
695,IDX_39.625_-110.875_dep5-5.dat,39.625_-110.875,3746,NAmerica,dep5-5
696,IDX_39.625_-111.375_dep5-5.dat,39.625_-111.375,4063,NAmerica,dep5-5
697,IDX_39.625_-111.625_dep5-5.dat,39.625_-111.625,1809,NAmerica,dep5-5
698,IDX_39.625_-111.875_dep5-5.dat,39.625_-111.875,3668,NAmerica,dep5-5
699,IDX_39.625_-113.875_dep5-5.dat,39.625_-113.875,1362,NAmerica,dep5-5
700,IDX_39.625_-114.625_dep5-5.dat,39.625_-114.625,1971,NAmerica,dep5-5
701,IDX_39.625_-115.875_dep5-5.dat,39.625_-115.875,3960,NAmerica,dep5-5
702,IDX_39.625_-91.625_dep5-5.dat,39.625_-91.625,428,NAmerica,dep5-5
703,IDX_39.625_-96.125_dep5-5.dat,39.625_-96.125,4610,NAmerica,dep5-5
704,IDX_39.875_-105.875_dep5-5.dat,39.875_-105.875,3666,NAmerica,dep5-5
705,IDX_39.875_-106.125_dep5-5.dat,39.875_-106.125,2299,NAmerica,dep5-5
706,IDX_39.875_-107.625_dep5-5.dat,39.875_-107.625,4372,NAmerica,dep5-5
707,IDX_39.875_-110.875_dep5-5.dat,39.875_-110.875,4070,NAmerica,dep5-5
708,IDX_39.875_-111.375_dep5-5.dat,39.875_-111.375,4372,NAmerica,dep5-5
709,IDX_39.875_-111.625_dep5-5.dat,39.875_-111.625,4763,NAmerica,dep5-5
710,IDX_39.875_-112.375_dep5-5.dat,39.875_-112.375,4079,NAmerica,dep5-5
711,IDX_39.875_-114.125_dep5-5.dat,39.875_-114.125,2802,NAmerica,dep5-5
712,IDX_39.875_-75.875_dep5-5.dat,39.875_-75.875,2689,NAmerica,dep5-5
713,IDX_39.875_-83.375_dep5-5.dat,39.875_-83.375,3743,NAmerica,dep5-5
714,IDX_39.875_-90.875_dep0-10.dat,39.875_-90.875,2970,NAmerica,dep0-10
715,IDX_39.875_-93.125_dep5-5.dat,39.875_-93.125,2761,NAmerica,dep5-5
716,IDX_39.875_-99.375_dep5-5.dat,39.875_-99.375,4374,NAmerica,dep5-5
717,IDX_40.125_-105.625_dep5-5.dat,40.125_-105.625,3282,NAmerica,dep5-5
718,IDX_40.125_-106.625_dep5-5.dat,40.125_-106.625,200,NAmerica,dep5-5
719,IDX_40.125_-108.875_dep5-5.dat,40.125_-108.875,2310,NAmerica,dep5-5
720,IDX_40.125_-110.375_dep5-5.dat,40.125_-110.375,2896,NAmerica,dep5-5
721,IDX_40.125_-111.125_dep5-5.dat,40.125_-111.125,4171,NAmerica,dep5-5
722,IDX_40.125_-111.375_dep5-5.dat,40.125_-111.375,1750,NAmerica,dep5-5
723,IDX_40.125_-113.125_dep5-5.dat,40.125_-113.125,500,NAmerica,dep5-5
724,IDX_40.125_-118.125_dep5-5.dat,40.125_-118.125,4310,NAmerica,dep5-5
725,IDX_40.125_-88.375_dep5-5.dat,40.125_-88.375,2982,NAmerica,dep5-5
726,IDX_40.375_-101.625_dep5-5.dat,40.375_-101.625,2159,NAmerica,dep5-5
727,IDX_40.375_-105.875_dep5-5.dat,40.375_-105.875,1602,NAmerica,dep5-5
728,IDX_40.375_-106.375_dep5-5.dat,40.375_-106.375,3022,NAmerica,dep5-5
729,IDX_40.375_-106.875_dep2-2.dat,40.375_-106.875,65,NAmerica,dep2-2
730,IDX_40.375_-109.375_dep5-5.dat,40.375_-109.375,2784,NAmerica,dep5-5
731,IDX_40.375_-110.375_dep5-5.dat,40.375_-110.375,3332,NAmerica,dep5-5
732,IDX_40.375_-111.125_dep5-5.dat,40.375_-111.125,4672,NAmerica,dep5-5
733,IDX_40.375_-111.375_dep5-5.dat,40.375_-111.375,4194,NAmerica,dep5-5
734,IDX_40.375_-111.625_dep5-5.dat,40.375_-111.625,4932,NAmerica,dep5-5
735,IDX_40.375_-112.125_dep5-5.dat,40.375_-112.125,2594,NAmerica,dep5-5
736,IDX_40.375_-112.375_dep5-5.dat,40.375_-112.375,2285,NAmerica,dep5-5
737,IDX_40.375_-112.625_dep5-5.dat,40.375_-112.625,4499,NAmerica,dep5-5
738,IDX_40.375_-115.625_dep5-5.dat,40.375_-115.625,4282,NAmerica,dep5-5
739,IDX_40.375_-116.875_dep5-5.dat,40.375_-116.875,2914,NAmerica,dep5-5
740,IDX_40.375_-81.875_dep5-5.dat,40.375_-81.875,1910,NAmerica,dep5-5
741,IDX_40.375_-89.875_dep5-5.dat,40.375_-89.875,3372,NAmerica,dep5-5
742,IDX_40.375_-93.625_dep5-5.dat,40.375_-93.625,4826,NAmerica,dep5-5
743,IDX_40.625_-105.875_dep5-5.dat,40.625_-105.875,1894,NAmerica,dep5-5
744,IDX_40.625_-106.875_dep5-5.dat,40.625_-106.875,4042,NAmerica,dep5-5
745,IDX_40.625_-109.625_dep5-5.dat,40.625_-109.625,4570,NAmerica,dep5-5
746,IDX_40.625_-109.875_dep5-5.dat,40.625_-109.875,3582,NAmerica,dep5-5
747,IDX_40.625_-110.375_dep5-5.dat,40.625_-110.375,3689,NAmerica,dep5-5
748,IDX_40.625_-110.625_dep5-5.dat,40.625_-110.625,3374,NAmerica,dep5-5
749,IDX_40.625_-110.875_dep5-5.dat,40.625_-110.875,3788,NAmerica,dep5-5
750,IDX_40.625_-111.125_dep5-5.dat,40.625_-111.125,4078,NAmerica,dep5-5
751,IDX_40.625_-111.625_dep5-5.dat,40.625_-111.625,4148,NAmerica,dep5-5
752,IDX_40.625_-112.125_dep5-5.dat,40.625_-112.125,4125,NAmerica,dep5-5
753,IDX_40.625_-112.375_dep5-5.dat,40.625_-112.375,3181,NAmerica,dep5-5
754,IDX_40.625_-115.375_dep5-5.dat,40.625_-115.375,3540,NAmerica,dep5-5
755,IDX_40.625_-120.625_dep5-5.dat,40.625_-120.625,2284,NAmerica,dep5-5
756,IDX_40.625_-122.625_dep5-5.dat,40.625_-122.625,2646,NAmerica,dep5-5
757,IDX_40.625_-76.625_dep5-5.dat,40.625_-76.625,5558,NAmerica,dep5-5
758,IDX_40.625_-77.875_dep5-5.dat,40.625_-77.875,5215,NAmerica,dep5-5
759,IDX_40.625_-96.875_dep5-5.dat,40.625_-96.875,2837,NAmerica,dep5-5
760,IDX_40.875_-104.625_dep5-5.dat,40.875_-104.625,5455,NAmerica,dep5-5
761,IDX_40.875_-104.875_dep5-5.dat,40.875_-104.875,2357,NAmerica,dep5-5
762,IDX_40.875_-105.875_dep5-5.dat,40.875_-105.875,215,NAmerica,dep5-5
763,IDX_40.875_-106.625_dep5-5.dat,40.875_-106.625,3579,NAmerica,dep5-5
764,IDX_40.875_-106.875_dep5-5.dat,40.875_-106.875,2327,NAmerica,dep5-5
765,IDX_40.875_-109.875_dep5-5.dat,40.875_-109.875,2920,NAmerica,dep5-5
766,IDX_40.875_-110.125_dep5-5.dat,40.875_-110.125,3815,NAmerica,dep5-5
767,IDX_40.875_-110.375_dep5-5.dat,40.875_-110.375,3757,NAmerica,dep5-5
768,IDX_40.875_-110.625_dep5-5.dat,40.875_-110.625,4036,NAmerica,dep5-5
769,IDX_40.875_-110.875_dep5-5.dat,40.875_-110.875,4716,NAmerica,dep5-5
770,IDX_40.875_-111.125_dep5-5.dat,40.875_-111.125,4834,NAmerica,dep5-5
771,IDX_40.875_-111.625_dep5-5.dat,40.875_-111.625,4674,NAmerica,dep5-5
772,IDX_40.875_-111.875_dep5-5.dat,40.875_-111.875,5871,NAmerica,dep5-5
773,IDX_40.875_-115.125_dep5-5.dat,40.875_-115.125,4369,NAmerica,dep5-5
774,IDX_40.875_-117.625_dep5-5.dat,40.875_-117.625,2041,NAmerica,dep5-5
775,IDX_40.875_-119.875_dep5-5.dat,40.875_-119.875,592,NAmerica,dep5-5
776,IDX_40.875_-122.625_dep5-5.dat,40.875_-122.625,1437,NAmerica,dep5-5
777,IDX_40.875_-96.375_dep5-5.dat,40.875_-96.375,5174,NAmerica,dep5-5
778,IDX_40.875_-96.625_dep5-5.dat,40.875_-96.625,2754,NAmerica,dep5-5
779,IDX_40.875_25.875_dep0-10.dat,40.875_25.875,662,Europe,dep0-10
780,IDX_41.125_-105.375_dep5-5.dat,41.125_-105.375,3817,NAmerica,dep5-5
781,IDX_41.125_-106.125_dep5-5.dat,41.125_-106.125,2846,NAmerica,dep5-5
782,IDX_41.125_-106.625_dep5-5.dat,41.125_-106.625,1694,NAmerica,dep5-5
783,IDX_41.125_-106.875_dep5-5.dat,41.125_-106.875,2539,NAmerica,dep5-5
784,IDX_41.125_-111.375_dep5-5.dat,41.125_-111.375,2356,NAmerica,dep5-5
785,IDX_41.125_-111.625_dep5-5.dat,41.125_-111.625,3566,NAmerica,dep5-5
786,IDX_41.125_-116.125_dep5-5.dat,41.125_-116.125,2907,NAmerica,dep5-5
787,IDX_41.125_-120.625_dep5-5.dat,41.125_-120.625,1031,NAmerica,dep5-5
788,IDX_41.125_-5.375_dep0-5.dat,41.125_-5.375,5354,Europe,dep0-5
789,IDX_41.125_-5.625_dep0-5.dat,41.125_-5.625,4816,Europe,dep0-5
790,IDX_41.125_14.875_dep10-10.dat,41.125_14.875,175,Europe,dep10-10
791,IDX_41.375_-106.125_dep0-10.dat,41.375_-106.125,1933,NAmerica,dep0-10
792,IDX_41.375_-106.375_dep5-5.dat,41.375_-106.375,1087,NAmerica,dep5-5
793,IDX_41.375_-107.375_dep5-5.dat,41.375_-107.375,4177,NAmerica,dep5-5
794,IDX_41.375_-111.125_dep5-5.dat,41.375_-111.125,2579,NAmerica,dep5-5
795,IDX_41.375_-111.375_dep5-5.dat,41.375_-111.375,4473,NAmerica,dep5-5
796,IDX_41.375_-111.625_dep5-5.dat,41.375_-111.625,4128,NAmerica,dep5-5
797,IDX_41.375_-111.875_dep5-5.dat,41.375_-111.875,5166,NAmerica,dep5-5
798,IDX_41.375_-116.375_dep5-5.dat,41.375_-116.375,2408,NAmerica,dep5-5
799,IDX_41.375_-119.125_dep5-5.dat,41.375_-119.125,1786,NAmerica,dep5-5
800,IDX_41.375_-5.125_dep0-5.dat,41.375_-5.125,5374,Europe,dep0-5
801,IDX_41.375_-5.375_dep0-5.dat,41.375_-5.375,5370,Europe,dep0-5
802,IDX_41.375_-5.625_dep0-5.dat,41.375_-5.625,5315,Europe,dep0-5
803,IDX_41.375_-71.625_dep5-5.dat,41.375_-71.625,2955,NAmerica,dep5-5
804,IDX_41.625_-111.375_dep5-5.dat,41.625_-111.375,3938,NAmerica,dep5-5
805,IDX_41.625_-112.625_dep5-5.dat,41.625_-112.625,2238,NAmerica,dep5-5
806,IDX_41.625_-115.375_dep5-5.dat,41.625_-115.375,4592,NAmerica,dep5-5
807,IDX_41.625_-115.875_dep5-5.dat,41.625_-115.875,1438,NAmerica,dep5-5
808,IDX_41.625_-116.125_dep5-5.dat,41.625_-116.125,3752,NAmerica,dep5-5
809,IDX_41.625_-117.625_dep5-5.dat,41.625_-117.625,4606,NAmerica,dep5-5
810,IDX_41.625_-93.375_dep5-5.dat,41.625_-93.375,2822,NAmerica,dep5-5
811,IDX_41.875_-0.625_dep10-10.dat,41.875_-0.625,941,Europe,dep10-10
812,IDX_41.875_-111.375_dep5-5.dat,41.875_-111.375,2237,NAmerica,dep5-5
813,IDX_41.875_-111.625_dep5-5.dat,41.875_-111.625,4781,NAmerica,dep5-5
814,IDX_41.875_-111.875_dep5-5.dat,41.875_-111.875,3428,NAmerica,dep5-5
815,IDX_41.875_-112.375_dep5-5.dat,41.875_-112.375,1925,NAmerica,dep5-5
816,IDX_41.875_-113.375_dep5-5.dat,41.875_-113.375,2903,NAmerica,dep5-5
817,IDX_41.875_-113.875_dep5-5.dat,41.875_-113.875,2723,NAmerica,dep5-5
818,IDX_41.875_-115.375_dep5-5.dat,41.875_-115.375,2667,NAmerica,dep5-5
819,IDX_41.875_-115.625_dep5-5.dat,41.875_-115.625,3623,NAmerica,dep5-5
820,IDX_41.875_-116.125_dep5-5.dat,41.875_-116.125,4496,NAmerica,dep5-5
821,IDX_41.875_-117.625_dep5-5.dat,41.875_-117.625,3395,NAmerica,dep5-5
822,IDX_41.875_-118.125_dep5-5.dat,41.875_-118.125,4494,NAmerica,dep5-5
823,IDX_41.875_-119.375_dep5-5.dat,41.875_-119.375,4948,NAmerica,dep5-5
824,IDX_41.875_-119.625_dep5-5.dat,41.875_-119.625,1864,NAmerica,dep5-5
825,IDX_41.875_-73.625_dep5-5.dat,41.875_-73.625,2337,NAmerica,dep5-5
826,IDX_41.875_-88.875_dep5-5.dat,41.875_-88.875,2569,NAmerica,dep5-5
827,IDX_42.125_-101.375_dep5-5.dat,42.125_-101.375,2433,NAmerica,dep5-5
828,IDX_42.125_-106.125_dep5-5.dat,42.125_-106.125,3936,NAmerica,dep5-5
829,IDX_42.125_-111.625_dep5-5.dat,42.125_-111.625,3781,NAmerica,dep5-5
830,IDX_42.125_-114.375_dep5-5.dat,42.125_-114.375,3155,NAmerica,dep5-5
831,IDX_42.125_-115.125_dep5-5.dat,42.125_-115.125,2786,NAmerica,dep5-5
832,IDX_42.125_-121.375_dep5-5.dat,42.125_-121.375,4440,NAmerica,dep5-5
833,IDX_42.125_-93.625_dep5-5.dat,42.125_-93.625,4146,NAmerica,dep5-5
834,IDX_42.375_-0.875_dep0-6.dat,42.375_-0.875,2665,Europe,dep0-6
835,IDX_42.375_-103.625_dep5-5.dat,42.375_-103.625,2435,NAmerica,dep5-5
836,IDX_42.375_-105.625_dep5-5.dat,42.375_-105.625,2563,NAmerica,dep5-5
837,IDX_42.375_-105.875_dep5-5.dat,42.375_-105.875,3754,NAmerica,dep5-5
838,IDX_42.375_-110.875_dep5-5.dat,42.375_-110.875,1311,NAmerica,dep5-5
839,IDX_42.375_-111.125_dep5-5.dat,42.375_-111.125,2581,NAmerica,dep5-5
840,IDX_42.375_-120.875_dep5-5.dat,42.375_-120.875,212,NAmerica,dep5-5
841,IDX_42.375_-76.125_dep5-5.dat,42.375_-76.125,2259,NAmerica,dep5-5
842,IDX_42.375_-83.625_dep10-10.dat,42.375_-83.625,706,NAmerica,dep10-10
843,IDX_42.375_-95.875_dep5-5.dat,42.375_-95.875,4624,NAmerica,dep5-5
844,IDX_42.625_-108.625_dep5-5.dat,42.625_-108.625,1973,NAmerica,dep5-5
845,IDX_42.625_-108.875_dep10-10.dat,42.625_-108.875,264,NAmerica,dep10-10
846,IDX_42.625_-109.125_dep5-5.dat,42.625_-109.125,1436,NAmerica,dep5-5
847,IDX_42.625_-109.375_dep5-5.dat,42.625_-109.375,3870,NAmerica,dep5-5
848,IDX_42.625_-110.875_dep5-5.dat,42.625_-110.875,1878,NAmerica,dep5-5
849,IDX_42.625_-116.625_dep5-5.dat,42.625_-116.625,3037,NAmerica,dep5-5
850,IDX_42.625_-90.375_dep5-5.dat,42.625_-90.375,1648,NAmerica,dep5-5
851,IDX_42.875_-111.375_dep5-5.dat,42.875_-111.375,2793,NAmerica,dep5-5
852,IDX_42.875_-112.375_dep5-5.dat,42.875_-112.375,1482,NAmerica,dep5-5
853,IDX_42.875_-116.875_dep5-5.dat,42.875_-116.875,2466,NAmerica,dep5-5
854,IDX_42.875_-117.125_dep5-5.dat,42.875_-117.125,2752,NAmerica,dep5-5
855,IDX_42.875_-121.125_dep5-5.dat,42.875_-121.125,209,NAmerica,dep5-5
856,IDX_42.875_-77.125_dep5-5.dat,42.875_-77.125,5459,NAmerica,dep5-5
857,IDX_42.875_2.625_dep5-5.dat,42.875_2.625,4244,Europe,dep5-5
858,IDX_43.125_-110.125_dep5-5.dat,43.125_-110.125,2007,NAmerica,dep5-5
859,IDX_43.125_-111.625_dep5-5.dat,43.125_-111.625,2584,NAmerica,dep5-5
860,IDX_43.125_-116.875_dep5-5.dat,43.125_-116.875,5406,NAmerica,dep5-5
861,IDX_43.125_-70.875_dep5-5.dat,43.125_-70.875,2707,NAmerica,dep5-5
862,IDX_43.125_-73.125_dep5-5.dat,43.125_-73.125,4428,NAmerica,dep5-5
863,IDX_43.125_1.625_dep5-5.dat,43.125_1.625,4180,Europe,dep5-5
864,IDX_43.125_12.375_dep5-5.dat,43.125_12.375,1210,Europe,dep5-5
865,IDX_43.125_2.625_dep5-5.dat,43.125_2.625,3869,Europe,dep5-5
866,IDX_43.125_2.875_dep5-5.dat,43.125_2.875,4253,Europe,dep5-5
867,IDX_43.375_-109.875_dep5-5.dat,43.375_-109.875,161,NAmerica,dep5-5
868,IDX_43.375_-110.375_dep5-5.dat,43.375_-110.375,990,NAmerica,dep5-5
869,IDX_43.375_-113.625_dep5-5.dat,43.375_-113.625,1924,NAmerica,dep5-5
870,IDX_43.375_-116.125_dep5-5.dat,43.375_-116.125,4665,NAmerica,dep5-5
871,IDX_43.375_-119.625_dep5-5.dat,43.375_-119.625,2767,NAmerica,dep5-5
872,IDX_43.375_1.875_dep5-5.dat,43.375_1.875,4043,Europe,dep5-5
873,IDX_43.375_3.375_dep5-5.dat,43.375_3.375,3648,Europe,dep5-5
874,IDX_43.625_-0.375_dep5-5.dat,43.625_-0.375,3098,Europe,dep5-5
875,IDX_43.625_-109.375_dep10-10.dat,43.625_-109.375,300,NAmerica,dep10-10
876,IDX_43.625_-110.625_dep5-5.dat,43.625_-110.625,1590,NAmerica,dep5-5
877,IDX_43.625_-113.875_dep5-5.dat,43.625_-113.875,3078,NAmerica,dep5-5
878,IDX_43.625_-114.125_dep5-5.dat,43.625_-114.125,2350,NAmerica,dep5-5
879,IDX_43.625_-114.625_dep5-5.dat,43.625_-114.625,522,NAmerica,dep5-5
880,IDX_43.625_-96.625_dep5-5.dat,43.625_-96.625,4094,NAmerica,dep5-5
881,IDX_43.625_0.125_dep5-5.dat,43.625_0.125,4253,Europe,dep5-5
882,IDX_43.625_0.875_dep5-5.dat,43.625_0.875,4254,Europe,dep5-5
883,IDX_43.875_-0.125_dep5-5.dat,43.875_-0.125,4137,Europe,dep5-5
884,IDX_43.875_-110.125_dep5-5.dat,43.875_-110.125,1971,NAmerica,dep5-5
885,IDX_43.875_-110.875_dep5-5.dat,43.875_-110.875,1455,NAmerica,dep5-5
886,IDX_43.875_-114.375_dep5-5.dat,43.875_-114.375,2819,NAmerica,dep5-5
887,IDX_43.875_-114.625_dep5-5.dat,43.875_-114.625,1529,NAmerica,dep5-5
888,IDX_43.875_-115.125_dep5-5.dat,43.875_-115.125,3529,NAmerica,dep5-5
889,IDX_43.875_-116.125_dep5-5.dat,43.875_-116.125,4098,NAmerica,dep5-5
890,IDX_43.875_-71.625_dep5-5.dat,43.875_-71.625,4101,NAmerica,dep5-5
891,IDX_43.875_-72.125_dep5-5.dat,43.875_-72.125,193,NAmerica,dep5-5
892,IDX_43.875_0.375_dep5-5.dat,43.875_0.375,4221,Europe,dep5-5
893,IDX_43.875_1.125_dep5-5.dat,43.875_1.125,4174,Europe,dep5-5
894,IDX_43.875_25.375_dep0-5.dat,43.875_25.375,1491,Europe,dep0-5
895,IDX_43.875_4.125_dep5-5.dat,43.875_4.125,3521,Europe,dep5-5
896,IDX_43.875_5.125_dep5-5.dat,43.875_5.125,3575,Europe,dep5-5
897,IDX_44.125_-0.875_dep5-5.dat,44.125_-0.875,3611,Europe,dep5-5
898,IDX_44.125_-100.375_dep5-5.dat,44.125_-100.375,2353,NAmerica,dep5-5
899,IDX_44.125_-110.625_dep5-5.dat,44.125_-110.625,3567,NAmerica,dep5-5
900,IDX_44.125_-113.375_dep5-5.dat,44.125_-113.375,2048,NAmerica,dep5-5
901,IDX_44.125_-115.375_dep5-5.dat,44.125_-115.375,2103,NAmerica,dep5-5
902,IDX_44.125_-90.125_dep5-5.dat,44.125_-90.125,2571,NAmerica,dep5-5
903,IDX_44.125_24.875_dep0-5.dat,44.125_24.875,1757,Europe,dep0-5
904,IDX_44.125_27.375_dep0-5.dat,44.125_27.375,1771,Europe,dep0-5
905,IDX_44.125_27.875_dep0-5.dat,44.125_27.875,364,Europe,dep0-5
906,IDX_44.125_4.125_dep5-5.dat,44.125_4.125,3553,Europe,dep5-5
907,IDX_44.125_4.375_dep5-5.dat,44.125_4.375,3288,Europe,dep5-5
908,IDX_44.375_-0.625_dep5-5.dat,44.375_-0.625,2134,Europe,dep5-5
909,IDX_44.375_-0.875_dep5-5.dat,44.375_-0.875,2284,Europe,dep5-5
910,IDX_44.375_-110.625_dep5-5.dat,44.375_-110.625,961,NAmerica,dep5-5
911,IDX_44.375_-111.875_dep5-5.dat,44.375_-111.875,2610,NAmerica,dep5-5
912,IDX_44.375_-115.125_dep5-5.dat,44.375_-115.125,2529,NAmerica,dep5-5
913,IDX_44.375_-116.375_dep5-5.dat,44.375_-116.375,4667,NAmerica,dep5-5
914,IDX_44.375_-123.375_dep5-5.dat,44.375_-123.375,3304,NAmerica,dep5-5
915,IDX_44.375_23.125_dep0-5.dat,44.375_23.125,1836,Europe,dep0-5
916,IDX_44.375_24.375_dep0-5.dat,44.375_24.375,1571,Europe,dep0-5
917,IDX_44.625_-104.375_dep5-5.dat,44.625_-104.375,1844,NAmerica,dep5-5
918,IDX_44.625_-107.125_dep10-10.dat,44.625_-107.125,612,NAmerica,dep10-10
919,IDX_44.625_-107.375_dep5-5.dat,44.625_-107.375,244,NAmerica,dep5-5
920,IDX_44.625_-107.625_dep10-10.dat,44.625_-107.625,314,NAmerica,dep10-10
921,IDX_44.625_-111.125_dep10-10.dat,44.625_-111.125,73,NAmerica,dep10-10
922,IDX_44.625_-111.875_dep10-10.dat,44.625_-111.875,263,NAmerica,dep10-10
923,IDX_44.625_-119.625_dep5-5.dat,44.625_-119.625,2569,NAmerica,dep5-5
924,IDX_44.625_-72.875_dep5-5.dat,44.625_-72.875,3621,NAmerica,dep5-5
925,IDX_44.625_11.625_dep10-10.dat,44.625_11.625,446,Europe,dep10-10
926,IDX_44.625_27.375_dep0-5.dat,44.625_27.375,1011,Europe,dep0-5
927,IDX_44.625_28.375_dep0-5.dat,44.625_28.375,1169,Europe,dep0-5
928,IDX_44.625_4.125_dep5-5.dat,44.625_4.125,3216,Europe,dep5-5
929,IDX_44.625_4.625_dep5-5.dat,44.625_4.625,3249,Europe,dep5-5
930,IDX_44.625_8.625_dep10-10.dat,44.625_8.625,1424,Europe,dep10-10
931,IDX_44.875_-116.125_dep5-5.dat,44.875_-116.125,4849,NAmerica,dep5-5
932,IDX_44.875_-68.625_dep5-5.dat,44.875_-68.625,1294,NAmerica,dep5-5
933,IDX_44.875_-84.625_dep5-5.dat,44.875_-84.625,2049,NAmerica,dep5-5
934,IDX_45.125_-109.875_dep10-10.dat,45.125_-109.875,60,NAmerica,dep10-10
935,IDX_45.125_-113.125_dep5-5.dat,45.125_-113.125,1828,NAmerica,dep5-5
936,IDX_45.125_-119.625_dep5-5.dat,45.125_-119.625,122,NAmerica,dep5-5
937,IDX_45.125_-68.625_dep0-8.dat,45.125_-68.625,1121,NAmerica,dep0-8
938,IDX_45.375_-74.875_dep5-5.dat,45.375_-74.875,1536,NAmerica,dep5-5
939,IDX_45.375_-75.125_dep5-5.dat,45.375_-75.125,1628,NAmerica,dep5-5
940,IDX_45.375_-88.625_dep5-5.dat,45.375_-88.625,2329,NAmerica,dep5-5
941,IDX_45.375_-93.875_dep5-5.dat,45.375_-93.875,4465,NAmerica,dep5-5
942,IDX_45.375_21.125_dep0-5.dat,45.375_21.125,1720,Europe,dep0-5
943,IDX_45.625_-103.375_dep5-5.dat,45.625_-103.375,2213,NAmerica,dep5-5
944,IDX_45.625_-110.875_dep7-7.dat,45.625_-110.875,332,NAmerica,dep7-7
945,IDX_45.625_-99.125_dep5-5.dat,45.625_-99.125,2270,NAmerica,dep5-5
946,IDX_45.875_-111.625_dep5-5.dat,45.875_-111.625,3536,NAmerica,dep5-5
947,IDX_45.875_27.375_dep0-5.dat,45.875_27.375,1789,Europe,dep0-5
948,IDX_46.125_-117.375_dep5-5.dat,46.125_-117.375,5014,NAmerica,dep5-5
949,IDX_46.125_-117.875_dep5-5.dat,46.125_-117.875,4256,NAmerica,dep5-5
950,IDX_46.125_-92.875_dep5-5.dat,46.125_-92.875,1889,NAmerica,dep5-5
951,IDX_46.125_20.625_dep0-5.dat,46.125_20.625,1512,Europe,dep0-5
952,IDX_46.125_24.625_dep0-5.dat,46.125_24.625,1589,Europe,dep0-5
953,IDX_46.125_27.625_dep0-5.dat,46.125_27.625,1759,Europe,dep0-5
954,IDX_46.375_-110.625_dep10-10.dat,46.375_-110.625,76,NAmerica,dep10-10
955,IDX_46.375_-113.375_dep10-10.dat,46.375_-113.375,480,NAmerica,dep10-10
956,IDX_46.375_-114.625_dep5-5.dat,46.375_-114.625,1977,NAmerica,dep5-5
957,IDX_46.375_-115.875_dep5-5.dat,46.375_-115.875,2617,NAmerica,dep5-5
958,IDX_46.375_-121.125_dep5-5.dat,46.375_-121.125,201,NAmerica,dep5-5
959,IDX_46.375_-86.875_dep5-5.dat,46.375_-86.875,2133,NAmerica,dep5-5
960,IDX_46.625_-115.375_dep5-5.dat,46.625_-115.375,1524,NAmerica,dep5-5
961,IDX_46.625_-115.625_dep5-5.dat,46.625_-115.625,2625,NAmerica,dep5-5
962,IDX_46.625_21.625_dep0-5.dat,46.625_21.625,1513,Europe,dep0-5
963,IDX_46.875_-100.875_dep5-5.dat,46.875_-100.875,4382,NAmerica,dep5-5
964,IDX_46.875_-103.375_dep5-5.dat,46.875_-103.375,2207,NAmerica,dep5-5
965,IDX_46.875_-110.375_dep5-5.dat,46.875_-110.375,1821,NAmerica,dep5-5
966,IDX_46.875_-110.625_dep10-10.dat,46.875_-110.625,175,NAmerica,dep10-10
967,IDX_46.875_-110.875_dep5-5.dat,46.875_-110.875,241,NAmerica,dep5-5
968,IDX_46.875_-112.625_dep10-10.dat,46.875_-112.625,223,NAmerica,dep10-10
969,IDX_46.875_-116.375_dep5-5.dat,46.875_-116.375,1078,NAmerica,dep5-5
970,IDX_46.875_-116.875_dep5-5.dat,46.875_-116.875,4869,NAmerica,dep5-5
971,IDX_46.875_-117.125_dep5-5.dat,46.875_-117.125,1470,NAmerica,dep5-5
972,IDX_46.875_-67.875_dep5-5.dat,46.875_-67.875,1888,NAmerica,dep5-5
973,IDX_46.875_-99.375_dep5-5.dat,46.875_-99.375,2017,NAmerica,dep5-5
974,IDX_47.125_-105.125_dep5-5.dat,47.125_-105.125,2783,NAmerica,dep5-5
975,IDX_47.125_-109.875_dep5-5.dat,47.125_-109.875,3455,NAmerica,dep5-5
976,IDX_47.125_-114.375_dep10-10.dat,47.125_-114.375,260,NAmerica,dep10-10
977,IDX_47.125_-116.375_dep5-5.dat,47.125_-116.375,2996,NAmerica,dep5-5
978,IDX_47.125_-118.625_dep5-5.dat,47.125_-118.625,5974,NAmerica,dep5-5
979,IDX_47.125_-120.375_dep5-5.dat,47.125_-120.375,214,NAmerica,dep5-5
980,IDX_47.125_-121.875_dep5-5.dat,47.125_-121.875,212,NAmerica,dep5-5
981,IDX_47.125_21.875_dep0-5.dat,47.125_21.875,1721,Europe,dep0-5
982,IDX_47.125_23.875_dep0-5.dat,47.125_23.875,922,Europe,dep0-5
983,IDX_47.125_27.625_dep0-5.dat,47.125_27.625,1466,Europe,dep0-5
984,IDX_47.375_-115.625_dep5-5.dat,47.375_-115.625,2772,NAmerica,dep5-5
985,IDX_47.375_-117.625_dep5-5.dat,47.375_-117.625,2269,NAmerica,dep5-5
986,IDX_47.375_-121.125_dep5-5.dat,47.375_-121.125,116,NAmerica,dep5-5
987,IDX_47.375_26.875_dep0-5.dat,47.375_26.875,1561,Europe,dep0-5
988,IDX_47.375_8.875_dep0-10.dat,47.375_8.875,2815,Europe,dep0-10
989,IDX_47.625_-107.125_dep5-5.dat,47.625_-107.125,3158,NAmerica,dep5-5
990,IDX_47.625_-123.875_dep5-5.dat,47.625_-123.875,2821,NAmerica,dep5-5
991,IDX_47.625_-96.375_dep5-5.dat,47.625_-96.375,3879,NAmerica,dep5-5
992,IDX_47.625_22.875_dep0-5.dat,47.625_22.875,1681,Europe,dep0-5
993,IDX_47.875_-104.375_dep5-5.dat,47.875_-104.375,2191,NAmerica,dep5-5
994,IDX_47.875_-112.875_dep10-10.dat,47.875_-112.875,240,NAmerica,dep10-10
995,IDX_47.875_-114.375_dep10-10.dat,47.875_-114.375,234,NAmerica,dep10-10
996,IDX_47.875_-117.125_dep5-5.dat,47.875_-117.125,4415,NAmerica,dep5-5
997,IDX_47.875_11.125_dep5-5.dat,47.875_11.125,610,Europe,dep5-5
998,IDX_47.875_11.625_dep5-5.dat,47.875_11.625,205,Europe,dep5-5
999,IDX_47.875_12.125_dep5-5.dat,47.875_12.125,629,Europe,dep5-5
1000,IDX_47.875_20.625_dep0-10.dat,47.875_20.625,595,Europe,dep0-10
1001,IDX_48.125_-116.125_dep5-5.dat,48.125_-116.125,1995,NAmerica,dep5-5
1002,IDX_48.125_15.125_dep0-10.dat,48.125_15.125,803,Europe,dep0-10
1003,IDX_48.125_15.875_dep0-10.dat,48.125_15.875,783,Europe,dep0-10
1004,IDX_48.125_20.875_dep0-10.dat,48.125_20.875,618,Europe,dep0-10
1005,IDX_48.125_26.625_dep0-5.dat,48.125_26.625,1389,Europe,dep0-5
1006,IDX_48.375_-105.125_dep5-5.dat,48.375_-105.125,2181,NAmerica,dep5-5
1007,IDX_48.375_-109.875_dep5-5.dat,48.375_-109.875,5251,NAmerica,dep5-5
1008,IDX_48.375_-111.125_dep5-5.dat,48.375_-111.125,3334,NAmerica,dep5-5
1009,IDX_48.375_-111.875_dep5-5.dat,48.375_-111.875,3171,NAmerica,dep5-5
1010,IDX_48.375_-95.875_dep5-5.dat,48.375_-95.875,1470,NAmerica,dep5-5
1011,IDX_48.375_12.375_dep5-5.dat,48.375_12.375,887,Europe,dep5-5
1012,IDX_48.375_12.625_dep5-5.dat,48.375_12.625,827,Europe,dep5-5
1013,IDX_48.375_12.875_dep5-5.dat,48.375_12.875,989,Europe,dep5-5
1014,IDX_48.375_15.125_dep0-10.dat,48.375_15.125,605,Europe,dep0-10
1015,IDX_48.375_20.875_dep0-10.dat,48.375_20.875,227,Europe,dep0-10
1016,IDX_48.375_21.125_dep0-10.dat,48.375_21.125,445,Europe,dep0-10
1017,IDX_48.625_-113.375_dep5-5.dat,48.625_-113.375,1677,NAmerica,dep5-5
1018,IDX_48.625_-116.375_dep5-5.dat,48.625_-116.375,3642,NAmerica,dep5-5
1019,IDX_48.625_-120.625_dep5-5.dat,48.625_-120.625,165,NAmerica,dep5-5
1020,IDX_48.625_-121.375_dep5-5.dat,48.625_-121.375,2335,NAmerica,dep5-5
1021,IDX_48.625_12.625_dep5-5.dat,48.625_12.625,937,Europe,dep5-5
1022,IDX_48.625_12.875_dep5-5.dat,48.625_12.875,1169,Europe,dep5-5
1023,IDX_48.875_-102.125_dep5-5.dat,48.875_-102.125,2018,NAmerica,dep5-5
1024,IDX_48.875_-113.625_dep5-5.dat,48.875_-113.625,482,NAmerica,dep5-5
1025,IDX_48.875_-113.875_dep5-5.dat,48.875_-113.875,516,NAmerica,dep5-5
1026,IDX_49.375_-97.875_dep5-5.dat,49.375_-97.875,1410,NAmerica,dep5-5
1027,IDX_49.625_-97.875_dep5-5.dat,49.625_-97.875,1459,NAmerica,dep5-5
1028,IDX_49.625_-98.125_dep5-5.dat,49.625_-98.125,1445,NAmerica,dep5-5
1029,IDX_49.875_-97.375_dep5-5.dat,49.875_-97.375,1111,NAmerica,dep5-5
1030,IDX_49.875_-97.875_dep5-5.dat,49.875_-97.875,1443,NAmerica,dep5-5
1031,IDX_49.875_-99.375_dep0-5.dat,49.875_-99.375,804,NAmerica,dep0-5
1032,IDX_50.125_-97.625_dep5-5.dat,50.125_-97.625,1234,NAmerica,dep5-5
1033,IDX_50.625_6.375_dep5-5.dat,50.625_6.375,3170,Europe,dep5-5
1034,IDX_50.875_6.375_dep5-5.dat,50.875_6.375,2933,Europe,dep5-5
1035,IDX_51.125_6.125_dep5-5.dat,51.125_6.125,2397,Europe,dep5-5
1036,IDX_51.375_-106.375_dep5-5.dat,51.375_-106.375,1387,NAmerica,dep5-5
1037,IDX_51.375_-106.625_dep5-5.dat,51.375_-106.625,1477,NAmerica,dep5-5
1038,IDX_51.375_23.125_dep10-10.dat,51.375_23.125,1450,Europe,dep10-10
1039,IDX_51.375_23.375_dep5-5.dat,51.375_23.375,1342,Europe,dep5-5
1040,IDX_51.875_22.625_dep5-5.dat,51.875_22.625,916,Europe,dep5-5
1041,IDX_51.875_4.875_dep0-10.dat,51.875_4.875,598,Europe,dep0-10
1042,IDX_51.875_6.125_dep0-10.dat,51.875_6.125,531,Europe,dep0-10
1043,IDX_52.125_13.875_dep10-10.dat,52.125_13.875,3350,Europe,dep10-10
1044,IDX_52.125_14.125_dep8-8.dat,52.125_14.125,3336,Europe,dep8-8
1045,IDX_52.375_-3.875_dep10-10.dat,52.375_-3.875,288,Europe,dep10-10
1046,IDX_52.875_-8.125_dep0-10.dat,52.875_-8.125,296,Europe,dep0-10
1047,IDX_53.375_-1.875_dep0-10.dat,53.375_-1.875,413,Europe,dep0-10
1048,IDX_53.625_22.875_dep5-5.dat,53.625_22.875,868,Europe,dep5-5
1049,IDX_55.875_-3.125_dep0-10.dat,55.875_-3.125,534,Europe,dep0-10
1050,IDX_55.875_8.875_dep0-5.dat,55.875_8.875,2979,Europe,dep0-5
1051,IDX_55.875_9.125_dep0-5.dat,55.875_9.125,3086,Europe,dep0-5
1052,IDX_55.875_9.375_dep0-5.dat,55.875_9.375,2941,Europe,dep0-5
1053,IDX_56.125_9.125_dep0-5.dat,56.125_9.125,3155,Europe,dep0-5
1054,IDX_56.125_9.375_dep0-5.dat,56.125_9.375,2278,Europe,dep0-5
1055,IDX_56.375_-3.875_dep0-10.dat,56.375_-3.875,264,Europe,dep0-10
1056,IDX_58.625_-156.625_dep5-5.dat,58.625_-156.625,747,NAmerica,dep5-5
1057,IDX_59.125_-154.375_dep5-5.dat,59.125_-154.375,1777,NAmerica,dep5-5
1058,IDX_59.125_-159.125_dep5-5.dat,59.125_-159.125,852,NAmerica,dep5-5
1059,IDX_59.375_-161.125_dep5-5.dat,59.375_-161.125,532,NAmerica,dep5-5
1060,IDX_59.625_-135.125_dep5-5.dat,59.625_-135.125,1420,NAmerica,dep5-5
1061,IDX_59.625_-150.625_dep5-5.dat,59.625_-150.625,2080,NAmerica,dep5-5
1062,IDX_59.875_-151.375_dep5-5.dat,59.875_-151.375,2584,NAmerica,dep5-5
1063,IDX_59.875_-156.875_dep5-5.dat,59.875_-156.875,257,NAmerica,dep5-5
1064,IDX_60.125_-149.625_dep5-5.dat,60.125_-149.625,1184,NAmerica,dep5-5
1065,IDX_60.625_-149.625_dep5-5.dat,60.625_-149.625,1160,NAmerica,dep5-5
1066,IDX_60.625_-150.375_dep5-5.dat,60.625_-150.375,2977,NAmerica,dep5-5
1067,IDX_61.125_-145.625_dep5-5.dat,61.125_-145.625,1042,NAmerica,dep5-5
1068,IDX_61.375_-150.125_dep5-5.dat,61.375_-150.125,1416,NAmerica,dep5-5
1069,IDX_61.375_-165.125_dep5-5.dat,61.375_-165.125,528,NAmerica,dep5-5
1070,IDX_61.625_-149.125_dep5-5.dat,61.625_-149.125,294,NAmerica,dep5-5
1071,IDX_61.625_-159.625_dep5-5.dat,61.625_-159.625,1565,NAmerica,dep5-5
1072,IDX_61.625_21.875_dep10-10.dat,61.625_21.875,786,Europe,dep10-10
1073,IDX_62.125_-150.125_dep5-5.dat,62.125_-150.125,2322,NAmerica,dep5-5
1074,IDX_62.375_-145.375_dep5-5.dat,62.375_-145.375,162,NAmerica,dep5-5
1075,IDX_62.625_-150.875_dep5-5.dat,62.625_-150.875,1240,NAmerica,dep5-5
1076,IDX_62.875_30.875_dep10-10.dat,62.875_30.875,1527,Europe,dep10-10
1077,IDX_63.375_-142.875_dep5-5.dat,63.375_-142.875,1058,NAmerica,dep5-5
1078,IDX_63.375_-147.625_dep5-5.dat,63.375_-147.625,984,NAmerica,dep5-5
1079,IDX_63.625_-158.125_dep5-5.dat,63.625_-158.125,230,NAmerica,dep5-5
1080,IDX_63.875_-145.125_dep5-5.dat,63.875_-145.125,853,NAmerica,dep5-5
1081,IDX_63.875_-145.375_dep5-5.dat,63.875_-145.375,2130,NAmerica,dep5-5
1082,IDX_63.875_-160.625_dep5-5.dat,63.875_-160.625,267,NAmerica,dep5-5
1083,IDX_64.125_25.375_dep10-10.dat,64.125_25.375,991,Europe,dep10-10
1084,IDX_64.625_-148.125_dep5-5.dat,64.625_-148.125,1771,NAmerica,dep5-5
1085,IDX_64.625_-148.375_dep5-5.dat,64.625_-148.375,1811,NAmerica,dep5-5
1086,IDX_64.625_-148.875_dep5-5.dat,64.625_-148.875,1182,NAmerica,dep5-5
1087,IDX_64.625_-163.375_dep5-5.dat,64.625_-163.375,539,NAmerica,dep5-5
1088,IDX_64.875_-146.125_dep5-5.dat,64.875_-146.125,1053,NAmerica,dep5-5
1089,IDX_64.875_-148.375_dep5-5.dat,64.875_-148.375,978,NAmerica,dep5-5
1090,IDX_64.875_28.625_dep10-10.dat,64.875_28.625,1121,Europe,dep10-10
1091,IDX_65.125_-145.875_dep5-5.dat,65.125_-145.875,1263,NAmerica,dep5-5
1092,IDX_65.125_-146.625_dep5-5.dat,65.125_-146.625,1294,NAmerica,dep5-5
1093,IDX_65.125_-147.375_dep5-5.dat,65.125_-147.375,1575,NAmerica,dep5-5
1094,IDX_65.125_-147.625_dep10-10.dat,65.125_-147.625,1544,NAmerica,dep10-10
1095,IDX_65.125_-156.625_dep5-5.dat,65.125_-156.625,273,NAmerica,dep5-5
1096,IDX_65.375_-145.375_dep5-5.dat,65.375_-145.375,1624,NAmerica,dep5-5
1097,IDX_65.375_-146.125_dep5-5.dat,65.375_-146.125,1195,NAmerica,dep5-5
1098,IDX_65.375_-146.625_dep5-5.dat,65.375_-146.625,1775,NAmerica,dep5-5
1099,IDX_65.375_-164.625_dep5-5.dat,65.375_-164.625,379,NAmerica,dep5-5
1100,IDX_66.125_-151.625_dep5-5.dat,66.125_-151.625,349,NAmerica,dep5-5
1101,IDX_66.375_29.375_dep10-10.dat,66.375_29.375,1185,Europe,dep10-10
1102,IDX_66.875_-150.625_dep5-5.dat,66.875_-150.625,1982,NAmerica,dep5-5
1103,IDX_67.125_26.625_dep5-5.dat,67.125_26.625,1175,Europe,dep5-5
1104,IDX_67.375_-150.125_dep5-5.dat,67.375_-150.125,1888,NAmerica,dep5-5
1105,IDX_67.375_26.625_dep5-5.dat,67.375_26.625,2019,Europe,dep5-5
1106,IDX_67.875_-162.375_dep5-5.dat,67.875_-162.375,1074,NAmerica,dep5-5
1107,IDX_68.125_-149.375_dep5-5.dat,68.125_-149.375,643,NAmerica,dep5-5
1108,IDX_68.125_-163.125_dep5-5.dat,68.125_-163.125,518,NAmerica,dep5-5
1109,IDX_68.375_27.625_dep5-5.dat,68.375_27.625,1231,Europe,dep5-5
1110,IDX_68.625_-149.375_dep5-5.dat,68.625_-149.375,828,NAmerica,dep5-5
1111,IDX_69.625_28.875_dep10-10.dat,69.625_28.875,304,Europe,dep10-10
1112,IDX_9.625_1.625_dep5-5.dat,9.625_1.625,4244,Africa,dep5-5
1113,IDX_9.875_1.625_dep5-5.dat,9.875_1.625,4142,Africa,dep5-5
